[1583136000] LOG ROTATION: DAILY
[1583136000] LOG VERSION: 2.0
[1583136000] CURRENT HOST STATE: WINV-101;UP;HARD;1;PING OK - Packet loss = 0%, RTA = 0.32 ms
[1583136000] CURRENT HOST STATE: WINV-102;UP;HARD;1;PING OK - Packet loss = 0%, RTA = 0.29 ms
[1583136000] CURRENT HOST STATE: WINV-103;UP;HARD;1;PING OK - Packet loss = 0%, RTA = 0.36 ms
[1583136000] CURRENT HOST STATE: WINV-104;UP;HARD;1;PING OK - Packet loss = 0%, RTA = 0.27 ms
[1583136000] CURRENT HOST STATE: WINV-105;UP;HARD;1;PING OK - Packet loss = 0%, RTA = 0.26 ms
[1583136000] CURRENT HOST STATE: WINV-106;UP;HARD;1;PING OK - Packet loss = 0%, RTA = 0.29 ms
[1583136000] CURRENT HOST STATE: WINV-107;UP;HARD;1;PING OK - Packet loss = 0%, RTA = 0.37 ms
[1583136000] CURRENT HOST STATE: WINV-108;UP;HARD;1;PING OK - Packet loss = 0%, RTA = 0.25 ms
[1583136000] CURRENT HOST STATE: WINV-110;UP;HARD;1;PING OK - Packet loss = 0%, RTA = 0.30 ms
[1583136000] CURRENT HOST STATE: WINV-111;UP;HARD;1;PING OK - Packet loss = 0%, RTA = 0.26 ms
[1583136000] CURRENT HOST STATE: WINV-112;UP;HARD;1;PING OK - Packet loss = 0%, RTA = 0.28 ms
[1583136000] CURRENT HOST STATE: vapps-100;UP;HARD;1;PING OK - Packet loss = 0%, RTA = 0.27 ms
[1583136000] CURRENT HOST STATE: vapps-109;UP;HARD;1;PING OK - Packet loss = 0%, RTA = 0.23 ms
[1583136000] CURRENT HOST STATE: vdb-100;UP;HARD;1;PING OK - Packet loss = 0%, RTA = 0.25 ms
[1583136000] CURRENT HOST STATE: vdb-101;UP;HARD;1;PING OK - Packet loss = 0%, RTA = 0.21 ms
[1583136000] CURRENT HOST STATE: vdb-103;UP;HARD;1;PING OK - Packet loss = 0%, RTA = 0.33 ms
[1583136000] CURRENT HOST STATE: vdb-staging;UP;HARD;1;PING OK - Packet loss = 0%, RTA = 0.31 ms
[1583136000] CURRENT HOST STATE: vinfra-200;UP;HARD;1;PING OK - Packet loss = 0%, RTA = 0.31 ms
[1583136000] CURRENT HOST STATE: vonly-backup;UP;HARD;1;PING OK - Packet loss = 0%, RTA = 0.05 ms
[1583136000] CURRENT HOST STATE: vonly-database;UP;HARD;1;PING OK - Packet loss = 0%, RTA = 0.29 ms
[1583136000] CURRENT HOST STATE: vonly-replica;UP;HARD;1;PING OK - Packet loss = 0%, RTA = 0.27 ms
[1583136000] CURRENT SERVICE STATE: WINV-101;CPU Load;OK;HARD;1;CPU Load 11% (5 min average)
[1583136000] CURRENT SERVICE STATE: WINV-101;Data Drive Space;WARNING;HARD;3;d:\ - total: 931.32 Gb - used: 748.32 Gb (80%) - free 183.00 Gb (20%)
[1583136000] CURRENT SERVICE STATE: WINV-101;Memory Usage;OK;HARD;1;Memory usage: total:98284.48 MB - used: 39159.38 MB (40%) - free: 59125.11 MB (60%)
[1583136000] CURRENT SERVICE STATE: WINV-101;OS Drive Space;OK;HARD;1;c:\ - total: 68.27 Gb - used: 42.97 Gb (63%) - free 25.29 Gb (37%)
[1583136000] CURRENT SERVICE STATE: WINV-101;Uptime;OK;HARD;1;System Uptime - 76 day(s) 17 hour(s) 14 minute(s)
[1583136000] CURRENT SERVICE STATE: WINV-102;CPU Load;OK;HARD;1;CPU Load 1% (5 min average)
[1583136000] CURRENT SERVICE STATE: WINV-102;Data Drive Space;OK;HARD;1;d:\ - total: 1862.64 Gb - used: 1474.22 Gb (79%) - free 388.42 Gb (21%)
[1583136000] CURRENT SERVICE STATE: WINV-102;Memory Usage;OK;HARD;1;Memory usage: total:208877.43 MB - used: 65599.49 MB (31%) - free: 143277.94 MB (69%)
[1583136000] CURRENT SERVICE STATE: WINV-102;OS Drive Space;OK;HARD;1;c:\ - total: 931.41 Gb - used: 305.27 Gb (33%) - free 626.14 Gb (67%)
[1583136000] CURRENT SERVICE STATE: WINV-102;Uptime;OK;HARD;1;System Uptime - 160 day(s) 13 hour(s) 11 minute(s)
[1583136000] CURRENT SERVICE STATE: WINV-103;CPU Load;OK;HARD;1;CPU Load 0% (5 min average)
[1583136000] CURRENT SERVICE STATE: WINV-103;Data Drive Space;OK;HARD;1;d:\ - total: 1862.39 Gb - used: 941.63 Gb (51%) - free 920.76 Gb (49%)
[1583136000] CURRENT SERVICE STATE: WINV-103;Memory Usage;OK;HARD;1;Memory usage: total:209629.53 MB - used: 83485.22 MB (40%) - free: 126144.32 MB (60%)
[1583136000] CURRENT SERVICE STATE: WINV-103;OS Drive Space;OK;HARD;1;c:\ - total: 68.27 Gb - used: 50.52 Gb (74%) - free 17.74 Gb (26%)
[1583136000] CURRENT SERVICE STATE: WINV-103;Uptime;OK;HARD;1;System Uptime - 19 day(s) 17 hour(s) 3 minute(s)
[1583136000] CURRENT SERVICE STATE: WINV-104;CPU Load;OK;HARD;1;CPU Load 1% (5 min average)
[1583136000] CURRENT SERVICE STATE: WINV-104;Data Drive Space;OK;HARD;1;d:\ - total: 931.32 Gb - used: 732.35 Gb (79%) - free 198.97 Gb (21%)
[1583136000] CURRENT SERVICE STATE: WINV-104;Memory Usage;OK;HARD;1;Memory usage: total:129142.02 MB - used: 39580.46 MB (31%) - free: 89561.55 MB (69%)
[1583136000] CURRENT SERVICE STATE: WINV-104;OS Drive Space;OK;HARD;1;c:\ - total: 68.27 Gb - used: 47.88 Gb (70%) - free 20.38 Gb (30%)
[1583136000] CURRENT SERVICE STATE: WINV-104;Uptime;OK;HARD;1;System Uptime - 157 day(s) 14 hour(s) 20 minute(s)
[1583136000] CURRENT SERVICE STATE: WINV-105;CPU Load;OK;HARD;1;CPU Load 0% (5 min average)
[1583136000] CURRENT SERVICE STATE: WINV-105;Data Drive Space;OK;HARD;1;d:\ - total: 931.32 Gb - used: 548.79 Gb (59%) - free 382.53 Gb (41%)
[1583136000] CURRENT SERVICE STATE: WINV-105;Memory Usage;OK;HARD;1;Memory usage: total:98284.48 MB - used: 38521.33 MB (39%) - free: 59763.15 MB (61%)
[1583136000] CURRENT SERVICE STATE: WINV-105;OS Drive Space;OK;HARD;1;c:\ - total: 231.90 Gb - used: 98.74 Gb (43%) - free 133.16 Gb (57%)
[1583136000] CURRENT SERVICE STATE: WINV-105;Uptime;OK;HARD;1;System Uptime - 321 day(s) 16 hour(s) 29 minute(s)
[1583136000] CURRENT SERVICE STATE: WINV-106;CPU Load;OK;HARD;1;CPU Load 6% (5 min average)
[1583136000] CURRENT SERVICE STATE: WINV-106;Data Drive Space;OK;HARD;1;d:\ - total: 931.32 Gb - used: 592.84 Gb (64%) - free 338.48 Gb (36%)
[1583136000] CURRENT SERVICE STATE: WINV-106;Memory Usage;OK;HARD;1;Memory usage: total:149142.26 MB - used: 40551.98 MB (27%) - free: 108590.28 MB (73%)
[1583136000] CURRENT SERVICE STATE: WINV-106;OS Drive Space;OK;HARD;1;c:\ - total: 67.89 Gb - used: 41.40 Gb (61%) - free 26.49 Gb (39%)
[1583136000] CURRENT SERVICE STATE: WINV-106;Uptime;OK;HARD;1;System Uptime - 68 day(s) 0 hour(s) 48 minute(s)
[1583136000] CURRENT SERVICE STATE: WINV-107;CPU Load;OK;HARD;1;CPU Load 36% (5 min average)
[1583136000] CURRENT SERVICE STATE: WINV-107;Data Drive Space;OK;HARD;1;d:\ - total: 931.51 Gb - used: 608.29 Gb (65%) - free 323.22 Gb (35%)
[1583136000] CURRENT SERVICE STATE: WINV-107;Memory Usage;OK;HARD;1;Memory usage: total:147777.36 MB - used: 50122.72 MB (34%) - free: 97654.65 MB (66%)
[1583136000] CURRENT SERVICE STATE: WINV-107;OS Drive Space;OK;HARD;1;c:\ - total: 67.45 Gb - used: 42.49 Gb (63%) - free 24.96 Gb (37%)
[1583136000] CURRENT SERVICE STATE: WINV-107;Uptime;OK;HARD;1;System Uptime - 62 day(s) 9 hour(s) 19 minute(s)
[1583136000] CURRENT SERVICE STATE: WINV-108;CPU Load;OK;HARD;1;CPU Load 23% (5 min average)
[1583136000] CURRENT SERVICE STATE: WINV-108;Data Drive Space;OK;HARD;1;d:\ - total: 931.32 Gb - used: 525.59 Gb (56%) - free 405.73 Gb (44%)
[1583136000] CURRENT SERVICE STATE: WINV-108;Memory Usage;OK;HARD;1;Memory usage: total:160950.28 MB - used: 39695.90 MB (25%) - free: 121254.38 MB (75%)
[1583136000] CURRENT SERVICE STATE: WINV-108;OS Drive Space;OK;HARD;1;c:\ - total: 67.89 Gb - used: 49.83 Gb (73%) - free 18.05 Gb (27%)
[1583136000] CURRENT SERVICE STATE: WINV-108;Uptime;OK;HARD;1;System Uptime - 460 day(s) 16 hour(s) 7 minute(s)
[1583136000] CURRENT SERVICE STATE: WINV-110;CPU Load;OK;HARD;1;CPU Load 1% (5 min average)
[1583136000] CURRENT SERVICE STATE: WINV-110;Data Drive Space;OK;HARD;1;d:\ - total: 931.32 Gb - used: 711.29 Gb (76%) - free 220.03 Gb (24%)
[1583136000] CURRENT SERVICE STATE: WINV-110;Memory Usage;OK;HARD;1;Memory usage: total:104565.75 MB - used: 16839.51 MB (16%) - free: 87726.25 MB (84%)
[1583136000] CURRENT SERVICE STATE: WINV-110;OS Drive Space;OK;HARD;1;c:\ - total: 67.89 Gb - used: 41.72 Gb (61%) - free 26.17 Gb (39%)
[1583136000] CURRENT SERVICE STATE: WINV-110;Uptime;OK;HARD;1;System Uptime - 80 day(s) 1 hour(s) 28 minute(s)
[1583136000] CURRENT SERVICE STATE: WINV-111;CPU Load;OK;HARD;1;CPU Load 0% (5 min average)
[1583136000] CURRENT SERVICE STATE: WINV-111;Data Drive Space;OK;HARD;1;d:\ - total: 931.22 Gb - used: 601.91 Gb (65%) - free 329.31 Gb (35%)
[1583136000] CURRENT SERVICE STATE: WINV-111;Memory Usage;OK;HARD;1;Memory usage: total:70469.53 MB - used: 12880.01 MB (18%) - free: 57589.52 MB (82%)
[1583136000] CURRENT SERVICE STATE: WINV-111;OS Drive Space;OK;HARD;1;c:\ - total: 67.89 Gb - used: 31.23 Gb (46%) - free 36.66 Gb (54%)
[1583136000] CURRENT SERVICE STATE: WINV-111;Uptime;OK;HARD;1;System Uptime - 221 day(s) 14 hour(s) 39 minute(s)
[1583136000] CURRENT SERVICE STATE: WINV-112;CPU Load;OK;HARD;1;CPU Load 0% (5 min average)
[1583136000] CURRENT SERVICE STATE: WINV-112;Data Drive Space;OK;HARD;1;d:\ - total: 931.51 Gb - used: 418.11 Gb (45%) - free 513.40 Gb (55%)
[1583136000] CURRENT SERVICE STATE: WINV-112;Memory Usage;OK;HARD;1;Memory usage: total:40939.93 MB - used: 14274.32 MB (35%) - free: 26665.61 MB (65%)
[1583136000] CURRENT SERVICE STATE: WINV-112;OS Drive Space;OK;HARD;1;c:\ - total: 278.36 Gb - used: 70.00 Gb (25%) - free 208.37 Gb (75%)
[1583136000] CURRENT SERVICE STATE: WINV-112;Uptime;OK;HARD;1;System Uptime - 160 day(s) 13 hour(s) 18 minute(s)
[1583136000] CURRENT SERVICE STATE: vapps-100;/mnt/data01 Partition;OK;HARD;1;/mnt/data01 is at 37% capacity, 191G of 551G
[1583136000] CURRENT SERVICE STATE: vapps-100;Current Load;OK;HARD;1;OK - load average: 1.03, 3.82, 7.53
[1583136000] CURRENT SERVICE STATE: vapps-100;Current Users;OK;HARD;1;USERS OK - 2 users currently logged in
[1583136000] CURRENT SERVICE STATE: vapps-100;PING;OK;HARD;1;PING OK - Packet loss = 0%, RTA = 0.06 ms
[1583136000] CURRENT SERVICE STATE: vapps-100;Root Partition;OK;HARD;1;/ is at 11% capacity, 58G of 550G
[1583136000] CURRENT SERVICE STATE: vapps-100;SSH;OK;HARD;1;SSH OK - OpenSSH_7.2p2 Ubuntu-4ubuntu2.6 (protocol 2.0)
[1583136000] CURRENT SERVICE STATE: vapps-100;Swap Usage;OK;HARD;1;SWAP OK - 86% free (9541 MB out of 11214 MB)
[1583136000] CURRENT SERVICE STATE: vapps-100;Total Processes;OK;HARD;1;PROCS OK: 194 processes with STATE = RSZDT
[1583136000] CURRENT SERVICE STATE: vapps-109;/mnt/data01 Partition;OK;HARD;1;/mnt/data01 is at 62% capacity, 537G of 917G
[1583136000] CURRENT SERVICE STATE: vapps-109;Current Load;OK;HARD;1;OK - load average: 0.04, 0.01, 0.00
[1583136000] CURRENT SERVICE STATE: vapps-109;Current Users;OK;HARD;1;USERS OK - 1 users currently logged in
[1583136000] CURRENT SERVICE STATE: vapps-109;PING;OK;HARD;1;PING OK - Packet loss = 0%, RTA = 0.05 ms
[1583136000] CURRENT SERVICE STATE: vapps-109;Root Partition;OK;HARD;1;/ is at 45% capacity, 18G of 43G
[1583136000] CURRENT SERVICE STATE: vapps-109;SSH;OK;HARD;1;SSH OK - OpenSSH_7.2p2 Ubuntu-4ubuntu2.8 (protocol 2.0)
[1583136000] CURRENT SERVICE STATE: vapps-109;Swap Usage;OK;HARD;1;SWAP OK - 100% free (24419 MB out of 24567 MB)
[1583136000] CURRENT SERVICE STATE: vapps-109;Total Processes;OK;HARD;1;PROCS OK: 187 processes with STATE = RSZDT
[1583136000] CURRENT SERVICE STATE: vdb-100;/mnt/data01 Partition;OK;HARD;1;/mnt/data01 is at 75% capacity, 2.7T of 3.7T
[1583136000] CURRENT SERVICE STATE: vdb-100;Current Load;OK;HARD;1;OK - load average: 1.25, 1.32, 1.32
[1583136000] CURRENT SERVICE STATE: vdb-100;Current Users;OK;HARD;1;USERS OK - 1 users currently logged in
[1583136000] CURRENT SERVICE STATE: vdb-100;PING;OK;HARD;1;PING OK - Packet loss = 0%, RTA = 0.05 ms
[1583136000] CURRENT SERVICE STATE: vdb-100;Root Partition;OK;HARD;1;/ is at 35% capacity, 30G of 91G
[1583136000] CURRENT SERVICE STATE: vdb-100;SSH;OK;HARD;1;SSH OK - OpenSSH_7.2p2 Ubuntu-4ubuntu2.6 (protocol 2.0)
[1583136000] CURRENT SERVICE STATE: vdb-100;Swap Usage;OK;HARD;1;SWAP OK - 90% free (19204 MB out of 21455 MB)
[1583136000] CURRENT SERVICE STATE: vdb-100;Total Processes;OK;HARD;1;PROCS OK: 183 processes with STATE = RSZDT
[1583136000] CURRENT SERVICE STATE: vdb-101;/mnt/data01 Partition;CRITICAL;HARD;4;/mnt/data01 is at 91% capacity! 3.1T of 3.6T
[1583136000] CURRENT SERVICE STATE: vdb-101;Current Load;OK;HARD;1;OK - load average: 0.00, 0.00, 0.00
[1583136000] CURRENT SERVICE STATE: vdb-101;Current Users;OK;HARD;1;USERS OK - 1 users currently logged in
[1583136000] CURRENT SERVICE STATE: vdb-101;PING;OK;HARD;1;PING OK - Packet loss = 0%, RTA = 0.05 ms
[1583136000] CURRENT SERVICE STATE: vdb-101;Root Partition;OK;HARD;1;/ is at 25% capacity, 42G of 183G
[1583136000] CURRENT SERVICE STATE: vdb-101;SSH;OK;HARD;1;SSH OK - OpenSSH_7.2p2 Ubuntu-4ubuntu2.4 (protocol 2.0)
[1583136000] CURRENT SERVICE STATE: vdb-101;Swap Usage;OK;HARD;1;SWAP OK - 99% free (21176 MB out of 21455 MB)
[1583136000] CURRENT SERVICE STATE: vdb-101;Total Processes;OK;HARD;1;PROCS OK: 158 processes with STATE = RSZDT
[1583136000] CURRENT SERVICE STATE: vdb-103;/mnt/data01 Partition;WARNING;HARD;4;/mnt/data01 is at 84% capacity! 5.7T of 7.3T
[1583136000] CURRENT SERVICE STATE: vdb-103;Current Load;OK;HARD;1;OK - load average: 0.00, 0.00, 0.00
[1583136000] CURRENT SERVICE STATE: vdb-103;Current Users;OK;HARD;1;USERS OK - 3 users currently logged in
[1583136000] CURRENT SERVICE STATE: vdb-103;PING;OK;HARD;1;PING OK - Packet loss = 0%, RTA = 0.07 ms
[1583136000] CURRENT SERVICE STATE: vdb-103;Root Partition;OK;HARD;1;/ is at 4% capacity, 18G of 457G
[1583136000] CURRENT SERVICE STATE: vdb-103;SSH;OK;HARD;1;SSH OK - OpenSSH_7.6p1 Ubuntu-4ubuntu0.2 (protocol 2.0)
[1583136000] CURRENT SERVICE STATE: vdb-103;Swap Usage;OK;HARD;1;SWAP OK - 23% free (469 MB out of 2047 MB)
[1583136000] CURRENT SERVICE STATE: vdb-103;Total Processes;OK;HARD;1;PROCS OK: 185 processes with STATE = RSZDT
[1583136000] CURRENT SERVICE STATE: vdb-staging;/mnt/data01 Partition;OK;HARD;1;/mnt/data01 is at 63% capacity, 5.4T of 9.1T
[1583136000] CURRENT SERVICE STATE: vdb-staging;Current Load;OK;HARD;1;OK - load average: 0.14, 0.10, 0.11
[1583136000] CURRENT SERVICE STATE: vdb-staging;Current Users;OK;HARD;1;USERS OK - 1 users currently logged in
[1583136000] CURRENT SERVICE STATE: vdb-staging;PING;OK;HARD;1;PING OK - Packet loss = 0%, RTA = 0.05 ms
[1583136000] CURRENT SERVICE STATE: vdb-staging;Root Partition;OK;HARD;1;/ is at 6% capacity, 102G of 1.8T
[1583136000] CURRENT SERVICE STATE: vdb-staging;SSH;OK;HARD;1;SSH OK - OpenSSH_7.2p2 Ubuntu-4ubuntu2.4 (protocol 2.0)
[1583136000] CURRENT SERVICE STATE: vdb-staging;Swap Usage;OK;HARD;1;SWAP OK - 83% free (85444 MB out of 103375 MB)
[1583136000] CURRENT SERVICE STATE: vdb-staging;Total Processes;OK;HARD;1;PROCS OK: 151 processes with STATE = RSZDT
[1583136000] CURRENT SERVICE STATE: vinfra-200;/mnt/data01 Partition;OK;HARD;1;/mnt/data is at 5% capacity, 39G of 917G
[1583136000] CURRENT SERVICE STATE: vinfra-200;Current Load;OK;HARD;1;OK - load average: 1.70, 1.88, 2.83
[1583136000] CURRENT SERVICE STATE: vinfra-200;Current Users;OK;HARD;1;USERS OK - 1 users currently logged in
[1583136000] CURRENT SERVICE STATE: vinfra-200;MySQL Connection Time;OK;HARD;1;OK - 0.01 seconds to connect as nagios
[1583136000] CURRENT SERVICE STATE: vinfra-200;MySQL Uptime;OK;HARD;1;OK - database is up since 17354 minutes
[1583136000] CURRENT SERVICE STATE: vinfra-200;PING;OK;HARD;1;PING OK - Packet loss = 0%, RTA = 0.05 ms
[1583136000] CURRENT SERVICE STATE: vinfra-200;Root Partition;OK;HARD;1;/ is at 41% capacity, 71G of 182G
[1583136000] CURRENT SERVICE STATE: vinfra-200;SSH;OK;HARD;1;SSH OK - OpenSSH_7.2p2 Ubuntu-4ubuntu2.6 (protocol 2.0)
[1583136000] CURRENT SERVICE STATE: vinfra-200;Swap Usage;OK;HARD;1;SWAP OK - 58% free (556 MB out of 975 MB)
[1583136000] CURRENT SERVICE STATE: vinfra-200;Total Processes;OK;HARD;1;PROCS OK: 169 processes with STATE = RSZDT
[1583136000] CURRENT SERVICE STATE: vinfra-200;VAULT;OK;HARD;1;OK - Vault is initialized, unsealed, and active
[1583136000] CURRENT SERVICE STATE: vonly-backup;/media/data Partition;OK;HARD;1;/media/data is at 87% capacity, 6.0T of 7.3T
[1583136000] CURRENT SERVICE STATE: vonly-backup;Current Load;OK;HARD;1;OK - load average: 2.94, 2.95, 2.54
[1583136000] CURRENT SERVICE STATE: vonly-backup;Current Users;OK;HARD;1;USERS OK - 1 users currently logged in
[1583136000] CURRENT SERVICE STATE: vonly-backup;PING;OK;HARD;1;PING OK - Packet loss = 0%, RTA = 0.06 ms
[1583136000] CURRENT SERVICE STATE: vonly-backup;Root Partition;OK;HARD;1;/ is at 52% capacity, 108G of 220G
[1583136000] CURRENT SERVICE STATE: vonly-backup;SSH;OK;HARD;1;SSH OK - OpenSSH_7.2p2 Ubuntu-4ubuntu2.8 (protocol 2.0)
[1583136000] CURRENT SERVICE STATE: vonly-backup;Swap Usage;OK;HARD;1;SWAP OK - 93% free (52871 MB out of 57111 MB)
[1583136000] CURRENT SERVICE STATE: vonly-backup;Total Processes;OK;HARD;1;PROCS OK: 246 processes with STATE = RSZDT
[1583136000] CURRENT SERVICE STATE: vonly-database;/media/data Partition;OK;HARD;1;/media/data is at 65% capacity, 2.2T of 3.6T
[1583136000] CURRENT SERVICE STATE: vonly-database;Current Load;OK;HARD;1;OK - load average: 0.00, 0.00, 0.00
[1583136000] CURRENT SERVICE STATE: vonly-database;Current Users;OK;HARD;1;USERS OK - 1 users currently logged in
[1583136000] CURRENT SERVICE STATE: vonly-database;PING;OK;HARD;1;PING OK - Packet loss = 0%, RTA = 0.03 ms
[1583136000] CURRENT SERVICE STATE: vonly-database;Root Partition;OK;HARD;1;/ is at 58% capacity, 120G of 220G
[1583136000] CURRENT SERVICE STATE: vonly-database;SSH;OK;HARD;1;SSH OK - OpenSSH_7.2p2 Ubuntu-4ubuntu2.8 (protocol 2.0)
[1583136000] CURRENT SERVICE STATE: vonly-database;Swap Usage;OK;HARD;1;SWAP OK - 100% free (57111 MB out of 57111 MB)
[1583136000] CURRENT SERVICE STATE: vonly-database;Total Processes;OK;HARD;1;PROCS OK: 149 processes with STATE = RSZDT
[1583136000] CURRENT SERVICE STATE: vonly-replica;/media/data Partition;OK;HARD;1;/media/data is at 50% capacity, 3.4T of 7.3T
[1583136000] CURRENT SERVICE STATE: vonly-replica;Current Load;OK;HARD;1;OK - load average: 4.26, 4.49, 5.10
[1583136000] CURRENT SERVICE STATE: vonly-replica;Current Users;OK;HARD;1;USERS OK - 0 users currently logged in
[1583136000] CURRENT SERVICE STATE: vonly-replica;PING;OK;HARD;1;PING OK - Packet loss = 0%, RTA = 0.05 ms
[1583136000] CURRENT SERVICE STATE: vonly-replica;Root Partition;OK;HARD;1;/ is at 31% capacity, 31G of 108G
[1583136000] CURRENT SERVICE STATE: vonly-replica;SSH;OK;HARD;1;SSH OK - OpenSSH_7.2p2 Ubuntu-4ubuntu2.2 (protocol 2.0)
[1583136000] CURRENT SERVICE STATE: vonly-replica;Swap Usage;OK;HARD;1;SWAP OK - 99% free (27393 MB out of 27876 MB)
[1583136000] CURRENT SERVICE STATE: vonly-replica;Total Processes;OK;HARD;1;PROCS OK: 99 processes with STATE = RSZDT
[1583136166] SERVICE ALERT: vonly-backup;Total Processes;WARNING;SOFT;1;PROCS WARNING: 267 processes with STATE = RSZDT
[1583136242] SERVICE ALERT: vonly-backup;Total Processes;WARNING;SOFT;2;PROCS WARNING: 334 processes with STATE = RSZDT
[1583136364] SERVICE ALERT: vonly-backup;Total Processes;OK;SOFT;3;PROCS OK: 250 processes with STATE = RSZDT
[1583136637] Auto-save of retention data completed successfully.
[1583136848] SERVICE ALERT: vonly-backup;Current Load;WARNING;SOFT;1;WARNING - load average: 9.33, 5.40, 4.29
[1583136908] SERVICE ALERT: vonly-backup;Current Load;WARNING;SOFT;2;WARNING - load average: 7.01, 5.60, 4.44
[1583136968] SERVICE ALERT: vonly-backup;Current Load;OK;SOFT;3;OK - load average: 4.09, 5.02, 4.31
[1583137063] SERVICE ALERT: vapps-100;Current Load;WARNING;SOFT;1;WARNING - load average: 23.42, 14.03, 8.77
[1583137124] SERVICE ALERT: vapps-100;Current Load;WARNING;SOFT;2;WARNING - load average: 20.67, 14.86, 9.38
[1583137164] SERVICE NOTIFICATION: jatin;WINV-101;Data Drive Space;WARNING;notify-service-by-email;d:\ - total: 931.32 Gb - used: 748.40 Gb (80%) - free 182.92 Gb (20%)
[1583137164] SERVICE NOTIFICATION: atul;WINV-101;Data Drive Space;WARNING;notify-service-by-email;d:\ - total: 931.32 Gb - used: 748.40 Gb (80%) - free 182.92 Gb (20%)
[1583137184] SERVICE ALERT: vapps-100;Current Load;WARNING;SOFT;3;WARNING - load average: 17.14, 14.80, 9.70
[1583137244] SERVICE NOTIFICATION: jatin;vapps-100;Current Load;WARNING;notify-service-by-email;WARNING - load average: 26.65, 17.73, 11.02
[1583137244] SERVICE NOTIFICATION: atul;vapps-100;Current Load;WARNING;notify-service-by-email;WARNING - load average: 26.65, 17.73, 11.02
[1583137244] SERVICE ALERT: vapps-100;Current Load;WARNING;HARD;4;WARNING - load average: 26.65, 17.73, 11.02
[1583137544] SERVICE FLAPPING ALERT: vapps-100;Current Load;STARTED; Service appears to have started flapping (23.3% change >= 20.0% threshold)
[1583137544] SERVICE NOTIFICATION: jatin;vapps-100;Current Load;FLAPPINGSTART (CRITICAL);notify-service-by-email;CRITICAL - load average: 28.00, 25.19, 16.31
[1583137544] SERVICE NOTIFICATION: atul;vapps-100;Current Load;FLAPPINGSTART (CRITICAL);notify-service-by-email;CRITICAL - load average: 28.00, 25.19, 16.31
[1583137544] SERVICE ALERT: vapps-100;Current Load;CRITICAL;HARD;4;CRITICAL - load average: 28.00, 25.19, 16.31
[1583138144] SERVICE ALERT: vapps-100;Current Load;WARNING;HARD;4;WARNING - load average: 3.35, 14.12, 16.65
[1583138444] SERVICE ALERT: vapps-100;Current Load;CRITICAL;HARD;4;CRITICAL - load average: 32.55, 24.41, 20.09
[1583138563] SERVICE ALERT: vinfra-200;Current Load;WARNING;SOFT;1;WARNING - load average: 8.32, 6.27, 5.15
[1583138623] SERVICE ALERT: vinfra-200;Current Load;WARNING;SOFT;2;WARNING - load average: 6.80, 6.23, 5.20
[1583138683] SERVICE ALERT: vinfra-200;Current Load;WARNING;SOFT;3;WARNING - load average: 6.34, 6.18, 5.25
[1583138743] SERVICE NOTIFICATION: jatin;vinfra-200;Current Load;WARNING;notify-service-by-email;WARNING - load average: 6.26, 6.38, 5.39
[1583138743] SERVICE NOTIFICATION: atul;vinfra-200;Current Load;WARNING;notify-service-by-email;WARNING - load average: 6.26, 6.38, 5.39
[1583138743] SERVICE ALERT: vinfra-200;Current Load;WARNING;HARD;4;WARNING - load average: 6.26, 6.38, 5.39
[1583140226] Auto-save of retention data completed successfully.
[1583140244] SERVICE ALERT: vapps-100;Current Load;WARNING;HARD;4;WARNING - load average: 13.79, 15.13, 19.44
[1583140844] SERVICE ALERT: vapps-100;Current Load;CRITICAL;HARD;4;CRITICAL - load average: 23.59, 21.86, 21.07
[1583141144] SERVICE ALERT: vapps-100;Current Load;WARNING;HARD;4;WARNING - load average: 5.33, 12.27, 17.22
[1583141444] SERVICE ALERT: vapps-100;Current Load;CRITICAL;HARD;4;CRITICAL - load average: 43.02, 26.27, 21.14
[1583141863] SERVICE NOTIFICATION: jatin;vdb-103;/mnt/data01 Partition;WARNING;notify-service-by-email;/mnt/data01 is at 84% capacity! 5.7T of 7.3T
[1583141863] SERVICE NOTIFICATION: atul;vdb-103;/mnt/data01 Partition;WARNING;notify-service-by-email;/mnt/data01 is at 84% capacity! 5.7T of 7.3T
[1583142163] SERVICE ALERT: vonly-replica;Current Load;WARNING;SOFT;1;WARNING - load average: 12.22, 11.84, 10.46
[1583142224] SERVICE ALERT: vonly-replica;Current Load;WARNING;SOFT;2;WARNING - load average: 13.22, 12.16, 10.66
[1583142284] SERVICE ALERT: vonly-replica;Current Load;WARNING;SOFT;3;WARNING - load average: 13.49, 12.36, 10.82
[1583142344] SERVICE NOTIFICATION: jatin;vonly-replica;Current Load;WARNING;notify-service-by-email;WARNING - load average: 13.23, 12.48, 10.96
[1583142344] SERVICE NOTIFICATION: atul;vonly-replica;Current Load;WARNING;notify-service-by-email;WARNING - load average: 13.23, 12.48, 10.96
[1583142344] SERVICE ALERT: vonly-replica;Current Load;WARNING;HARD;4;WARNING - load average: 13.23, 12.48, 10.96
[1583143826] Auto-save of retention data completed successfully.
[1583145163] SERVICE ALERT: WINV-107;CPU Load;CRITICAL;SOFT;1;CPU Load 99% (5 min average)
[1583145283] SERVICE ALERT: WINV-107;CPU Load;OK;SOFT;2;CPU Load 3% (5 min average)
[1583145403] SERVICE ALERT: WINV-102;CPU Load;CRITICAL;SOFT;1;CPU Load 94% (5 min average)
[1583145523] SERVICE ALERT: WINV-102;CPU Load;CRITICAL;SOFT;2;CPU Load 100% (5 min average)
[1583145643] SERVICE ALERT: WINV-102;CPU Load;OK;HARD;3;CPU Load 9% (5 min average)
[1583145644] SERVICE ALERT: vapps-100;Current Load;WARNING;HARD;4;WARNING - load average: 13.34, 15.55, 19.86
[1583146544] SERVICE ALERT: vapps-100;Current Load;CRITICAL;HARD;4;CRITICAL - load average: 39.76, 30.70, 24.11
[1583147144] SERVICE NOTIFICATION: jatin;vonly-replica;Current Load;OK;notify-service-by-email;OK - load average: 8.53, 9.19, 9.97
[1583147144] SERVICE NOTIFICATION: atul;vonly-replica;Current Load;OK;notify-service-by-email;OK - load average: 8.53, 9.19, 9.97
[1583147144] SERVICE ALERT: vonly-replica;Current Load;OK;HARD;4;OK - load average: 8.53, 9.19, 9.97
[1583147426] Auto-save of retention data completed successfully.
[1583151026] Auto-save of retention data completed successfully.
[1583151043] SERVICE NOTIFICATION: jatin;vinfra-200;Current Load;OK;notify-service-by-email;OK - load average: 2.74, 3.24, 4.57
[1583151043] SERVICE NOTIFICATION: atul;vinfra-200;Current Load;OK;notify-service-by-email;OK - load average: 2.74, 3.24, 4.57
[1583151043] SERVICE ALERT: vinfra-200;Current Load;OK;HARD;4;OK - load average: 2.74, 3.24, 4.57
[1583151344] SERVICE ALERT: vapps-100;Current Load;WARNING;HARD;4;WARNING - load average: 0.31, 5.07, 19.20
[1583151463] SERVICE NOTIFICATION: jatin;vdb-103;/mnt/data01 Partition;OK;notify-service-by-email;/mnt/data01 is at 80% capacity, 5.5T of 7.3T
[1583151463] SERVICE NOTIFICATION: atul;vdb-103;/mnt/data01 Partition;OK;notify-service-by-email;/mnt/data01 is at 80% capacity, 5.5T of 7.3T
[1583151463] SERVICE ALERT: vdb-103;/mnt/data01 Partition;OK;HARD;4;/mnt/data01 is at 80% capacity, 5.5T of 7.3T
[1583151463] SERVICE ALERT: vdb-staging;Current Load;WARNING;SOFT;1;WARNING - load average: 9.40, 9.18, 6.18
[1583151523] SERVICE ALERT: vdb-staging;Current Load;WARNING;SOFT;2;WARNING - load average: 8.62, 9.05, 6.32
[1583151564] SERVICE NOTIFICATION: jatin;WINV-101;Data Drive Space;WARNING;notify-service-by-email;d:\ - total: 931.32 Gb - used: 748.67 Gb (80%) - free 182.65 Gb (20%)
[1583151564] SERVICE NOTIFICATION: atul;WINV-101;Data Drive Space;WARNING;notify-service-by-email;d:\ - total: 931.32 Gb - used: 748.67 Gb (80%) - free 182.65 Gb (20%)
[1583151583] SERVICE ALERT: vdb-staging;Current Load;WARNING;SOFT;3;WARNING - load average: 7.96, 8.75, 6.39
[1583151644] SERVICE NOTIFICATION: jatin;vdb-staging;Current Load;WARNING;notify-service-by-email;WARNING - load average: 8.01, 8.59, 6.49
[1583151644] SERVICE NOTIFICATION: atul;vdb-staging;Current Load;WARNING;notify-service-by-email;WARNING - load average: 8.01, 8.59, 6.49
[1583151644] SERVICE ALERT: vdb-staging;Current Load;WARNING;HARD;4;WARNING - load average: 8.01, 8.59, 6.49
[1583152244] SERVICE ALERT: vapps-100;Current Load;OK;HARD;4;OK - load average: 0.33, 0.53, 7.47
[1583152544] SERVICE NOTIFICATION: jatin;vdb-staging;Current Load;OK;notify-service-by-email;OK - load average: 0.00, 1.36, 3.85
[1583152544] SERVICE NOTIFICATION: atul;vdb-staging;Current Load;OK;notify-service-by-email;OK - load average: 0.00, 1.36, 3.85
[1583152544] SERVICE ALERT: vdb-staging;Current Load;OK;HARD;4;OK - load average: 0.00, 1.36, 3.85
[1583154163] SERVICE ALERT: vdb-103;/mnt/data01 Partition;WARNING;SOFT;1;/mnt/data01 is at 81% capacity! 5.5T of 7.3T
[1583154223] SERVICE ALERT: vdb-103;/mnt/data01 Partition;WARNING;SOFT;2;/mnt/data01 is at 81% capacity! 5.5T of 7.3T
[1583154283] SERVICE ALERT: vdb-103;/mnt/data01 Partition;WARNING;SOFT;3;/mnt/data01 is at 81% capacity! 5.5T of 7.3T
[1583154343] SERVICE NOTIFICATION: jatin;vdb-103;/mnt/data01 Partition;WARNING;notify-service-by-email;/mnt/data01 is at 81% capacity! 5.5T of 7.3T
[1583154343] SERVICE NOTIFICATION: atul;vdb-103;/mnt/data01 Partition;WARNING;notify-service-by-email;/mnt/data01 is at 81% capacity! 5.5T of 7.3T
[1583154343] SERVICE ALERT: vdb-103;/mnt/data01 Partition;WARNING;HARD;4;/mnt/data01 is at 81% capacity! 5.5T of 7.3T
[1583154626] Auto-save of retention data completed successfully.
[1583157103] SERVICE ALERT: WINV-110;Data Drive Space;WARNING;SOFT;1;d:\ - total: 931.32 Gb - used: 745.51 Gb (80%) - free 185.81 Gb (20%)
[1583157223] SERVICE ALERT: WINV-110;Data Drive Space;WARNING;SOFT;2;d:\ - total: 931.32 Gb - used: 745.65 Gb (80%) - free 185.67 Gb (20%)
[1583157343] SERVICE NOTIFICATION: jatin;WINV-110;Data Drive Space;WARNING;notify-service-by-email;d:\ - total: 931.32 Gb - used: 745.85 Gb (80%) - free 185.47 Gb (20%)
[1583157343] SERVICE NOTIFICATION: atul;WINV-110;Data Drive Space;WARNING;notify-service-by-email;d:\ - total: 931.32 Gb - used: 745.85 Gb (80%) - free 185.47 Gb (20%)
[1583157343] SERVICE ALERT: WINV-110;Data Drive Space;WARNING;HARD;3;d:\ - total: 931.32 Gb - used: 745.85 Gb (80%) - free 185.47 Gb (20%)
[1583157344] SERVICE FLAPPING ALERT: vapps-100;Current Load;STOPPED; Service appears to have stopped flapping (4.0% change < 5.0% threshold)
[1583157344] SERVICE NOTIFICATION: jatin;vapps-100;Current Load;FLAPPINGSTOP (OK);notify-service-by-email;OK - load average: 0.10, 0.10, 0.16
[1583157344] SERVICE NOTIFICATION: atul;vapps-100;Current Load;FLAPPINGSTOP (OK);notify-service-by-email;OK - load average: 0.10, 0.10, 0.16
[1583158025] SERVICE ALERT: vonly-backup;Total Processes;WARNING;SOFT;1;PROCS WARNING: 251 processes with STATE = RSZDT
[1583158085] SERVICE ALERT: vonly-backup;Total Processes;WARNING;SOFT;2;PROCS WARNING: 251 processes with STATE = RSZDT
[1583158145] SERVICE ALERT: vonly-backup;Total Processes;WARNING;SOFT;3;PROCS WARNING: 252 processes with STATE = RSZDT
[1583158148] SERVICE ALERT: vdb-103;Swap Usage;WARNING;SOFT;1;SWAP WARNING - 20% free (405 MB out of 2047 MB)
[1583158205] SERVICE ALERT: vonly-backup;Total Processes;OK;HARD;4;PROCS OK: 250 processes with STATE = RSZDT
[1583158208] SERVICE ALERT: vdb-103;Swap Usage;WARNING;SOFT;2;SWAP WARNING - 20% free (404 MB out of 2047 MB)
[1583158226] Auto-save of retention data completed successfully.
[1583158268] SERVICE ALERT: vdb-103;Swap Usage;WARNING;SOFT;3;SWAP WARNING - 20% free (403 MB out of 2047 MB)
[1583158328] SERVICE NOTIFICATION: jatin;vdb-103;Swap Usage;WARNING;notify-service-by-email;SWAP WARNING - 20% free (401 MB out of 2047 MB)
[1583158328] SERVICE NOTIFICATION: atul;vdb-103;Swap Usage;WARNING;notify-service-by-email;SWAP WARNING - 20% free (401 MB out of 2047 MB)
[1583158328] SERVICE ALERT: vdb-103;Swap Usage;WARNING;HARD;4;SWAP WARNING - 20% free (401 MB out of 2047 MB)
[1583159105] SERVICE ALERT: vonly-backup;Total Processes;WARNING;SOFT;1;PROCS WARNING: 251 processes with STATE = RSZDT
[1583159165] SERVICE ALERT: vonly-backup;Total Processes;OK;SOFT;2;PROCS OK: 246 processes with STATE = RSZDT
[1583161826] Auto-save of retention data completed successfully.
[1583165426] Auto-save of retention data completed successfully.
[1583165964] SERVICE NOTIFICATION: jatin;WINV-101;Data Drive Space;WARNING;notify-service-by-email;d:\ - total: 931.32 Gb - used: 748.68 Gb (80%) - free 182.64 Gb (20%)
[1583165964] SERVICE NOTIFICATION: atul;WINV-101;Data Drive Space;WARNING;notify-service-by-email;d:\ - total: 931.32 Gb - used: 748.68 Gb (80%) - free 182.64 Gb (20%)
[1583169026] Auto-save of retention data completed successfully.
[1583171228] SERVICE NOTIFICATION: jatin;vdb-103;Swap Usage;CRITICAL;notify-service-by-email;SWAP CRITICAL - 10% free (203 MB out of 2047 MB)
[1583171228] SERVICE NOTIFICATION: atul;vdb-103;Swap Usage;CRITICAL;notify-service-by-email;SWAP CRITICAL - 10% free (203 MB out of 2047 MB)
[1583171228] SERVICE ALERT: vdb-103;Swap Usage;CRITICAL;HARD;4;SWAP CRITICAL - 10% free (203 MB out of 2047 MB)
[1583171743] SERVICE NOTIFICATION: jatin;WINV-110;Data Drive Space;WARNING;notify-service-by-email;d:\ - total: 931.32 Gb - used: 753.37 Gb (81%) - free 177.95 Gb (19%)
[1583171743] SERVICE NOTIFICATION: atul;WINV-110;Data Drive Space;WARNING;notify-service-by-email;d:\ - total: 931.32 Gb - used: 753.37 Gb (81%) - free 177.95 Gb (19%)
[1583172626] Auto-save of retention data completed successfully.
[1583175275] SERVICE NOTIFICATION: jatin;vdb-101;/mnt/data01 Partition;CRITICAL;notify-service-by-email;/mnt/data01 is at 91% capacity! 3.1T of 3.6T
[1583175275] SERVICE NOTIFICATION: atul;vdb-101;/mnt/data01 Partition;CRITICAL;notify-service-by-email;/mnt/data01 is at 91% capacity! 3.1T of 3.6T
[1583176225] Auto-save of retention data completed successfully.
[1583179826] Auto-save of retention data completed successfully.
[1583180364] SERVICE NOTIFICATION: jatin;WINV-101;Data Drive Space;WARNING;notify-service-by-email;d:\ - total: 931.32 Gb - used: 748.68 Gb (80%) - free 182.64 Gb (20%)
[1583180364] SERVICE NOTIFICATION: atul;WINV-101;Data Drive Space;WARNING;notify-service-by-email;d:\ - total: 931.32 Gb - used: 748.68 Gb (80%) - free 182.64 Gb (20%)
[1583183225] SERVICE ALERT: vonly-backup;Total Processes;WARNING;SOFT;1;PROCS WARNING: 251 processes with STATE = RSZDT
[1583183285] SERVICE ALERT: vonly-backup;Total Processes;WARNING;SOFT;2;PROCS WARNING: 253 processes with STATE = RSZDT
[1583183345] SERVICE ALERT: vonly-backup;Total Processes;WARNING;SOFT;3;PROCS WARNING: 253 processes with STATE = RSZDT
[1583183405] SERVICE NOTIFICATION: nagiosadmin;vonly-backup;Total Processes;WARNING;notify-service-by-email;PROCS WARNING: 253 processes with STATE = RSZDT
[1583183405] SERVICE NOTIFICATION: jatin;vonly-backup;Total Processes;WARNING;notify-service-by-email;PROCS WARNING: 253 processes with STATE = RSZDT
[1583183405] SERVICE NOTIFICATION: atul;vonly-backup;Total Processes;WARNING;notify-service-by-email;PROCS WARNING: 253 processes with STATE = RSZDT
[1583183405] SERVICE ALERT: vonly-backup;Total Processes;WARNING;HARD;4;PROCS WARNING: 253 processes with STATE = RSZDT
[1583183425] Auto-save of retention data completed successfully.
[1583184305] SERVICE NOTIFICATION: nagiosadmin;vonly-backup;Total Processes;OK;notify-service-by-email;PROCS OK: 248 processes with STATE = RSZDT
[1583184305] SERVICE NOTIFICATION: jatin;vonly-backup;Total Processes;OK;notify-service-by-email;PROCS OK: 248 processes with STATE = RSZDT
[1583184305] SERVICE NOTIFICATION: atul;vonly-backup;Total Processes;OK;notify-service-by-email;PROCS OK: 248 processes with STATE = RSZDT
[1583184305] SERVICE ALERT: vonly-backup;Total Processes;OK;HARD;4;PROCS OK: 248 processes with STATE = RSZDT
[1583185628] SERVICE NOTIFICATION: jatin;vdb-103;Swap Usage;CRITICAL;notify-service-by-email;SWAP CRITICAL - 0% free (0 MB out of 2047 MB)
[1583185628] SERVICE NOTIFICATION: atul;vdb-103;Swap Usage;CRITICAL;notify-service-by-email;SWAP CRITICAL - 0% free (0 MB out of 2047 MB)
[1583186143] SERVICE NOTIFICATION: jatin;WINV-110;Data Drive Space;WARNING;notify-service-by-email;d:\ - total: 931.32 Gb - used: 753.37 Gb (81%) - free 177.95 Gb (19%)
[1583186143] SERVICE NOTIFICATION: atul;WINV-110;Data Drive Space;WARNING;notify-service-by-email;d:\ - total: 931.32 Gb - used: 753.37 Gb (81%) - free 177.95 Gb (19%)
[1583187025] Auto-save of retention data completed successfully.
[1583190626] Auto-save of retention data completed successfully.
[1583190905] SERVICE ALERT: vonly-backup;Total Processes;WARNING;SOFT;1;PROCS WARNING: 251 processes with STATE = RSZDT
[1583190965] SERVICE ALERT: vonly-backup;Total Processes;WARNING;SOFT;2;PROCS WARNING: 251 processes with STATE = RSZDT
[1583191025] SERVICE ALERT: vonly-backup;Total Processes;WARNING;SOFT;3;PROCS WARNING: 251 processes with STATE = RSZDT
[1583191085] SERVICE ALERT: vonly-backup;Total Processes;OK;HARD;4;PROCS OK: 248 processes with STATE = RSZDT
[1583192144] SERVICE ALERT: vapps-100;Current Load;CRITICAL;SOFT;1;CRITICAL - load average: 32.92, 18.33, 9.68
[1583192204] SERVICE ALERT: vapps-100;Current Load;WARNING;SOFT;2;WARNING - load average: 27.50, 19.99, 10.83
[1583192264] SERVICE ALERT: vapps-100;Current Load;WARNING;SOFT;3;WARNING - load average: 27.54, 21.39, 11.88
[1583192286] SERVICE ALERT: vonly-backup;Total Processes;WARNING;SOFT;1;PROCS WARNING: 252 processes with STATE = RSZDT
[1583192324] SERVICE NOTIFICATION: jatin;vapps-100;Current Load;WARNING;notify-service-by-email;WARNING - load average: 26.27, 22.88, 13.04
[1583192324] SERVICE NOTIFICATION: atul;vapps-100;Current Load;WARNING;notify-service-by-email;WARNING - load average: 26.27, 22.88, 13.04
[1583192324] SERVICE ALERT: vapps-100;Current Load;WARNING;HARD;4;WARNING - load average: 26.27, 22.88, 13.04
[1583192346] SERVICE ALERT: vonly-backup;Total Processes;WARNING;SOFT;2;PROCS WARNING: 252 processes with STATE = RSZDT
[1583192406] SERVICE ALERT: vonly-backup;Total Processes;OK;SOFT;3;PROCS OK: 248 processes with STATE = RSZDT
[1583192925] SERVICE NOTIFICATION: jatin;vapps-100;Current Load;OK;notify-service-by-email;OK - load average: 0.76, 4.87, 7.97
[1583192925] SERVICE NOTIFICATION: atul;vapps-100;Current Load;OK;notify-service-by-email;OK - load average: 0.76, 4.87, 7.97
[1583192925] SERVICE ALERT: vapps-100;Current Load;OK;HARD;4;OK - load average: 0.76, 4.87, 7.97
[1583193428] SERVICE ALERT: vonly-backup;Current Load;WARNING;SOFT;1;WARNING - load average: 7.49, 5.52, 2.93
[1583193488] SERVICE ALERT: vonly-backup;Current Load;OK;SOFT;2;OK - load average: 4.30, 4.98, 2.91
[1583194226] Auto-save of retention data completed successfully.
[1583194764] SERVICE NOTIFICATION: jatin;WINV-101;Data Drive Space;WARNING;notify-service-by-email;d:\ - total: 931.32 Gb - used: 748.89 Gb (80%) - free 182.43 Gb (20%)
[1583194764] SERVICE NOTIFICATION: atul;WINV-101;Data Drive Space;WARNING;notify-service-by-email;d:\ - total: 931.32 Gb - used: 748.89 Gb (80%) - free 182.43 Gb (20%)
[1583196225] SERVICE ALERT: vapps-100;Current Load;WARNING;SOFT;1;WARNING - load average: 22.76, 8.09, 3.92
[1583196285] SERVICE ALERT: vapps-100;Current Load;WARNING;SOFT;2;WARNING - load average: 27.97, 12.69, 5.80
[1583196343] SERVICE NOTIFICATION: jatin;WINV-110;Data Drive Space;OK;notify-service-by-email;d:\ - total: 931.32 Gb - used: 744.29 Gb (80%) - free 187.03 Gb (20%)
[1583196343] SERVICE NOTIFICATION: atul;WINV-110;Data Drive Space;OK;notify-service-by-email;d:\ - total: 931.32 Gb - used: 744.29 Gb (80%) - free 187.03 Gb (20%)
[1583196343] SERVICE ALERT: WINV-110;Data Drive Space;OK;HARD;3;d:\ - total: 931.32 Gb - used: 744.29 Gb (80%) - free 187.03 Gb (20%)
[1583196345] SERVICE ALERT: vapps-100;Current Load;WARNING;SOFT;3;WARNING - load average: 19.88, 13.25, 6.43
[1583196405] SERVICE NOTIFICATION: jatin;vapps-100;Current Load;WARNING;notify-service-by-email;WARNING - load average: 20.58, 14.19, 7.16
[1583196405] SERVICE NOTIFICATION: atul;vapps-100;Current Load;WARNING;notify-service-by-email;WARNING - load average: 20.58, 14.19, 7.16
[1583196405] SERVICE ALERT: vapps-100;Current Load;WARNING;HARD;4;WARNING - load average: 20.58, 14.19, 7.16
[1583197006] SERVICE FLAPPING ALERT: vapps-100;Current Load;STARTED; Service appears to have started flapping (21.1% change >= 20.0% threshold)
[1583197006] SERVICE NOTIFICATION: jatin;vapps-100;Current Load;FLAPPINGSTART (CRITICAL);notify-service-by-email;CRITICAL - load average: 33.47, 29.16, 17.75
[1583197006] SERVICE NOTIFICATION: atul;vapps-100;Current Load;FLAPPINGSTART (CRITICAL);notify-service-by-email;CRITICAL - load average: 33.47, 29.16, 17.75
[1583197006] SERVICE ALERT: vapps-100;Current Load;CRITICAL;HARD;4;CRITICAL - load average: 33.47, 29.16, 17.75
[1583197543] SERVICE NOTIFICATION: jatin;vdb-103;/mnt/data01 Partition;WARNING;notify-service-by-email;/mnt/data01 is at 85% capacity! 5.9T of 7.3T
[1583197543] SERVICE NOTIFICATION: atul;vdb-103;/mnt/data01 Partition;WARNING;notify-service-by-email;/mnt/data01 is at 85% capacity! 5.9T of 7.3T
[1583197826] Auto-save of retention data completed successfully.
[1583197843] SERVICE ALERT: vinfra-200;Current Load;WARNING;SOFT;1;WARNING - load average: 5.57, 5.90, 5.04
[1583197903] SERVICE ALERT: vinfra-200;Current Load;WARNING;SOFT;2;WARNING - load average: 4.90, 5.69, 5.03
[1583197963] SERVICE ALERT: vinfra-200;Current Load;WARNING;SOFT;3;WARNING - load average: 7.45, 6.14, 5.22
[1583198023] SERVICE NOTIFICATION: jatin;vinfra-200;Current Load;WARNING;notify-service-by-email;WARNING - load average: 5.98, 5.90, 5.19
[1583198023] SERVICE NOTIFICATION: atul;vinfra-200;Current Load;WARNING;notify-service-by-email;WARNING - load average: 5.98, 5.90, 5.19
[1583198023] SERVICE ALERT: vinfra-200;Current Load;WARNING;HARD;4;WARNING - load average: 5.98, 5.90, 5.19
[1583200028] SERVICE NOTIFICATION: jatin;vdb-103;Swap Usage;CRITICAL;notify-service-by-email;SWAP CRITICAL - 5% free (85 MB out of 2047 MB)
[1583200028] SERVICE NOTIFICATION: atul;vdb-103;Swap Usage;CRITICAL;notify-service-by-email;SWAP CRITICAL - 5% free (85 MB out of 2047 MB)
[1583201426] Auto-save of retention data completed successfully.
[1583201623] SERVICE NOTIFICATION: jatin;vinfra-200;Current Load;OK;notify-service-by-email;OK - load average: 1.87, 3.41, 4.53
[1583201623] SERVICE NOTIFICATION: atul;vinfra-200;Current Load;OK;notify-service-by-email;OK - load average: 1.87, 3.41, 4.53
[1583201623] SERVICE ALERT: vinfra-200;Current Load;OK;HARD;4;OK - load average: 1.87, 3.41, 4.53
[1583202106] SERVICE ALERT: vapps-100;Current Load;WARNING;HARD;4;WARNING - load average: 12.80, 14.07, 18.86
[1583203306] SERVICE ALERT: vapps-100;Current Load;OK;HARD;4;OK - load average: 0.56, 1.27, 6.84
[1583205026] Auto-save of retention data completed successfully.
[1583208106] SERVICE FLAPPING ALERT: vapps-100;Current Load;STOPPED; Service appears to have stopped flapping (4.1% change < 5.0% threshold)
[1583208106] SERVICE NOTIFICATION: jatin;vapps-100;Current Load;FLAPPINGSTOP (OK);notify-service-by-email;OK - load average: 0.13, 0.36, 0.51
[1583208106] SERVICE NOTIFICATION: atul;vapps-100;Current Load;FLAPPINGSTOP (OK);notify-service-by-email;OK - load average: 0.13, 0.36, 0.51
[1583208626] Auto-save of retention data completed successfully.
[1583209164] SERVICE NOTIFICATION: jatin;WINV-101;Data Drive Space;WARNING;notify-service-by-email;d:\ - total: 931.32 Gb - used: 749.17 Gb (80%) - free 182.15 Gb (20%)
[1583209164] SERVICE NOTIFICATION: atul;WINV-101;Data Drive Space;WARNING;notify-service-by-email;d:\ - total: 931.32 Gb - used: 749.17 Gb (80%) - free 182.15 Gb (20%)
[1583212226] Auto-save of retention data completed successfully.
[1583213364] SERVICE ALERT: WINV-101;CPU Load;CRITICAL;SOFT;1;CPU Load 100% (5 min average)
[1583213443] SERVICE ALERT: WINV-102;CPU Load;CRITICAL;SOFT;1;CPU Load 91% (5 min average)
[1583213484] SERVICE ALERT: WINV-101;CPU Load;CRITICAL;SOFT;2;CPU Load 100% (5 min average)
[1583213563] SERVICE ALERT: WINV-102;CPU Load;OK;SOFT;2;CPU Load 31% (5 min average)
[1583213604] SERVICE ALERT: WINV-101;CPU Load;OK;HARD;3;CPU Load 24% (5 min average)
[1583213683] SERVICE ALERT: WINV-102;CPU Load;WARNING;SOFT;1;CPU Load 86% (5 min average)
[1583213803] SERVICE ALERT: WINV-102;CPU Load;OK;SOFT;2;CPU Load 78% (5 min average)
[1583214428] SERVICE NOTIFICATION: jatin;vdb-103;Swap Usage;CRITICAL;notify-service-by-email;SWAP CRITICAL - 5% free (95 MB out of 2047 MB)
[1583214428] SERVICE NOTIFICATION: atul;vdb-103;Swap Usage;CRITICAL;notify-service-by-email;SWAP CRITICAL - 5% free (95 MB out of 2047 MB)
[1583215825] Auto-save of retention data completed successfully.
[1583218475] SERVICE NOTIFICATION: jatin;vdb-101;/mnt/data01 Partition;CRITICAL;notify-service-by-email;/mnt/data01 is at 91% capacity! 3.1T of 3.6T
[1583218475] SERVICE NOTIFICATION: atul;vdb-101;/mnt/data01 Partition;CRITICAL;notify-service-by-email;/mnt/data01 is at 91% capacity! 3.1T of 3.6T
[1583219425] Auto-save of retention data completed successfully.
[1583220523] SERVICE ALERT: WINV-102;CPU Load;WARNING;SOFT;1;CPU Load 87% (5 min average)
[1583220643] SERVICE ALERT: WINV-102;CPU Load;CRITICAL;SOFT;2;CPU Load 100% (5 min average)
[1583220763] SERVICE ALERT: WINV-102;CPU Load;OK;HARD;3;CPU Load 6% (5 min average)
