[1584774000] LOG ROTATION: DAILY
[1584774000] LOG VERSION: 2.0
[1584774000] CURRENT HOST STATE: WINV-101;UP;HARD;1;PING OK - Packet loss = 0%, RTA = 0.32 ms
[1584774000] CURRENT HOST STATE: WINV-102;UP;HARD;1;PING OK - Packet loss = 0%, RTA = 0.30 ms
[1584774000] CURRENT HOST STATE: WINV-103;UP;HARD;1;PING OK - Packet loss = 0%, RTA = 0.32 ms
[1584774000] CURRENT HOST STATE: WINV-104;UP;HARD;1;PING OK - Packet loss = 0%, RTA = 0.30 ms
[1584774000] CURRENT HOST STATE: WINV-105;UP;HARD;1;PING OK - Packet loss = 0%, RTA = 0.30 ms
[1584774000] CURRENT HOST STATE: WINV-106;UP;HARD;1;PING OK - Packet loss = 0%, RTA = 0.31 ms
[1584774000] CURRENT HOST STATE: WINV-107;UP;HARD;1;PING OK - Packet loss = 0%, RTA = 0.33 ms
[1584774000] CURRENT HOST STATE: WINV-108;UP;HARD;1;PING OK - Packet loss = 0%, RTA = 0.54 ms
[1584774000] CURRENT HOST STATE: WINV-110;UP;HARD;1;PING OK - Packet loss = 0%, RTA = 0.23 ms
[1584774000] CURRENT HOST STATE: WINV-111;UP;HARD;1;PING OK - Packet loss = 0%, RTA = 0.25 ms
[1584774000] CURRENT HOST STATE: WINV-112;UP;HARD;1;PING OK - Packet loss = 0%, RTA = 0.31 ms
[1584774000] CURRENT HOST STATE: vapps-100;UP;HARD;1;PING OK - Packet loss = 0%, RTA = 0.25 ms
[1584774000] CURRENT HOST STATE: vapps-109;UP;HARD;1;PING OK - Packet loss = 0%, RTA = 0.29 ms
[1584774000] CURRENT HOST STATE: vdb-100;UP;HARD;1;PING OK - Packet loss = 0%, RTA = 0.62 ms
[1584774000] CURRENT HOST STATE: vdb-101;UP;HARD;1;PING OK - Packet loss = 0%, RTA = 0.30 ms
[1584774000] CURRENT HOST STATE: vdb-103;UP;HARD;1;PING OK - Packet loss = 0%, RTA = 0.32 ms
[1584774000] CURRENT HOST STATE: vdb-staging;UP;HARD;1;PING OK - Packet loss = 0%, RTA = 0.30 ms
[1584774000] CURRENT HOST STATE: vinfra-200;UP;HARD;1;PING OK - Packet loss = 0%, RTA = 0.23 ms
[1584774000] CURRENT HOST STATE: vonly-backup;UP;HARD;1;PING OK - Packet loss = 0%, RTA = 0.05 ms
[1584774000] CURRENT HOST STATE: vonly-database;UP;HARD;1;PING OK - Packet loss = 0%, RTA = 0.30 ms
[1584774000] CURRENT HOST STATE: vonly-replica;UP;HARD;1;PING OK - Packet loss = 0%, RTA = 0.27 ms
[1584774000] CURRENT SERVICE STATE: WINV-101;CPU Load;OK;HARD;1;CPU Load 20% (5 min average)
[1584774000] CURRENT SERVICE STATE: WINV-101;Data Drive Space;WARNING;HARD;3;d:\ - total: 931.32 Gb - used: 772.86 Gb (83%) - free 158.46 Gb (17%)
[1584774000] CURRENT SERVICE STATE: WINV-101;Memory Usage;OK;HARD;1;Memory usage: total:98284.48 MB - used: 39639.84 MB (40%) - free: 58644.64 MB (60%)
[1584774000] CURRENT SERVICE STATE: WINV-101;OS Drive Space;OK;HARD;1;c:\ - total: 68.27 Gb - used: 43.31 Gb (63%) - free 24.96 Gb (37%)
[1584774000] CURRENT SERVICE STATE: WINV-101;Uptime;OK;HARD;1;System Uptime - 16 day(s) 0 hour(s) 35 minute(s)
[1584774000] CURRENT SERVICE STATE: WINV-102;CPU Load;OK;HARD;1;CPU Load 0% (5 min average)
[1584774000] CURRENT SERVICE STATE: WINV-102;Data Drive Space;WARNING;HARD;3;d:\ - total: 1862.64 Gb - used: 1533.29 Gb (82%) - free 329.35 Gb (18%)
[1584774000] CURRENT SERVICE STATE: WINV-102;Memory Usage;OK;HARD;1;Memory usage: total:208877.43 MB - used: 63044.07 MB (30%) - free: 145833.36 MB (70%)
[1584774000] CURRENT SERVICE STATE: WINV-102;OS Drive Space;OK;HARD;1;c:\ - total: 931.41 Gb - used: 305.30 Gb (33%) - free 626.11 Gb (67%)
[1584774000] CURRENT SERVICE STATE: WINV-102;Uptime;OK;HARD;1;System Uptime - 179 day(s) 12 hour(s) 5 minute(s)
[1584774000] CURRENT SERVICE STATE: WINV-103;CPU Load;OK;HARD;1;CPU Load 0% (5 min average)
[1584774000] CURRENT SERVICE STATE: WINV-103;Data Drive Space;OK;HARD;1;d:\ - total: 1862.39 Gb - used: 970.54 Gb (52%) - free 891.85 Gb (48%)
[1584774000] CURRENT SERVICE STATE: WINV-103;Memory Usage;OK;HARD;1;Memory usage: total:234403.37 MB - used: 65132.15 MB (28%) - free: 169271.22 MB (72%)
[1584774000] CURRENT SERVICE STATE: WINV-103;OS Drive Space;OK;HARD;1;c:\ - total: 68.27 Gb - used: 48.47 Gb (71%) - free 19.79 Gb (29%)
[1584774000] CURRENT SERVICE STATE: WINV-103;Uptime;OK;HARD;1;System Uptime - 38 day(s) 15 hour(s) 56 minute(s)
[1584774000] CURRENT SERVICE STATE: WINV-104;CPU Load;OK;HARD;1;CPU Load 10% (5 min average)
[1584774000] CURRENT SERVICE STATE: WINV-104;Data Drive Space;WARNING;HARD;3;d:\ - total: 931.32 Gb - used: 767.15 Gb (82%) - free 164.17 Gb (18%)
[1584774000] CURRENT SERVICE STATE: WINV-104;Memory Usage;OK;HARD;1;Memory usage: total:129142.02 MB - used: 39399.74 MB (31%) - free: 89742.27 MB (69%)
[1584774000] CURRENT SERVICE STATE: WINV-104;OS Drive Space;OK;HARD;1;c:\ - total: 68.27 Gb - used: 47.81 Gb (70%) - free 20.45 Gb (30%)
[1584774000] CURRENT SERVICE STATE: WINV-104;Uptime;OK;HARD;1;System Uptime - 176 day(s) 13 hour(s) 18 minute(s)
[1584774000] CURRENT SERVICE STATE: WINV-105;CPU Load;OK;HARD;1;CPU Load 0% (5 min average)
[1584774000] CURRENT SERVICE STATE: WINV-105;Data Drive Space;OK;HARD;1;d:\ - total: 931.32 Gb - used: 565.48 Gb (61%) - free 365.84 Gb (39%)
[1584774000] CURRENT SERVICE STATE: WINV-105;Memory Usage;OK;HARD;1;Memory usage: total:98284.48 MB - used: 37662.60 MB (38%) - free: 60621.88 MB (62%)
[1584774000] CURRENT SERVICE STATE: WINV-105;OS Drive Space;OK;HARD;1;c:\ - total: 231.90 Gb - used: 96.92 Gb (42%) - free 134.97 Gb (58%)
[1584774000] CURRENT SERVICE STATE: WINV-105;Uptime;OK;HARD;1;System Uptime - 340 day(s) 15 hour(s) 23 minute(s)
[1584774000] CURRENT SERVICE STATE: WINV-106;CPU Load;OK;HARD;1;CPU Load 3% (5 min average)
[1584774000] CURRENT SERVICE STATE: WINV-106;Data Drive Space;OK;HARD;1;d:\ - total: 931.32 Gb - used: 601.61 Gb (65%) - free 329.71 Gb (35%)
[1584774000] CURRENT SERVICE STATE: WINV-106;Memory Usage;OK;HARD;1;Memory usage: total:149142.26 MB - used: 40276.49 MB (27%) - free: 108865.77 MB (73%)
[1584774000] CURRENT SERVICE STATE: WINV-106;OS Drive Space;OK;HARD;1;c:\ - total: 67.89 Gb - used: 41.45 Gb (61%) - free 26.44 Gb (39%)
[1584774000] CURRENT SERVICE STATE: WINV-106;Uptime;OK;HARD;1;System Uptime - 86 day(s) 23 hour(s) 43 minute(s)
[1584774000] CURRENT SERVICE STATE: WINV-107;CPU Load;OK;HARD;1;CPU Load 11% (5 min average)
[1584774000] CURRENT SERVICE STATE: WINV-107;Data Drive Space;OK;HARD;1;d:\ - total: 931.51 Gb - used: 729.22 Gb (78%) - free 202.29 Gb (22%)
[1584774000] CURRENT SERVICE STATE: WINV-107;Memory Usage;OK;HARD;1;Memory usage: total:147777.36 MB - used: 43836.69 MB (30%) - free: 103940.67 MB (70%)
[1584774000] CURRENT SERVICE STATE: WINV-107;OS Drive Space;OK;HARD;1;c:\ - total: 67.45 Gb - used: 43.60 Gb (65%) - free 23.85 Gb (35%)
[1584774000] CURRENT SERVICE STATE: WINV-107;Uptime;OK;HARD;1;System Uptime - 17 day(s) 22 hour(s) 8 minute(s)
[1584774000] CURRENT SERVICE STATE: WINV-108;CPU Load;OK;HARD;1;CPU Load 24% (5 min average)
[1584774000] CURRENT SERVICE STATE: WINV-108;Data Drive Space;OK;HARD;1;d:\ - total: 931.32 Gb - used: 527.70 Gb (57%) - free 403.62 Gb (43%)
[1584774000] CURRENT SERVICE STATE: WINV-108;Memory Usage;OK;HARD;1;Memory usage: total:160950.28 MB - used: 41398.97 MB (26%) - free: 119551.30 MB (74%)
[1584774000] CURRENT SERVICE STATE: WINV-108;OS Drive Space;OK;HARD;1;c:\ - total: 67.89 Gb - used: 49.70 Gb (73%) - free 18.19 Gb (27%)
[1584774000] CURRENT SERVICE STATE: WINV-108;Uptime;OK;HARD;1;System Uptime - 479 day(s) 15 hour(s) 0 minute(s)
[1584774000] CURRENT SERVICE STATE: WINV-110;CPU Load;OK;HARD;1;CPU Load 8% (5 min average)
[1584774000] CURRENT SERVICE STATE: WINV-110;Data Drive Space;OK;HARD;1;d:\ - total: 931.32 Gb - used: 552.35 Gb (59%) - free 378.97 Gb (41%)
[1584774000] CURRENT SERVICE STATE: WINV-110;Memory Usage;OK;HARD;1;Memory usage: total:104565.75 MB - used: 16455.56 MB (16%) - free: 88110.19 MB (84%)
[1584774000] CURRENT SERVICE STATE: WINV-110;OS Drive Space;OK;HARD;1;c:\ - total: 67.89 Gb - used: 40.81 Gb (60%) - free 27.08 Gb (40%)
[1584774000] CURRENT SERVICE STATE: WINV-110;Uptime;OK;HARD;1;System Uptime - 99 day(s) 0 hour(s) 21 minute(s)
[1584774000] CURRENT SERVICE STATE: WINV-111;CPU Load;OK;HARD;1;CPU Load 0% (5 min average)
[1584774000] CURRENT SERVICE STATE: WINV-111;Data Drive Space;OK;HARD;1;d:\ - total: 931.22 Gb - used: 610.00 Gb (66%) - free 321.22 Gb (34%)
[1584774000] CURRENT SERVICE STATE: WINV-111;Memory Usage;OK;HARD;1;Memory usage: total:70469.53 MB - used: 13173.47 MB (19%) - free: 57296.06 MB (81%)
[1584774000] CURRENT SERVICE STATE: WINV-111;OS Drive Space;OK;HARD;1;c:\ - total: 67.89 Gb - used: 31.80 Gb (47%) - free 36.09 Gb (53%)
[1584774000] CURRENT SERVICE STATE: WINV-111;Uptime;OK;HARD;1;System Uptime - 240 day(s) 13 hour(s) 32 minute(s)
[1584774000] CURRENT SERVICE STATE: WINV-112;CPU Load;OK;HARD;1;CPU Load 0% (5 min average)
[1584774000] CURRENT SERVICE STATE: WINV-112;Data Drive Space;OK;HARD;1;d:\ - total: 931.51 Gb - used: 427.88 Gb (46%) - free 503.63 Gb (54%)
[1584774000] CURRENT SERVICE STATE: WINV-112;Memory Usage;OK;HARD;1;Memory usage: total:40939.93 MB - used: 14266.11 MB (35%) - free: 26673.81 MB (65%)
[1584774000] CURRENT SERVICE STATE: WINV-112;OS Drive Space;OK;HARD;1;c:\ - total: 278.36 Gb - used: 69.94 Gb (25%) - free 208.42 Gb (75%)
[1584774000] CURRENT SERVICE STATE: WINV-112;Uptime;OK;HARD;1;System Uptime - 179 day(s) 12 hour(s) 11 minute(s)
[1584774000] CURRENT SERVICE STATE: vapps-100;/mnt/data01 Partition;OK;HARD;1;/mnt/data01 is at 47% capacity, 241G of 551G
[1584774000] CURRENT SERVICE STATE: vapps-100;Current Load;OK;HARD;1;OK - load average: 1.58, 1.18, 0.87
[1584774000] CURRENT SERVICE STATE: vapps-100;Current Users;OK;HARD;1;USERS OK - 1 users currently logged in
[1584774000] CURRENT SERVICE STATE: vapps-100;PING;OK;HARD;1;PING OK - Packet loss = 0%, RTA = 0.07 ms
[1584774000] CURRENT SERVICE STATE: vapps-100;Root Partition;OK;HARD;1;/ is at 16% capacity, 83G of 550G
[1584774000] CURRENT SERVICE STATE: vapps-100;SSH;OK;HARD;1;SSH OK - OpenSSH_7.2p2 Ubuntu-4ubuntu2.6 (protocol 2.0)
[1584774000] CURRENT SERVICE STATE: vapps-100;Swap Usage;OK;HARD;1;SWAP OK - 82% free (9098 MB out of 11214 MB)
[1584774000] CURRENT SERVICE STATE: vapps-100;Total Processes;OK;HARD;1;PROCS OK: 197 processes with STATE = RSZDT
[1584774000] CURRENT SERVICE STATE: vapps-109;/mnt/data01 Partition;OK;HARD;1;/mnt/data01 is at 62% capacity, 539G of 917G
[1584774000] CURRENT SERVICE STATE: vapps-109;Current Load;OK;HARD;1;OK - load average: 0.00, 0.04, 0.00
[1584774000] CURRENT SERVICE STATE: vapps-109;Current Users;OK;HARD;1;USERS OK - 1 users currently logged in
[1584774000] CURRENT SERVICE STATE: vapps-109;PING;OK;HARD;1;PING OK - Packet loss = 0%, RTA = 0.05 ms
[1584774000] CURRENT SERVICE STATE: vapps-109;Root Partition;OK;HARD;1;/ is at 45% capacity, 18G of 43G
[1584774000] CURRENT SERVICE STATE: vapps-109;SSH;OK;HARD;1;SSH OK - OpenSSH_7.2p2 Ubuntu-4ubuntu2.8 (protocol 2.0)
[1584774000] CURRENT SERVICE STATE: vapps-109;Swap Usage;OK;HARD;1;SWAP OK - 100% free (24429 MB out of 24567 MB)
[1584774000] CURRENT SERVICE STATE: vapps-109;Total Processes;OK;HARD;1;PROCS OK: 146 processes with STATE = RSZDT
[1584774000] CURRENT SERVICE STATE: vdb-100;/mnt/data01 Partition;OK;HARD;1;/mnt/data01 is at 77% capacity, 2.7T of 3.7T
[1584774000] CURRENT SERVICE STATE: vdb-100;Current Load;OK;HARD;1;OK - load average: 1.65, 1.73, 1.50
[1584774000] CURRENT SERVICE STATE: vdb-100;Current Users;OK;HARD;1;USERS OK - 1 users currently logged in
[1584774000] CURRENT SERVICE STATE: vdb-100;PING;OK;HARD;1;PING OK - Packet loss = 0%, RTA = 0.07 ms
[1584774000] CURRENT SERVICE STATE: vdb-100;Root Partition;OK;HARD;1;/ is at 35% capacity, 30G of 91G
[1584774000] CURRENT SERVICE STATE: vdb-100;SSH;OK;HARD;1;SSH OK - OpenSSH_7.2p2 Ubuntu-4ubuntu2.6 (protocol 2.0)
[1584774000] CURRENT SERVICE STATE: vdb-100;Swap Usage;OK;HARD;1;SWAP OK - 91% free (19445 MB out of 21455 MB)
[1584774000] CURRENT SERVICE STATE: vdb-100;Total Processes;OK;HARD;1;PROCS OK: 177 processes with STATE = RSZDT
[1584774000] CURRENT SERVICE STATE: vdb-101;/mnt/data01 Partition;CRITICAL;HARD;4;/mnt/data01 is at 92% capacity! 3.2T of 3.6T
[1584774000] CURRENT SERVICE STATE: vdb-101;Current Load;OK;HARD;1;OK - load average: 0.00, 0.00, 0.00
[1584774000] CURRENT SERVICE STATE: vdb-101;Current Users;OK;HARD;1;USERS OK - 0 users currently logged in
[1584774000] CURRENT SERVICE STATE: vdb-101;PING;OK;HARD;1;PING OK - Packet loss = 0%, RTA = 0.04 ms
[1584774000] CURRENT SERVICE STATE: vdb-101;Root Partition;OK;HARD;1;/ is at 25% capacity, 42G of 183G
[1584774000] CURRENT SERVICE STATE: vdb-101;SSH;OK;HARD;1;SSH OK - OpenSSH_7.2p2 Ubuntu-4ubuntu2.4 (protocol 2.0)
[1584774000] CURRENT SERVICE STATE: vdb-101;Swap Usage;OK;HARD;1;SWAP OK - 51% free (10812 MB out of 21455 MB)
[1584774000] CURRENT SERVICE STATE: vdb-101;Total Processes;OK;HARD;1;PROCS OK: 151 processes with STATE = RSZDT
[1584774000] CURRENT SERVICE STATE: vdb-103;/mnt/data01 Partition;OK;HARD;1;/mnt/data01 is at 69% capacity, 4.7T of 7.3T
[1584774000] CURRENT SERVICE STATE: vdb-103;Current Load;OK;HARD;1;OK - load average: 0.00, 0.00, 0.00
[1584774000] CURRENT SERVICE STATE: vdb-103;Current Users;OK;HARD;1;USERS OK - 0 users currently logged in
[1584774000] CURRENT SERVICE STATE: vdb-103;PING;OK;HARD;1;PING OK - Packet loss = 0%, RTA = 0.07 ms
[1584774000] CURRENT SERVICE STATE: vdb-103;Root Partition;OK;HARD;1;/ is at 71% capacity, 307G of 457G
[1584774000] CURRENT SERVICE STATE: vdb-103;SSH;OK;HARD;1;SSH OK - OpenSSH_7.6p1 Ubuntu-4ubuntu0.2 (protocol 2.0)
[1584774000] CURRENT SERVICE STATE: vdb-103;Swap Usage;OK;HARD;1;SWAP OK - 95% free (9635 MB out of 10239 MB)
[1584774000] CURRENT SERVICE STATE: vdb-103;Total Processes;OK;HARD;1;PROCS OK: 185 processes with STATE = RSZDT
[1584774000] CURRENT SERVICE STATE: vdb-staging;/mnt/data01 Partition;OK;HARD;1;/mnt/data01 is at 64% capacity, 5.5T of 9.1T
[1584774000] CURRENT SERVICE STATE: vdb-staging;Current Load;OK;HARD;1;OK - load average: 0.03, 0.08, 0.31
[1584774000] CURRENT SERVICE STATE: vdb-staging;Current Users;OK;HARD;1;USERS OK - 1 users currently logged in
[1584774000] CURRENT SERVICE STATE: vdb-staging;PING;OK;HARD;1;PING OK - Packet loss = 0%, RTA = 0.04 ms
[1584774000] CURRENT SERVICE STATE: vdb-staging;Root Partition;OK;HARD;1;/ is at 7% capacity, 112G of 1.8T
[1584774000] CURRENT SERVICE STATE: vdb-staging;SSH;OK;HARD;1;SSH OK - OpenSSH_7.2p2 Ubuntu-4ubuntu2.4 (protocol 2.0)
[1584774000] CURRENT SERVICE STATE: vdb-staging;Swap Usage;OK;HARD;1;SWAP OK - 85% free (87869 MB out of 103375 MB)
[1584774000] CURRENT SERVICE STATE: vdb-staging;Total Processes;OK;HARD;1;PROCS OK: 150 processes with STATE = RSZDT
[1584774000] CURRENT SERVICE STATE: vinfra-200;/mnt/data01 Partition;OK;HARD;1;/mnt/data is at 13% capacity, 108G of 917G
[1584774000] CURRENT SERVICE STATE: vinfra-200;Current Load;OK;HARD;1;OK - load average: 0.34, 1.03, 1.37
[1584774000] CURRENT SERVICE STATE: vinfra-200;Current Users;OK;HARD;1;USERS OK - 1 users currently logged in
[1584774000] CURRENT SERVICE STATE: vinfra-200;MySQL Connection Time;OK;HARD;1;OK - 0.01 seconds to connect as nagios
[1584774000] CURRENT SERVICE STATE: vinfra-200;MySQL Uptime;OK;HARD;1;OK - database is up since 4250 minutes
[1584774000] CURRENT SERVICE STATE: vinfra-200;PING;OK;HARD;1;PING OK - Packet loss = 0%, RTA = 0.05 ms
[1584774000] CURRENT SERVICE STATE: vinfra-200;Root Partition;OK;HARD;1;/ is at 66% capacity, 113G of 182G
[1584774000] CURRENT SERVICE STATE: vinfra-200;SSH;OK;HARD;1;SSH OK - OpenSSH_7.2p2 Ubuntu-4ubuntu2.6 (protocol 2.0)
[1584774000] CURRENT SERVICE STATE: vinfra-200;Swap Usage;OK;HARD;1;SWAP OK - 79% free (8817 MB out of 11215 MB)
[1584774000] CURRENT SERVICE STATE: vinfra-200;Total Processes;OK;HARD;1;PROCS OK: 156 processes with STATE = RSZDT
[1584774000] CURRENT SERVICE STATE: vinfra-200;VAULT;OK;HARD;1;OK - Vault is initialized, unsealed, and active
[1584774000] CURRENT SERVICE STATE: vonly-backup;/media/data Partition;OK;HARD;1;/media/data is at 87% capacity, 6.0T of 7.3T
[1584774000] CURRENT SERVICE STATE: vonly-backup;Current Load;OK;HARD;1;OK - load average: 1.02, 1.03, 0.83
[1584774000] CURRENT SERVICE STATE: vonly-backup;Current Users;OK;HARD;1;USERS OK - 0 users currently logged in
[1584774000] CURRENT SERVICE STATE: vonly-backup;PING;OK;HARD;1;PING OK - Packet loss = 0%, RTA = 0.06 ms
[1584774000] CURRENT SERVICE STATE: vonly-backup;Root Partition;OK;HARD;1;/ is at 47% capacity, 98G of 220G
[1584774000] CURRENT SERVICE STATE: vonly-backup;SSH;OK;HARD;1;SSH OK - OpenSSH_7.2p2 Ubuntu-4ubuntu2.8 (protocol 2.0)
[1584774000] CURRENT SERVICE STATE: vonly-backup;Swap Usage;OK;HARD;1;SWAP OK - 96% free (54786 MB out of 57111 MB)
[1584774000] CURRENT SERVICE STATE: vonly-backup;Total Processes;OK;HARD;1;PROCS OK: 223 processes with STATE = RSZDT
[1584774000] CURRENT SERVICE STATE: vonly-database;/media/data Partition;OK;HARD;1;/media/data is at 59% capacity, 2.0T of 3.6T
[1584774000] CURRENT SERVICE STATE: vonly-database;Current Load;OK;HARD;1;OK - load average: 0.48, 0.32, 0.29
[1584774000] CURRENT SERVICE STATE: vonly-database;Current Users;OK;HARD;1;USERS OK - 1 users currently logged in
[1584774000] CURRENT SERVICE STATE: vonly-database;PING;OK;HARD;1;PING OK - Packet loss = 0%, RTA = 0.04 ms
[1584774000] CURRENT SERVICE STATE: vonly-database;Root Partition;OK;HARD;1;/ is at 58% capacity, 120G of 220G
[1584774000] CURRENT SERVICE STATE: vonly-database;SSH;OK;HARD;1;SSH OK - OpenSSH_7.2p2 Ubuntu-4ubuntu2.8 (protocol 2.0)
[1584774000] CURRENT SERVICE STATE: vonly-database;Swap Usage;OK;HARD;1;SWAP OK - 40% free (22747 MB out of 57111 MB)
[1584774000] CURRENT SERVICE STATE: vonly-database;Total Processes;OK;HARD;1;PROCS OK: 151 processes with STATE = RSZDT
[1584774000] CURRENT SERVICE STATE: vonly-replica;/media/data Partition;WARNING;HARD;4;/media/data is at 88% capacity! 6.0T of 7.3T
[1584774000] CURRENT SERVICE STATE: vonly-replica;Current Load;OK;HARD;1;OK - load average: 1.79, 1.72, 1.65
[1584774000] CURRENT SERVICE STATE: vonly-replica;Current Users;OK;HARD;1;USERS OK - 0 users currently logged in
[1584774000] CURRENT SERVICE STATE: vonly-replica;PING;OK;HARD;1;PING OK - Packet loss = 0%, RTA = 0.05 ms
[1584774000] CURRENT SERVICE STATE: vonly-replica;Root Partition;OK;HARD;1;/ is at 31% capacity, 31G of 108G
[1584774000] CURRENT SERVICE STATE: vonly-replica;SSH;OK;HARD;1;SSH OK - OpenSSH_7.2p2 Ubuntu-4ubuntu2.2 (protocol 2.0)
[1584774000] CURRENT SERVICE STATE: vonly-replica;Swap Usage;OK;HARD;1;SWAP OK - 98% free (27213 MB out of 27876 MB)
[1584774000] CURRENT SERVICE STATE: vonly-replica;Total Processes;OK;HARD;1;PROCS OK: 97 processes with STATE = RSZDT
[1584774122] SERVICE NOTIFICATION: jatin;vdb-101;/mnt/data01 Partition;CRITICAL;notify-service-by-email;/mnt/data01 is at 92% capacity! 3.2T of 3.6T
[1584774122] SERVICE NOTIFICATION: atul;vdb-101;/mnt/data01 Partition;CRITICAL;notify-service-by-email;/mnt/data01 is at 92% capacity! 3.2T of 3.6T
[1584774626] Auto-save of retention data completed successfully.
[1584775458] SERVICE ALERT: vapps-100;Current Load;WARNING;SOFT;1;WARNING - load average: 18.93, 9.40, 4.25
[1584775502] SERVICE NOTIFICATION: jatin;vonly-replica;/media/data Partition;WARNING;notify-service-by-email;/media/data is at 88% capacity! 6.0T of 7.3T
[1584775502] SERVICE NOTIFICATION: atul;vonly-replica;/media/data Partition;WARNING;notify-service-by-email;/media/data is at 88% capacity! 6.0T of 7.3T
[1584775518] SERVICE ALERT: vapps-100;Current Load;WARNING;SOFT;2;WARNING - load average: 27.75, 13.32, 5.91
[1584775578] SERVICE ALERT: vapps-100;Current Load;WARNING;SOFT;3;WARNING - load average: 22.92, 14.51, 6.78
[1584775638] SERVICE NOTIFICATION: jatin;vapps-100;Current Load;WARNING;notify-service-by-email;WARNING - load average: 24.07, 16.55, 7.97
[1584775638] SERVICE NOTIFICATION: atul;vapps-100;Current Load;WARNING;notify-service-by-email;WARNING - load average: 24.07, 16.55, 7.97
[1584775638] SERVICE ALERT: vapps-100;Current Load;WARNING;HARD;4;WARNING - load average: 24.07, 16.55, 7.97
[1584775938] SERVICE NOTIFICATION: jatin;vapps-100;Current Load;CRITICAL;notify-service-by-email;CRITICAL - load average: 40.51, 30.68, 16.35
[1584775938] SERVICE NOTIFICATION: atul;vapps-100;Current Load;CRITICAL;notify-service-by-email;CRITICAL - load average: 40.51, 30.68, 16.35
[1584775938] SERVICE ALERT: vapps-100;Current Load;CRITICAL;HARD;4;CRITICAL - load average: 40.51, 30.68, 16.35
[1584776316] SERVICE ALERT: vinfra-200;Current Load;WARNING;SOFT;1;WARNING - load average: 8.00, 7.04, 5.10
[1584776376] SERVICE ALERT: vinfra-200;Current Load;WARNING;SOFT;2;WARNING - load average: 6.41, 6.69, 5.10
[1584776436] SERVICE ALERT: vinfra-200;Current Load;WARNING;SOFT;3;WARNING - load average: 6.30, 6.65, 5.19
[1584776496] SERVICE NOTIFICATION: jatin;vinfra-200;Current Load;WARNING;notify-service-by-email;WARNING - load average: 7.39, 6.76, 5.31
[1584776496] SERVICE NOTIFICATION: atul;vinfra-200;Current Load;WARNING;notify-service-by-email;WARNING - load average: 7.39, 6.76, 5.31
[1584776496] SERVICE ALERT: vinfra-200;Current Load;WARNING;HARD;4;WARNING - load average: 7.39, 6.76, 5.31
[1584777422] SERVICE ALERT: vonly-replica;Current Load;WARNING;SOFT;1;WARNING - load average: 16.42, 13.10, 10.04
[1584777482] SERVICE ALERT: vonly-replica;Current Load;WARNING;SOFT;2;WARNING - load average: 17.23, 13.97, 10.54
[1584777542] SERVICE ALERT: vonly-replica;Current Load;WARNING;SOFT;3;WARNING - load average: 16.40, 14.42, 10.91
[1584777602] SERVICE NOTIFICATION: jatin;vonly-replica;Current Load;WARNING;notify-service-by-email;WARNING - load average: 16.31, 14.84, 11.28
[1584777602] SERVICE NOTIFICATION: atul;vonly-replica;Current Load;WARNING;notify-service-by-email;WARNING - load average: 16.31, 14.84, 11.28
[1584777602] SERVICE ALERT: vonly-replica;Current Load;WARNING;HARD;4;WARNING - load average: 16.31, 14.84, 11.28
[1584778226] Auto-save of retention data completed successfully.
[1584779102] SERVICE NOTIFICATION: jatin;vonly-replica;/media/data Partition;WARNING;notify-service-by-email;/media/data is at 85% capacity! 5.9T of 7.3T
[1584779102] SERVICE NOTIFICATION: atul;vonly-replica;/media/data Partition;WARNING;notify-service-by-email;/media/data is at 85% capacity! 5.9T of 7.3T
[1584779555] SERVICE NOTIFICATION: jatin;WINV-104;Data Drive Space;WARNING;notify-service-by-email;d:\ - total: 931.32 Gb - used: 767.64 Gb (82%) - free 163.68 Gb (18%)
[1584779555] SERVICE NOTIFICATION: atul;WINV-104;Data Drive Space;WARNING;notify-service-by-email;d:\ - total: 931.32 Gb - used: 767.64 Gb (82%) - free 163.68 Gb (18%)
[1584780603] SERVICE NOTIFICATION: jatin;vonly-replica;Current Load;OK;notify-service-by-email;OK - load average: 6.93, 6.91, 9.56
[1584780603] SERVICE NOTIFICATION: atul;vonly-replica;Current Load;OK;notify-service-by-email;OK - load average: 6.93, 6.91, 9.56
[1584780603] SERVICE ALERT: vonly-replica;Current Load;OK;HARD;4;OK - load average: 6.93, 6.91, 9.56
[1584781826] Auto-save of retention data completed successfully.
[1584782702] SERVICE NOTIFICATION: jatin;vonly-replica;/media/data Partition;WARNING;notify-service-by-email;/media/data is at 87% capacity! 6.0T of 7.3T
[1584782702] SERVICE NOTIFICATION: atul;vonly-replica;/media/data Partition;WARNING;notify-service-by-email;/media/data is at 87% capacity! 6.0T of 7.3T
[1584785426] Auto-save of retention data completed successfully.
[1584786302] SERVICE NOTIFICATION: jatin;vonly-replica;/media/data Partition;WARNING;notify-service-by-email;/media/data is at 88% capacity! 6.1T of 7.3T
[1584786302] SERVICE NOTIFICATION: atul;vonly-replica;/media/data Partition;WARNING;notify-service-by-email;/media/data is at 88% capacity! 6.1T of 7.3T
[1584786721] SERVICE NOTIFICATION: jatin;WINV-102;Data Drive Space;WARNING;notify-service-by-email;d:\ - total: 1862.64 Gb - used: 1537.52 Gb (83%) - free 325.12 Gb (17%)
[1584786721] SERVICE NOTIFICATION: atul;WINV-102;Data Drive Space;WARNING;notify-service-by-email;d:\ - total: 1862.64 Gb - used: 1537.52 Gb (83%) - free 325.12 Gb (17%)
[1584786755] SERVICE NOTIFICATION: jatin;WINV-101;Data Drive Space;WARNING;notify-service-by-email;d:\ - total: 931.32 Gb - used: 773.19 Gb (83%) - free 158.13 Gb (17%)
[1584786755] SERVICE NOTIFICATION: atul;WINV-101;Data Drive Space;WARNING;notify-service-by-email;d:\ - total: 931.32 Gb - used: 773.19 Gb (83%) - free 158.13 Gb (17%)
[1584789026] Auto-save of retention data completed successfully.
[1584789642] SERVICE ALERT: WINV-101;CPU Load;CRITICAL;SOFT;1;CPU Load 96% (5 min average)
[1584789696] SERVICE NOTIFICATION: jatin;vinfra-200;Current Load;OK;notify-service-by-email;OK - load average: 1.56, 2.21, 4.19
[1584789696] SERVICE NOTIFICATION: atul;vinfra-200;Current Load;OK;notify-service-by-email;OK - load average: 1.56, 2.21, 4.19
[1584789696] SERVICE ALERT: vinfra-200;Current Load;OK;HARD;4;OK - load average: 1.56, 2.21, 4.19
[1584789738] SERVICE NOTIFICATION: jatin;vapps-100;Current Load;WARNING;notify-service-by-email;WARNING - load average: 0.97, 5.48, 18.27
[1584789738] SERVICE NOTIFICATION: atul;vapps-100;Current Load;WARNING;notify-service-by-email;WARNING - load average: 0.97, 5.48, 18.27
[1584789738] SERVICE ALERT: vapps-100;Current Load;WARNING;HARD;4;WARNING - load average: 0.97, 5.48, 18.27
[1584789762] SERVICE ALERT: WINV-101;CPU Load;OK;SOFT;2;CPU Load 50% (5 min average)
[1584789902] SERVICE NOTIFICATION: jatin;vonly-replica;/media/data Partition;WARNING;notify-service-by-email;/media/data is at 90% capacity! 6.2T of 7.3T
[1584789902] SERVICE NOTIFICATION: atul;vonly-replica;/media/data Partition;WARNING;notify-service-by-email;/media/data is at 90% capacity! 6.2T of 7.3T
[1584790354] SERVICE ALERT: WINV-107;CPU Load;WARNING;SOFT;1;CPU Load 88% (5 min average)
[1584790474] SERVICE ALERT: WINV-107;CPU Load;OK;SOFT;2;CPU Load 69% (5 min average)
[1584790638] SERVICE NOTIFICATION: jatin;vapps-100;Current Load;OK;notify-service-by-email;OK - load average: 0.32, 0.55, 7.15
[1584790638] SERVICE NOTIFICATION: atul;vapps-100;Current Load;OK;notify-service-by-email;OK - load average: 0.32, 0.55, 7.15
[1584790638] SERVICE ALERT: vapps-100;Current Load;OK;HARD;4;OK - load average: 0.32, 0.55, 7.15
[1584792626] Auto-save of retention data completed successfully.
[1584792994] SERVICE ALERT: WINV-107;CPU Load;CRITICAL;SOFT;1;CPU Load 94% (5 min average)
[1584793114] SERVICE ALERT: WINV-107;CPU Load;OK;SOFT;2;CPU Load 48% (5 min average)
[1584793502] SERVICE NOTIFICATION: jatin;vonly-replica;/media/data Partition;WARNING;notify-service-by-email;/media/data is at 90% capacity! 6.2T of 7.3T
[1584793502] SERVICE NOTIFICATION: atul;vonly-replica;/media/data Partition;WARNING;notify-service-by-email;/media/data is at 90% capacity! 6.2T of 7.3T
[1584793955] SERVICE NOTIFICATION: jatin;WINV-104;Data Drive Space;WARNING;notify-service-by-email;d:\ - total: 931.32 Gb - used: 767.90 Gb (82%) - free 163.41 Gb (18%)
[1584793955] SERVICE NOTIFICATION: atul;WINV-104;Data Drive Space;WARNING;notify-service-by-email;d:\ - total: 931.32 Gb - used: 767.90 Gb (82%) - free 163.41 Gb (18%)
[1584796226] Auto-save of retention data completed successfully.
[1584796930] SERVICE ALERT: WINV-106;Data Drive Space;WARNING;SOFT;1;No data was received from host!
[1584797059] SERVICE ALERT: WINV-106;Data Drive Space;WARNING;SOFT;2;No data was received from host!
[1584797103] SERVICE NOTIFICATION: jatin;vonly-replica;/media/data Partition;WARNING;notify-service-by-email;/media/data is at 90% capacity! 6.2T of 7.3T
[1584797103] SERVICE NOTIFICATION: atul;vonly-replica;/media/data Partition;WARNING;notify-service-by-email;/media/data is at 90% capacity! 6.2T of 7.3T
[1584797179] SERVICE ALERT: WINV-106;Data Drive Space;OK;HARD;3;d:\ - total: 931.32 Gb - used: 585.53 Gb (63%) - free 345.79 Gb (37%)
[1584799826] Auto-save of retention data completed successfully.
[1584801002] SERVICE NOTIFICATION: jatin;vonly-replica;/media/data Partition;WARNING;notify-service-by-email;/media/data is at 90% capacity! 6.2T of 7.3T
[1584801002] SERVICE NOTIFICATION: atul;vonly-replica;/media/data Partition;WARNING;notify-service-by-email;/media/data is at 90% capacity! 6.2T of 7.3T
[1584801121] SERVICE NOTIFICATION: jatin;WINV-102;Data Drive Space;WARNING;notify-service-by-email;d:\ - total: 1862.64 Gb - used: 1534.49 Gb (82%) - free 328.15 Gb (18%)
[1584801121] SERVICE NOTIFICATION: atul;WINV-102;Data Drive Space;WARNING;notify-service-by-email;d:\ - total: 1862.64 Gb - used: 1534.49 Gb (82%) - free 328.15 Gb (18%)
[1584801155] SERVICE NOTIFICATION: jatin;WINV-101;Data Drive Space;WARNING;notify-service-by-email;d:\ - total: 931.32 Gb - used: 773.24 Gb (83%) - free 158.08 Gb (17%)
[1584801155] SERVICE NOTIFICATION: atul;WINV-101;Data Drive Space;WARNING;notify-service-by-email;d:\ - total: 931.32 Gb - used: 773.24 Gb (83%) - free 158.08 Gb (17%)
[1584803426] Auto-save of retention data completed successfully.
[1584804602] SERVICE NOTIFICATION: jatin;vonly-replica;/media/data Partition;WARNING;notify-service-by-email;/media/data is at 90% capacity! 6.2T of 7.3T
[1584804602] SERVICE NOTIFICATION: atul;vonly-replica;/media/data Partition;WARNING;notify-service-by-email;/media/data is at 90% capacity! 6.2T of 7.3T
[1584807025] Auto-save of retention data completed successfully.
[1584808202] SERVICE NOTIFICATION: jatin;vonly-replica;/media/data Partition;WARNING;notify-service-by-email;/media/data is at 90% capacity! 6.2T of 7.3T
[1584808202] SERVICE NOTIFICATION: atul;vonly-replica;/media/data Partition;WARNING;notify-service-by-email;/media/data is at 90% capacity! 6.2T of 7.3T
[1584808355] SERVICE NOTIFICATION: jatin;WINV-104;Data Drive Space;WARNING;notify-service-by-email;d:\ - total: 931.32 Gb - used: 767.91 Gb (82%) - free 163.41 Gb (18%)
[1584808355] SERVICE NOTIFICATION: atul;WINV-104;Data Drive Space;WARNING;notify-service-by-email;d:\ - total: 931.32 Gb - used: 767.91 Gb (82%) - free 163.41 Gb (18%)
[1584810625] Auto-save of retention data completed successfully.
[1584811802] SERVICE NOTIFICATION: jatin;vonly-replica;/media/data Partition;WARNING;notify-service-by-email;/media/data is at 89% capacity! 6.1T of 7.3T
[1584811802] SERVICE NOTIFICATION: atul;vonly-replica;/media/data Partition;WARNING;notify-service-by-email;/media/data is at 89% capacity! 6.1T of 7.3T
[1584814226] Auto-save of retention data completed successfully.
[1584815402] SERVICE NOTIFICATION: jatin;vonly-replica;/media/data Partition;WARNING;notify-service-by-email;/media/data is at 89% capacity! 6.1T of 7.3T
[1584815402] SERVICE NOTIFICATION: atul;vonly-replica;/media/data Partition;WARNING;notify-service-by-email;/media/data is at 89% capacity! 6.1T of 7.3T
[1584815521] SERVICE NOTIFICATION: jatin;WINV-102;Data Drive Space;WARNING;notify-service-by-email;d:\ - total: 1862.64 Gb - used: 1534.50 Gb (82%) - free 328.14 Gb (18%)
[1584815521] SERVICE NOTIFICATION: atul;WINV-102;Data Drive Space;WARNING;notify-service-by-email;d:\ - total: 1862.64 Gb - used: 1534.50 Gb (82%) - free 328.14 Gb (18%)
[1584815555] SERVICE NOTIFICATION: jatin;WINV-101;Data Drive Space;WARNING;notify-service-by-email;d:\ - total: 931.32 Gb - used: 773.25 Gb (83%) - free 158.07 Gb (17%)
[1584815555] SERVICE NOTIFICATION: atul;WINV-101;Data Drive Space;WARNING;notify-service-by-email;d:\ - total: 931.32 Gb - used: 773.25 Gb (83%) - free 158.07 Gb (17%)
[1584817322] SERVICE NOTIFICATION: jatin;vdb-101;/mnt/data01 Partition;CRITICAL;notify-service-by-email;/mnt/data01 is at 92% capacity! 3.2T of 3.6T
[1584817322] SERVICE NOTIFICATION: atul;vdb-101;/mnt/data01 Partition;CRITICAL;notify-service-by-email;/mnt/data01 is at 92% capacity! 3.2T of 3.6T
[1584817826] Auto-save of retention data completed successfully.
[1584818682] SERVICE ALERT: WINV-101;CPU Load;CRITICAL;SOFT;1;CPU Load 100% (5 min average)
[1584818802] SERVICE ALERT: WINV-101;CPU Load;CRITICAL;SOFT;2;CPU Load 100% (5 min average)
[1584818922] SERVICE NOTIFICATION: jatin;WINV-101;CPU Load;CRITICAL;notify-service-by-email;CPU Load 100% (5 min average)
[1584818922] SERVICE NOTIFICATION: atul;WINV-101;CPU Load;CRITICAL;notify-service-by-email;CPU Load 100% (5 min average)
[1584818922] SERVICE ALERT: WINV-101;CPU Load;CRITICAL;HARD;3;CPU Load 100% (5 min average)
[1584819002] SERVICE NOTIFICATION: jatin;vonly-replica;/media/data Partition;WARNING;notify-service-by-email;/media/data is at 89% capacity! 6.1T of 7.3T
[1584819002] SERVICE NOTIFICATION: atul;vonly-replica;/media/data Partition;WARNING;notify-service-by-email;/media/data is at 89% capacity! 6.1T of 7.3T
[1584819522] SERVICE NOTIFICATION: jatin;WINV-101;CPU Load;OK;notify-service-by-email;CPU Load 9% (5 min average)
[1584819522] SERVICE NOTIFICATION: atul;WINV-101;CPU Load;OK;notify-service-by-email;CPU Load 9% (5 min average)
[1584819522] SERVICE ALERT: WINV-101;CPU Load;OK;HARD;3;CPU Load 9% (5 min average)
[1584821425] Auto-save of retention data completed successfully.
[1584822602] SERVICE NOTIFICATION: jatin;vonly-replica;/media/data Partition;WARNING;notify-service-by-email;/media/data is at 89% capacity! 6.1T of 7.3T
[1584822602] SERVICE NOTIFICATION: atul;vonly-replica;/media/data Partition;WARNING;notify-service-by-email;/media/data is at 89% capacity! 6.1T of 7.3T
[1584822755] SERVICE NOTIFICATION: jatin;WINV-104;Data Drive Space;WARNING;notify-service-by-email;d:\ - total: 931.32 Gb - used: 767.91 Gb (82%) - free 163.41 Gb (18%)
[1584822755] SERVICE NOTIFICATION: atul;WINV-104;Data Drive Space;WARNING;notify-service-by-email;d:\ - total: 931.32 Gb - used: 767.91 Gb (82%) - free 163.41 Gb (18%)
[1584822984] SERVICE ALERT: WINV-102;CPU Load;CRITICAL;SOFT;1;CPU Load 100% (5 min average)
[1584823104] SERVICE ALERT: WINV-102;CPU Load;OK;SOFT;2;CPU Load 7% (5 min average)
[1584824064] SERVICE ALERT: vonly-database;Current Load;WARNING;SOFT;1;WARNING - load average: 6.12, 5.79, 5.16
[1584824124] SERVICE ALERT: vonly-database;Current Load;WARNING;SOFT;2;WARNING - load average: 5.72, 5.76, 5.19
[1584824184] SERVICE ALERT: vonly-database;Current Load;WARNING;SOFT;3;WARNING - load average: 4.60, 5.44, 5.12
[1584824244] SERVICE NOTIFICATION: jatin;vonly-database;Current Load;WARNING;notify-service-by-email;WARNING - load average: 4.77, 5.32, 5.09
[1584824244] SERVICE NOTIFICATION: atul;vonly-database;Current Load;WARNING;notify-service-by-email;WARNING - load average: 4.77, 5.32, 5.09
[1584824244] SERVICE ALERT: vonly-database;Current Load;WARNING;HARD;4;WARNING - load average: 4.77, 5.32, 5.09
[1584824544] SERVICE NOTIFICATION: jatin;vonly-database;Current Load;OK;notify-service-by-email;OK - load average: 4.00, 4.56, 4.84
[1584824544] SERVICE NOTIFICATION: atul;vonly-database;Current Load;OK;notify-service-by-email;OK - load average: 4.00, 4.56, 4.84
[1584824544] SERVICE ALERT: vonly-database;Current Load;OK;HARD;4;OK - load average: 4.00, 4.56, 4.84
[1584825025] Auto-save of retention data completed successfully.
[1584826202] SERVICE NOTIFICATION: jatin;vonly-replica;/media/data Partition;WARNING;notify-service-by-email;/media/data is at 89% capacity! 6.1T of 7.3T
[1584826202] SERVICE NOTIFICATION: atul;vonly-replica;/media/data Partition;WARNING;notify-service-by-email;/media/data is at 89% capacity! 6.1T of 7.3T
[1584828626] Auto-save of retention data completed successfully.
[1584829802] SERVICE NOTIFICATION: jatin;vonly-replica;/media/data Partition;WARNING;notify-service-by-email;/media/data is at 89% capacity! 6.1T of 7.3T
[1584829802] SERVICE NOTIFICATION: atul;vonly-replica;/media/data Partition;WARNING;notify-service-by-email;/media/data is at 89% capacity! 6.1T of 7.3T
[1584829921] SERVICE NOTIFICATION: jatin;WINV-102;Data Drive Space;WARNING;notify-service-by-email;d:\ - total: 1862.64 Gb - used: 1534.82 Gb (82%) - free 327.82 Gb (18%)
[1584829921] SERVICE NOTIFICATION: atul;WINV-102;Data Drive Space;WARNING;notify-service-by-email;d:\ - total: 1862.64 Gb - used: 1534.82 Gb (82%) - free 327.82 Gb (18%)
[1584829955] SERVICE NOTIFICATION: jatin;WINV-101;Data Drive Space;WARNING;notify-service-by-email;d:\ - total: 931.32 Gb - used: 773.52 Gb (83%) - free 157.80 Gb (17%)
[1584829955] SERVICE NOTIFICATION: atul;WINV-101;Data Drive Space;WARNING;notify-service-by-email;d:\ - total: 931.32 Gb - used: 773.52 Gb (83%) - free 157.80 Gb (17%)
[1584832225] Auto-save of retention data completed successfully.
[1584833238] SERVICE ALERT: vapps-100;Current Load;CRITICAL;SOFT;1;CRITICAL - load average: 40.42, 21.83, 11.12
[1584833298] SERVICE ALERT: vapps-100;Current Load;CRITICAL;SOFT;2;CRITICAL - load average: 32.57, 23.19, 12.28
[1584833359] SERVICE ALERT: vapps-100;Current Load;CRITICAL;SOFT;3;CRITICAL - load average: 32.63, 25.04, 13.61
[1584833402] SERVICE NOTIFICATION: jatin;vonly-replica;/media/data Partition;WARNING;notify-service-by-email;/media/data is at 89% capacity! 6.1T of 7.3T
[1584833402] SERVICE NOTIFICATION: atul;vonly-replica;/media/data Partition;WARNING;notify-service-by-email;/media/data is at 89% capacity! 6.1T of 7.3T
[1584833419] SERVICE NOTIFICATION: jatin;vapps-100;Current Load;CRITICAL;notify-service-by-email;CRITICAL - load average: 38.88, 28.58, 15.56
[1584833419] SERVICE NOTIFICATION: atul;vapps-100;Current Load;CRITICAL;notify-service-by-email;CRITICAL - load average: 38.88, 28.58, 15.56
[1584833419] SERVICE ALERT: vapps-100;Current Load;CRITICAL;HARD;4;CRITICAL - load average: 38.88, 28.58, 15.56
[1584833496] SERVICE ALERT: vinfra-200;Current Load;WARNING;SOFT;1;WARNING - load average: 5.43, 6.54, 5.13
[1584833556] SERVICE ALERT: vinfra-200;Current Load;OK;SOFT;2;OK - load average: 2.79, 5.57, 4.88
[1584833719] SERVICE NOTIFICATION: jatin;vapps-100;Current Load;WARNING;notify-service-by-email;WARNING - load average: 2.37, 13.61, 12.90
[1584833719] SERVICE NOTIFICATION: atul;vapps-100;Current Load;WARNING;notify-service-by-email;WARNING - load average: 2.37, 13.61, 12.90
[1584833719] SERVICE ALERT: vapps-100;Current Load;WARNING;HARD;4;WARNING - load average: 2.37, 13.61, 12.90
[1584834319] SERVICE NOTIFICATION: jatin;vapps-100;Current Load;OK;notify-service-by-email;OK - load average: 1.01, 2.94, 7.38
[1584834319] SERVICE NOTIFICATION: atul;vapps-100;Current Load;OK;notify-service-by-email;OK - load average: 1.01, 2.94, 7.38
[1584834319] SERVICE ALERT: vapps-100;Current Load;OK;HARD;4;OK - load average: 1.01, 2.94, 7.38
[1584834919] SERVICE ALERT: vapps-100;Current Load;CRITICAL;SOFT;1;CRITICAL - load average: 38.45, 26.77, 15.16
[1584834979] SERVICE ALERT: vapps-100;Current Load;CRITICAL;SOFT;2;CRITICAL - load average: 36.22, 28.10, 16.33
[1584835039] SERVICE ALERT: vapps-100;Current Load;CRITICAL;SOFT;3;CRITICAL - load average: 36.28, 29.94, 17.72
[1584835099] SERVICE FLAPPING ALERT: vapps-100;Current Load;STARTED; Service appears to have started flapping (23.6% change >= 20.0% threshold)
[1584835099] SERVICE NOTIFICATION: jatin;vapps-100;Current Load;FLAPPINGSTART (CRITICAL);notify-service-by-email;CRITICAL - load average: 32.50, 29.94, 18.48
[1584835099] SERVICE NOTIFICATION: atul;vapps-100;Current Load;FLAPPINGSTART (CRITICAL);notify-service-by-email;CRITICAL - load average: 32.50, 29.94, 18.48
[1584835099] SERVICE ALERT: vapps-100;Current Load;CRITICAL;HARD;4;CRITICAL - load average: 32.50, 29.94, 18.48
[1584835416] SERVICE ALERT: vinfra-200;Current Load;WARNING;SOFT;1;WARNING - load average: 7.53, 6.72, 5.19
[1584835476] SERVICE ALERT: vinfra-200;Current Load;WARNING;SOFT;2;WARNING - load average: 5.43, 6.24, 5.12
[1584835503] SERVICE ALERT: vonly-replica;Current Load;WARNING;SOFT;1;WARNING - load average: 12.41, 12.14, 10.32
[1584835536] SERVICE ALERT: vinfra-200;Current Load;WARNING;SOFT;3;WARNING - load average: 8.97, 6.89, 5.40
[1584835563] SERVICE ALERT: vonly-replica;Current Load;WARNING;SOFT;2;WARNING - load average: 11.96, 12.04, 10.40
[1584835596] SERVICE NOTIFICATION: jatin;vinfra-200;Current Load;WARNING;notify-service-by-email;WARNING - load average: 8.12, 7.21, 5.62
[1584835596] SERVICE NOTIFICATION: atul;vinfra-200;Current Load;WARNING;notify-service-by-email;WARNING - load average: 8.12, 7.21, 5.62
[1584835596] SERVICE ALERT: vinfra-200;Current Load;WARNING;HARD;4;WARNING - load average: 8.12, 7.21, 5.62
[1584835623] SERVICE ALERT: vonly-replica;Current Load;WARNING;SOFT;3;WARNING - load average: 12.15, 12.10, 10.53
[1584835683] SERVICE NOTIFICATION: jatin;vonly-replica;Current Load;WARNING;notify-service-by-email;WARNING - load average: 12.57, 12.22, 10.67
[1584835683] SERVICE NOTIFICATION: atul;vonly-replica;Current Load;WARNING;notify-service-by-email;WARNING - load average: 12.57, 12.22, 10.67
[1584835683] SERVICE ALERT: vonly-replica;Current Load;WARNING;HARD;4;WARNING - load average: 12.57, 12.22, 10.67
[1584835826] Auto-save of retention data completed successfully.
[1584837002] SERVICE NOTIFICATION: jatin;vonly-replica;/media/data Partition;WARNING;notify-service-by-email;/media/data is at 90% capacity! 6.2T of 7.3T
[1584837002] SERVICE NOTIFICATION: atul;vonly-replica;/media/data Partition;WARNING;notify-service-by-email;/media/data is at 90% capacity! 6.2T of 7.3T
[1584837155] SERVICE NOTIFICATION: jatin;WINV-104;Data Drive Space;WARNING;notify-service-by-email;d:\ - total: 931.32 Gb - used: 769.34 Gb (83%) - free 161.98 Gb (17%)
[1584837155] SERVICE NOTIFICATION: atul;WINV-104;Data Drive Space;WARNING;notify-service-by-email;d:\ - total: 931.32 Gb - used: 769.34 Gb (83%) - free 161.98 Gb (17%)
[1584837302] SERVICE NOTIFICATION: jatin;vonly-replica;/media/data Partition;CRITICAL;notify-service-by-email;/media/data is at 91% capacity! 6.2T of 7.3T
[1584837302] SERVICE NOTIFICATION: atul;vonly-replica;/media/data Partition;CRITICAL;notify-service-by-email;/media/data is at 91% capacity! 6.2T of 7.3T
[1584837302] SERVICE ALERT: vonly-replica;/media/data Partition;CRITICAL;HARD;4;/media/data is at 91% capacity! 6.2T of 7.3T
[1584839102] SERVICE NOTIFICATION: jatin;vonly-replica;/media/data Partition;WARNING;notify-service-by-email;/media/data is at 90% capacity! 6.2T of 7.3T
[1584839102] SERVICE NOTIFICATION: atul;vonly-replica;/media/data Partition;WARNING;notify-service-by-email;/media/data is at 90% capacity! 6.2T of 7.3T
[1584839102] SERVICE ALERT: vonly-replica;/media/data Partition;WARNING;HARD;4;/media/data is at 90% capacity! 6.2T of 7.3T
[1584839402] SERVICE NOTIFICATION: jatin;vonly-replica;/media/data Partition;CRITICAL;notify-service-by-email;/media/data is at 91% capacity! 6.2T of 7.3T
[1584839402] SERVICE NOTIFICATION: atul;vonly-replica;/media/data Partition;CRITICAL;notify-service-by-email;/media/data is at 91% capacity! 6.2T of 7.3T
[1584839402] SERVICE ALERT: vonly-replica;/media/data Partition;CRITICAL;HARD;4;/media/data is at 91% capacity! 6.2T of 7.3T
[1584839426] Auto-save of retention data completed successfully.
[1584840396] SERVICE NOTIFICATION: jatin;vinfra-200;Current Load;OK;notify-service-by-email;OK - load average: 2.23, 3.30, 4.40
[1584840396] SERVICE NOTIFICATION: atul;vinfra-200;Current Load;OK;notify-service-by-email;OK - load average: 2.23, 3.30, 4.40
[1584840396] SERVICE ALERT: vinfra-200;Current Load;OK;HARD;4;OK - load average: 2.23, 3.30, 4.40
[1584840483] SERVICE NOTIFICATION: jatin;vonly-replica;Current Load;OK;notify-service-by-email;OK - load average: 7.57, 8.84, 9.84
[1584840483] SERVICE NOTIFICATION: atul;vonly-replica;Current Load;OK;notify-service-by-email;OK - load average: 7.57, 8.84, 9.84
[1584840483] SERVICE ALERT: vonly-replica;Current Load;OK;HARD;4;OK - load average: 7.57, 8.84, 9.84
[1584840499] SERVICE ALERT: vapps-100;Current Load;WARNING;HARD;4;WARNING - load average: 1.27, 8.14, 18.42
[1584841399] SERVICE ALERT: vapps-100;Current Load;OK;HARD;4;OK - load average: 2.21, 1.31, 7.41
[1584843002] SERVICE NOTIFICATION: jatin;vonly-replica;/media/data Partition;CRITICAL;notify-service-by-email;/media/data is at 91% capacity! 6.3T of 7.3T
[1584843002] SERVICE NOTIFICATION: atul;vonly-replica;/media/data Partition;CRITICAL;notify-service-by-email;/media/data is at 91% capacity! 6.3T of 7.3T
[1584843026] Auto-save of retention data completed successfully.
[1584844321] SERVICE NOTIFICATION: jatin;WINV-102;Data Drive Space;WARNING;notify-service-by-email;d:\ - total: 1862.64 Gb - used: 1535.79 Gb (82%) - free 326.85 Gb (18%)
[1584844321] SERVICE NOTIFICATION: atul;WINV-102;Data Drive Space;WARNING;notify-service-by-email;d:\ - total: 1862.64 Gb - used: 1535.79 Gb (82%) - free 326.85 Gb (18%)
[1584844355] SERVICE NOTIFICATION: jatin;WINV-101;Data Drive Space;WARNING;notify-service-by-email;d:\ - total: 931.32 Gb - used: 773.52 Gb (83%) - free 157.80 Gb (17%)
[1584844355] SERVICE NOTIFICATION: atul;WINV-101;Data Drive Space;WARNING;notify-service-by-email;d:\ - total: 931.32 Gb - used: 773.52 Gb (83%) - free 157.80 Gb (17%)
[1584846499] SERVICE FLAPPING ALERT: vapps-100;Current Load;STOPPED; Service appears to have stopped flapping (4.0% change < 5.0% threshold)
[1584846499] SERVICE NOTIFICATION: jatin;vapps-100;Current Load;FLAPPINGSTOP (OK);notify-service-by-email;OK - load average: 0.19, 0.17, 0.36
[1584846499] SERVICE NOTIFICATION: atul;vapps-100;Current Load;FLAPPINGSTOP (OK);notify-service-by-email;OK - load average: 0.19, 0.17, 0.36
[1584846602] SERVICE NOTIFICATION: jatin;vonly-replica;/media/data Partition;CRITICAL;notify-service-by-email;/media/data is at 91% capacity! 6.3T of 7.3T
[1584846602] SERVICE NOTIFICATION: atul;vonly-replica;/media/data Partition;CRITICAL;notify-service-by-email;/media/data is at 91% capacity! 6.3T of 7.3T
[1584846625] Auto-save of retention data completed successfully.
[1584847344] SERVICE ALERT: vonly-database;Current Load;WARNING;SOFT;1;WARNING - load average: 5.75, 5.52, 5.05
[1584847404] SERVICE ALERT: vonly-database;Current Load;WARNING;SOFT;2;WARNING - load average: 5.56, 5.53, 5.08
[1584847464] SERVICE ALERT: vonly-database;Current Load;WARNING;SOFT;3;WARNING - load average: 5.98, 5.65, 5.15
[1584847524] SERVICE NOTIFICATION: jatin;vonly-database;Current Load;WARNING;notify-service-by-email;WARNING - load average: 5.79, 5.66, 5.19
[1584847524] SERVICE NOTIFICATION: atul;vonly-database;Current Load;WARNING;notify-service-by-email;WARNING - load average: 5.79, 5.66, 5.19
[1584847524] SERVICE ALERT: vonly-database;Current Load;WARNING;HARD;4;WARNING - load average: 5.79, 5.66, 5.19
[1584848124] SERVICE NOTIFICATION: jatin;vonly-database;Current Load;OK;notify-service-by-email;OK - load average: 3.62, 4.24, 4.76
[1584848124] SERVICE NOTIFICATION: atul;vonly-database;Current Load;OK;notify-service-by-email;OK - load average: 3.62, 4.24, 4.76
[1584848124] SERVICE ALERT: vonly-database;Current Load;OK;HARD;4;OK - load average: 3.62, 4.24, 4.76
[1584850202] SERVICE NOTIFICATION: jatin;vonly-replica;/media/data Partition;CRITICAL;notify-service-by-email;/media/data is at 91% capacity! 6.3T of 7.3T
[1584850202] SERVICE NOTIFICATION: atul;vonly-replica;/media/data Partition;CRITICAL;notify-service-by-email;/media/data is at 91% capacity! 6.3T of 7.3T
[1584850226] Auto-save of retention data completed successfully.
[1584851523] SERVICE ALERT: vonly-database;Swap Usage;WARNING;SOFT;1;SWAP WARNING - 20% free (11321 MB out of 57111 MB)
[1584851555] SERVICE NOTIFICATION: jatin;WINV-104;Data Drive Space;WARNING;notify-service-by-email;d:\ - total: 931.32 Gb - used: 769.23 Gb (83%) - free 162.09 Gb (17%)
[1584851555] SERVICE NOTIFICATION: atul;WINV-104;Data Drive Space;WARNING;notify-service-by-email;d:\ - total: 931.32 Gb - used: 769.23 Gb (83%) - free 162.09 Gb (17%)
[1584851583] SERVICE ALERT: vonly-database;Swap Usage;WARNING;SOFT;2;SWAP WARNING - 20% free (11337 MB out of 57111 MB)
[1584851643] SERVICE ALERT: vonly-database;Swap Usage;WARNING;SOFT;3;SWAP WARNING - 20% free (11313 MB out of 57111 MB)
[1584851703] SERVICE NOTIFICATION: jatin;vonly-database;Swap Usage;WARNING;notify-service-by-email;SWAP WARNING - 20% free (11287 MB out of 57111 MB)
[1584851703] SERVICE NOTIFICATION: atul;vonly-database;Swap Usage;WARNING;notify-service-by-email;SWAP WARNING - 20% free (11287 MB out of 57111 MB)
[1584851703] SERVICE ALERT: vonly-database;Swap Usage;WARNING;HARD;4;SWAP WARNING - 20% free (11287 MB out of 57111 MB)
[1584853802] SERVICE NOTIFICATION: jatin;vonly-replica;/media/data Partition;CRITICAL;notify-service-by-email;/media/data is at 91% capacity! 6.3T of 7.3T
[1584853802] SERVICE NOTIFICATION: atul;vonly-replica;/media/data Partition;CRITICAL;notify-service-by-email;/media/data is at 91% capacity! 6.3T of 7.3T
[1584853825] Auto-save of retention data completed successfully.
[1584854922] SERVICE ALERT: WINV-101;CPU Load;CRITICAL;SOFT;1;CPU Load 100% (5 min average)
[1584855042] SERVICE ALERT: WINV-101;CPU Load;OK;SOFT;2;CPU Load 7% (5 min average)
[1584857402] SERVICE NOTIFICATION: jatin;vonly-replica;/media/data Partition;CRITICAL;notify-service-by-email;/media/data is at 91% capacity! 6.3T of 7.3T
[1584857402] SERVICE NOTIFICATION: atul;vonly-replica;/media/data Partition;CRITICAL;notify-service-by-email;/media/data is at 91% capacity! 6.3T of 7.3T
[1584857425] Auto-save of retention data completed successfully.
[1584858721] SERVICE NOTIFICATION: jatin;WINV-102;Data Drive Space;WARNING;notify-service-by-email;d:\ - total: 1862.64 Gb - used: 1536.47 Gb (82%) - free 326.17 Gb (18%)
[1584858721] SERVICE NOTIFICATION: atul;WINV-102;Data Drive Space;WARNING;notify-service-by-email;d:\ - total: 1862.64 Gb - used: 1536.47 Gb (82%) - free 326.17 Gb (18%)
[1584858755] SERVICE NOTIFICATION: jatin;WINV-101;Data Drive Space;WARNING;notify-service-by-email;d:\ - total: 931.32 Gb - used: 773.97 Gb (83%) - free 157.35 Gb (17%)
[1584858755] SERVICE NOTIFICATION: atul;WINV-101;Data Drive Space;WARNING;notify-service-by-email;d:\ - total: 931.32 Gb - used: 773.97 Gb (83%) - free 157.35 Gb (17%)
