[1581580800] LOG ROTATION: DAILY
[1581580800] LOG VERSION: 2.0
[1581580800] CURRENT HOST STATE: vdb-100;UP;HARD;1;PING OK - Packet loss = 0%, RTA = 0.32 ms
[1581580800] CURRENT HOST STATE: vdb-101;UP;HARD;1;PING OK - Packet loss = 0%, RTA = 0.29 ms
[1581580800] CURRENT HOST STATE: vdb-103;UP;HARD;1;PING OK - Packet loss = 0%, RTA = 0.36 ms
[1581580800] CURRENT HOST STATE: vdb-staging;UP;HARD;1;PING OK - Packet loss = 0%, RTA = 0.26 ms
[1581580800] CURRENT HOST STATE: vonly-backup;UP;HARD;1;PING OK - Packet loss = 0%, RTA = 0.06 ms
[1581580800] CURRENT HOST STATE: vonly-database;UP;HARD;1;PING OK - Packet loss = 0%, RTA = 0.31 ms
[1581580800] CURRENT HOST STATE: vonly-replica;UP;HARD;1;PING OK - Packet loss = 0%, RTA = 0.32 ms
[1581580800] CURRENT SERVICE STATE: vdb-100;/mnt/data01 Partition;WARNING;HARD;4;/mnt/data01 is at 92% capacity! 3.2T of 3.7T
[1581580800] CURRENT SERVICE STATE: vdb-100;Current Load;OK;HARD;1;OK - load average: 0.98, 1.63, 2.04
[1581580800] CURRENT SERVICE STATE: vdb-100;Current Users;OK;HARD;1;USERS OK - 1 users currently logged in
[1581580800] CURRENT SERVICE STATE: vdb-100;PING;OK;HARD;1;PING OK - Packet loss = 0%, RTA = 0.08 ms
[1581580800] CURRENT SERVICE STATE: vdb-100;Root Partition;OK;HARD;1;/ is at 35% capacity, 30G of 91G
[1581580800] CURRENT SERVICE STATE: vdb-100;SSH;OK;HARD;1;SSH OK - OpenSSH_7.2p2 Ubuntu-4ubuntu2.6 (protocol 2.0)
[1581580800] CURRENT SERVICE STATE: vdb-100;Swap Usage;OK;HARD;1;SWAP OK - 96% free (20402 MB out of 21455 MB)
[1581580800] CURRENT SERVICE STATE: vdb-100;Total Processes;OK;HARD;1;PROCS OK: 177 processes with STATE = RSZDT
[1581580800] CURRENT SERVICE STATE: vdb-101;/mnt/data01 Partition;OK;HARD;1;/mnt/data01 is at 89% capacity, 3.1T of 3.6T
[1581580800] CURRENT SERVICE STATE: vdb-101;Current Load;OK;HARD;1;OK - load average: 0.00, 0.00, 0.00
[1581580800] CURRENT SERVICE STATE: vdb-101;Current Users;OK;HARD;1;USERS OK - 0 users currently logged in
[1581580800] CURRENT SERVICE STATE: vdb-101;PING;OK;HARD;1;PING OK - Packet loss = 0%, RTA = 0.04 ms
[1581580800] CURRENT SERVICE STATE: vdb-101;Root Partition;OK;HARD;1;/ is at 23% capacity, 39G of 183G
[1581580800] CURRENT SERVICE STATE: vdb-101;SSH;OK;HARD;1;SSH OK - OpenSSH_7.2p2 Ubuntu-4ubuntu2.4 (protocol 2.0)
[1581580800] CURRENT SERVICE STATE: vdb-101;Swap Usage;OK;HARD;1;SWAP OK - 88% free (18757 MB out of 21455 MB)
[1581580800] CURRENT SERVICE STATE: vdb-101;Total Processes;OK;HARD;1;PROCS OK: 151 processes with STATE = RSZDT
[1581580800] CURRENT SERVICE STATE: vdb-103;/mnt/data01 Partition;OK;HARD;1;/mnt/data01 is at 65% capacity, 4.5T of 7.3T
[1581580800] CURRENT SERVICE STATE: vdb-103;Current Load;OK;HARD;1;OK - load average: 0.00, 0.00, 0.13
[1581580800] CURRENT SERVICE STATE: vdb-103;Current Users;OK;HARD;1;USERS OK - 1 users currently logged in
[1581580800] CURRENT SERVICE STATE: vdb-103;PING;OK;HARD;1;PING OK - Packet loss = 0%, RTA = 0.06 ms
[1581580800] CURRENT SERVICE STATE: vdb-103;Root Partition;OK;HARD;1;/ is at 55% capacity, 237G of 457G
[1581580800] CURRENT SERVICE STATE: vdb-103;SSH;OK;HARD;1;SSH OK - OpenSSH_7.6p1 Ubuntu-4ubuntu0.2 (protocol 2.0)
[1581580800] CURRENT SERVICE STATE: vdb-103;Swap Usage;OK;HARD;1;SWAP OK - 93% free (1889 MB out of 2047 MB)
[1581580800] CURRENT SERVICE STATE: vdb-103;Total Processes;OK;HARD;1;PROCS OK: 180 processes with STATE = RSZDT
[1581580800] CURRENT SERVICE STATE: vdb-staging;/mnt/data01 Partition;OK;HARD;1;/mnt/data01 is at 73% capacity, 6.3T of 9.1T
[1581580800] CURRENT SERVICE STATE: vdb-staging;Current Load;WARNING;HARD;4;WARNING - load average: 17.78, 17.25, 16.90
[1581580800] CURRENT SERVICE STATE: vdb-staging;Current Users;OK;HARD;1;USERS OK - 1 users currently logged in
[1581580800] CURRENT SERVICE STATE: vdb-staging;PING;OK;HARD;1;PING OK - Packet loss = 0%, RTA = 0.06 ms
[1581580800] CURRENT SERVICE STATE: vdb-staging;Root Partition;OK;HARD;1;/ is at 6% capacity, 102G of 1.8T
[1581580800] CURRENT SERVICE STATE: vdb-staging;SSH;OK;HARD;1;SSH OK - OpenSSH_7.2p2 Ubuntu-4ubuntu2.4 (protocol 2.0)
[1581580800] CURRENT SERVICE STATE: vdb-staging;Swap Usage;OK;HARD;1;SWAP OK - 91% free (93232 MB out of 103375 MB)
[1581580800] CURRENT SERVICE STATE: vdb-staging;Total Processes;OK;HARD;1;PROCS OK: 146 processes with STATE = RSZDT
[1581580800] CURRENT SERVICE STATE: vonly-backup;Current Load;OK;HARD;1;OK - load average: 3.17, 2.92, 2.81
[1581580800] CURRENT SERVICE STATE: vonly-backup;Current Users;OK;HARD;1;USERS OK - 0 users currently logged in
[1581580800] CURRENT SERVICE STATE: vonly-backup;HTTP;OK;HARD;1;HTTP OK: HTTP/1.1 200 OK - 11595 bytes in 0.001 second response time
[1581580800] CURRENT SERVICE STATE: vonly-backup;PING;OK;HARD;1;PING OK - Packet loss = 0%, RTA = 0.06 ms
[1581580800] CURRENT SERVICE STATE: vonly-backup;Root Partition;OK;HARD;1;/ is at 52% capacity, 107G of 220G
[1581580800] CURRENT SERVICE STATE: vonly-backup;SSH;OK;HARD;1;SSH OK - OpenSSH_7.2p2 Ubuntu-4ubuntu2.8 (protocol 2.0)
[1581580800] CURRENT SERVICE STATE: vonly-backup;Swap Usage;OK;HARD;1;SWAP OK - 95% free (53822 MB out of 57111 MB)
[1581580800] CURRENT SERVICE STATE: vonly-backup;Total Processes;OK;HARD;1;PROCS OK: 242 processes with STATE = RSZDT
[1581580800] CURRENT SERVICE STATE: vonly-database;/media/data Partition;OK;HARD;1;/media/data is at 84% capacity, 2.9T of 3.6T
[1581580800] CURRENT SERVICE STATE: vonly-database;Current Load;OK;HARD;1;OK - load average: 0.01, 0.03, 0.05
[1581580800] CURRENT SERVICE STATE: vonly-database;Current Users;OK;HARD;1;USERS OK - 1 users currently logged in
[1581580800] CURRENT SERVICE STATE: vonly-database;PING;OK;HARD;1;PING OK - Packet loss = 0%, RTA = 0.04 ms
[1581580800] CURRENT SERVICE STATE: vonly-database;Root Partition;OK;HARD;1;/ is at 67% capacity, 140G of 220G
[1581580800] CURRENT SERVICE STATE: vonly-database;SSH;OK;HARD;1;SSH OK - OpenSSH_6.6.1p1 Ubuntu-2ubuntu2.8 (protocol 2.0)
[1581580800] CURRENT SERVICE STATE: vonly-database;Swap Usage;OK;HARD;1;SWAP OK - 96% free (54437 MB out of 57111 MB)
[1581580800] CURRENT SERVICE STATE: vonly-database;Total Processes;OK;HARD;1;PROCS OK: 201 processes with STATE = RSZDT
[1581580800] CURRENT SERVICE STATE: vonly-replica;/media/data Partition;OK;HARD;1;/media/data is at 42% capacity, 2.9T of 7.3T
[1581580800] CURRENT SERVICE STATE: vonly-replica;Current Load;OK;HARD;1;OK - load average: 0.77, 0.79, 0.70
[1581580800] CURRENT SERVICE STATE: vonly-replica;Current Users;OK;HARD;1;USERS OK - 0 users currently logged in
[1581580800] CURRENT SERVICE STATE: vonly-replica;PING;OK;HARD;1;PING OK - Packet loss = 0%, RTA = 0.05 ms
[1581580800] CURRENT SERVICE STATE: vonly-replica;Root Partition;OK;HARD;1;/ is at 32% capacity, 32G of 108G
[1581580800] CURRENT SERVICE STATE: vonly-replica;SSH;OK;HARD;1;SSH OK - OpenSSH_7.2p2 Ubuntu-4ubuntu2.2 (protocol 2.0)
[1581580800] CURRENT SERVICE STATE: vonly-replica;Swap Usage;OK;HARD;1;SWAP OK - 98% free (27189 MB out of 27876 MB)
[1581580800] CURRENT SERVICE STATE: vonly-replica;Total Processes;OK;HARD;1;PROCS OK: 92 processes with STATE = RSZDT
[1581581000] Auto-save of retention data completed successfully.
[1581584162] SERVICE ALERT: vonly-replica;Current Load;WARNING;SOFT;1;WARNING - load average: 5.95, 5.94, 5.06
[1581584222] SERVICE ALERT: vonly-replica;Current Load;WARNING;SOFT;2;WARNING - load average: 6.00, 5.98, 5.13
[1581584282] SERVICE ALERT: vonly-replica;Current Load;WARNING;SOFT;3;WARNING - load average: 5.78, 5.91, 5.16
[1581584342] SERVICE NOTIFICATION: jatin;vonly-replica;Current Load;WARNING;notify-service-by-email;WARNING - load average: 5.51, 5.80, 5.17
[1581584342] SERVICE NOTIFICATION: atul;vonly-replica;Current Load;WARNING;notify-service-by-email;WARNING - load average: 5.51, 5.80, 5.17
[1581584342] SERVICE ALERT: vonly-replica;Current Load;WARNING;HARD;4;WARNING - load average: 5.51, 5.80, 5.17
[1581584601] Auto-save of retention data completed successfully.
[1581587744] SERVICE NOTIFICATION: jatin;vdb-100;/mnt/data01 Partition;WARNING;notify-service-by-email;/mnt/data01 is at 92% capacity! 3.2T of 3.7T
[1581587744] SERVICE NOTIFICATION: atul;vdb-100;/mnt/data01 Partition;WARNING;notify-service-by-email;/mnt/data01 is at 92% capacity! 3.2T of 3.7T
[1581588200] Auto-save of retention data completed successfully.
[1581591734] SERVICE NOTIFICATION: jatin;vdb-staging;Current Load;WARNING;notify-service-by-email;WARNING - load average: 18.29, 16.21, 14.80
[1581591734] SERVICE NOTIFICATION: atul;vdb-staging;Current Load;WARNING;notify-service-by-email;WARNING - load average: 18.29, 16.21, 14.80
[1581591800] Auto-save of retention data completed successfully.
[1581592322] SERVICE ALERT: vonly-backup;Current Load;WARNING;SOFT;1;WARNING - load average: 8.76, 4.01, 2.75
[1581592382] SERVICE ALERT: vonly-backup;Current Load;CRITICAL;SOFT;2;CRITICAL - load average: 11.16, 5.68, 3.41
[1581592442] SERVICE ALERT: vonly-backup;Current Load;OK;SOFT;3;OK - load average: 6.81, 5.49, 3.49
[1581593043] SERVICE NOTIFICATION: jatin;vonly-replica;Current Load;OK;notify-service-by-email;OK - load average: 4.21, 4.04, 4.68
[1581593043] SERVICE NOTIFICATION: atul;vonly-replica;Current Load;OK;notify-service-by-email;OK - load average: 4.21, 4.04, 4.68
[1581593043] SERVICE ALERT: vonly-replica;Current Load;OK;HARD;4;OK - load average: 4.21, 4.04, 4.68
[1581595143] SERVICE ALERT: vonly-replica;Current Load;WARNING;SOFT;1;WARNING - load average: 5.46, 5.48, 5.13
[1581595203] SERVICE ALERT: vonly-replica;Current Load;WARNING;SOFT;2;WARNING - load average: 6.26, 5.66, 5.21
[1581595263] SERVICE ALERT: vonly-replica;Current Load;WARNING;SOFT;3;WARNING - load average: 6.04, 5.68, 5.24
[1581595323] SERVICE NOTIFICATION: jatin;vonly-replica;Current Load;WARNING;notify-service-by-email;WARNING - load average: 7.51, 6.16, 5.43
[1581595323] SERVICE NOTIFICATION: atul;vonly-replica;Current Load;WARNING;notify-service-by-email;WARNING - load average: 7.51, 6.16, 5.43
[1581595323] SERVICE ALERT: vonly-replica;Current Load;WARNING;HARD;4;WARNING - load average: 7.51, 6.16, 5.43
[1581595400] Auto-save of retention data completed successfully.
[1581596144] SERVICE NOTIFICATION: jatin;vdb-100;/mnt/data01 Partition;OK;notify-service-by-email;/mnt/data01 is at 77% capacity, 2.7T of 3.7T
[1581596144] SERVICE NOTIFICATION: atul;vdb-100;/mnt/data01 Partition;OK;notify-service-by-email;/mnt/data01 is at 77% capacity, 2.7T of 3.7T
[1581596144] SERVICE ALERT: vdb-100;/mnt/data01 Partition;OK;HARD;4;/mnt/data01 is at 77% capacity, 2.7T of 3.7T
[1581599000] Auto-save of retention data completed successfully.
[1581602600] Auto-save of retention data completed successfully.
[1581606134] SERVICE NOTIFICATION: jatin;vdb-staging;Current Load;WARNING;notify-service-by-email;WARNING - load average: 10.84, 10.90, 11.06
[1581606134] SERVICE NOTIFICATION: atul;vdb-staging;Current Load;WARNING;notify-service-by-email;WARNING - load average: 10.84, 10.90, 11.06
[1581606200] Auto-save of retention data completed successfully.
[1581608702] SERVICE ALERT: vonly-backup;Current Load;WARNING;SOFT;1;WARNING - load average: 6.66, 6.53, 4.89
[1581608762] SERVICE ALERT: vonly-backup;Current Load;WARNING;SOFT;2;WARNING - load average: 5.05, 6.10, 4.84
[1581608822] SERVICE ALERT: vonly-backup;Current Load;OK;SOFT;3;OK - load average: 4.29, 5.68, 4.78
[1581609423] SERVICE NOTIFICATION: jatin;vonly-replica;Current Load;OK;notify-service-by-email;OK - load average: 4.89, 4.93, 4.98
[1581609423] SERVICE NOTIFICATION: atul;vonly-replica;Current Load;OK;notify-service-by-email;OK - load average: 4.89, 4.93, 4.98
[1581609423] SERVICE ALERT: vonly-replica;Current Load;OK;HARD;4;OK - load average: 4.89, 4.93, 4.98
[1581609723] SERVICE ALERT: vonly-replica;Current Load;WARNING;SOFT;1;WARNING - load average: 5.52, 5.26, 5.10
[1581609783] SERVICE ALERT: vonly-replica;Current Load;WARNING;SOFT;2;WARNING - load average: 5.81, 5.39, 5.16
[1581609800] Auto-save of retention data completed successfully.
[1581609843] SERVICE ALERT: vonly-replica;Current Load;WARNING;SOFT;3;WARNING - load average: 5.28, 5.32, 5.15
[1581609903] SERVICE NOTIFICATION: jatin;vonly-replica;Current Load;WARNING;notify-service-by-email;WARNING - load average: 5.77, 5.47, 5.21
[1581609903] SERVICE NOTIFICATION: atul;vonly-replica;Current Load;WARNING;notify-service-by-email;WARNING - load average: 5.77, 5.47, 5.21
[1581609903] SERVICE ALERT: vonly-replica;Current Load;WARNING;HARD;4;WARNING - load average: 5.77, 5.47, 5.21
[1581610503] SERVICE NOTIFICATION: jatin;vonly-replica;Current Load;OK;notify-service-by-email;OK - load average: 4.35, 4.63, 4.92
[1581610503] SERVICE NOTIFICATION: atul;vonly-replica;Current Load;OK;notify-service-by-email;OK - load average: 4.35, 4.63, 4.92
[1581610503] SERVICE ALERT: vonly-replica;Current Load;OK;HARD;4;OK - load average: 4.35, 4.63, 4.92
[1581613400] Auto-save of retention data completed successfully.
[1581617000] Auto-save of retention data completed successfully.
[1581620534] SERVICE NOTIFICATION: jatin;vdb-staging;Current Load;WARNING;notify-service-by-email;WARNING - load average: 6.33, 5.65, 5.90
[1581620534] SERVICE NOTIFICATION: atul;vdb-staging;Current Load;WARNING;notify-service-by-email;WARNING - load average: 6.33, 5.65, 5.90
[1581620600] Auto-save of retention data completed successfully.
[1581624200] Auto-save of retention data completed successfully.
[1581627801] Auto-save of retention data completed successfully.
[1581631401] Auto-save of retention data completed successfully.
[1581634934] SERVICE NOTIFICATION: jatin;vdb-staging;Current Load;OK;notify-service-by-email;OK - load average: 4.05, 4.44, 4.90
[1581634934] SERVICE NOTIFICATION: atul;vdb-staging;Current Load;OK;notify-service-by-email;OK - load average: 4.05, 4.44, 4.90
[1581634934] SERVICE ALERT: vdb-staging;Current Load;OK;HARD;4;OK - load average: 4.05, 4.44, 4.90
[1581635001] Auto-save of retention data completed successfully.
[1581635834] SERVICE ALERT: vdb-staging;Current Load;WARNING;SOFT;1;WARNING - load average: 6.85, 5.92, 5.35
[1581635894] SERVICE ALERT: vdb-staging;Current Load;WARNING;SOFT;2;WARNING - load average: 6.57, 6.04, 5.44
[1581635954] SERVICE ALERT: vdb-staging;Current Load;WARNING;SOFT;3;WARNING - load average: 6.56, 6.12, 5.50
[1581636014] SERVICE NOTIFICATION: jatin;vdb-staging;Current Load;WARNING;notify-service-by-email;WARNING - load average: 6.11, 6.07, 5.52
[1581636014] SERVICE NOTIFICATION: atul;vdb-staging;Current Load;WARNING;notify-service-by-email;WARNING - load average: 6.11, 6.07, 5.52
[1581636014] SERVICE ALERT: vdb-staging;Current Load;WARNING;HARD;4;WARNING - load average: 6.11, 6.07, 5.52
[1581637514] SERVICE NOTIFICATION: jatin;vdb-staging;Current Load;OK;notify-service-by-email;OK - load average: 4.52, 4.85, 4.97
[1581637514] SERVICE NOTIFICATION: atul;vdb-staging;Current Load;OK;notify-service-by-email;OK - load average: 4.52, 4.85, 4.97
[1581637514] SERVICE ALERT: vdb-staging;Current Load;OK;HARD;4;OK - load average: 4.52, 4.85, 4.97
[1581638601] Auto-save of retention data completed successfully.
[1581640214] SERVICE ALERT: vdb-staging;Current Load;WARNING;SOFT;1;WARNING - load average: 6.12, 5.25, 5.03
[1581640275] SERVICE ALERT: vdb-staging;Current Load;WARNING;SOFT;2;WARNING - load average: 5.15, 5.18, 5.02
[1581640335] SERVICE ALERT: vdb-staging;Current Load;OK;SOFT;3;OK - load average: 4.82, 5.09, 5.00
[1581641595] SERVICE ALERT: vdb-staging;Current Load;WARNING;SOFT;1;WARNING - load average: 5.22, 5.22, 5.05
[1581641655] SERVICE ALERT: vdb-staging;Current Load;WARNING;SOFT;2;WARNING - load average: 5.57, 5.32, 5.09
[1581641715] SERVICE ALERT: vdb-staging;Current Load;WARNING;SOFT;3;WARNING - load average: 6.53, 5.57, 5.19
[1581641775] SERVICE NOTIFICATION: jatin;vdb-staging;Current Load;WARNING;notify-service-by-email;WARNING - load average: 7.15, 5.95, 5.34
[1581641775] SERVICE NOTIFICATION: atul;vdb-staging;Current Load;WARNING;notify-service-by-email;WARNING - load average: 7.15, 5.95, 5.34
[1581641775] SERVICE ALERT: vdb-staging;Current Load;WARNING;HARD;4;WARNING - load average: 7.15, 5.95, 5.34
[1581642200] Auto-save of retention data completed successfully.
[1581642375] SERVICE NOTIFICATION: jatin;vdb-staging;Current Load;OK;notify-service-by-email;OK - load average: 4.51, 4.68, 4.98
[1581642375] SERVICE NOTIFICATION: atul;vdb-staging;Current Load;OK;notify-service-by-email;OK - load average: 4.51, 4.68, 4.98
[1581642375] SERVICE ALERT: vdb-staging;Current Load;OK;HARD;4;OK - load average: 4.51, 4.68, 4.98
[1581642675] SERVICE ALERT: vdb-staging;Current Load;WARNING;SOFT;1;WARNING - load average: 5.20, 5.49, 5.28
[1581642735] SERVICE ALERT: vdb-staging;Current Load;WARNING;SOFT;2;WARNING - load average: 5.18, 5.43, 5.27
[1581642795] SERVICE ALERT: vdb-staging;Current Load;WARNING;SOFT;3;WARNING - load average: 5.18, 5.37, 5.26
[1581642855] SERVICE FLAPPING ALERT: vdb-staging;Current Load;STARTED; Service appears to have started flapping (22.2% change >= 20.0% threshold)
[1581642855] SERVICE NOTIFICATION: jatin;vdb-staging;Current Load;FLAPPINGSTART (WARNING);notify-service-by-email;WARNING - load average: 4.94, 5.25, 5.22
[1581642855] SERVICE NOTIFICATION: atul;vdb-staging;Current Load;FLAPPINGSTART (WARNING);notify-service-by-email;WARNING - load average: 4.94, 5.25, 5.22
[1581642855] SERVICE ALERT: vdb-staging;Current Load;WARNING;HARD;4;WARNING - load average: 4.94, 5.25, 5.22
[1581644655] SERVICE ALERT: vdb-staging;Current Load;OK;HARD;4;OK - load average: 4.09, 4.22, 4.76
[1581645801] Auto-save of retention data completed successfully.
[1581648855] SERVICE FLAPPING ALERT: vdb-staging;Current Load;STOPPED; Service appears to have stopped flapping (4.4% change < 5.0% threshold)
[1581648855] SERVICE NOTIFICATION: jatin;vdb-staging;Current Load;FLAPPINGSTOP (OK);notify-service-by-email;OK - load average: 3.61, 3.97, 4.19
[1581648855] SERVICE NOTIFICATION: atul;vdb-staging;Current Load;FLAPPINGSTOP (OK);notify-service-by-email;OK - load average: 3.61, 3.97, 4.19
[1581649401] Auto-save of retention data completed successfully.
[1581653000] Auto-save of retention data completed successfully.
[1581656600] Auto-save of retention data completed successfully.
[1581660200] Auto-save of retention data completed successfully.
[1581663801] Auto-save of retention data completed successfully.
