[1584255600] LOG ROTATION: DAILY
[1584255600] LOG VERSION: 2.0
[1584255600] CURRENT HOST STATE: WINV-101;UP;HARD;1;PING OK - Packet loss = 0%, RTA = 0.30 ms
[1584255600] CURRENT HOST STATE: WINV-102;UP;HARD;1;PING OK - Packet loss = 0%, RTA = 0.30 ms
[1584255600] CURRENT HOST STATE: WINV-103;UP;HARD;1;PING OK - Packet loss = 0%, RTA = 0.34 ms
[1584255600] CURRENT HOST STATE: WINV-104;UP;HARD;1;PING OK - Packet loss = 0%, RTA = 0.33 ms
[1584255600] CURRENT HOST STATE: WINV-105;UP;HARD;1;PING OK - Packet loss = 0%, RTA = 0.30 ms
[1584255600] CURRENT HOST STATE: WINV-106;UP;HARD;1;PING OK - Packet loss = 0%, RTA = 0.31 ms
[1584255600] CURRENT HOST STATE: WINV-107;UP;HARD;1;PING OK - Packet loss = 0%, RTA = 0.35 ms
[1584255600] CURRENT HOST STATE: WINV-108;UP;HARD;1;PING OK - Packet loss = 0%, RTA = 0.31 ms
[1584255600] CURRENT HOST STATE: WINV-110;UP;HARD;1;PING OK - Packet loss = 0%, RTA = 0.29 ms
[1584255600] CURRENT HOST STATE: WINV-111;UP;HARD;1;PING OK - Packet loss = 0%, RTA = 0.34 ms
[1584255600] CURRENT HOST STATE: WINV-112;UP;HARD;1;PING OK - Packet loss = 0%, RTA = 0.32 ms
[1584255600] CURRENT HOST STATE: vapps-100;UP;HARD;1;PING OK - Packet loss = 0%, RTA = 0.31 ms
[1584255600] CURRENT HOST STATE: vapps-109;UP;HARD;1;PING OK - Packet loss = 0%, RTA = 0.30 ms
[1584255600] CURRENT HOST STATE: vdb-100;UP;HARD;1;PING OK - Packet loss = 0%, RTA = 0.33 ms
[1584255600] CURRENT HOST STATE: vdb-101;UP;HARD;1;PING OK - Packet loss = 0%, RTA = 0.29 ms
[1584255600] CURRENT HOST STATE: vdb-103;UP;HARD;1;PING OK - Packet loss = 0%, RTA = 0.33 ms
[1584255600] CURRENT HOST STATE: vdb-staging;UP;HARD;1;PING OK - Packet loss = 0%, RTA = 0.29 ms
[1584255600] CURRENT HOST STATE: vinfra-200;UP;HARD;1;PING OK - Packet loss = 0%, RTA = 0.28 ms
[1584255600] CURRENT HOST STATE: vonly-backup;UP;HARD;1;PING OK - Packet loss = 0%, RTA = 0.05 ms
[1584255600] CURRENT HOST STATE: vonly-database;UP;HARD;1;PING OK - Packet loss = 0%, RTA = 0.30 ms
[1584255600] CURRENT HOST STATE: vonly-replica;UP;HARD;1;PING OK - Packet loss = 0%, RTA = 0.27 ms
[1584255600] CURRENT SERVICE STATE: WINV-101;CPU Load;OK;HARD;1;CPU Load 63% (5 min average)
[1584255600] CURRENT SERVICE STATE: WINV-101;Data Drive Space;WARNING;HARD;3;d:\ - total: 931.32 Gb - used: 765.98 Gb (82%) - free 165.34 Gb (18%)
[1584255600] CURRENT SERVICE STATE: WINV-101;Memory Usage;OK;HARD;1;Memory usage: total:98284.48 MB - used: 43702.29 MB (44%) - free: 54582.19 MB (56%)
[1584255600] CURRENT SERVICE STATE: WINV-101;OS Drive Space;OK;HARD;1;c:\ - total: 68.27 Gb - used: 43.31 Gb (63%) - free 24.96 Gb (37%)
[1584255600] CURRENT SERVICE STATE: WINV-101;Uptime;OK;HARD;1;System Uptime - 10 day(s) 0 hour(s) 31 minute(s)
[1584255600] CURRENT SERVICE STATE: WINV-102;CPU Load;OK;HARD;1;CPU Load 0% (5 min average)
[1584255600] CURRENT SERVICE STATE: WINV-102;Data Drive Space;WARNING;HARD;3;d:\ - total: 1862.64 Gb - used: 1520.99 Gb (82%) - free 341.64 Gb (18%)
[1584255600] CURRENT SERVICE STATE: WINV-102;Memory Usage;OK;HARD;1;Memory usage: total:208877.43 MB - used: 62817.56 MB (30%) - free: 146059.87 MB (70%)
[1584255600] CURRENT SERVICE STATE: WINV-102;OS Drive Space;OK;HARD;1;c:\ - total: 931.41 Gb - used: 305.29 Gb (33%) - free 626.12 Gb (67%)
[1584255600] CURRENT SERVICE STATE: WINV-102;Uptime;OK;HARD;1;System Uptime - 173 day(s) 12 hour(s) 6 minute(s)
[1584255600] CURRENT SERVICE STATE: WINV-103;CPU Load;OK;HARD;1;CPU Load 0% (5 min average)
[1584255600] CURRENT SERVICE STATE: WINV-103;Data Drive Space;OK;HARD;1;d:\ - total: 1862.39 Gb - used: 953.76 Gb (51%) - free 908.63 Gb (49%)
[1584255600] CURRENT SERVICE STATE: WINV-103;Memory Usage;OK;HARD;1;Memory usage: total:209629.53 MB - used: 93964.15 MB (45%) - free: 115665.39 MB (55%)
[1584255600] CURRENT SERVICE STATE: WINV-103;OS Drive Space;WARNING;HARD;3;c:\ - total: 68.27 Gb - used: 56.32 Gb (82%) - free 11.95 Gb (18%)
[1584255600] CURRENT SERVICE STATE: WINV-103;Uptime;OK;HARD;1;System Uptime - 32 day(s) 15 hour(s) 56 minute(s)
[1584255600] CURRENT SERVICE STATE: WINV-104;CPU Load;OK;HARD;1;CPU Load 0% (5 min average)
[1584255600] CURRENT SERVICE STATE: WINV-104;Data Drive Space;WARNING;HARD;3;d:\ - total: 931.32 Gb - used: 754.20 Gb (81%) - free 177.12 Gb (19%)
[1584255600] CURRENT SERVICE STATE: WINV-104;Memory Usage;OK;HARD;1;Memory usage: total:129142.02 MB - used: 39198.65 MB (30%) - free: 89943.37 MB (70%)
[1584255600] CURRENT SERVICE STATE: WINV-104;OS Drive Space;OK;HARD;1;c:\ - total: 68.27 Gb - used: 48.05 Gb (70%) - free 20.21 Gb (30%)
[1584255600] CURRENT SERVICE STATE: WINV-104;Uptime;OK;HARD;1;System Uptime - 170 day(s) 13 hour(s) 18 minute(s)
[1584255600] CURRENT SERVICE STATE: WINV-105;CPU Load;OK;HARD;1;CPU Load 0% (5 min average)
[1584255600] CURRENT SERVICE STATE: WINV-105;Data Drive Space;OK;HARD;1;d:\ - total: 931.32 Gb - used: 559.91 Gb (60%) - free 371.41 Gb (40%)
[1584255600] CURRENT SERVICE STATE: WINV-105;Memory Usage;OK;HARD;1;Memory usage: total:98284.48 MB - used: 37963.39 MB (39%) - free: 60321.09 MB (61%)
[1584255600] CURRENT SERVICE STATE: WINV-105;OS Drive Space;OK;HARD;1;c:\ - total: 231.90 Gb - used: 96.91 Gb (42%) - free 134.98 Gb (58%)
[1584255600] CURRENT SERVICE STATE: WINV-105;Uptime;OK;HARD;1;System Uptime - 334 day(s) 15 hour(s) 24 minute(s)
[1584255600] CURRENT SERVICE STATE: WINV-106;CPU Load;OK;HARD;1;CPU Load 6% (5 min average)
[1584255600] CURRENT SERVICE STATE: WINV-106;Data Drive Space;OK;HARD;1;d:\ - total: 931.32 Gb - used: 595.91 Gb (64%) - free 335.41 Gb (36%)
[1584255600] CURRENT SERVICE STATE: WINV-106;Memory Usage;OK;HARD;1;Memory usage: total:149142.26 MB - used: 40868.29 MB (27%) - free: 108273.97 MB (73%)
[1584255600] CURRENT SERVICE STATE: WINV-106;OS Drive Space;OK;HARD;1;c:\ - total: 67.89 Gb - used: 41.39 Gb (61%) - free 26.49 Gb (39%)
[1584255600] CURRENT SERVICE STATE: WINV-106;Uptime;OK;HARD;1;System Uptime - 80 day(s) 23 hour(s) 43 minute(s)
[1584255600] CURRENT SERVICE STATE: WINV-107;CPU Load;OK;HARD;1;CPU Load 14% (5 min average)
[1584255600] CURRENT SERVICE STATE: WINV-107;Data Drive Space;OK;HARD;1;d:\ - total: 931.51 Gb - used: 700.99 Gb (75%) - free 230.52 Gb (25%)
[1584255600] CURRENT SERVICE STATE: WINV-107;Memory Usage;OK;HARD;1;Memory usage: total:147777.36 MB - used: 39658.68 MB (27%) - free: 108118.68 MB (73%)
[1584255600] CURRENT SERVICE STATE: WINV-107;OS Drive Space;OK;HARD;1;c:\ - total: 67.45 Gb - used: 42.74 Gb (63%) - free 24.71 Gb (37%)
[1584255600] CURRENT SERVICE STATE: WINV-107;Uptime;OK;HARD;1;System Uptime - 11 day(s) 22 hour(s) 9 minute(s)
[1584255600] CURRENT SERVICE STATE: WINV-108;CPU Load;OK;HARD;1;CPU Load 12% (5 min average)
[1584255600] CURRENT SERVICE STATE: WINV-108;Data Drive Space;OK;HARD;1;d:\ - total: 931.32 Gb - used: 527.84 Gb (57%) - free 403.48 Gb (43%)
[1584255600] CURRENT SERVICE STATE: WINV-108;Memory Usage;OK;HARD;1;Memory usage: total:160950.28 MB - used: 39693.17 MB (25%) - free: 121257.10 MB (75%)
[1584255600] CURRENT SERVICE STATE: WINV-108;OS Drive Space;OK;HARD;1;c:\ - total: 67.89 Gb - used: 49.58 Gb (73%) - free 18.30 Gb (27%)
[1584255600] CURRENT SERVICE STATE: WINV-108;Uptime;OK;HARD;1;System Uptime - 473 day(s) 15 hour(s) 0 minute(s)
[1584255600] CURRENT SERVICE STATE: WINV-110;CPU Load;OK;HARD;1;CPU Load 0% (5 min average)
[1584255600] CURRENT SERVICE STATE: WINV-110;Data Drive Space;WARNING;HARD;3;d:\ - total: 931.32 Gb - used: 766.94 Gb (82%) - free 164.38 Gb (18%)
[1584255600] CURRENT SERVICE STATE: WINV-110;Memory Usage;OK;HARD;1;Memory usage: total:104565.75 MB - used: 16544.56 MB (16%) - free: 88021.19 MB (84%)
[1584255600] CURRENT SERVICE STATE: WINV-110;OS Drive Space;OK;HARD;1;c:\ - total: 67.89 Gb - used: 41.63 Gb (61%) - free 26.26 Gb (39%)
[1584255600] CURRENT SERVICE STATE: WINV-110;Uptime;OK;HARD;1;System Uptime - 93 day(s) 0 hour(s) 21 minute(s)
[1584255600] CURRENT SERVICE STATE: WINV-111;CPU Load;OK;HARD;1;CPU Load 0% (5 min average)
[1584255600] CURRENT SERVICE STATE: WINV-111;Data Drive Space;OK;HARD;1;d:\ - total: 931.22 Gb - used: 609.52 Gb (65%) - free 321.70 Gb (35%)
[1584255600] CURRENT SERVICE STATE: WINV-111;Memory Usage;OK;HARD;1;Memory usage: total:70469.53 MB - used: 12994.88 MB (18%) - free: 57474.65 MB (82%)
[1584255600] CURRENT SERVICE STATE: WINV-111;OS Drive Space;OK;HARD;1;c:\ - total: 67.89 Gb - used: 31.28 Gb (46%) - free 36.61 Gb (54%)
[1584255600] CURRENT SERVICE STATE: WINV-111;Uptime;OK;HARD;1;System Uptime - 234 day(s) 13 hour(s) 32 minute(s)
[1584255600] CURRENT SERVICE STATE: WINV-112;CPU Load;OK;HARD;1;CPU Load 0% (5 min average)
[1584255600] CURRENT SERVICE STATE: WINV-112;Data Drive Space;OK;HARD;1;d:\ - total: 931.51 Gb - used: 434.89 Gb (47%) - free 496.62 Gb (53%)
[1584255600] CURRENT SERVICE STATE: WINV-112;Memory Usage;OK;HARD;1;Memory usage: total:40939.93 MB - used: 14261.66 MB (35%) - free: 26678.27 MB (65%)
[1584255600] CURRENT SERVICE STATE: WINV-112;OS Drive Space;OK;HARD;1;c:\ - total: 278.36 Gb - used: 69.94 Gb (25%) - free 208.43 Gb (75%)
[1584255600] CURRENT SERVICE STATE: WINV-112;Uptime;OK;HARD;1;System Uptime - 173 day(s) 12 hour(s) 11 minute(s)
[1584255600] CURRENT SERVICE STATE: vapps-100;/mnt/data01 Partition;OK;HARD;1;/mnt/data01 is at 44% capacity, 226G of 551G
[1584255600] CURRENT SERVICE STATE: vapps-100;Current Load;OK;HARD;1;OK - load average: 0.16, 0.22, 0.18
[1584255600] CURRENT SERVICE STATE: vapps-100;Current Users;OK;HARD;1;USERS OK - 3 users currently logged in
[1584255600] CURRENT SERVICE STATE: vapps-100;PING;OK;HARD;1;PING OK - Packet loss = 0%, RTA = 0.06 ms
[1584255600] CURRENT SERVICE STATE: vapps-100;Root Partition;OK;HARD;1;/ is at 13% capacity, 64G of 550G
[1584255600] CURRENT SERVICE STATE: vapps-100;SSH;OK;HARD;1;SSH OK - OpenSSH_7.2p2 Ubuntu-4ubuntu2.6 (protocol 2.0)
[1584255600] CURRENT SERVICE STATE: vapps-100;Swap Usage;OK;HARD;1;SWAP OK - 85% free (9440 MB out of 11214 MB)
[1584255600] CURRENT SERVICE STATE: vapps-100;Total Processes;OK;HARD;1;PROCS OK: 221 processes with STATE = RSZDT
[1584255600] CURRENT SERVICE STATE: vapps-109;/mnt/data01 Partition;OK;HARD;1;/mnt/data01 is at 62% capacity, 539G of 917G
[1584255600] CURRENT SERVICE STATE: vapps-109;Current Load;OK;HARD;1;OK - load average: 0.00, 0.00, 0.00
[1584255600] CURRENT SERVICE STATE: vapps-109;Current Users;OK;HARD;1;USERS OK - 1 users currently logged in
[1584255600] CURRENT SERVICE STATE: vapps-109;PING;OK;HARD;1;PING OK - Packet loss = 0%, RTA = 0.04 ms
[1584255600] CURRENT SERVICE STATE: vapps-109;Root Partition;OK;HARD;1;/ is at 45% capacity, 18G of 43G
[1584255600] CURRENT SERVICE STATE: vapps-109;SSH;OK;HARD;1;SSH OK - OpenSSH_7.2p2 Ubuntu-4ubuntu2.8 (protocol 2.0)
[1584255600] CURRENT SERVICE STATE: vapps-109;Swap Usage;OK;HARD;1;SWAP OK - 100% free (24408 MB out of 24567 MB)
[1584255600] CURRENT SERVICE STATE: vapps-109;Total Processes;OK;HARD;1;PROCS OK: 180 processes with STATE = RSZDT
[1584255600] CURRENT SERVICE STATE: vdb-100;/mnt/data01 Partition;OK;HARD;1;/mnt/data01 is at 77% capacity, 2.7T of 3.7T
[1584255600] CURRENT SERVICE STATE: vdb-100;Current Load;OK;HARD;1;OK - load average: 0.00, 0.00, 0.00
[1584255600] CURRENT SERVICE STATE: vdb-100;Current Users;OK;HARD;1;USERS OK - 1 users currently logged in
[1584255600] CURRENT SERVICE STATE: vdb-100;PING;OK;HARD;1;PING OK - Packet loss = 0%, RTA = 0.05 ms
[1584255600] CURRENT SERVICE STATE: vdb-100;Root Partition;OK;HARD;1;/ is at 35% capacity, 30G of 91G
[1584255600] CURRENT SERVICE STATE: vdb-100;SSH;OK;HARD;1;SSH OK - OpenSSH_7.2p2 Ubuntu-4ubuntu2.6 (protocol 2.0)
[1584255600] CURRENT SERVICE STATE: vdb-100;Swap Usage;OK;HARD;1;SWAP OK - 91% free (19363 MB out of 21455 MB)
[1584255600] CURRENT SERVICE STATE: vdb-100;Total Processes;OK;HARD;1;PROCS OK: 182 processes with STATE = RSZDT
[1584255600] CURRENT SERVICE STATE: vdb-101;/mnt/data01 Partition;CRITICAL;HARD;4;/mnt/data01 is at 92% capacity! 3.2T of 3.6T
[1584255600] CURRENT SERVICE STATE: vdb-101;Current Load;OK;HARD;1;OK - load average: 0.00, 0.00, 0.00
[1584255600] CURRENT SERVICE STATE: vdb-101;Current Users;OK;HARD;1;USERS OK - 0 users currently logged in
[1584255600] CURRENT SERVICE STATE: vdb-101;PING;OK;HARD;1;PING OK - Packet loss = 0%, RTA = 0.04 ms
[1584255600] CURRENT SERVICE STATE: vdb-101;Root Partition;OK;HARD;1;/ is at 25% capacity, 42G of 183G
[1584255600] CURRENT SERVICE STATE: vdb-101;SSH;OK;HARD;1;SSH OK - OpenSSH_7.2p2 Ubuntu-4ubuntu2.4 (protocol 2.0)
[1584255600] CURRENT SERVICE STATE: vdb-101;Swap Usage;OK;HARD;1;SWAP OK - 54% free (11495 MB out of 21455 MB)
[1584255600] CURRENT SERVICE STATE: vdb-101;Total Processes;OK;HARD;1;PROCS OK: 151 processes with STATE = RSZDT
[1584255600] CURRENT SERVICE STATE: vdb-103;/mnt/data01 Partition;OK;HARD;1;/mnt/data01 is at 58% capacity, 4.0T of 7.3T
[1584255600] CURRENT SERVICE STATE: vdb-103;Current Load;OK;HARD;1;OK - load average: 0.00, 0.00, 0.00
[1584255600] CURRENT SERVICE STATE: vdb-103;Current Users;OK;HARD;1;USERS OK - 1 users currently logged in
[1584255600] CURRENT SERVICE STATE: vdb-103;PING;OK;HARD;1;PING OK - Packet loss = 0%, RTA = 0.06 ms
[1584255600] CURRENT SERVICE STATE: vdb-103;Root Partition;OK;HARD;1;/ is at 35% capacity, 151G of 457G
[1584255600] CURRENT SERVICE STATE: vdb-103;SSH;OK;HARD;1;SSH OK - OpenSSH_7.6p1 Ubuntu-4ubuntu0.2 (protocol 2.0)
[1584255600] CURRENT SERVICE STATE: vdb-103;Swap Usage;CRITICAL;HARD;4;SWAP CRITICAL - 1% free (0 MB out of 2047 MB)
[1584255600] CURRENT SERVICE STATE: vdb-103;Total Processes;OK;HARD;1;PROCS OK: 180 processes with STATE = RSZDT
[1584255600] CURRENT SERVICE STATE: vdb-staging;/mnt/data01 Partition;OK;HARD;1;/mnt/data01 is at 64% capacity, 5.5T of 9.1T
[1584255600] CURRENT SERVICE STATE: vdb-staging;Current Load;OK;HARD;1;OK - load average: 0.00, 0.00, 0.00
[1584255600] CURRENT SERVICE STATE: vdb-staging;Current Users;OK;HARD;1;USERS OK - 1 users currently logged in
[1584255600] CURRENT SERVICE STATE: vdb-staging;PING;OK;HARD;1;PING OK - Packet loss = 0%, RTA = 0.04 ms
[1584255600] CURRENT SERVICE STATE: vdb-staging;Root Partition;OK;HARD;1;/ is at 9% capacity, 150G of 1.8T
[1584255600] CURRENT SERVICE STATE: vdb-staging;SSH;OK;HARD;1;SSH OK - OpenSSH_7.2p2 Ubuntu-4ubuntu2.4 (protocol 2.0)
[1584255600] CURRENT SERVICE STATE: vdb-staging;Swap Usage;OK;HARD;1;SWAP OK - 84% free (86835 MB out of 103375 MB)
[1584255600] CURRENT SERVICE STATE: vdb-staging;Total Processes;OK;HARD;1;PROCS OK: 151 processes with STATE = RSZDT
[1584255600] CURRENT SERVICE STATE: vinfra-200;/mnt/data01 Partition;OK;HARD;1;/mnt/data is at 11% capacity, 96G of 917G
[1584255600] CURRENT SERVICE STATE: vinfra-200;Current Load;OK;HARD;1;OK - load average: 0.72, 0.90, 1.00
[1584255600] CURRENT SERVICE STATE: vinfra-200;Current Users;OK;HARD;1;USERS OK - 1 users currently logged in
[1584255600] CURRENT SERVICE STATE: vinfra-200;MySQL Connection Time;OK;HARD;1;OK - 0.01 seconds to connect as nagios
[1584255600] CURRENT SERVICE STATE: vinfra-200;MySQL Uptime;OK;HARD;1;OK - database is up since 36012 minutes
[1584255600] CURRENT SERVICE STATE: vinfra-200;PING;OK;HARD;1;PING OK - Packet loss = 0%, RTA = 0.07 ms
[1584255600] CURRENT SERVICE STATE: vinfra-200;Root Partition;OK;HARD;1;/ is at 59% capacity, 102G of 182G
[1584255600] CURRENT SERVICE STATE: vinfra-200;SSH;OK;HARD;1;SSH OK - OpenSSH_7.2p2 Ubuntu-4ubuntu2.6 (protocol 2.0)
[1584255600] CURRENT SERVICE STATE: vinfra-200;Swap Usage;WARNING;HARD;4;SWAP WARNING - 13% free (119 MB out of 975 MB)
[1584255600] CURRENT SERVICE STATE: vinfra-200;Total Processes;OK;HARD;1;PROCS OK: 155 processes with STATE = RSZDT
[1584255600] CURRENT SERVICE STATE: vinfra-200;VAULT;OK;HARD;1;OK - Vault is initialized, unsealed, and active
[1584255600] CURRENT SERVICE STATE: vonly-backup;/media/data Partition;OK;HARD;1;/media/data is at 87% capacity, 6.0T of 7.3T
[1584255600] CURRENT SERVICE STATE: vonly-backup;Current Load;OK;HARD;1;OK - load average: 0.63, 0.90, 0.78
[1584255600] CURRENT SERVICE STATE: vonly-backup;Current Users;OK;HARD;1;USERS OK - 0 users currently logged in
[1584255600] CURRENT SERVICE STATE: vonly-backup;PING;OK;HARD;1;PING OK - Packet loss = 0%, RTA = 0.06 ms
[1584255600] CURRENT SERVICE STATE: vonly-backup;Root Partition;OK;HARD;1;/ is at 47% capacity, 98G of 220G
[1584255600] CURRENT SERVICE STATE: vonly-backup;SSH;OK;HARD;1;SSH OK - OpenSSH_7.2p2 Ubuntu-4ubuntu2.8 (protocol 2.0)
[1584255600] CURRENT SERVICE STATE: vonly-backup;Swap Usage;OK;HARD;1;SWAP OK - 96% free (54419 MB out of 57111 MB)
[1584255600] CURRENT SERVICE STATE: vonly-backup;Total Processes;OK;HARD;1;PROCS OK: 225 processes with STATE = RSZDT
[1584255600] CURRENT SERVICE STATE: vonly-database;/media/data Partition;OK;HARD;1;/media/data is at 40% capacity, 1.4T of 3.6T
[1584255600] CURRENT SERVICE STATE: vonly-database;Current Load;OK;HARD;1;OK - load average: 0.00, 0.00, 0.00
[1584255600] CURRENT SERVICE STATE: vonly-database;Current Users;OK;HARD;1;USERS OK - 1 users currently logged in
[1584255600] CURRENT SERVICE STATE: vonly-database;PING;OK;HARD;1;PING OK - Packet loss = 0%, RTA = 0.04 ms
[1584255600] CURRENT SERVICE STATE: vonly-database;Root Partition;OK;HARD;1;/ is at 58% capacity, 120G of 220G
[1584255600] CURRENT SERVICE STATE: vonly-database;SSH;OK;HARD;1;SSH OK - OpenSSH_7.2p2 Ubuntu-4ubuntu2.8 (protocol 2.0)
[1584255600] CURRENT SERVICE STATE: vonly-database;Swap Usage;OK;HARD;1;SWAP OK - 56% free (31468 MB out of 57111 MB)
[1584255600] CURRENT SERVICE STATE: vonly-database;Total Processes;OK;HARD;1;PROCS OK: 147 processes with STATE = RSZDT
[1584255600] CURRENT SERVICE STATE: vonly-replica;/media/data Partition;OK;HARD;1;/media/data is at 73% capacity, 5.0T of 7.3T
[1584255600] CURRENT SERVICE STATE: vonly-replica;Current Load;OK;HARD;1;OK - load average: 0.33, 0.23, 0.13
[1584255600] CURRENT SERVICE STATE: vonly-replica;Current Users;OK;HARD;1;USERS OK - 0 users currently logged in
[1584255600] CURRENT SERVICE STATE: vonly-replica;PING;OK;HARD;1;PING OK - Packet loss = 0%, RTA = 0.05 ms
[1584255600] CURRENT SERVICE STATE: vonly-replica;Root Partition;OK;HARD;1;/ is at 31% capacity, 31G of 108G
[1584255600] CURRENT SERVICE STATE: vonly-replica;SSH;OK;HARD;1;SSH OK - OpenSSH_7.2p2 Ubuntu-4ubuntu2.2 (protocol 2.0)
[1584255600] CURRENT SERVICE STATE: vonly-replica;Swap Usage;OK;HARD;1;SWAP OK - 98% free (27216 MB out of 27876 MB)
[1584255600] CURRENT SERVICE STATE: vonly-replica;Total Processes;OK;HARD;1;PROCS OK: 94 processes with STATE = RSZDT
[1584255632] SERVICE ALERT: WINV-101;CPU Load;CRITICAL;SOFT;1;CPU Load 100% (5 min average)
[1584255721] SERVICE NOTIFICATION: jatin;vdb-101;/mnt/data01 Partition;CRITICAL;notify-service-by-email;/mnt/data01 is at 92% capacity! 3.2T of 3.6T
[1584255721] SERVICE NOTIFICATION: atul;vdb-101;/mnt/data01 Partition;CRITICAL;notify-service-by-email;/mnt/data01 is at 92% capacity! 3.2T of 3.6T
[1584255753] SERVICE ALERT: WINV-101;CPU Load;OK;SOFT;2;CPU Load 1% (5 min average)
[1584256226] Auto-save of retention data completed successfully.
[1584256567] SERVICE ALERT: WINV-102;CPU Load;CRITICAL;SOFT;1;CPU Load 93% (5 min average)
[1584256688] SERVICE ALERT: WINV-102;CPU Load;CRITICAL;SOFT;2;CPU Load 96% (5 min average)
[1584256691] SERVICE ALERT: vapps-100;Current Load;WARNING;SOFT;1;WARNING - load average: 16.39, 10.44, 5.10
[1584256751] SERVICE ALERT: vapps-100;Current Load;WARNING;SOFT;2;WARNING - load average: 20.26, 12.68, 6.20
[1584256808] SERVICE ALERT: WINV-102;CPU Load;OK;HARD;3;CPU Load 64% (5 min average)
[1584256811] SERVICE ALERT: vapps-100;Current Load;WARNING;SOFT;3;WARNING - load average: 25.18, 15.35, 7.52
[1584256871] SERVICE NOTIFICATION: jatin;vapps-100;Current Load;WARNING;notify-service-by-email;WARNING - load average: 27.85, 17.90, 8.89
[1584256871] SERVICE NOTIFICATION: atul;vapps-100;Current Load;WARNING;notify-service-by-email;WARNING - load average: 27.85, 17.90, 8.89
[1584256871] SERVICE ALERT: vapps-100;Current Load;WARNING;HARD;4;WARNING - load average: 27.85, 17.90, 8.89
[1584257075] SERVICE NOTIFICATION: jatin;WINV-103;OS Drive Space;WARNING;notify-service-by-email;c:\ - total: 68.27 Gb - used: 56.30 Gb (82%) - free 11.96 Gb (18%)
[1584257075] SERVICE NOTIFICATION: atul;WINV-103;OS Drive Space;WARNING;notify-service-by-email;c:\ - total: 68.27 Gb - used: 56.30 Gb (82%) - free 11.96 Gb (18%)
[1584257171] SERVICE NOTIFICATION: jatin;vapps-100;Current Load;CRITICAL;notify-service-by-email;CRITICAL - load average: 33.71, 27.07, 15.24
[1584257171] SERVICE NOTIFICATION: atul;vapps-100;Current Load;CRITICAL;notify-service-by-email;CRITICAL - load average: 33.71, 27.07, 15.24
[1584257171] SERVICE ALERT: vapps-100;Current Load;CRITICAL;HARD;4;CRITICAL - load average: 33.71, 27.07, 15.24
[1584257948] SERVICE ALERT: vinfra-200;Current Load;WARNING;SOFT;1;WARNING - load average: 12.65, 8.47, 5.99
[1584258008] SERVICE ALERT: vinfra-200;Current Load;WARNING;SOFT;2;WARNING - load average: 10.37, 8.54, 6.17
[1584258068] SERVICE ALERT: vinfra-200;Current Load;WARNING;SOFT;3;WARNING - load average: 7.47, 8.01, 6.13
[1584258121] SERVICE NOTIFICATION: jatin;vinfra-200;Swap Usage;CRITICAL;notify-service-by-email;SWAP CRITICAL - 8% free (73 MB out of 975 MB)
[1584258121] SERVICE NOTIFICATION: atul;vinfra-200;Swap Usage;CRITICAL;notify-service-by-email;SWAP CRITICAL - 8% free (73 MB out of 975 MB)
[1584258121] SERVICE ALERT: vinfra-200;Swap Usage;CRITICAL;HARD;4;SWAP CRITICAL - 8% free (73 MB out of 975 MB)
[1584258128] SERVICE NOTIFICATION: jatin;vinfra-200;Current Load;WARNING;notify-service-by-email;WARNING - load average: 7.16, 7.80, 6.18
[1584258128] SERVICE NOTIFICATION: atul;vinfra-200;Current Load;WARNING;notify-service-by-email;WARNING - load average: 7.16, 7.80, 6.18
[1584258128] SERVICE ALERT: vinfra-200;Current Load;WARNING;HARD;4;WARNING - load average: 7.16, 7.80, 6.18
[1584258600] SERVICE NOTIFICATION: jatin;WINV-110;Data Drive Space;WARNING;notify-service-by-email;d:\ - total: 931.32 Gb - used: 766.97 Gb (82%) - free 164.34 Gb (18%)
[1584258600] SERVICE NOTIFICATION: atul;WINV-110;Data Drive Space;WARNING;notify-service-by-email;d:\ - total: 931.32 Gb - used: 766.97 Gb (82%) - free 164.34 Gb (18%)
[1584259826] Auto-save of retention data completed successfully.
[1584261154] SERVICE NOTIFICATION: jatin;WINV-104;Data Drive Space;WARNING;notify-service-by-email;d:\ - total: 931.32 Gb - used: 755.20 Gb (81%) - free 176.12 Gb (19%)
[1584261154] SERVICE NOTIFICATION: atul;WINV-104;Data Drive Space;WARNING;notify-service-by-email;d:\ - total: 931.32 Gb - used: 755.20 Gb (81%) - free 176.12 Gb (19%)
[1584263426] Auto-save of retention data completed successfully.
[1584264035] SERVICE ALERT: WINV-104;CPU Load;WARNING;SOFT;1;CPU Load 88% (5 min average)
[1584264155] SERVICE ALERT: WINV-104;CPU Load;OK;SOFT;2;CPU Load 20% (5 min average)
[1584264360] SERVICE ALERT: vonly-replica;Current Load;WARNING;SOFT;1;WARNING - load average: 9.85, 11.27, 10.39
[1584264420] SERVICE ALERT: vonly-replica;Current Load;WARNING;SOFT;2;WARNING - load average: 8.69, 10.70, 10.25
[1584264480] SERVICE ALERT: vonly-replica;Current Load;WARNING;SOFT;3;WARNING - load average: 8.01, 10.18, 10.10
[1584264540] SERVICE ALERT: vonly-replica;Current Load;OK;HARD;4;OK - load average: 8.52, 9.81, 9.97
[1584264840] SERVICE ALERT: vonly-replica;Current Load;WARNING;SOFT;1;WARNING - load average: 15.47, 12.98, 11.26
[1584264901] SERVICE ALERT: vonly-replica;Current Load;WARNING;SOFT;2;WARNING - load average: 14.59, 13.16, 11.43
[1584264961] SERVICE ALERT: vonly-replica;Current Load;WARNING;SOFT;3;WARNING - load average: 13.11, 13.02, 11.49
[1584265021] SERVICE NOTIFICATION: jatin;vonly-replica;Current Load;WARNING;notify-service-by-email;WARNING - load average: 11.20, 12.48, 11.40
[1584265021] SERVICE NOTIFICATION: atul;vonly-replica;Current Load;WARNING;notify-service-by-email;WARNING - load average: 11.20, 12.48, 11.40
[1584265021] SERVICE ALERT: vonly-replica;Current Load;WARNING;HARD;4;WARNING - load average: 11.20, 12.48, 11.40
[1584266521] SERVICE NOTIFICATION: jatin;vdb-103;Swap Usage;CRITICAL;notify-service-by-email;SWAP CRITICAL - 1% free (0 MB out of 2047 MB)
[1584266521] SERVICE NOTIFICATION: atul;vdb-103;Swap Usage;CRITICAL;notify-service-by-email;SWAP CRITICAL - 1% free (0 MB out of 2047 MB)
[1584266554] SERVICE ALERT: WINV-107;CPU Load;CRITICAL;SOFT;1;CPU Load 100% (5 min average)
[1584266674] SERVICE ALERT: WINV-107;CPU Load;OK;SOFT;2;CPU Load 15% (5 min average)
[1584266821] SERVICE NOTIFICATION: jatin;vonly-replica;Current Load;OK;notify-service-by-email;OK - load average: 7.14, 8.59, 9.66
[1584266821] SERVICE NOTIFICATION: atul;vonly-replica;Current Load;OK;notify-service-by-email;OK - load average: 7.14, 8.59, 9.66
[1584266821] SERVICE ALERT: vonly-replica;Current Load;OK;HARD;4;OK - load average: 7.14, 8.59, 9.66
[1584267026] Auto-save of retention data completed successfully.
[1584268321] SERVICE NOTIFICATION: jatin;WINV-102;Data Drive Space;WARNING;notify-service-by-email;d:\ - total: 1862.64 Gb - used: 1525.25 Gb (82%) - free 337.39 Gb (18%)
[1584268321] SERVICE NOTIFICATION: atul;WINV-102;Data Drive Space;WARNING;notify-service-by-email;d:\ - total: 1862.64 Gb - used: 1525.25 Gb (82%) - free 337.39 Gb (18%)
[1584268355] SERVICE NOTIFICATION: jatin;WINV-101;Data Drive Space;WARNING;notify-service-by-email;d:\ - total: 931.32 Gb - used: 766.62 Gb (82%) - free 164.70 Gb (18%)
[1584268355] SERVICE NOTIFICATION: atul;WINV-101;Data Drive Space;WARNING;notify-service-by-email;d:\ - total: 931.32 Gb - used: 766.62 Gb (82%) - free 164.70 Gb (18%)
[1584268872] SERVICE NOTIFICATION: jatin;vapps-100;Current Load;WARNING;notify-service-by-email;WARNING - load average: 19.50, 14.50, 17.94
[1584268872] SERVICE NOTIFICATION: atul;vapps-100;Current Load;WARNING;notify-service-by-email;WARNING - load average: 19.50, 14.50, 17.94
[1584268872] SERVICE ALERT: vapps-100;Current Load;WARNING;HARD;4;WARNING - load average: 19.50, 14.50, 17.94
[1584269172] SERVICE NOTIFICATION: jatin;vapps-100;Current Load;CRITICAL;notify-service-by-email;CRITICAL - load average: 51.05, 36.26, 26.30
[1584269172] SERVICE NOTIFICATION: atul;vapps-100;Current Load;CRITICAL;notify-service-by-email;CRITICAL - load average: 51.05, 36.26, 26.30
[1584269172] SERVICE ALERT: vapps-100;Current Load;CRITICAL;HARD;4;CRITICAL - load average: 51.05, 36.26, 26.30
[1584270625] Auto-save of retention data completed successfully.
[1584271328] SERVICE NOTIFICATION: jatin;vinfra-200;Current Load;OK;notify-service-by-email;OK - load average: 1.02, 2.85, 4.52
[1584271328] SERVICE NOTIFICATION: atul;vinfra-200;Current Load;OK;notify-service-by-email;OK - load average: 1.02, 2.85, 4.52
[1584271328] SERVICE ALERT: vinfra-200;Current Load;OK;HARD;4;OK - load average: 1.02, 2.85, 4.52
[1584271475] SERVICE NOTIFICATION: jatin;WINV-103;OS Drive Space;WARNING;notify-service-by-email;c:\ - total: 68.27 Gb - used: 56.30 Gb (82%) - free 11.96 Gb (18%)
[1584271475] SERVICE NOTIFICATION: atul;WINV-103;OS Drive Space;WARNING;notify-service-by-email;c:\ - total: 68.27 Gb - used: 56.30 Gb (82%) - free 11.96 Gb (18%)
[1584271572] SERVICE NOTIFICATION: jatin;vapps-100;Current Load;WARNING;notify-service-by-email;WARNING - load average: 0.49, 5.35, 16.51
[1584271572] SERVICE NOTIFICATION: atul;vapps-100;Current Load;WARNING;notify-service-by-email;WARNING - load average: 0.49, 5.35, 16.51
[1584271572] SERVICE ALERT: vapps-100;Current Load;WARNING;HARD;4;WARNING - load average: 0.49, 5.35, 16.51
[1584272472] SERVICE FLAPPING ALERT: vapps-100;Current Load;STARTED; Service appears to have started flapping (21.6% change >= 20.0% threshold)
[1584272472] SERVICE NOTIFICATION: jatin;vapps-100;Current Load;FLAPPINGSTART (OK);notify-service-by-email;OK - load average: 0.03, 0.33, 6.32
[1584272472] SERVICE NOTIFICATION: atul;vapps-100;Current Load;FLAPPINGSTART (OK);notify-service-by-email;OK - load average: 0.03, 0.33, 6.32
[1584272472] SERVICE ALERT: vapps-100;Current Load;OK;HARD;4;OK - load average: 0.03, 0.33, 6.32
[1584272522] SERVICE NOTIFICATION: jatin;vinfra-200;Swap Usage;CRITICAL;notify-service-by-email;SWAP CRITICAL - 1% free (0 MB out of 975 MB)
[1584272522] SERVICE NOTIFICATION: atul;vinfra-200;Swap Usage;CRITICAL;notify-service-by-email;SWAP CRITICAL - 1% free (0 MB out of 975 MB)
[1584273000] SERVICE NOTIFICATION: jatin;WINV-110;Data Drive Space;WARNING;notify-service-by-email;d:\ - total: 931.32 Gb - used: 786.71 Gb (84%) - free 144.61 Gb (16%)
[1584273000] SERVICE NOTIFICATION: atul;WINV-110;Data Drive Space;WARNING;notify-service-by-email;d:\ - total: 931.32 Gb - used: 786.71 Gb (84%) - free 144.61 Gb (16%)
[1584274226] Auto-save of retention data completed successfully.
[1584275554] SERVICE NOTIFICATION: jatin;WINV-104;Data Drive Space;WARNING;notify-service-by-email;d:\ - total: 931.32 Gb - used: 755.27 Gb (81%) - free 176.05 Gb (19%)
[1584275554] SERVICE NOTIFICATION: atul;WINV-104;Data Drive Space;WARNING;notify-service-by-email;d:\ - total: 931.32 Gb - used: 755.27 Gb (81%) - free 176.05 Gb (19%)
[1584277572] SERVICE FLAPPING ALERT: vapps-100;Current Load;STOPPED; Service appears to have stopped flapping (4.0% change < 5.0% threshold)
[1584277572] SERVICE NOTIFICATION: jatin;vapps-100;Current Load;FLAPPINGSTOP (OK);notify-service-by-email;OK - load average: 0.07, 0.15, 0.22
[1584277572] SERVICE NOTIFICATION: atul;vapps-100;Current Load;FLAPPINGSTOP (OK);notify-service-by-email;OK - load average: 0.07, 0.15, 0.22
[1584277825] Auto-save of retention data completed successfully.
[1584280473] SERVICE ALERT: WINV-101;CPU Load;CRITICAL;SOFT;1;CPU Load 100% (5 min average)
[1584280593] SERVICE ALERT: WINV-101;CPU Load;CRITICAL;SOFT;2;CPU Load 100% (5 min average)
[1584280713] SERVICE NOTIFICATION: jatin;WINV-101;CPU Load;CRITICAL;notify-service-by-email;CPU Load 100% (5 min average)
[1584280713] SERVICE NOTIFICATION: atul;WINV-101;CPU Load;CRITICAL;notify-service-by-email;CPU Load 100% (5 min average)
[1584280713] SERVICE ALERT: WINV-101;CPU Load;CRITICAL;HARD;3;CPU Load 100% (5 min average)
[1584280921] SERVICE NOTIFICATION: jatin;vdb-103;Swap Usage;CRITICAL;notify-service-by-email;SWAP CRITICAL - 1% free (0 MB out of 2047 MB)
[1584280921] SERVICE NOTIFICATION: atul;vdb-103;Swap Usage;CRITICAL;notify-service-by-email;SWAP CRITICAL - 1% free (0 MB out of 2047 MB)
[1584281075] SERVICE NOTIFICATION: jatin;WINV-103;OS Drive Space;OK;notify-service-by-email;c:\ - total: 68.27 Gb - used: 48.01 Gb (70%) - free 20.25 Gb (30%)
[1584281075] SERVICE NOTIFICATION: atul;WINV-103;OS Drive Space;OK;notify-service-by-email;c:\ - total: 68.27 Gb - used: 48.01 Gb (70%) - free 20.25 Gb (30%)
[1584281075] SERVICE ALERT: WINV-103;OS Drive Space;OK;HARD;3;c:\ - total: 68.27 Gb - used: 48.01 Gb (70%) - free 20.25 Gb (30%)
[1584281313] SERVICE NOTIFICATION: jatin;WINV-101;CPU Load;OK;notify-service-by-email;CPU Load 8% (5 min average)
[1584281313] SERVICE NOTIFICATION: atul;WINV-101;CPU Load;OK;notify-service-by-email;CPU Load 8% (5 min average)
[1584281313] SERVICE ALERT: WINV-101;CPU Load;OK;HARD;3;CPU Load 8% (5 min average)
[1584281426] Auto-save of retention data completed successfully.
[1584282721] SERVICE NOTIFICATION: jatin;WINV-102;Data Drive Space;WARNING;notify-service-by-email;d:\ - total: 1862.64 Gb - used: 1525.25 Gb (82%) - free 337.38 Gb (18%)
[1584282721] SERVICE NOTIFICATION: atul;WINV-102;Data Drive Space;WARNING;notify-service-by-email;d:\ - total: 1862.64 Gb - used: 1525.25 Gb (82%) - free 337.38 Gb (18%)
[1584282755] SERVICE NOTIFICATION: jatin;WINV-101;Data Drive Space;WARNING;notify-service-by-email;d:\ - total: 931.32 Gb - used: 766.81 Gb (82%) - free 164.51 Gb (18%)
[1584282755] SERVICE NOTIFICATION: atul;WINV-101;Data Drive Space;WARNING;notify-service-by-email;d:\ - total: 931.32 Gb - used: 766.81 Gb (82%) - free 164.51 Gb (18%)
[1584285025] Auto-save of retention data completed successfully.
[1584286922] SERVICE NOTIFICATION: jatin;vinfra-200;Swap Usage;CRITICAL;notify-service-by-email;SWAP CRITICAL - 1% free (0 MB out of 975 MB)
[1584286922] SERVICE NOTIFICATION: atul;vinfra-200;Swap Usage;CRITICAL;notify-service-by-email;SWAP CRITICAL - 1% free (0 MB out of 975 MB)
[1584287400] SERVICE NOTIFICATION: jatin;WINV-110;Data Drive Space;WARNING;notify-service-by-email;d:\ - total: 931.32 Gb - used: 804.27 Gb (86%) - free 127.05 Gb (14%)
[1584287400] SERVICE NOTIFICATION: atul;WINV-110;Data Drive Space;WARNING;notify-service-by-email;d:\ - total: 931.32 Gb - used: 804.27 Gb (86%) - free 127.05 Gb (14%)
[1584288626] Auto-save of retention data completed successfully.
[1584289954] SERVICE NOTIFICATION: jatin;WINV-104;Data Drive Space;WARNING;notify-service-by-email;d:\ - total: 931.32 Gb - used: 755.28 Gb (81%) - free 176.04 Gb (19%)
[1584289954] SERVICE NOTIFICATION: atul;WINV-104;Data Drive Space;WARNING;notify-service-by-email;d:\ - total: 931.32 Gb - used: 755.28 Gb (81%) - free 176.04 Gb (19%)
[1584292225] Auto-save of retention data completed successfully.
[1584295321] SERVICE NOTIFICATION: jatin;vdb-103;Swap Usage;CRITICAL;notify-service-by-email;SWAP CRITICAL - 1% free (0 MB out of 2047 MB)
[1584295321] SERVICE NOTIFICATION: atul;vdb-103;Swap Usage;CRITICAL;notify-service-by-email;SWAP CRITICAL - 1% free (0 MB out of 2047 MB)
[1584295826] Auto-save of retention data completed successfully.
[1584297121] SERVICE NOTIFICATION: jatin;WINV-102;Data Drive Space;WARNING;notify-service-by-email;d:\ - total: 1862.64 Gb - used: 1525.26 Gb (82%) - free 337.38 Gb (18%)
[1584297121] SERVICE NOTIFICATION: atul;WINV-102;Data Drive Space;WARNING;notify-service-by-email;d:\ - total: 1862.64 Gb - used: 1525.26 Gb (82%) - free 337.38 Gb (18%)
[1584297155] SERVICE NOTIFICATION: jatin;WINV-101;Data Drive Space;WARNING;notify-service-by-email;d:\ - total: 931.32 Gb - used: 766.81 Gb (82%) - free 164.50 Gb (18%)
[1584297155] SERVICE NOTIFICATION: atul;WINV-101;Data Drive Space;WARNING;notify-service-by-email;d:\ - total: 931.32 Gb - used: 766.81 Gb (82%) - free 164.50 Gb (18%)
[1584298921] SERVICE NOTIFICATION: jatin;vdb-101;/mnt/data01 Partition;CRITICAL;notify-service-by-email;/mnt/data01 is at 92% capacity! 3.2T of 3.6T
[1584298921] SERVICE NOTIFICATION: atul;vdb-101;/mnt/data01 Partition;CRITICAL;notify-service-by-email;/mnt/data01 is at 92% capacity! 3.2T of 3.6T
[1584299426] Auto-save of retention data completed successfully.
[1584301621] SERVICE NOTIFICATION: jatin;vinfra-200;Swap Usage;CRITICAL;notify-service-by-email;SWAP CRITICAL - 1% free (0 MB out of 975 MB)
[1584301621] SERVICE NOTIFICATION: atul;vinfra-200;Swap Usage;CRITICAL;notify-service-by-email;SWAP CRITICAL - 1% free (0 MB out of 975 MB)
[1584301800] SERVICE NOTIFICATION: jatin;WINV-110;Data Drive Space;WARNING;notify-service-by-email;d:\ - total: 931.32 Gb - used: 764.88 Gb (82%) - free 166.44 Gb (18%)
[1584301800] SERVICE NOTIFICATION: atul;WINV-110;Data Drive Space;WARNING;notify-service-by-email;d:\ - total: 931.32 Gb - used: 764.88 Gb (82%) - free 166.44 Gb (18%)
[1584303026] Auto-save of retention data completed successfully.
[1584304354] SERVICE NOTIFICATION: jatin;WINV-104;Data Drive Space;WARNING;notify-service-by-email;d:\ - total: 931.32 Gb - used: 756.72 Gb (81%) - free 174.60 Gb (19%)
[1584304354] SERVICE NOTIFICATION: atul;WINV-104;Data Drive Space;WARNING;notify-service-by-email;d:\ - total: 931.32 Gb - used: 756.72 Gb (81%) - free 174.60 Gb (19%)
[1584306626] Auto-save of retention data completed successfully.
[1584309721] SERVICE NOTIFICATION: jatin;vdb-103;Swap Usage;CRITICAL;notify-service-by-email;SWAP CRITICAL - 1% free (0 MB out of 2047 MB)
[1584309721] SERVICE NOTIFICATION: atul;vdb-103;Swap Usage;CRITICAL;notify-service-by-email;SWAP CRITICAL - 1% free (0 MB out of 2047 MB)
[1584310226] Auto-save of retention data completed successfully.
[1584311521] SERVICE NOTIFICATION: jatin;WINV-102;Data Drive Space;WARNING;notify-service-by-email;d:\ - total: 1862.64 Gb - used: 1525.83 Gb (82%) - free 336.81 Gb (18%)
[1584311521] SERVICE NOTIFICATION: atul;WINV-102;Data Drive Space;WARNING;notify-service-by-email;d:\ - total: 1862.64 Gb - used: 1525.83 Gb (82%) - free 336.81 Gb (18%)
[1584311555] SERVICE NOTIFICATION: jatin;WINV-101;Data Drive Space;WARNING;notify-service-by-email;d:\ - total: 931.32 Gb - used: 766.81 Gb (82%) - free 164.50 Gb (18%)
[1584311555] SERVICE NOTIFICATION: atul;WINV-101;Data Drive Space;WARNING;notify-service-by-email;d:\ - total: 931.32 Gb - used: 766.81 Gb (82%) - free 164.50 Gb (18%)
[1584313331] SERVICE ALERT: WINV-101;Uptime;WARNING;SOFT;1;No data was received from host!
[1584313331] SERVICE ALERT: WINV-101;Memory Usage;WARNING;SOFT;1;No data was received from host!
[1584313451] SERVICE ALERT: WINV-101;Uptime;OK;SOFT;2;System Uptime - 10 day(s) 16 hour(s) 43 minute(s)
[1584313451] SERVICE ALERT: WINV-101;Memory Usage;OK;SOFT;2;Memory usage: total:98284.48 MB - used: 43854.54 MB (45%) - free: 54429.94 MB (55%)
[1584313826] Auto-save of retention data completed successfully.
[1584314772] SERVICE ALERT: vapps-100;Current Load;CRITICAL;SOFT;1;CRITICAL - load average: 52.16, 28.71, 14.26
[1584314832] SERVICE ALERT: vapps-100;Current Load;CRITICAL;SOFT;2;CRITICAL - load average: 37.03, 29.08, 15.32
[1584314892] SERVICE ALERT: vapps-100;Current Load;WARNING;SOFT;3;WARNING - load average: 17.31, 24.85, 14.72
[1584314952] SERVICE NOTIFICATION: jatin;vapps-100;Current Load;WARNING;notify-service-by-email;WARNING - load average: 9.16, 21.30, 14.15
[1584314952] SERVICE NOTIFICATION: atul;vapps-100;Current Load;WARNING;notify-service-by-email;WARNING - load average: 9.16, 21.30, 14.15
[1584314952] SERVICE ALERT: vapps-100;Current Load;WARNING;HARD;4;WARNING - load average: 9.16, 21.30, 14.15
[1584315852] SERVICE NOTIFICATION: jatin;vapps-100;Current Load;OK;notify-service-by-email;OK - load average: 0.69, 1.83, 6.09
[1584315852] SERVICE NOTIFICATION: atul;vapps-100;Current Load;OK;notify-service-by-email;OK - load average: 0.69, 1.83, 6.09
[1584315852] SERVICE ALERT: vapps-100;Current Load;OK;HARD;4;OK - load average: 0.69, 1.83, 6.09
[1584316021] SERVICE NOTIFICATION: jatin;vinfra-200;Swap Usage;CRITICAL;notify-service-by-email;SWAP CRITICAL - 1% free (0 MB out of 975 MB)
[1584316021] SERVICE NOTIFICATION: atul;vinfra-200;Swap Usage;CRITICAL;notify-service-by-email;SWAP CRITICAL - 1% free (0 MB out of 975 MB)
[1584316200] SERVICE NOTIFICATION: jatin;WINV-110;Data Drive Space;WARNING;notify-service-by-email;d:\ - total: 931.32 Gb - used: 764.88 Gb (82%) - free 166.44 Gb (18%)
[1584316200] SERVICE NOTIFICATION: atul;WINV-110;Data Drive Space;WARNING;notify-service-by-email;d:\ - total: 931.32 Gb - used: 764.88 Gb (82%) - free 166.44 Gb (18%)
[1584316753] SERVICE ALERT: vapps-100;Current Load;WARNING;SOFT;1;WARNING - load average: 12.86, 11.29, 8.58
[1584316813] SERVICE ALERT: vapps-100;Current Load;WARNING;SOFT;2;WARNING - load average: 18.89, 13.56, 9.55
[1584316873] SERVICE ALERT: vapps-100;Current Load;WARNING;SOFT;3;WARNING - load average: 23.09, 15.72, 10.55
[1584316933] SERVICE NOTIFICATION: jatin;vapps-100;Current Load;WARNING;notify-service-by-email;WARNING - load average: 22.40, 16.76, 11.23
[1584316933] SERVICE NOTIFICATION: atul;vapps-100;Current Load;WARNING;notify-service-by-email;WARNING - load average: 22.40, 16.76, 11.23
[1584316933] SERVICE ALERT: vapps-100;Current Load;WARNING;HARD;4;WARNING - load average: 22.40, 16.76, 11.23
[1584317228] SERVICE ALERT: vinfra-200;Current Load;WARNING;SOFT;1;WARNING - load average: 6.80, 7.06, 5.19
[1584317233] SERVICE FLAPPING ALERT: vapps-100;Current Load;STARTED; Service appears to have started flapping (23.4% change >= 20.0% threshold)
[1584317233] SERVICE NOTIFICATION: jatin;vapps-100;Current Load;FLAPPINGSTART (CRITICAL);notify-service-by-email;CRITICAL - load average: 34.03, 25.50, 16.31
[1584317233] SERVICE NOTIFICATION: atul;vapps-100;Current Load;FLAPPINGSTART (CRITICAL);notify-service-by-email;CRITICAL - load average: 34.03, 25.50, 16.31
[1584317233] SERVICE ALERT: vapps-100;Current Load;CRITICAL;HARD;4;CRITICAL - load average: 34.03, 25.50, 16.31
[1584317288] SERVICE ALERT: vinfra-200;Current Load;WARNING;SOFT;2;WARNING - load average: 4.71, 6.43, 5.09
[1584317348] SERVICE ALERT: vinfra-200;Current Load;WARNING;SOFT;3;WARNING - load average: 4.66, 6.10, 5.06
[1584317408] SERVICE NOTIFICATION: jatin;vinfra-200;Current Load;WARNING;notify-service-by-email;WARNING - load average: 7.59, 6.82, 5.38
[1584317408] SERVICE NOTIFICATION: atul;vinfra-200;Current Load;WARNING;notify-service-by-email;WARNING - load average: 7.59, 6.82, 5.38
[1584317408] SERVICE ALERT: vinfra-200;Current Load;WARNING;HARD;4;WARNING - load average: 7.59, 6.82, 5.38
[1584317425] Auto-save of retention data completed successfully.
[1584318754] SERVICE NOTIFICATION: jatin;WINV-104;Data Drive Space;WARNING;notify-service-by-email;d:\ - total: 931.32 Gb - used: 756.72 Gb (81%) - free 174.60 Gb (19%)
[1584318754] SERVICE NOTIFICATION: atul;WINV-104;Data Drive Space;WARNING;notify-service-by-email;d:\ - total: 931.32 Gb - used: 756.72 Gb (81%) - free 174.60 Gb (19%)
[1584321026] Auto-save of retention data completed successfully.
[1584321608] SERVICE ALERT: WINV-102;CPU Load;WARNING;SOFT;1;CPU Load 89% (5 min average)
[1584321728] SERVICE ALERT: WINV-102;CPU Load;OK;SOFT;2;CPU Load 23% (5 min average)
[1584321733] SERVICE ALERT: vapps-100;Current Load;WARNING;HARD;4;WARNING - load average: 6.52, 9.56, 16.71
[1584321908] SERVICE NOTIFICATION: jatin;vinfra-200;Current Load;OK;notify-service-by-email;OK - load average: 5.56, 4.22, 4.86
[1584321908] SERVICE NOTIFICATION: atul;vinfra-200;Current Load;OK;notify-service-by-email;OK - load average: 5.56, 4.22, 4.86
[1584321908] SERVICE ALERT: vinfra-200;Current Load;OK;HARD;4;OK - load average: 5.56, 4.22, 4.86
[1584322200] SERVICE NOTIFICATION: jatin;WINV-110;Data Drive Space;OK;notify-service-by-email;d:\ - total: 931.32 Gb - used: 743.31 Gb (80%) - free 188.00 Gb (20%)
[1584322200] SERVICE NOTIFICATION: atul;WINV-110;Data Drive Space;OK;notify-service-by-email;d:\ - total: 931.32 Gb - used: 743.31 Gb (80%) - free 188.00 Gb (20%)
[1584322200] SERVICE ALERT: WINV-110;Data Drive Space;OK;HARD;3;d:\ - total: 931.32 Gb - used: 743.31 Gb (80%) - free 188.00 Gb (20%)
[1584323233] SERVICE ALERT: vapps-100;Current Load;OK;HARD;4;OK - load average: 2.97, 4.28, 7.03
[1584324121] SERVICE NOTIFICATION: jatin;vdb-103;Swap Usage;CRITICAL;notify-service-by-email;SWAP CRITICAL - 1% free (0 MB out of 2047 MB)
[1584324121] SERVICE NOTIFICATION: atul;vdb-103;Swap Usage;CRITICAL;notify-service-by-email;SWAP CRITICAL - 1% free (0 MB out of 2047 MB)
[1584324625] Auto-save of retention data completed successfully.
[1584325921] SERVICE NOTIFICATION: jatin;WINV-102;Data Drive Space;WARNING;notify-service-by-email;d:\ - total: 1862.64 Gb - used: 1526.79 Gb (82%) - free 335.85 Gb (18%)
[1584325921] SERVICE NOTIFICATION: atul;WINV-102;Data Drive Space;WARNING;notify-service-by-email;d:\ - total: 1862.64 Gb - used: 1526.79 Gb (82%) - free 335.85 Gb (18%)
[1584325955] SERVICE NOTIFICATION: jatin;WINV-101;Data Drive Space;WARNING;notify-service-by-email;d:\ - total: 931.32 Gb - used: 767.22 Gb (82%) - free 164.10 Gb (18%)
[1584325955] SERVICE NOTIFICATION: atul;WINV-101;Data Drive Space;WARNING;notify-service-by-email;d:\ - total: 931.32 Gb - used: 767.22 Gb (82%) - free 164.10 Gb (18%)
[1584327733] SERVICE FLAPPING ALERT: vapps-100;Current Load;STOPPED; Service appears to have stopped flapping (4.3% change < 5.0% threshold)
[1584327733] SERVICE NOTIFICATION: jatin;vapps-100;Current Load;FLAPPINGSTOP (OK);notify-service-by-email;OK - load average: 1.30, 1.27, 1.07
[1584327733] SERVICE NOTIFICATION: atul;vapps-100;Current Load;FLAPPINGSTOP (OK);notify-service-by-email;OK - load average: 1.30, 1.27, 1.07
[1584328225] Auto-save of retention data completed successfully.
[1584330421] SERVICE NOTIFICATION: jatin;vinfra-200;Swap Usage;CRITICAL;notify-service-by-email;SWAP CRITICAL - 1% free (0 MB out of 975 MB)
[1584330421] SERVICE NOTIFICATION: atul;vinfra-200;Swap Usage;CRITICAL;notify-service-by-email;SWAP CRITICAL - 1% free (0 MB out of 975 MB)
[1584331826] Auto-save of retention data completed successfully.
[1584333154] SERVICE NOTIFICATION: jatin;WINV-104;Data Drive Space;WARNING;notify-service-by-email;d:\ - total: 931.32 Gb - used: 756.60 Gb (81%) - free 174.72 Gb (19%)
[1584333154] SERVICE NOTIFICATION: atul;WINV-104;Data Drive Space;WARNING;notify-service-by-email;d:\ - total: 931.32 Gb - used: 756.60 Gb (81%) - free 174.72 Gb (19%)
[1584335425] Auto-save of retention data completed successfully.
[1584335913] SERVICE ALERT: WINV-101;CPU Load;CRITICAL;SOFT;1;CPU Load 100% (5 min average)
[1584336033] SERVICE ALERT: WINV-101;CPU Load;CRITICAL;SOFT;2;CPU Load 100% (5 min average)
[1584336153] SERVICE ALERT: WINV-101;CPU Load;OK;HARD;3;CPU Load 5% (5 min average)
[1584338521] SERVICE NOTIFICATION: jatin;vdb-103;Swap Usage;CRITICAL;notify-service-by-email;SWAP CRITICAL - 1% free (0 MB out of 2047 MB)
[1584338521] SERVICE NOTIFICATION: atul;vdb-103;Swap Usage;CRITICAL;notify-service-by-email;SWAP CRITICAL - 1% free (0 MB out of 2047 MB)
[1584339026] Auto-save of retention data completed successfully.
[1584340321] SERVICE NOTIFICATION: jatin;WINV-102;Data Drive Space;WARNING;notify-service-by-email;d:\ - total: 1862.64 Gb - used: 1527.22 Gb (82%) - free 335.42 Gb (18%)
[1584340321] SERVICE NOTIFICATION: atul;WINV-102;Data Drive Space;WARNING;notify-service-by-email;d:\ - total: 1862.64 Gb - used: 1527.22 Gb (82%) - free 335.42 Gb (18%)
[1584340355] SERVICE NOTIFICATION: jatin;WINV-101;Data Drive Space;WARNING;notify-service-by-email;d:\ - total: 931.32 Gb - used: 767.26 Gb (82%) - free 164.06 Gb (18%)
[1584340355] SERVICE NOTIFICATION: atul;WINV-101;Data Drive Space;WARNING;notify-service-by-email;d:\ - total: 931.32 Gb - used: 767.26 Gb (82%) - free 164.06 Gb (18%)
