[1583823600] LOG ROTATION: DAILY
[1583823600] LOG VERSION: 2.0
[1583823600] CURRENT HOST STATE: WINV-101;UP;HARD;1;PING OK - Packet loss = 0%, RTA = 0.29 ms
[1583823600] CURRENT HOST STATE: WINV-102;UP;HARD;1;PING OK - Packet loss = 0%, RTA = 0.30 ms
[1583823600] CURRENT HOST STATE: WINV-103;UP;HARD;1;PING OK - Packet loss = 0%, RTA = 0.32 ms
[1583823600] CURRENT HOST STATE: WINV-104;UP;HARD;1;PING OK - Packet loss = 0%, RTA = 0.27 ms
[1583823600] CURRENT HOST STATE: WINV-105;UP;HARD;1;PING OK - Packet loss = 0%, RTA = 0.31 ms
[1583823600] CURRENT HOST STATE: WINV-106;UP;HARD;1;PING OK - Packet loss = 0%, RTA = 0.28 ms
[1583823600] CURRENT HOST STATE: WINV-107;UP;HARD;1;PING OK - Packet loss = 0%, RTA = 0.35 ms
[1583823600] CURRENT HOST STATE: WINV-108;UP;HARD;1;PING OK - Packet loss = 0%, RTA = 0.34 ms
[1583823600] CURRENT HOST STATE: WINV-110;UP;HARD;1;PING OK - Packet loss = 0%, RTA = 0.32 ms
[1583823600] CURRENT HOST STATE: WINV-111;UP;HARD;1;PING OK - Packet loss = 0%, RTA = 0.31 ms
[1583823600] CURRENT HOST STATE: WINV-112;UP;HARD;1;PING OK - Packet loss = 0%, RTA = 0.34 ms
[1583823600] CURRENT HOST STATE: vapps-100;UP;HARD;1;PING OK - Packet loss = 0%, RTA = 0.30 ms
[1583823600] CURRENT HOST STATE: vapps-109;UP;HARD;1;PING OK - Packet loss = 0%, RTA = 0.33 ms
[1583823600] CURRENT HOST STATE: vdb-100;UP;HARD;1;PING OK - Packet loss = 0%, RTA = 0.76 ms
[1583823600] CURRENT HOST STATE: vdb-101;UP;HARD;1;PING OK - Packet loss = 0%, RTA = 0.29 ms
[1583823600] CURRENT HOST STATE: vdb-103;UP;HARD;1;PING OK - Packet loss = 0%, RTA = 0.36 ms
[1583823600] CURRENT HOST STATE: vdb-staging;UP;HARD;1;PING OK - Packet loss = 0%, RTA = 0.28 ms
[1583823600] CURRENT HOST STATE: vinfra-200;UP;HARD;1;PING OK - Packet loss = 0%, RTA = 0.31 ms
[1583823600] CURRENT HOST STATE: vonly-backup;UP;HARD;1;PING OK - Packet loss = 0%, RTA = 0.05 ms
[1583823600] CURRENT HOST STATE: vonly-database;UP;HARD;1;PING OK - Packet loss = 0%, RTA = 0.28 ms
[1583823600] CURRENT HOST STATE: vonly-replica;UP;HARD;1;PING OK - Packet loss = 0%, RTA = 0.22 ms
[1583823600] CURRENT SERVICE STATE: WINV-101;CPU Load;OK;HARD;1;CPU Load 7% (5 min average)
[1583823600] CURRENT SERVICE STATE: WINV-101;Data Drive Space;WARNING;HARD;3;d:\ - total: 931.32 Gb - used: 756.52 Gb (81%) - free 174.80 Gb (19%)
[1583823600] CURRENT SERVICE STATE: WINV-101;Memory Usage;OK;HARD;1;Memory usage: total:98284.48 MB - used: 44093.12 MB (45%) - free: 54191.36 MB (55%)
[1583823600] CURRENT SERVICE STATE: WINV-101;OS Drive Space;OK;HARD;1;c:\ - total: 68.27 Gb - used: 43.27 Gb (63%) - free 25.00 Gb (37%)
[1583823600] CURRENT SERVICE STATE: WINV-101;Uptime;OK;HARD;1;System Uptime - 5 day(s) 0 hour(s) 36 minute(s)
[1583823600] CURRENT SERVICE STATE: WINV-102;CPU Load;OK;HARD;1;CPU Load 60% (5 min average)
[1583823600] CURRENT SERVICE STATE: WINV-102;Data Drive Space;WARNING;HARD;3;d:\ - total: 1862.64 Gb - used: 1500.08 Gb (81%) - free 362.56 Gb (19%)
[1583823600] CURRENT SERVICE STATE: WINV-102;Memory Usage;OK;HARD;1;Memory usage: total:208877.43 MB - used: 65301.16 MB (31%) - free: 143576.27 MB (69%)
[1583823600] CURRENT SERVICE STATE: WINV-102;OS Drive Space;OK;HARD;1;c:\ - total: 931.41 Gb - used: 305.27 Gb (33%) - free 626.14 Gb (67%)
[1583823600] CURRENT SERVICE STATE: WINV-102;Uptime;OK;HARD;1;System Uptime - 168 day(s) 12 hour(s) 11 minute(s)
[1583823600] CURRENT SERVICE STATE: WINV-103;CPU Load;OK;HARD;1;CPU Load 7% (5 min average)
[1583823600] CURRENT SERVICE STATE: WINV-103;Data Drive Space;OK;HARD;1;d:\ - total: 1862.39 Gb - used: 953.71 Gb (51%) - free 908.68 Gb (49%)
[1583823600] CURRENT SERVICE STATE: WINV-103;Memory Usage;OK;HARD;1;Memory usage: total:209629.53 MB - used: 61888.51 MB (30%) - free: 147741.02 MB (70%)
[1583823600] CURRENT SERVICE STATE: WINV-103;OS Drive Space;OK;HARD;1;c:\ - total: 68.27 Gb - used: 51.61 Gb (76%) - free 16.66 Gb (24%)
[1583823600] CURRENT SERVICE STATE: WINV-103;Uptime;OK;HARD;1;System Uptime - 27 day(s) 16 hour(s) 3 minute(s)
[1583823600] CURRENT SERVICE STATE: WINV-104;CPU Load;OK;HARD;1;CPU Load 41% (5 min average)
[1583823600] CURRENT SERVICE STATE: WINV-104;Data Drive Space;WARNING;HARD;3;d:\ - total: 931.32 Gb - used: 748.97 Gb (80%) - free 182.35 Gb (20%)
[1583823600] CURRENT SERVICE STATE: WINV-104;Memory Usage;OK;HARD;1;Memory usage: total:129142.02 MB - used: 45684.52 MB (35%) - free: 83457.50 MB (65%)
[1583823600] CURRENT SERVICE STATE: WINV-104;OS Drive Space;OK;HARD;1;c:\ - total: 68.27 Gb - used: 47.98 Gb (70%) - free 20.29 Gb (30%)
[1583823600] CURRENT SERVICE STATE: WINV-104;Uptime;OK;HARD;1;System Uptime - 165 day(s) 13 hour(s) 19 minute(s)
[1583823600] CURRENT SERVICE STATE: WINV-105;CPU Load;OK;HARD;1;CPU Load 0% (5 min average)
[1583823600] CURRENT SERVICE STATE: WINV-105;Data Drive Space;OK;HARD;1;d:\ - total: 931.32 Gb - used: 556.64 Gb (60%) - free 374.68 Gb (40%)
[1583823600] CURRENT SERVICE STATE: WINV-105;Memory Usage;OK;HARD;1;Memory usage: total:98284.48 MB - used: 41159.54 MB (42%) - free: 57124.94 MB (58%)
[1583823600] CURRENT SERVICE STATE: WINV-105;OS Drive Space;OK;HARD;1;c:\ - total: 231.90 Gb - used: 98.05 Gb (42%) - free 133.84 Gb (58%)
[1583823600] CURRENT SERVICE STATE: WINV-105;Uptime;OK;HARD;1;System Uptime - 329 day(s) 15 hour(s) 29 minute(s)
[1583823600] CURRENT SERVICE STATE: WINV-106;CPU Load;OK;HARD;1;CPU Load 3% (5 min average)
[1583823600] CURRENT SERVICE STATE: WINV-106;Data Drive Space;OK;HARD;1;d:\ - total: 931.32 Gb - used: 595.13 Gb (64%) - free 336.19 Gb (36%)
[1583823600] CURRENT SERVICE STATE: WINV-106;Memory Usage;OK;HARD;1;Memory usage: total:149142.26 MB - used: 40467.07 MB (27%) - free: 108675.19 MB (73%)
[1583823600] CURRENT SERVICE STATE: WINV-106;OS Drive Space;OK;HARD;1;c:\ - total: 67.89 Gb - used: 41.39 Gb (61%) - free 26.49 Gb (39%)
[1583823600] CURRENT SERVICE STATE: WINV-106;Uptime;OK;HARD;1;System Uptime - 75 day(s) 23 hour(s) 48 minute(s)
[1583823600] CURRENT SERVICE STATE: WINV-107;CPU Load;OK;HARD;1;CPU Load 10% (5 min average)
[1583823600] CURRENT SERVICE STATE: WINV-107;Data Drive Space;OK;HARD;1;d:\ - total: 931.51 Gb - used: 634.10 Gb (68%) - free 297.41 Gb (32%)
[1583823600] CURRENT SERVICE STATE: WINV-107;Memory Usage;OK;HARD;1;Memory usage: total:147777.36 MB - used: 47428.07 MB (32%) - free: 100349.29 MB (68%)
[1583823600] CURRENT SERVICE STATE: WINV-107;OS Drive Space;OK;HARD;1;c:\ - total: 67.45 Gb - used: 43.43 Gb (64%) - free 24.02 Gb (36%)
[1583823600] CURRENT SERVICE STATE: WINV-107;Uptime;OK;HARD;1;System Uptime - 6 day(s) 22 hour(s) 14 minute(s)
[1583823600] CURRENT SERVICE STATE: WINV-108;CPU Load;OK;HARD;1;CPU Load 12% (5 min average)
[1583823600] CURRENT SERVICE STATE: WINV-108;Data Drive Space;OK;HARD;1;d:\ - total: 931.32 Gb - used: 525.85 Gb (56%) - free 405.47 Gb (44%)
[1583823600] CURRENT SERVICE STATE: WINV-108;Memory Usage;OK;HARD;1;Memory usage: total:160950.28 MB - used: 44552.85 MB (28%) - free: 116397.43 MB (72%)
[1583823600] CURRENT SERVICE STATE: WINV-108;OS Drive Space;OK;HARD;1;c:\ - total: 67.89 Gb - used: 49.53 Gb (73%) - free 18.35 Gb (27%)
[1583823600] CURRENT SERVICE STATE: WINV-108;Uptime;OK;HARD;1;System Uptime - 468 day(s) 15 hour(s) 7 minute(s)
[1583823600] CURRENT SERVICE STATE: WINV-110;CPU Load;OK;HARD;1;CPU Load 11% (5 min average)
[1583823600] CURRENT SERVICE STATE: WINV-110;Data Drive Space;WARNING;HARD;3;d:\ - total: 931.32 Gb - used: 763.02 Gb (82%) - free 168.30 Gb (18%)
[1583823600] CURRENT SERVICE STATE: WINV-110;Memory Usage;OK;HARD;1;Memory usage: total:104565.75 MB - used: 17127.54 MB (16%) - free: 87438.22 MB (84%)
[1583823600] CURRENT SERVICE STATE: WINV-110;OS Drive Space;OK;HARD;1;c:\ - total: 67.89 Gb - used: 41.56 Gb (61%) - free 26.33 Gb (39%)
[1583823600] CURRENT SERVICE STATE: WINV-110;Uptime;OK;HARD;1;System Uptime - 88 day(s) 0 hour(s) 28 minute(s)
[1583823600] CURRENT SERVICE STATE: WINV-111;CPU Load;OK;HARD;1;CPU Load 0% (5 min average)
[1583823600] CURRENT SERVICE STATE: WINV-111;Data Drive Space;OK;HARD;1;d:\ - total: 931.22 Gb - used: 610.26 Gb (66%) - free 320.96 Gb (34%)
[1583823600] CURRENT SERVICE STATE: WINV-111;Memory Usage;OK;HARD;1;Memory usage: total:70469.53 MB - used: 14997.17 MB (21%) - free: 55472.36 MB (79%)
[1583823600] CURRENT SERVICE STATE: WINV-111;OS Drive Space;OK;HARD;1;c:\ - total: 67.89 Gb - used: 31.27 Gb (46%) - free 36.62 Gb (54%)
[1583823600] CURRENT SERVICE STATE: WINV-111;Uptime;OK;HARD;1;System Uptime - 229 day(s) 13 hour(s) 39 minute(s)
[1583823600] CURRENT SERVICE STATE: WINV-112;CPU Load;OK;HARD;1;CPU Load 2% (5 min average)
[1583823600] CURRENT SERVICE STATE: WINV-112;Data Drive Space;OK;HARD;1;d:\ - total: 931.51 Gb - used: 426.81 Gb (46%) - free 504.70 Gb (54%)
[1583823600] CURRENT SERVICE STATE: WINV-112;Memory Usage;OK;HARD;1;Memory usage: total:40939.93 MB - used: 17885.70 MB (44%) - free: 23054.22 MB (56%)
[1583823600] CURRENT SERVICE STATE: WINV-112;OS Drive Space;OK;HARD;1;c:\ - total: 278.36 Gb - used: 69.92 Gb (25%) - free 208.44 Gb (75%)
[1583823600] CURRENT SERVICE STATE: WINV-112;Uptime;OK;HARD;1;System Uptime - 168 day(s) 12 hour(s) 18 minute(s)
[1583823600] CURRENT SERVICE STATE: vapps-100;/mnt/data01 Partition;OK;HARD;1;/mnt/data01 is at 41% capacity, 213G of 551G
[1583823600] CURRENT SERVICE STATE: vapps-100;Current Load;OK;HARD;1;OK - load average: 0.32, 0.41, 0.33
[1583823600] CURRENT SERVICE STATE: vapps-100;Current Users;OK;HARD;1;USERS OK - 2 users currently logged in
[1583823600] CURRENT SERVICE STATE: vapps-100;PING;OK;HARD;1;PING OK - Packet loss = 0%, RTA = 0.07 ms
[1583823600] CURRENT SERVICE STATE: vapps-100;Root Partition;OK;HARD;1;/ is at 10% capacity, 48G of 550G
[1583823600] CURRENT SERVICE STATE: vapps-100;SSH;OK;HARD;1;SSH OK - OpenSSH_7.2p2 Ubuntu-4ubuntu2.6 (protocol 2.0)
[1583823600] CURRENT SERVICE STATE: vapps-100;Swap Usage;OK;HARD;1;SWAP OK - 84% free (9322 MB out of 11214 MB)
[1583823600] CURRENT SERVICE STATE: vapps-100;Total Processes;OK;HARD;1;PROCS OK: 191 processes with STATE = RSZDT
[1583823600] CURRENT SERVICE STATE: vapps-109;/mnt/data01 Partition;OK;HARD;1;/mnt/data01 is at 62% capacity, 539G of 917G
[1583823600] CURRENT SERVICE STATE: vapps-109;Current Load;OK;HARD;1;OK - load average: 0.06, 0.04, 0.01
[1583823600] CURRENT SERVICE STATE: vapps-109;Current Users;OK;HARD;1;USERS OK - 1 users currently logged in
[1583823600] CURRENT SERVICE STATE: vapps-109;PING;OK;HARD;1;PING OK - Packet loss = 0%, RTA = 0.05 ms
[1583823600] CURRENT SERVICE STATE: vapps-109;Root Partition;OK;HARD;1;/ is at 45% capacity, 18G of 43G
[1583823600] CURRENT SERVICE STATE: vapps-109;SSH;OK;HARD;1;SSH OK - OpenSSH_7.2p2 Ubuntu-4ubuntu2.8 (protocol 2.0)
[1583823600] CURRENT SERVICE STATE: vapps-109;Swap Usage;OK;HARD;1;SWAP OK - 100% free (24408 MB out of 24567 MB)
[1583823600] CURRENT SERVICE STATE: vapps-109;Total Processes;OK;HARD;1;PROCS OK: 185 processes with STATE = RSZDT
[1583823600] CURRENT SERVICE STATE: vdb-100;/mnt/data01 Partition;OK;HARD;1;/mnt/data01 is at 76% capacity, 2.7T of 3.7T
[1583823600] CURRENT SERVICE STATE: vdb-100;Current Load;OK;HARD;1;OK - load average: 1.67, 1.01, 0.50
[1583823600] CURRENT SERVICE STATE: vdb-100;Current Users;OK;HARD;1;USERS OK - 1 users currently logged in
[1583823600] CURRENT SERVICE STATE: vdb-100;PING;OK;HARD;1;PING OK - Packet loss = 0%, RTA = 0.06 ms
[1583823600] CURRENT SERVICE STATE: vdb-100;Root Partition;OK;HARD;1;/ is at 35% capacity, 30G of 91G
[1583823600] CURRENT SERVICE STATE: vdb-100;SSH;OK;HARD;1;SSH OK - OpenSSH_7.2p2 Ubuntu-4ubuntu2.6 (protocol 2.0)
[1583823600] CURRENT SERVICE STATE: vdb-100;Swap Usage;OK;HARD;1;SWAP OK - 90% free (19309 MB out of 21455 MB)
[1583823600] CURRENT SERVICE STATE: vdb-100;Total Processes;OK;HARD;1;PROCS OK: 184 processes with STATE = RSZDT
[1583823600] CURRENT SERVICE STATE: vdb-101;/mnt/data01 Partition;CRITICAL;HARD;4;/mnt/data01 is at 92% capacity! 3.1T of 3.6T
[1583823600] CURRENT SERVICE STATE: vdb-101;Current Load;OK;HARD;1;OK - load average: 0.06, 0.02, 0.00
[1583823600] CURRENT SERVICE STATE: vdb-101;Current Users;OK;HARD;1;USERS OK - 0 users currently logged in
[1583823600] CURRENT SERVICE STATE: vdb-101;PING;OK;HARD;1;PING OK - Packet loss = 0%, RTA = 0.04 ms
[1583823600] CURRENT SERVICE STATE: vdb-101;Root Partition;OK;HARD;1;/ is at 25% capacity, 42G of 183G
[1583823600] CURRENT SERVICE STATE: vdb-101;SSH;OK;HARD;1;SSH OK - OpenSSH_7.2p2 Ubuntu-4ubuntu2.4 (protocol 2.0)
[1583823600] CURRENT SERVICE STATE: vdb-101;Swap Usage;OK;HARD;1;SWAP OK - 86% free (18433 MB out of 21455 MB)
[1583823600] CURRENT SERVICE STATE: vdb-101;Total Processes;OK;HARD;1;PROCS OK: 155 processes with STATE = RSZDT
[1583823600] CURRENT SERVICE STATE: vdb-103;/mnt/data01 Partition;OK;HARD;1;/mnt/data01 is at 60% capacity, 4.2T of 7.3T
[1583823600] CURRENT SERVICE STATE: vdb-103;Current Load;OK;HARD;1;OK - load average: 0.00, 0.00, 0.00
[1583823600] CURRENT SERVICE STATE: vdb-103;Current Users;OK;HARD;1;USERS OK - 1 users currently logged in
[1583823600] CURRENT SERVICE STATE: vdb-103;PING;OK;HARD;1;PING OK - Packet loss = 0%, RTA = 0.06 ms
[1583823600] CURRENT SERVICE STATE: vdb-103;Root Partition;OK;HARD;1;/ is at 29% capacity, 122G of 457G
[1583823600] CURRENT SERVICE STATE: vdb-103;SSH;OK;HARD;1;SSH OK - OpenSSH_7.6p1 Ubuntu-4ubuntu0.2 (protocol 2.0)
[1583823600] CURRENT SERVICE STATE: vdb-103;Swap Usage;CRITICAL;HARD;4;SWAP CRITICAL - 1% free (0 MB out of 2047 MB)
[1583823600] CURRENT SERVICE STATE: vdb-103;Total Processes;OK;HARD;1;PROCS OK: 180 processes with STATE = RSZDT
[1583823600] CURRENT SERVICE STATE: vdb-staging;/mnt/data01 Partition;OK;HARD;1;/mnt/data01 is at 63% capacity, 5.4T of 9.1T
[1583823600] CURRENT SERVICE STATE: vdb-staging;Current Load;OK;HARD;1;OK - load average: 0.00, 0.13, 0.23
[1583823600] CURRENT SERVICE STATE: vdb-staging;Current Users;OK;HARD;1;USERS OK - 1 users currently logged in
[1583823600] CURRENT SERVICE STATE: vdb-staging;PING;OK;HARD;1;PING OK - Packet loss = 0%, RTA = 0.05 ms
[1583823600] CURRENT SERVICE STATE: vdb-staging;Root Partition;OK;HARD;1;/ is at 6% capacity, 102G of 1.8T
[1583823600] CURRENT SERVICE STATE: vdb-staging;SSH;OK;HARD;1;SSH OK - OpenSSH_7.2p2 Ubuntu-4ubuntu2.4 (protocol 2.0)
[1583823600] CURRENT SERVICE STATE: vdb-staging;Swap Usage;OK;HARD;1;SWAP OK - 89% free (91149 MB out of 103375 MB)
[1583823600] CURRENT SERVICE STATE: vdb-staging;Total Processes;OK;HARD;1;PROCS OK: 150 processes with STATE = RSZDT
[1583823600] CURRENT SERVICE STATE: vinfra-200;/mnt/data01 Partition;OK;HARD;1;/mnt/data is at 10% capacity, 83G of 917G
[1583823600] CURRENT SERVICE STATE: vinfra-200;Current Load;OK;HARD;1;OK - load average: 3.15, 1.35, 1.08
[1583823600] CURRENT SERVICE STATE: vinfra-200;Current Users;OK;HARD;1;USERS OK - 2 users currently logged in
[1583823600] CURRENT SERVICE STATE: vinfra-200;MySQL Connection Time;OK;HARD;1;OK - 0.02 seconds to connect as nagios
[1583823600] CURRENT SERVICE STATE: vinfra-200;MySQL Uptime;OK;HARD;1;OK - database is up since 28815 minutes
[1583823600] CURRENT SERVICE STATE: vinfra-200;PING;OK;HARD;1;PING OK - Packet loss = 0%, RTA = 0.08 ms
[1583823600] CURRENT SERVICE STATE: vinfra-200;Root Partition;OK;HARD;1;/ is at 58% capacity, 101G of 182G
[1583823600] CURRENT SERVICE STATE: vinfra-200;SSH;OK;HARD;1;SSH OK - OpenSSH_7.2p2 Ubuntu-4ubuntu2.6 (protocol 2.0)
[1583823600] CURRENT SERVICE STATE: vinfra-200;Swap Usage;CRITICAL;HARD;4;SWAP CRITICAL - 0% free (0 MB out of 975 MB)
[1583823600] CURRENT SERVICE STATE: vinfra-200;Total Processes;OK;HARD;1;PROCS OK: 160 processes with STATE = RSZDT
[1583823600] CURRENT SERVICE STATE: vinfra-200;VAULT;OK;HARD;1;OK - Vault is initialized, unsealed, and active
[1583823600] CURRENT SERVICE STATE: vonly-backup;/media/data Partition;CRITICAL;HARD;4;/media/data is at 91% capacity! 6.2T of 7.3T
[1583823600] CURRENT SERVICE STATE: vonly-backup;Current Load;OK;HARD;1;OK - load average: 0.59, 0.93, 0.81
[1583823600] CURRENT SERVICE STATE: vonly-backup;Current Users;OK;HARD;1;USERS OK - 0 users currently logged in
[1583823600] CURRENT SERVICE STATE: vonly-backup;PING;OK;HARD;1;PING OK - Packet loss = 0%, RTA = 0.05 ms
[1583823600] CURRENT SERVICE STATE: vonly-backup;Root Partition;OK;HARD;1;/ is at 47% capacity, 98G of 220G
[1583823600] CURRENT SERVICE STATE: vonly-backup;SSH;OK;HARD;1;SSH OK - OpenSSH_7.2p2 Ubuntu-4ubuntu2.8 (protocol 2.0)
[1583823600] CURRENT SERVICE STATE: vonly-backup;Swap Usage;OK;HARD;1;SWAP OK - 94% free (53376 MB out of 57111 MB)
[1583823600] CURRENT SERVICE STATE: vonly-backup;Total Processes;OK;HARD;1;PROCS OK: 225 processes with STATE = RSZDT
[1583823600] CURRENT SERVICE STATE: vonly-database;/media/data Partition;OK;HARD;1;/media/data is at 28% capacity, 973G of 3.6T
[1583823600] CURRENT SERVICE STATE: vonly-database;Current Load;OK;HARD;1;OK - load average: 0.00, 0.00, 0.00
[1583823600] CURRENT SERVICE STATE: vonly-database;Current Users;OK;HARD;1;USERS OK - 1 users currently logged in
[1583823600] CURRENT SERVICE STATE: vonly-database;PING;OK;HARD;1;PING OK - Packet loss = 0%, RTA = 0.04 ms
[1583823600] CURRENT SERVICE STATE: vonly-database;Root Partition;OK;HARD;1;/ is at 58% capacity, 120G of 220G
[1583823600] CURRENT SERVICE STATE: vonly-database;SSH;OK;HARD;1;SSH OK - OpenSSH_7.2p2 Ubuntu-4ubuntu2.8 (protocol 2.0)
[1583823600] CURRENT SERVICE STATE: vonly-database;Swap Usage;OK;HARD;1;SWAP OK - 76% free (43083 MB out of 57111 MB)
[1583823600] CURRENT SERVICE STATE: vonly-database;Total Processes;OK;HARD;1;PROCS OK: 154 processes with STATE = RSZDT
[1583823600] CURRENT SERVICE STATE: vonly-replica;/media/data Partition;OK;HARD;1;/media/data is at 65% capacity, 4.5T of 7.3T
[1583823600] CURRENT SERVICE STATE: vonly-replica;Current Load;OK;HARD;1;OK - load average: 6.91, 6.65, 6.80
[1583823600] CURRENT SERVICE STATE: vonly-replica;Current Users;OK;HARD;1;USERS OK - 0 users currently logged in
[1583823600] CURRENT SERVICE STATE: vonly-replica;PING;OK;HARD;1;PING OK - Packet loss = 0%, RTA = 0.04 ms
[1583823600] CURRENT SERVICE STATE: vonly-replica;Root Partition;OK;HARD;1;/ is at 31% capacity, 31G of 108G
[1583823600] CURRENT SERVICE STATE: vonly-replica;SSH;OK;HARD;1;SSH OK - OpenSSH_7.2p2 Ubuntu-4ubuntu2.2 (protocol 2.0)
[1583823600] CURRENT SERVICE STATE: vonly-replica;Swap Usage;OK;HARD;1;SWAP OK - 98% free (27145 MB out of 27876 MB)
[1583823600] CURRENT SERVICE STATE: vonly-replica;Total Processes;OK;HARD;1;PROCS OK: 101 processes with STATE = RSZDT
[1583823756] SERVICE NOTIFICATION: nagiosadmin;vonly-backup;/media/data Partition;CRITICAL;notify-service-by-email;/media/data is at 91% capacity! 6.2T of 7.3T
[1583823756] SERVICE NOTIFICATION: jatin;vonly-backup;/media/data Partition;CRITICAL;notify-service-by-email;/media/data is at 91% capacity! 6.2T of 7.3T
[1583823756] SERVICE NOTIFICATION: atul;vonly-backup;/media/data Partition;CRITICAL;notify-service-by-email;/media/data is at 91% capacity! 6.2T of 7.3T
[1583824226] Auto-save of retention data completed successfully.
[1583824990] SERVICE ALERT: WINV-102;CPU Load;CRITICAL;SOFT;1;CPU Load 100% (5 min average)
[1583825110] SERVICE ALERT: WINV-102;CPU Load;OK;SOFT;2;CPU Load 15% (5 min average)
[1583825155] SERVICE ALERT: vapps-100;Current Load;WARNING;SOFT;1;WARNING - load average: 15.98, 9.83, 4.86
[1583825215] SERVICE ALERT: vapps-100;Current Load;WARNING;SOFT;2;WARNING - load average: 17.19, 11.03, 5.57
[1583825275] SERVICE ALERT: vapps-100;Current Load;WARNING;SOFT;3;WARNING - load average: 20.77, 13.11, 6.62
[1583825335] SERVICE NOTIFICATION: jatin;vapps-100;Current Load;WARNING;notify-service-by-email;WARNING - load average: 21.66, 14.81, 7.62
[1583825335] SERVICE NOTIFICATION: atul;vapps-100;Current Load;WARNING;notify-service-by-email;WARNING - load average: 21.66, 14.81, 7.62
[1583825335] SERVICE ALERT: vapps-100;Current Load;WARNING;HARD;4;WARNING - load average: 21.66, 14.81, 7.62
[1583825830] SERVICE ALERT: WINV-102;CPU Load;CRITICAL;SOFT;1;CPU Load 91% (5 min average)
[1583825950] SERVICE ALERT: WINV-102;CPU Load;OK;SOFT;2;CPU Load 33% (5 min average)
[1583826070] SERVICE ALERT: WINV-102;CPU Load;CRITICAL;SOFT;1;CPU Load 99% (5 min average)
[1583826190] SERVICE ALERT: WINV-102;CPU Load;OK;SOFT;2;CPU Load 12% (5 min average)
[1583826535] SERVICE NOTIFICATION: jatin;vapps-100;Current Load;CRITICAL;notify-service-by-email;CRITICAL - load average: 40.24, 31.50, 22.36
[1583826535] SERVICE NOTIFICATION: atul;vapps-100;Current Load;CRITICAL;notify-service-by-email;CRITICAL - load average: 40.24, 31.50, 22.36
[1583826535] SERVICE ALERT: vapps-100;Current Load;CRITICAL;HARD;4;CRITICAL - load average: 40.24, 31.50, 22.36
[1583826587] SERVICE ALERT: vinfra-200;Current Load;WARNING;SOFT;1;WARNING - load average: 7.28, 7.66, 5.81
[1583826647] SERVICE ALERT: vinfra-200;Current Load;WARNING;SOFT;2;WARNING - load average: 5.48, 7.07, 5.72
[1583826707] SERVICE ALERT: vinfra-200;Current Load;WARNING;SOFT;3;WARNING - load average: 5.67, 6.79, 5.71
[1583826767] SERVICE NOTIFICATION: jatin;vinfra-200;Current Load;WARNING;notify-service-by-email;WARNING - load average: 8.29, 7.14, 5.89
[1583826767] SERVICE NOTIFICATION: atul;vinfra-200;Current Load;WARNING;notify-service-by-email;WARNING - load average: 8.29, 7.14, 5.89
[1583826767] SERVICE ALERT: vinfra-200;Current Load;WARNING;HARD;4;WARNING - load average: 8.29, 7.14, 5.89
[1583827356] SERVICE NOTIFICATION: nagiosadmin;vonly-backup;/media/data Partition;CRITICAL;notify-service-by-email;/media/data is at 91% capacity! 6.2T of 7.3T
[1583827356] SERVICE NOTIFICATION: jatin;vonly-backup;/media/data Partition;CRITICAL;notify-service-by-email;/media/data is at 91% capacity! 6.2T of 7.3T
[1583827356] SERVICE NOTIFICATION: atul;vonly-backup;/media/data Partition;CRITICAL;notify-service-by-email;/media/data is at 91% capacity! 6.2T of 7.3T
[1583827826] Auto-save of retention data completed successfully.
[1583828035] SERVICE NOTIFICATION: jatin;vapps-100;Current Load;WARNING;notify-service-by-email;WARNING - load average: 8.12, 14.57, 19.69
[1583828035] SERVICE NOTIFICATION: atul;vapps-100;Current Load;WARNING;notify-service-by-email;WARNING - load average: 8.12, 14.57, 19.69
[1583828035] SERVICE ALERT: vapps-100;Current Load;WARNING;HARD;4;WARNING - load average: 8.12, 14.57, 19.69
[1583828335] SERVICE FLAPPING ALERT: vapps-100;Current Load;STARTED; Service appears to have started flapping (22.8% change >= 20.0% threshold)
[1583828335] SERVICE NOTIFICATION: jatin;vapps-100;Current Load;FLAPPINGSTART (CRITICAL);notify-service-by-email;CRITICAL - load average: 48.86, 32.85, 25.81
[1583828335] SERVICE NOTIFICATION: atul;vapps-100;Current Load;FLAPPINGSTART (CRITICAL);notify-service-by-email;CRITICAL - load average: 48.86, 32.85, 25.81
[1583828335] SERVICE ALERT: vapps-100;Current Load;CRITICAL;HARD;4;CRITICAL - load average: 48.86, 32.85, 25.81
[1583828388] SERVICE ALERT: vonly-replica;Current Load;WARNING;SOFT;1;WARNING - load average: 13.41, 11.47, 10.20
[1583828448] SERVICE ALERT: vonly-replica;Current Load;WARNING;SOFT;2;WARNING - load average: 14.18, 12.04, 10.48
[1583828508] SERVICE ALERT: vonly-replica;Current Load;WARNING;SOFT;3;WARNING - load average: 14.28, 12.49, 10.73
[1583828568] SERVICE NOTIFICATION: jatin;vonly-replica;Current Load;WARNING;notify-service-by-email;WARNING - load average: 9.69, 11.49, 10.49
[1583828568] SERVICE NOTIFICATION: atul;vonly-replica;Current Load;WARNING;notify-service-by-email;WARNING - load average: 9.69, 11.49, 10.49
[1583828568] SERVICE ALERT: vonly-replica;Current Load;WARNING;HARD;4;WARNING - load average: 9.69, 11.49, 10.49
[1583829060] SERVICE NOTIFICATION: jatin;WINV-104;Data Drive Space;WARNING;notify-service-by-email;d:\ - total: 931.32 Gb - used: 749.73 Gb (81%) - free 181.59 Gb (19%)
[1583829060] SERVICE NOTIFICATION: atul;WINV-104;Data Drive Space;WARNING;notify-service-by-email;d:\ - total: 931.32 Gb - used: 749.73 Gb (81%) - free 181.59 Gb (19%)
[1583829455] SERVICE NOTIFICATION: jatin;vinfra-200;Swap Usage;CRITICAL;notify-service-by-email;SWAP CRITICAL - 0% free (0 MB out of 975 MB)
[1583829455] SERVICE NOTIFICATION: atul;vinfra-200;Swap Usage;CRITICAL;notify-service-by-email;SWAP CRITICAL - 0% free (0 MB out of 975 MB)
[1583830435] SERVICE ALERT: vapps-100;Current Load;WARNING;HARD;4;WARNING - load average: 6.51, 14.98, 19.57
[1583830668] SERVICE NOTIFICATION: jatin;vonly-replica;Current Load;OK;notify-service-by-email;OK - load average: 10.68, 9.40, 9.85
[1583830668] SERVICE NOTIFICATION: atul;vonly-replica;Current Load;OK;notify-service-by-email;OK - load average: 10.68, 9.40, 9.85
[1583830668] SERVICE ALERT: vonly-replica;Current Load;OK;HARD;4;OK - load average: 10.68, 9.40, 9.85
[1583830735] SERVICE ALERT: vapps-100;Current Load;CRITICAL;HARD;4;CRITICAL - load average: 36.27, 20.99, 20.10
[1583830903] SERVICE NOTIFICATION: jatin;WINV-110;Data Drive Space;WARNING;notify-service-by-email;d:\ - total: 931.32 Gb - used: 773.13 Gb (83%) - free 158.19 Gb (17%)
[1583830903] SERVICE NOTIFICATION: atul;WINV-110;Data Drive Space;WARNING;notify-service-by-email;d:\ - total: 931.32 Gb - used: 773.13 Gb (83%) - free 158.19 Gb (17%)
[1583830956] SERVICE NOTIFICATION: nagiosadmin;vonly-backup;/media/data Partition;CRITICAL;notify-service-by-email;/media/data is at 91% capacity! 6.2T of 7.3T
[1583830956] SERVICE NOTIFICATION: jatin;vonly-backup;/media/data Partition;CRITICAL;notify-service-by-email;/media/data is at 91% capacity! 6.2T of 7.3T
[1583830956] SERVICE NOTIFICATION: atul;vonly-backup;/media/data Partition;CRITICAL;notify-service-by-email;/media/data is at 91% capacity! 6.2T of 7.3T
[1583830968] SERVICE ALERT: vonly-replica;Current Load;WARNING;SOFT;1;WARNING - load average: 10.36, 10.40, 10.19
[1583831028] SERVICE ALERT: vonly-replica;Current Load;WARNING;SOFT;2;WARNING - load average: 9.52, 10.21, 10.14
[1583831035] SERVICE ALERT: vapps-100;Current Load;WARNING;HARD;4;WARNING - load average: 17.20, 19.25, 19.58
[1583831088] SERVICE ALERT: vonly-replica;Current Load;WARNING;SOFT;3;WARNING - load average: 9.35, 10.01, 10.07
[1583831148] SERVICE ALERT: vonly-replica;Current Load;OK;HARD;4;OK - load average: 8.97, 9.76, 9.98
[1583831425] Auto-save of retention data completed successfully.
[1583831448] SERVICE ALERT: vonly-replica;Current Load;WARNING;SOFT;1;WARNING - load average: 13.09, 10.79, 10.26
[1583831508] SERVICE ALERT: vonly-replica;Current Load;WARNING;SOFT;2;WARNING - load average: 14.03, 11.41, 10.51
[1583831568] SERVICE ALERT: vonly-replica;Current Load;WARNING;SOFT;3;WARNING - load average: 14.11, 11.96, 10.76
[1583831628] SERVICE NOTIFICATION: jatin;vonly-replica;Current Load;WARNING;notify-service-by-email;WARNING - load average: 12.99, 12.07, 10.87
[1583831628] SERVICE NOTIFICATION: atul;vonly-replica;Current Load;WARNING;notify-service-by-email;WARNING - load average: 12.99, 12.07, 10.87
[1583831628] SERVICE ALERT: vonly-replica;Current Load;WARNING;HARD;4;WARNING - load average: 12.99, 12.07, 10.87
[1583831635] SERVICE ALERT: vapps-100;Current Load;CRITICAL;HARD;4;CRITICAL - load average: 29.01, 23.45, 20.04
[1583832235] SERVICE ALERT: vapps-100;Current Load;WARNING;HARD;4;WARNING - load average: 5.95, 14.85, 18.24
[1583832535] SERVICE ALERT: vapps-100;Current Load;CRITICAL;HARD;4;CRITICAL - load average: 45.48, 24.80, 20.67
[1583833135] SERVICE ALERT: vapps-100;Current Load;WARNING;HARD;4;WARNING - load average: 11.10, 15.24, 19.01
[1583833435] SERVICE ALERT: vapps-100;Current Load;CRITICAL;HARD;4;CRITICAL - load average: 36.31, 32.06, 25.75
[1583833931] SERVICE NOTIFICATION: jatin;vdb-103;Swap Usage;CRITICAL;notify-service-by-email;SWAP CRITICAL - 1% free (0 MB out of 2047 MB)
[1583833931] SERVICE NOTIFICATION: atul;vdb-103;Swap Usage;CRITICAL;notify-service-by-email;SWAP CRITICAL - 1% free (0 MB out of 2047 MB)
[1583834556] SERVICE NOTIFICATION: nagiosadmin;vonly-backup;/media/data Partition;CRITICAL;notify-service-by-email;/media/data is at 91% capacity! 6.2T of 7.3T
[1583834556] SERVICE NOTIFICATION: jatin;vonly-backup;/media/data Partition;CRITICAL;notify-service-by-email;/media/data is at 91% capacity! 6.2T of 7.3T
[1583834556] SERVICE NOTIFICATION: atul;vonly-backup;/media/data Partition;CRITICAL;notify-service-by-email;/media/data is at 91% capacity! 6.2T of 7.3T
[1583834635] SERVICE ALERT: vapps-100;Current Load;WARNING;HARD;4;WARNING - load average: 11.65, 16.70, 19.79
[1583835026] Auto-save of retention data completed successfully.
[1583835835] SERVICE ALERT: vapps-100;Current Load;CRITICAL;HARD;4;CRITICAL - load average: 46.28, 26.20, 20.48
[1583835902] SERVICE NOTIFICATION: jatin;WINV-102;Data Drive Space;WARNING;notify-service-by-email;d:\ - total: 1862.64 Gb - used: 1504.41 Gb (81%) - free 358.23 Gb (19%)
[1583835902] SERVICE NOTIFICATION: atul;WINV-102;Data Drive Space;WARNING;notify-service-by-email;d:\ - total: 1862.64 Gb - used: 1504.41 Gb (81%) - free 358.23 Gb (19%)
[1583836135] SERVICE ALERT: vapps-100;Current Load;WARNING;HARD;4;WARNING - load average: 9.69, 17.34, 18.40
[1583836175] SERVICE NOTIFICATION: jatin;WINV-101;Data Drive Space;WARNING;notify-service-by-email;d:\ - total: 931.32 Gb - used: 757.87 Gb (81%) - free 173.45 Gb (19%)
[1583836175] SERVICE NOTIFICATION: atul;WINV-101;Data Drive Space;WARNING;notify-service-by-email;d:\ - total: 931.32 Gb - used: 757.87 Gb (81%) - free 173.45 Gb (19%)
[1583836428] SERVICE NOTIFICATION: jatin;vonly-replica;Current Load;OK;notify-service-by-email;OK - load average: 7.70, 8.36, 10.00
[1583836428] SERVICE NOTIFICATION: atul;vonly-replica;Current Load;OK;notify-service-by-email;OK - load average: 7.70, 8.36, 10.00
[1583836428] SERVICE ALERT: vonly-replica;Current Load;OK;HARD;4;OK - load average: 7.70, 8.36, 10.00
[1583838156] SERVICE NOTIFICATION: nagiosadmin;vonly-backup;/media/data Partition;CRITICAL;notify-service-by-email;/media/data is at 91% capacity! 6.2T of 7.3T
[1583838156] SERVICE NOTIFICATION: jatin;vonly-backup;/media/data Partition;CRITICAL;notify-service-by-email;/media/data is at 91% capacity! 6.2T of 7.3T
[1583838156] SERVICE NOTIFICATION: atul;vonly-backup;/media/data Partition;CRITICAL;notify-service-by-email;/media/data is at 91% capacity! 6.2T of 7.3T
[1583838167] SERVICE NOTIFICATION: jatin;vinfra-200;Current Load;OK;notify-service-by-email;OK - load average: 2.17, 4.00, 4.99
[1583838167] SERVICE NOTIFICATION: atul;vinfra-200;Current Load;OK;notify-service-by-email;OK - load average: 2.17, 4.00, 4.99
[1583838167] SERVICE ALERT: vinfra-200;Current Load;OK;HARD;4;OK - load average: 2.17, 4.00, 4.99
[1583838467] SERVICE ALERT: vinfra-200;Current Load;WARNING;SOFT;1;WARNING - load average: 7.48, 5.76, 5.42
[1583838527] SERVICE ALERT: vinfra-200;Current Load;WARNING;SOFT;2;WARNING - load average: 5.08, 5.39, 5.31
[1583838535] SERVICE ALERT: vapps-100;Current Load;CRITICAL;HARD;4;CRITICAL - load average: 33.67, 23.85, 17.44
[1583838587] SERVICE ALERT: vinfra-200;Current Load;WARNING;SOFT;3;WARNING - load average: 5.06, 5.33, 5.30
[1583838626] Auto-save of retention data completed successfully.
[1583838647] SERVICE NOTIFICATION: jatin;vinfra-200;Current Load;WARNING;notify-service-by-email;WARNING - load average: 4.41, 5.05, 5.20
[1583838647] SERVICE NOTIFICATION: atul;vinfra-200;Current Load;WARNING;notify-service-by-email;WARNING - load average: 4.41, 5.05, 5.20
[1583838647] SERVICE ALERT: vinfra-200;Current Load;WARNING;HARD;4;WARNING - load average: 4.41, 5.05, 5.20
[1583838835] SERVICE ALERT: vapps-100;Current Load;WARNING;HARD;4;WARNING - load average: 8.19, 17.95, 17.14
[1583838947] SERVICE NOTIFICATION: jatin;vinfra-200;Current Load;OK;notify-service-by-email;OK - load average: 4.20, 4.42, 4.92
[1583838947] SERVICE NOTIFICATION: atul;vinfra-200;Current Load;OK;notify-service-by-email;OK - load average: 4.20, 4.42, 4.92
[1583838947] SERVICE ALERT: vinfra-200;Current Load;OK;HARD;4;OK - load average: 4.20, 4.42, 4.92
[1583839248] SERVICE ALERT: vinfra-200;Current Load;WARNING;SOFT;1;WARNING - load average: 5.46, 5.09, 5.04
[1583839308] SERVICE ALERT: vinfra-200;Current Load;WARNING;SOFT;2;WARNING - load average: 7.35, 5.66, 5.24
[1583839368] SERVICE ALERT: vinfra-200;Current Load;WARNING;SOFT;3;WARNING - load average: 5.10, 5.32, 5.14
[1583839428] SERVICE FLAPPING ALERT: vinfra-200;Current Load;STARTED; Service appears to have started flapping (24.2% change >= 20.0% threshold)
[1583839428] SERVICE NOTIFICATION: jatin;vinfra-200;Current Load;FLAPPINGSTART (WARNING);notify-service-by-email;WARNING - load average: 7.22, 5.77, 5.30
[1583839428] SERVICE NOTIFICATION: atul;vinfra-200;Current Load;FLAPPINGSTART (WARNING);notify-service-by-email;WARNING - load average: 7.22, 5.77, 5.30
[1583839428] SERVICE ALERT: vinfra-200;Current Load;WARNING;HARD;4;WARNING - load average: 7.22, 5.77, 5.30
[1583839435] SERVICE ALERT: vapps-100;Current Load;CRITICAL;HARD;4;CRITICAL - load average: 31.93, 23.68, 19.39
[1583840028] SERVICE ALERT: vinfra-200;Current Load;OK;HARD;4;OK - load average: 4.59, 4.54, 4.92
[1583840035] SERVICE ALERT: vapps-100;Current Load;WARNING;HARD;4;WARNING - load average: 10.34, 13.41, 17.10
[1583840328] SERVICE ALERT: vinfra-200;Current Load;WARNING;SOFT;1;WARNING - load average: 6.03, 5.78, 5.32
[1583840335] SERVICE ALERT: vapps-100;Current Load;CRITICAL;HARD;4;CRITICAL - load average: 24.27, 22.21, 20.19
[1583840388] SERVICE ALERT: vinfra-200;Current Load;WARNING;SOFT;2;WARNING - load average: 7.69, 6.14, 5.46
[1583840448] SERVICE ALERT: vinfra-200;Current Load;WARNING;SOFT;3;WARNING - load average: 6.41, 6.28, 5.57
[1583840508] SERVICE ALERT: vinfra-200;Current Load;WARNING;HARD;4;WARNING - load average: 3.57, 5.51, 5.35
[1583840635] SERVICE ALERT: vapps-100;Current Load;WARNING;HARD;4;WARNING - load average: 7.25, 17.33, 19.24
[1583840808] SERVICE ALERT: vinfra-200;Current Load;OK;HARD;4;OK - load average: 3.68, 4.18, 4.77
[1583840935] SERVICE ALERT: vapps-100;Current Load;CRITICAL;HARD;4;CRITICAL - load average: 32.43, 21.67, 19.93
[1583841108] SERVICE ALERT: vinfra-200;Current Load;WARNING;SOFT;1;WARNING - load average: 7.92, 5.70, 5.22
[1583841168] SERVICE ALERT: vinfra-200;Current Load;WARNING;SOFT;2;WARNING - load average: 6.01, 5.57, 5.20
[1583841228] SERVICE ALERT: vonly-replica;Current Load;WARNING;SOFT;1;WARNING - load average: 10.68, 10.49, 10.15
[1583841228] SERVICE ALERT: vinfra-200;Current Load;WARNING;SOFT;3;WARNING - load average: 4.27, 5.21, 5.10
[1583841288] SERVICE ALERT: vonly-replica;Current Load;WARNING;SOFT;2;WARNING - load average: 9.72, 10.26, 10.09
[1583841288] SERVICE ALERT: vinfra-200;Current Load;WARNING;HARD;4;WARNING - load average: 4.93, 5.29, 5.14
[1583841348] SERVICE ALERT: vonly-replica;Current Load;WARNING;SOFT;3;WARNING - load average: 9.73, 10.15, 10.07
[1583841408] SERVICE NOTIFICATION: jatin;vonly-replica;Current Load;WARNING;notify-service-by-email;WARNING - load average: 9.44, 9.97, 10.01
[1583841408] SERVICE NOTIFICATION: atul;vonly-replica;Current Load;WARNING;notify-service-by-email;WARNING - load average: 9.44, 9.97, 10.01
[1583841408] SERVICE ALERT: vonly-replica;Current Load;WARNING;HARD;4;WARNING - load average: 9.44, 9.97, 10.01
[1583841535] SERVICE ALERT: vapps-100;Current Load;WARNING;HARD;4;WARNING - load average: 6.67, 12.39, 17.34
[1583841589] SERVICE ALERT: vinfra-200;Current Load;OK;HARD;4;OK - load average: 3.79, 4.16, 4.65
[1583841756] SERVICE NOTIFICATION: nagiosadmin;vonly-backup;/media/data Partition;CRITICAL;notify-service-by-email;/media/data is at 91% capacity! 6.2T of 7.3T
[1583841756] SERVICE NOTIFICATION: jatin;vonly-backup;/media/data Partition;CRITICAL;notify-service-by-email;/media/data is at 91% capacity! 6.2T of 7.3T
[1583841756] SERVICE NOTIFICATION: atul;vonly-backup;/media/data Partition;CRITICAL;notify-service-by-email;/media/data is at 91% capacity! 6.2T of 7.3T
[1583842009] SERVICE NOTIFICATION: jatin;vonly-replica;Current Load;OK;notify-service-by-email;OK - load average: 9.86, 9.94, 9.99
[1583842009] SERVICE NOTIFICATION: atul;vonly-replica;Current Load;OK;notify-service-by-email;OK - load average: 9.86, 9.94, 9.99
[1583842009] SERVICE ALERT: vonly-replica;Current Load;OK;HARD;4;OK - load average: 9.86, 9.94, 9.99
[1583842081] SERVICE ALERT: WINV-101;CPU Load;CRITICAL;SOFT;1;CPU Load 94% (5 min average)
[1583842201] SERVICE ALERT: WINV-101;CPU Load;OK;SOFT;2;CPU Load 1% (5 min average)
[1583842226] Auto-save of retention data completed successfully.
[1583843035] SERVICE ALERT: vapps-100;Current Load;OK;HARD;4;OK - load average: 1.78, 2.55, 7.52
[1583843460] SERVICE NOTIFICATION: jatin;WINV-104;Data Drive Space;WARNING;notify-service-by-email;d:\ - total: 931.32 Gb - used: 749.84 Gb (81%) - free 181.48 Gb (19%)
[1583843460] SERVICE NOTIFICATION: atul;WINV-104;Data Drive Space;WARNING;notify-service-by-email;d:\ - total: 931.32 Gb - used: 749.84 Gb (81%) - free 181.48 Gb (19%)
[1583843521] SERVICE ALERT: WINV-101;CPU Load;CRITICAL;SOFT;1;CPU Load 96% (5 min average)
[1583843642] SERVICE ALERT: WINV-101;CPU Load;CRITICAL;SOFT;2;CPU Load 100% (5 min average)
[1583843762] SERVICE NOTIFICATION: jatin;WINV-101;CPU Load;CRITICAL;notify-service-by-email;CPU Load 100% (5 min average)
[1583843762] SERVICE NOTIFICATION: atul;WINV-101;CPU Load;CRITICAL;notify-service-by-email;CPU Load 100% (5 min average)
[1583843762] SERVICE ALERT: WINV-101;CPU Load;CRITICAL;HARD;3;CPU Load 100% (5 min average)
[1583843855] SERVICE NOTIFICATION: jatin;vinfra-200;Swap Usage;CRITICAL;notify-service-by-email;SWAP CRITICAL - 1% free (1 MB out of 975 MB)
[1583843855] SERVICE NOTIFICATION: atul;vinfra-200;Swap Usage;CRITICAL;notify-service-by-email;SWAP CRITICAL - 1% free (1 MB out of 975 MB)
[1583844362] SERVICE NOTIFICATION: jatin;WINV-101;CPU Load;OK;notify-service-by-email;CPU Load 5% (5 min average)
[1583844362] SERVICE NOTIFICATION: atul;WINV-101;CPU Load;OK;notify-service-by-email;CPU Load 5% (5 min average)
[1583844362] SERVICE ALERT: WINV-101;CPU Load;OK;HARD;3;CPU Load 5% (5 min average)
[1583845303] SERVICE NOTIFICATION: jatin;WINV-110;Data Drive Space;WARNING;notify-service-by-email;d:\ - total: 931.32 Gb - used: 785.45 Gb (84%) - free 145.87 Gb (16%)
[1583845303] SERVICE NOTIFICATION: atul;WINV-110;Data Drive Space;WARNING;notify-service-by-email;d:\ - total: 931.32 Gb - used: 785.45 Gb (84%) - free 145.87 Gb (16%)
[1583845356] SERVICE NOTIFICATION: nagiosadmin;vonly-backup;/media/data Partition;CRITICAL;notify-service-by-email;/media/data is at 91% capacity! 6.2T of 7.3T
[1583845356] SERVICE NOTIFICATION: jatin;vonly-backup;/media/data Partition;CRITICAL;notify-service-by-email;/media/data is at 91% capacity! 6.2T of 7.3T
[1583845356] SERVICE NOTIFICATION: atul;vonly-backup;/media/data Partition;CRITICAL;notify-service-by-email;/media/data is at 91% capacity! 6.2T of 7.3T
[1583845826] Auto-save of retention data completed successfully.
[1583847289] SERVICE FLAPPING ALERT: vinfra-200;Current Load;STOPPED; Service appears to have stopped flapping (3.8% change < 5.0% threshold)
[1583847289] SERVICE NOTIFICATION: jatin;vinfra-200;Current Load;FLAPPINGSTOP (OK);notify-service-by-email;OK - load average: 0.62, 1.05, 1.05
[1583847289] SERVICE NOTIFICATION: atul;vinfra-200;Current Load;FLAPPINGSTOP (OK);notify-service-by-email;OK - load average: 0.62, 1.05, 1.05
[1583847536] SERVICE FLAPPING ALERT: vapps-100;Current Load;STOPPED; Service appears to have stopped flapping (4.3% change < 5.0% threshold)
[1583847536] SERVICE NOTIFICATION: jatin;vapps-100;Current Load;FLAPPINGSTOP (OK);notify-service-by-email;OK - load average: 0.15, 0.14, 0.28
[1583847536] SERVICE NOTIFICATION: atul;vapps-100;Current Load;FLAPPINGSTOP (OK);notify-service-by-email;OK - load average: 0.15, 0.14, 0.28
[1583848331] SERVICE NOTIFICATION: jatin;vdb-103;Swap Usage;CRITICAL;notify-service-by-email;SWAP CRITICAL - 1% free (0 MB out of 2047 MB)
[1583848331] SERVICE NOTIFICATION: atul;vdb-103;Swap Usage;CRITICAL;notify-service-by-email;SWAP CRITICAL - 1% free (0 MB out of 2047 MB)
[1583848956] SERVICE NOTIFICATION: nagiosadmin;vonly-backup;/media/data Partition;CRITICAL;notify-service-by-email;/media/data is at 91% capacity! 6.2T of 7.3T
[1583848956] SERVICE NOTIFICATION: jatin;vonly-backup;/media/data Partition;CRITICAL;notify-service-by-email;/media/data is at 91% capacity! 6.2T of 7.3T
[1583848956] SERVICE NOTIFICATION: atul;vonly-backup;/media/data Partition;CRITICAL;notify-service-by-email;/media/data is at 91% capacity! 6.2T of 7.3T
[1583849426] Auto-save of retention data completed successfully.
[1583850302] SERVICE NOTIFICATION: jatin;WINV-102;Data Drive Space;WARNING;notify-service-by-email;d:\ - total: 1862.64 Gb - used: 1501.07 Gb (81%) - free 361.57 Gb (19%)
[1583850302] SERVICE NOTIFICATION: atul;WINV-102;Data Drive Space;WARNING;notify-service-by-email;d:\ - total: 1862.64 Gb - used: 1501.07 Gb (81%) - free 361.57 Gb (19%)
[1583850575] SERVICE NOTIFICATION: jatin;WINV-101;Data Drive Space;WARNING;notify-service-by-email;d:\ - total: 931.32 Gb - used: 758.08 Gb (81%) - free 173.23 Gb (19%)
[1583850575] SERVICE NOTIFICATION: atul;WINV-101;Data Drive Space;WARNING;notify-service-by-email;d:\ - total: 931.32 Gb - used: 758.08 Gb (81%) - free 173.23 Gb (19%)
[1583852556] SERVICE NOTIFICATION: nagiosadmin;vonly-backup;/media/data Partition;CRITICAL;notify-service-by-email;/media/data is at 91% capacity! 6.2T of 7.3T
[1583852556] SERVICE NOTIFICATION: jatin;vonly-backup;/media/data Partition;CRITICAL;notify-service-by-email;/media/data is at 91% capacity! 6.2T of 7.3T
[1583852556] SERVICE NOTIFICATION: atul;vonly-backup;/media/data Partition;CRITICAL;notify-service-by-email;/media/data is at 91% capacity! 6.2T of 7.3T
[1583853026] Auto-save of retention data completed successfully.
[1583856156] SERVICE NOTIFICATION: nagiosadmin;vonly-backup;/media/data Partition;CRITICAL;notify-service-by-email;/media/data is at 91% capacity! 6.2T of 7.3T
[1583856156] SERVICE NOTIFICATION: jatin;vonly-backup;/media/data Partition;CRITICAL;notify-service-by-email;/media/data is at 91% capacity! 6.2T of 7.3T
[1583856156] SERVICE NOTIFICATION: atul;vonly-backup;/media/data Partition;CRITICAL;notify-service-by-email;/media/data is at 91% capacity! 6.2T of 7.3T
[1583856625] Auto-save of retention data completed successfully.
[1583857860] SERVICE NOTIFICATION: jatin;WINV-104;Data Drive Space;WARNING;notify-service-by-email;d:\ - total: 931.32 Gb - used: 749.85 Gb (81%) - free 181.47 Gb (19%)
[1583857860] SERVICE NOTIFICATION: atul;WINV-104;Data Drive Space;WARNING;notify-service-by-email;d:\ - total: 931.32 Gb - used: 749.85 Gb (81%) - free 181.47 Gb (19%)
[1583858256] SERVICE NOTIFICATION: jatin;vinfra-200;Swap Usage;CRITICAL;notify-service-by-email;SWAP CRITICAL - 1% free (0 MB out of 975 MB)
[1583858256] SERVICE NOTIFICATION: atul;vinfra-200;Swap Usage;CRITICAL;notify-service-by-email;SWAP CRITICAL - 1% free (0 MB out of 975 MB)
[1583859703] SERVICE NOTIFICATION: jatin;WINV-110;Data Drive Space;WARNING;notify-service-by-email;d:\ - total: 931.32 Gb - used: 798.14 Gb (86%) - free 133.17 Gb (14%)
[1583859703] SERVICE NOTIFICATION: atul;WINV-110;Data Drive Space;WARNING;notify-service-by-email;d:\ - total: 931.32 Gb - used: 798.14 Gb (86%) - free 133.17 Gb (14%)
[1583859756] SERVICE NOTIFICATION: nagiosadmin;vonly-backup;/media/data Partition;CRITICAL;notify-service-by-email;/media/data is at 91% capacity! 6.2T of 7.3T
[1583859756] SERVICE NOTIFICATION: jatin;vonly-backup;/media/data Partition;CRITICAL;notify-service-by-email;/media/data is at 91% capacity! 6.2T of 7.3T
[1583859756] SERVICE NOTIFICATION: atul;vonly-backup;/media/data Partition;CRITICAL;notify-service-by-email;/media/data is at 91% capacity! 6.2T of 7.3T
[1583860226] Auto-save of retention data completed successfully.
[1583862731] SERVICE NOTIFICATION: jatin;vdb-103;Swap Usage;CRITICAL;notify-service-by-email;SWAP CRITICAL - 1% free (0 MB out of 2047 MB)
[1583862731] SERVICE NOTIFICATION: atul;vdb-103;Swap Usage;CRITICAL;notify-service-by-email;SWAP CRITICAL - 1% free (0 MB out of 2047 MB)
[1583863356] SERVICE NOTIFICATION: nagiosadmin;vonly-backup;/media/data Partition;CRITICAL;notify-service-by-email;/media/data is at 91% capacity! 6.2T of 7.3T
[1583863356] SERVICE NOTIFICATION: jatin;vonly-backup;/media/data Partition;CRITICAL;notify-service-by-email;/media/data is at 91% capacity! 6.2T of 7.3T
[1583863356] SERVICE NOTIFICATION: atul;vonly-backup;/media/data Partition;CRITICAL;notify-service-by-email;/media/data is at 91% capacity! 6.2T of 7.3T
[1583863825] Auto-save of retention data completed successfully.
[1583864702] SERVICE NOTIFICATION: jatin;WINV-102;Data Drive Space;WARNING;notify-service-by-email;d:\ - total: 1862.64 Gb - used: 1501.08 Gb (81%) - free 361.56 Gb (19%)
[1583864702] SERVICE NOTIFICATION: atul;WINV-102;Data Drive Space;WARNING;notify-service-by-email;d:\ - total: 1862.64 Gb - used: 1501.08 Gb (81%) - free 361.56 Gb (19%)
[1583864975] SERVICE NOTIFICATION: jatin;WINV-101;Data Drive Space;WARNING;notify-service-by-email;d:\ - total: 931.32 Gb - used: 758.09 Gb (81%) - free 173.23 Gb (19%)
[1583864975] SERVICE NOTIFICATION: atul;WINV-101;Data Drive Space;WARNING;notify-service-by-email;d:\ - total: 931.32 Gb - used: 758.09 Gb (81%) - free 173.23 Gb (19%)
[1583866475] SERVICE NOTIFICATION: jatin;vdb-101;/mnt/data01 Partition;CRITICAL;notify-service-by-email;/mnt/data01 is at 92% capacity! 3.1T of 3.6T
[1583866475] SERVICE NOTIFICATION: atul;vdb-101;/mnt/data01 Partition;CRITICAL;notify-service-by-email;/mnt/data01 is at 92% capacity! 3.1T of 3.6T
[1583866956] SERVICE NOTIFICATION: nagiosadmin;vonly-backup;/media/data Partition;CRITICAL;notify-service-by-email;/media/data is at 91% capacity! 6.2T of 7.3T
[1583866956] SERVICE NOTIFICATION: jatin;vonly-backup;/media/data Partition;CRITICAL;notify-service-by-email;/media/data is at 91% capacity! 6.2T of 7.3T
[1583866956] SERVICE NOTIFICATION: atul;vonly-backup;/media/data Partition;CRITICAL;notify-service-by-email;/media/data is at 91% capacity! 6.2T of 7.3T
[1583867426] Auto-save of retention data completed successfully.
[1583870556] SERVICE NOTIFICATION: nagiosadmin;vonly-backup;/media/data Partition;CRITICAL;notify-service-by-email;/media/data is at 91% capacity! 6.2T of 7.3T
[1583870557] SERVICE NOTIFICATION: jatin;vonly-backup;/media/data Partition;CRITICAL;notify-service-by-email;/media/data is at 91% capacity! 6.2T of 7.3T
[1583870557] SERVICE NOTIFICATION: atul;vonly-backup;/media/data Partition;CRITICAL;notify-service-by-email;/media/data is at 91% capacity! 6.2T of 7.3T
[1583871025] Auto-save of retention data completed successfully.
[1583872260] SERVICE NOTIFICATION: jatin;WINV-104;Data Drive Space;WARNING;notify-service-by-email;d:\ - total: 931.32 Gb - used: 750.70 Gb (81%) - free 180.62 Gb (19%)
[1583872260] SERVICE NOTIFICATION: atul;WINV-104;Data Drive Space;WARNING;notify-service-by-email;d:\ - total: 931.32 Gb - used: 750.70 Gb (81%) - free 180.62 Gb (19%)
[1583872955] SERVICE NOTIFICATION: jatin;vinfra-200;Swap Usage;CRITICAL;notify-service-by-email;SWAP CRITICAL - 1% free (0 MB out of 975 MB)
[1583872955] SERVICE NOTIFICATION: atul;vinfra-200;Swap Usage;CRITICAL;notify-service-by-email;SWAP CRITICAL - 1% free (0 MB out of 975 MB)
[1583874103] SERVICE NOTIFICATION: jatin;WINV-110;Data Drive Space;WARNING;notify-service-by-email;d:\ - total: 931.32 Gb - used: 762.14 Gb (82%) - free 169.18 Gb (18%)
[1583874103] SERVICE NOTIFICATION: atul;WINV-110;Data Drive Space;WARNING;notify-service-by-email;d:\ - total: 931.32 Gb - used: 762.14 Gb (82%) - free 169.18 Gb (18%)
[1583874156] SERVICE NOTIFICATION: nagiosadmin;vonly-backup;/media/data Partition;CRITICAL;notify-service-by-email;/media/data is at 91% capacity! 6.2T of 7.3T
[1583874156] SERVICE NOTIFICATION: jatin;vonly-backup;/media/data Partition;CRITICAL;notify-service-by-email;/media/data is at 91% capacity! 6.2T of 7.3T
[1583874156] SERVICE NOTIFICATION: atul;vonly-backup;/media/data Partition;CRITICAL;notify-service-by-email;/media/data is at 91% capacity! 6.2T of 7.3T
[1583874626] Auto-save of retention data completed successfully.
[1583877131] SERVICE NOTIFICATION: jatin;vdb-103;Swap Usage;CRITICAL;notify-service-by-email;SWAP CRITICAL - 1% free (0 MB out of 2047 MB)
[1583877131] SERVICE NOTIFICATION: atul;vdb-103;Swap Usage;CRITICAL;notify-service-by-email;SWAP CRITICAL - 1% free (0 MB out of 2047 MB)
[1583877756] SERVICE NOTIFICATION: nagiosadmin;vonly-backup;/media/data Partition;CRITICAL;notify-service-by-email;/media/data is at 91% capacity! 6.2T of 7.3T
[1583877756] SERVICE NOTIFICATION: jatin;vonly-backup;/media/data Partition;CRITICAL;notify-service-by-email;/media/data is at 91% capacity! 6.2T of 7.3T
[1583877756] SERVICE NOTIFICATION: atul;vonly-backup;/media/data Partition;CRITICAL;notify-service-by-email;/media/data is at 91% capacity! 6.2T of 7.3T
[1583878226] Auto-save of retention data completed successfully.
[1583879102] SERVICE NOTIFICATION: jatin;WINV-102;Data Drive Space;WARNING;notify-service-by-email;d:\ - total: 1862.64 Gb - used: 1501.68 Gb (81%) - free 360.96 Gb (19%)
[1583879102] SERVICE NOTIFICATION: atul;WINV-102;Data Drive Space;WARNING;notify-service-by-email;d:\ - total: 1862.64 Gb - used: 1501.68 Gb (81%) - free 360.96 Gb (19%)
[1583879375] SERVICE NOTIFICATION: jatin;WINV-101;Data Drive Space;WARNING;notify-service-by-email;d:\ - total: 931.32 Gb - used: 758.09 Gb (81%) - free 173.23 Gb (19%)
[1583879375] SERVICE NOTIFICATION: atul;WINV-101;Data Drive Space;WARNING;notify-service-by-email;d:\ - total: 931.32 Gb - used: 758.09 Gb (81%) - free 173.23 Gb (19%)
[1583881356] SERVICE NOTIFICATION: nagiosadmin;vonly-backup;/media/data Partition;CRITICAL;notify-service-by-email;/media/data is at 91% capacity! 6.2T of 7.3T
[1583881356] SERVICE NOTIFICATION: jatin;vonly-backup;/media/data Partition;CRITICAL;notify-service-by-email;/media/data is at 91% capacity! 6.2T of 7.3T
[1583881356] SERVICE NOTIFICATION: atul;vonly-backup;/media/data Partition;CRITICAL;notify-service-by-email;/media/data is at 91% capacity! 6.2T of 7.3T
[1583881825] Auto-save of retention data completed successfully.
[1583882635] SERVICE ALERT: vapps-100;Current Load;WARNING;SOFT;1;WARNING - load average: 24.82, 13.08, 7.01
[1583882695] SERVICE ALERT: vapps-100;Current Load;CRITICAL;SOFT;2;CRITICAL - load average: 33.13, 17.14, 8.76
[1583882755] SERVICE ALERT: vapps-100;Current Load;CRITICAL;SOFT;3;CRITICAL - load average: 38.65, 21.65, 10.84
[1583882815] SERVICE NOTIFICATION: jatin;vapps-100;Current Load;CRITICAL;notify-service-by-email;CRITICAL - load average: 44.54, 25.97, 12.97
[1583882815] SERVICE NOTIFICATION: atul;vapps-100;Current Load;CRITICAL;notify-service-by-email;CRITICAL - load average: 44.54, 25.97, 12.97
[1583882815] SERVICE ALERT: vapps-100;Current Load;CRITICAL;HARD;4;CRITICAL - load average: 44.54, 25.97, 12.97
[1583883115] SERVICE NOTIFICATION: jatin;vapps-100;Current Load;WARNING;notify-service-by-email;WARNING - load average: 3.64, 15.63, 12.58
[1583883115] SERVICE NOTIFICATION: atul;vapps-100;Current Load;WARNING;notify-service-by-email;WARNING - load average: 3.64, 15.63, 12.58
[1583883115] SERVICE ALERT: vapps-100;Current Load;WARNING;HARD;4;WARNING - load average: 3.64, 15.63, 12.58
[1583883715] SERVICE NOTIFICATION: jatin;vapps-100;Current Load;OK;notify-service-by-email;OK - load average: 0.12, 2.99, 7.29
[1583883715] SERVICE NOTIFICATION: atul;vapps-100;Current Load;OK;notify-service-by-email;OK - load average: 0.12, 2.99, 7.29
[1583883715] SERVICE ALERT: vapps-100;Current Load;OK;HARD;4;OK - load average: 0.12, 2.99, 7.29
[1583884315] SERVICE ALERT: vapps-100;Current Load;WARNING;SOFT;1;WARNING - load average: 16.05, 7.52, 6.56
[1583884375] SERVICE ALERT: vapps-100;Current Load;WARNING;SOFT;2;WARNING - load average: 16.27, 9.19, 7.20
[1583884435] SERVICE ALERT: vapps-100;Current Load;OK;SOFT;3;OK - load average: 14.15, 9.93, 7.58
[1583884495] SERVICE ALERT: vapps-100;Current Load;WARNING;SOFT;1;WARNING - load average: 18.65, 11.71, 8.33
[1583884555] SERVICE ALERT: vapps-100;Current Load;WARNING;SOFT;2;WARNING - load average: 19.95, 13.34, 9.10
[1583884615] SERVICE ALERT: vapps-100;Current Load;WARNING;SOFT;3;WARNING - load average: 28.59, 16.75, 10.52
[1583884676] SERVICE FLAPPING ALERT: vapps-100;Current Load;STARTED; Service appears to have started flapping (23.2% change >= 20.0% threshold)
[1583884676] SERVICE NOTIFICATION: jatin;vapps-100;Current Load;FLAPPINGSTART (WARNING);notify-service-by-email;WARNING - load average: 28.82, 19.02, 11.70
[1583884676] SERVICE NOTIFICATION: atul;vapps-100;Current Load;FLAPPINGSTART (WARNING);notify-service-by-email;WARNING - load average: 28.82, 19.02, 11.70
[1583884676] SERVICE ALERT: vapps-100;Current Load;WARNING;HARD;4;WARNING - load average: 28.82, 19.02, 11.70
[1583884956] SERVICE NOTIFICATION: nagiosadmin;vonly-backup;/media/data Partition;CRITICAL;notify-service-by-email;/media/data is at 91% capacity! 6.2T of 7.3T
[1583884956] SERVICE NOTIFICATION: jatin;vonly-backup;/media/data Partition;CRITICAL;notify-service-by-email;/media/data is at 91% capacity! 6.2T of 7.3T
[1583884956] SERVICE NOTIFICATION: atul;vonly-backup;/media/data Partition;CRITICAL;notify-service-by-email;/media/data is at 91% capacity! 6.2T of 7.3T
[1583884976] SERVICE ALERT: vapps-100;Current Load;CRITICAL;HARD;4;CRITICAL - load average: 21.37, 25.18, 16.76
[1583885389] SERVICE ALERT: vinfra-200;Current Load;WARNING;SOFT;1;WARNING - load average: 6.07, 6.75, 5.39
[1583885425] Auto-save of retention data completed successfully.
[1583885449] SERVICE ALERT: vinfra-200;Current Load;WARNING;SOFT;2;WARNING - load average: 6.41, 6.75, 5.47
[1583885509] SERVICE ALERT: vinfra-200;Current Load;WARNING;SOFT;3;WARNING - load average: 6.56, 6.68, 5.53
[1583885569] SERVICE NOTIFICATION: jatin;vinfra-200;Current Load;WARNING;notify-service-by-email;WARNING - load average: 7.47, 7.14, 5.77
[1583885569] SERVICE NOTIFICATION: atul;vinfra-200;Current Load;WARNING;notify-service-by-email;WARNING - load average: 7.47, 7.14, 5.77
[1583885569] SERVICE ALERT: vinfra-200;Current Load;WARNING;HARD;4;WARNING - load average: 7.47, 7.14, 5.77
[1583886660] SERVICE NOTIFICATION: jatin;WINV-104;Data Drive Space;WARNING;notify-service-by-email;d:\ - total: 931.32 Gb - used: 750.70 Gb (81%) - free 180.62 Gb (19%)
[1583886660] SERVICE NOTIFICATION: atul;WINV-104;Data Drive Space;WARNING;notify-service-by-email;d:\ - total: 931.32 Gb - used: 750.70 Gb (81%) - free 180.62 Gb (19%)
[1583887355] SERVICE NOTIFICATION: jatin;vinfra-200;Swap Usage;CRITICAL;notify-service-by-email;SWAP CRITICAL - 1% free (0 MB out of 975 MB)
[1583887355] SERVICE NOTIFICATION: atul;vinfra-200;Swap Usage;CRITICAL;notify-service-by-email;SWAP CRITICAL - 1% free (0 MB out of 975 MB)
[1583888503] SERVICE NOTIFICATION: jatin;WINV-110;Data Drive Space;WARNING;notify-service-by-email;d:\ - total: 931.32 Gb - used: 762.14 Gb (82%) - free 169.18 Gb (18%)
[1583888503] SERVICE NOTIFICATION: atul;WINV-110;Data Drive Space;WARNING;notify-service-by-email;d:\ - total: 931.32 Gb - used: 762.14 Gb (82%) - free 169.18 Gb (18%)
[1583888556] SERVICE NOTIFICATION: nagiosadmin;vonly-backup;/media/data Partition;CRITICAL;notify-service-by-email;/media/data is at 91% capacity! 6.2T of 7.3T
[1583888556] SERVICE NOTIFICATION: jatin;vonly-backup;/media/data Partition;CRITICAL;notify-service-by-email;/media/data is at 91% capacity! 6.2T of 7.3T
[1583888556] SERVICE NOTIFICATION: atul;vonly-backup;/media/data Partition;CRITICAL;notify-service-by-email;/media/data is at 91% capacity! 6.2T of 7.3T
[1583889025] Auto-save of retention data completed successfully.
[1583889176] SERVICE ALERT: vapps-100;Current Load;WARNING;HARD;4;WARNING - load average: 12.77, 11.95, 18.57
[1583889476] SERVICE ALERT: vapps-100;Current Load;CRITICAL;HARD;4;CRITICAL - load average: 36.76, 24.09, 21.46
[1583890076] SERVICE ALERT: vapps-100;Current Load;WARNING;HARD;4;WARNING - load average: 12.52, 17.18, 19.63
[1583890669] SERVICE NOTIFICATION: jatin;vinfra-200;Current Load;OK;notify-service-by-email;OK - load average: 1.64, 3.21, 4.39
[1583890669] SERVICE NOTIFICATION: atul;vinfra-200;Current Load;OK;notify-service-by-email;OK - load average: 1.64, 3.21, 4.39
[1583890669] SERVICE ALERT: vinfra-200;Current Load;OK;HARD;4;OK - load average: 1.64, 3.21, 4.39
[1583891276] SERVICE ALERT: vapps-100;Current Load;OK;HARD;4;OK - load average: 0.16, 0.97, 7.12
[1583891531] SERVICE NOTIFICATION: jatin;vdb-103;Swap Usage;CRITICAL;notify-service-by-email;SWAP CRITICAL - 1% free (0 MB out of 2047 MB)
[1583891531] SERVICE NOTIFICATION: atul;vdb-103;Swap Usage;CRITICAL;notify-service-by-email;SWAP CRITICAL - 1% free (0 MB out of 2047 MB)
[1583892156] SERVICE NOTIFICATION: nagiosadmin;vonly-backup;/media/data Partition;CRITICAL;notify-service-by-email;/media/data is at 91% capacity! 6.2T of 7.3T
[1583892156] SERVICE NOTIFICATION: jatin;vonly-backup;/media/data Partition;CRITICAL;notify-service-by-email;/media/data is at 91% capacity! 6.2T of 7.3T
[1583892156] SERVICE NOTIFICATION: atul;vonly-backup;/media/data Partition;CRITICAL;notify-service-by-email;/media/data is at 91% capacity! 6.2T of 7.3T
[1583892625] Auto-save of retention data completed successfully.
[1583893502] SERVICE NOTIFICATION: jatin;WINV-102;Data Drive Space;WARNING;notify-service-by-email;d:\ - total: 1862.64 Gb - used: 1502.67 Gb (81%) - free 359.97 Gb (19%)
[1583893502] SERVICE NOTIFICATION: atul;WINV-102;Data Drive Space;WARNING;notify-service-by-email;d:\ - total: 1862.64 Gb - used: 1502.67 Gb (81%) - free 359.97 Gb (19%)
[1583893775] SERVICE NOTIFICATION: jatin;WINV-101;Data Drive Space;WARNING;notify-service-by-email;d:\ - total: 931.32 Gb - used: 758.09 Gb (81%) - free 173.23 Gb (19%)
[1583893775] SERVICE NOTIFICATION: atul;WINV-101;Data Drive Space;WARNING;notify-service-by-email;d:\ - total: 931.32 Gb - used: 758.09 Gb (81%) - free 173.23 Gb (19%)
[1583895756] SERVICE NOTIFICATION: nagiosadmin;vonly-backup;/media/data Partition;CRITICAL;notify-service-by-email;/media/data is at 91% capacity! 6.2T of 7.3T
[1583895756] SERVICE NOTIFICATION: jatin;vonly-backup;/media/data Partition;CRITICAL;notify-service-by-email;/media/data is at 91% capacity! 6.2T of 7.3T
[1583895756] SERVICE NOTIFICATION: atul;vonly-backup;/media/data Partition;CRITICAL;notify-service-by-email;/media/data is at 91% capacity! 6.2T of 7.3T
[1583896076] SERVICE FLAPPING ALERT: vapps-100;Current Load;STOPPED; Service appears to have stopped flapping (4.1% change < 5.0% threshold)
[1583896076] SERVICE NOTIFICATION: jatin;vapps-100;Current Load;FLAPPINGSTOP (OK);notify-service-by-email;OK - load average: 0.11, 0.22, 0.43
[1583896076] SERVICE NOTIFICATION: atul;vapps-100;Current Load;FLAPPINGSTOP (OK);notify-service-by-email;OK - load average: 0.11, 0.22, 0.43
[1583896226] Auto-save of retention data completed successfully.
[1583899356] SERVICE NOTIFICATION: nagiosadmin;vonly-backup;/media/data Partition;CRITICAL;notify-service-by-email;/media/data is at 91% capacity! 6.2T of 7.3T
[1583899356] SERVICE NOTIFICATION: jatin;vonly-backup;/media/data Partition;CRITICAL;notify-service-by-email;/media/data is at 91% capacity! 6.2T of 7.3T
[1583899356] SERVICE NOTIFICATION: atul;vonly-backup;/media/data Partition;CRITICAL;notify-service-by-email;/media/data is at 91% capacity! 6.2T of 7.3T
[1583899826] Auto-save of retention data completed successfully.
[1583901060] SERVICE NOTIFICATION: jatin;WINV-104;Data Drive Space;WARNING;notify-service-by-email;d:\ - total: 931.32 Gb - used: 750.58 Gb (81%) - free 180.74 Gb (19%)
[1583901060] SERVICE NOTIFICATION: atul;WINV-104;Data Drive Space;WARNING;notify-service-by-email;d:\ - total: 931.32 Gb - used: 750.58 Gb (81%) - free 180.74 Gb (19%)
[1583901755] SERVICE NOTIFICATION: jatin;vinfra-200;Swap Usage;CRITICAL;notify-service-by-email;SWAP CRITICAL - 1% free (0 MB out of 975 MB)
[1583901755] SERVICE NOTIFICATION: atul;vinfra-200;Swap Usage;CRITICAL;notify-service-by-email;SWAP CRITICAL - 1% free (0 MB out of 975 MB)
[1583902903] SERVICE NOTIFICATION: jatin;WINV-110;Data Drive Space;WARNING;notify-service-by-email;d:\ - total: 931.32 Gb - used: 762.23 Gb (82%) - free 169.09 Gb (18%)
[1583902903] SERVICE NOTIFICATION: atul;WINV-110;Data Drive Space;WARNING;notify-service-by-email;d:\ - total: 931.32 Gb - used: 762.23 Gb (82%) - free 169.09 Gb (18%)
[1583902956] SERVICE NOTIFICATION: nagiosadmin;vonly-backup;/media/data Partition;CRITICAL;notify-service-by-email;/media/data is at 91% capacity! 6.2T of 7.3T
[1583902956] SERVICE NOTIFICATION: jatin;vonly-backup;/media/data Partition;CRITICAL;notify-service-by-email;/media/data is at 91% capacity! 6.2T of 7.3T
[1583902956] SERVICE NOTIFICATION: atul;vonly-backup;/media/data Partition;CRITICAL;notify-service-by-email;/media/data is at 91% capacity! 6.2T of 7.3T
[1583903425] Auto-save of retention data completed successfully.
[1583905931] SERVICE NOTIFICATION: jatin;vdb-103;Swap Usage;CRITICAL;notify-service-by-email;SWAP CRITICAL - 1% free (0 MB out of 2047 MB)
[1583905931] SERVICE NOTIFICATION: atul;vdb-103;Swap Usage;CRITICAL;notify-service-by-email;SWAP CRITICAL - 1% free (0 MB out of 2047 MB)
[1583906556] SERVICE NOTIFICATION: nagiosadmin;vonly-backup;/media/data Partition;CRITICAL;notify-service-by-email;/media/data is at 91% capacity! 6.2T of 7.3T
[1583906556] SERVICE NOTIFICATION: jatin;vonly-backup;/media/data Partition;CRITICAL;notify-service-by-email;/media/data is at 91% capacity! 6.2T of 7.3T
[1583906556] SERVICE NOTIFICATION: atul;vonly-backup;/media/data Partition;CRITICAL;notify-service-by-email;/media/data is at 91% capacity! 6.2T of 7.3T
[1583907025] Auto-save of retention data completed successfully.
[1583907902] SERVICE NOTIFICATION: jatin;WINV-102;Data Drive Space;WARNING;notify-service-by-email;d:\ - total: 1862.64 Gb - used: 1503.54 Gb (81%) - free 359.10 Gb (19%)
[1583907902] SERVICE NOTIFICATION: atul;WINV-102;Data Drive Space;WARNING;notify-service-by-email;d:\ - total: 1862.64 Gb - used: 1503.54 Gb (81%) - free 359.10 Gb (19%)
[1583908175] SERVICE NOTIFICATION: jatin;WINV-101;Data Drive Space;WARNING;notify-service-by-email;d:\ - total: 931.32 Gb - used: 757.72 Gb (81%) - free 173.59 Gb (19%)
[1583908175] SERVICE NOTIFICATION: atul;WINV-101;Data Drive Space;WARNING;notify-service-by-email;d:\ - total: 931.32 Gb - used: 757.72 Gb (81%) - free 173.59 Gb (19%)
[1583909443] SERVICE ALERT: WINV-107;CPU Load;CRITICAL;SOFT;1;CPU Load 99% (5 min average)
[1583909563] SERVICE ALERT: WINV-107;CPU Load;OK;SOFT;2;CPU Load 61% (5 min average)
[1583909676] SERVICE NOTIFICATION: jatin;vdb-101;/mnt/data01 Partition;CRITICAL;notify-service-by-email;/mnt/data01 is at 92% capacity! 3.1T of 3.6T
[1583909676] SERVICE NOTIFICATION: atul;vdb-101;/mnt/data01 Partition;CRITICAL;notify-service-by-email;/mnt/data01 is at 92% capacity! 3.1T of 3.6T
