[1583481600] LOG ROTATION: DAILY
[1583481600] LOG VERSION: 2.0
[1583481600] CURRENT HOST STATE: WINV-101;UP;HARD;1;PING OK - Packet loss = 0%, RTA = 0.33 ms
[1583481600] CURRENT HOST STATE: WINV-102;UP;HARD;1;PING OK - Packet loss = 0%, RTA = 0.27 ms
[1583481600] CURRENT HOST STATE: WINV-103;UP;HARD;1;PING OK - Packet loss = 0%, RTA = 0.33 ms
[1583481600] CURRENT HOST STATE: WINV-104;UP;HARD;1;PING OK - Packet loss = 0%, RTA = 0.30 ms
[1583481600] CURRENT HOST STATE: WINV-105;UP;HARD;1;PING OK - Packet loss = 0%, RTA = 0.26 ms
[1583481600] CURRENT HOST STATE: WINV-106;UP;HARD;1;PING OK - Packet loss = 0%, RTA = 0.29 ms
[1583481600] CURRENT HOST STATE: WINV-107;UP;HARD;1;PING OK - Packet loss = 0%, RTA = 0.39 ms
[1583481600] CURRENT HOST STATE: WINV-108;UP;HARD;1;PING OK - Packet loss = 0%, RTA = 0.31 ms
[1583481600] CURRENT HOST STATE: WINV-110;UP;HARD;1;PING OK - Packet loss = 0%, RTA = 0.28 ms
[1583481600] CURRENT HOST STATE: WINV-111;UP;HARD;1;PING OK - Packet loss = 0%, RTA = 0.29 ms
[1583481600] CURRENT HOST STATE: WINV-112;UP;HARD;1;PING OK - Packet loss = 0%, RTA = 0.28 ms
[1583481600] CURRENT HOST STATE: vapps-100;UP;HARD;1;PING OK - Packet loss = 0%, RTA = 0.27 ms
[1583481600] CURRENT HOST STATE: vapps-109;UP;HARD;1;PING OK - Packet loss = 0%, RTA = 0.28 ms
[1583481600] CURRENT HOST STATE: vdb-100;UP;HARD;1;PING OK - Packet loss = 0%, RTA = 0.61 ms
[1583481600] CURRENT HOST STATE: vdb-101;UP;HARD;1;PING OK - Packet loss = 0%, RTA = 0.29 ms
[1583481600] CURRENT HOST STATE: vdb-103;UP;HARD;1;PING OK - Packet loss = 0%, RTA = 0.35 ms
[1583481600] CURRENT HOST STATE: vdb-staging;UP;HARD;1;PING OK - Packet loss = 0%, RTA = 0.31 ms
[1583481600] CURRENT HOST STATE: vinfra-200;UP;HARD;1;PING OK - Packet loss = 0%, RTA = 0.32 ms
[1583481600] CURRENT HOST STATE: vonly-backup;UP;HARD;1;PING OK - Packet loss = 0%, RTA = 0.05 ms
[1583481600] CURRENT HOST STATE: vonly-database;UP;HARD;1;PING OK - Packet loss = 0%, RTA = 0.30 ms
[1583481600] CURRENT HOST STATE: vonly-replica;UP;HARD;1;PING OK - Packet loss = 0%, RTA = 0.32 ms
[1583481600] CURRENT SERVICE STATE: WINV-101;CPU Load;OK;HARD;1;CPU Load 7% (5 min average)
[1583481600] CURRENT SERVICE STATE: WINV-101;Data Drive Space;WARNING;HARD;3;d:\ - total: 931.32 Gb - used: 752.49 Gb (81%) - free 178.82 Gb (19%)
[1583481600] CURRENT SERVICE STATE: WINV-101;Memory Usage;OK;HARD;1;Memory usage: total:98284.48 MB - used: 37610.21 MB (38%) - free: 60674.27 MB (62%)
[1583481600] CURRENT SERVICE STATE: WINV-101;OS Drive Space;OK;HARD;1;c:\ - total: 68.27 Gb - used: 43.14 Gb (63%) - free 25.13 Gb (37%)
[1583481600] CURRENT SERVICE STATE: WINV-101;Uptime;OK;HARD;1;System Uptime - 1 day(s) 1 hour(s) 36 minute(s)
[1583481600] CURRENT SERVICE STATE: WINV-102;CPU Load;OK;HARD;1;CPU Load 23% (5 min average)
[1583481600] CURRENT SERVICE STATE: WINV-102;Data Drive Space;OK;HARD;1;d:\ - total: 1862.64 Gb - used: 1486.18 Gb (80%) - free 376.46 Gb (20%)
[1583481600] CURRENT SERVICE STATE: WINV-102;Memory Usage;OK;HARD;1;Memory usage: total:208877.43 MB - used: 70169.09 MB (34%) - free: 138708.34 MB (66%)
[1583481600] CURRENT SERVICE STATE: WINV-102;OS Drive Space;OK;HARD;1;c:\ - total: 931.41 Gb - used: 305.26 Gb (33%) - free 626.15 Gb (67%)
[1583481600] CURRENT SERVICE STATE: WINV-102;Uptime;OK;HARD;1;System Uptime - 164 day(s) 13 hour(s) 11 minute(s)
[1583481600] CURRENT SERVICE STATE: WINV-103;CPU Load;OK;HARD;1;CPU Load 0% (5 min average)
[1583481600] CURRENT SERVICE STATE: WINV-103;Data Drive Space;OK;HARD;1;d:\ - total: 1862.39 Gb - used: 951.63 Gb (51%) - free 910.76 Gb (49%)
[1583481600] CURRENT SERVICE STATE: WINV-103;Memory Usage;OK;HARD;1;Memory usage: total:209629.53 MB - used: 75189.78 MB (36%) - free: 134439.75 MB (64%)
[1583481600] CURRENT SERVICE STATE: WINV-103;OS Drive Space;OK;HARD;1;c:\ - total: 68.27 Gb - used: 50.10 Gb (73%) - free 18.16 Gb (27%)
[1583481600] CURRENT SERVICE STATE: WINV-103;Uptime;OK;HARD;1;System Uptime - 23 day(s) 17 hour(s) 3 minute(s)
[1583481600] CURRENT SERVICE STATE: WINV-104;CPU Load;OK;HARD;1;CPU Load 8% (5 min average)
[1583481600] CURRENT SERVICE STATE: WINV-104;Data Drive Space;OK;HARD;1;d:\ - total: 931.32 Gb - used: 740.81 Gb (80%) - free 190.51 Gb (20%)
[1583481600] CURRENT SERVICE STATE: WINV-104;Memory Usage;OK;HARD;1;Memory usage: total:129142.02 MB - used: 39654.33 MB (31%) - free: 89487.69 MB (69%)
[1583481600] CURRENT SERVICE STATE: WINV-104;OS Drive Space;OK;HARD;1;c:\ - total: 68.27 Gb - used: 48.04 Gb (70%) - free 20.22 Gb (30%)
[1583481600] CURRENT SERVICE STATE: WINV-104;Uptime;OK;HARD;1;System Uptime - 161 day(s) 14 hour(s) 20 minute(s)
[1583481600] CURRENT SERVICE STATE: WINV-105;CPU Load;OK;HARD;1;CPU Load 8% (5 min average)
[1583481600] CURRENT SERVICE STATE: WINV-105;Data Drive Space;OK;HARD;1;d:\ - total: 931.32 Gb - used: 552.64 Gb (59%) - free 378.68 Gb (41%)
[1583481600] CURRENT SERVICE STATE: WINV-105;Memory Usage;OK;HARD;1;Memory usage: total:98284.48 MB - used: 47506.49 MB (48%) - free: 50777.99 MB (52%)
[1583481600] CURRENT SERVICE STATE: WINV-105;OS Drive Space;OK;HARD;1;c:\ - total: 231.90 Gb - used: 98.37 Gb (42%) - free 133.53 Gb (58%)
[1583481600] CURRENT SERVICE STATE: WINV-105;Uptime;OK;HARD;1;System Uptime - 325 day(s) 16 hour(s) 29 minute(s)
[1583481600] CURRENT SERVICE STATE: WINV-106;CPU Load;OK;HARD;1;CPU Load 3% (5 min average)
[1583481600] CURRENT SERVICE STATE: WINV-106;Data Drive Space;OK;HARD;1;d:\ - total: 931.32 Gb - used: 683.90 Gb (73%) - free 247.42 Gb (27%)
[1583481600] CURRENT SERVICE STATE: WINV-106;Memory Usage;OK;HARD;1;Memory usage: total:149142.26 MB - used: 40197.24 MB (27%) - free: 108945.02 MB (73%)
[1583481600] CURRENT SERVICE STATE: WINV-106;OS Drive Space;OK;HARD;1;c:\ - total: 67.89 Gb - used: 41.40 Gb (61%) - free 26.49 Gb (39%)
[1583481600] CURRENT SERVICE STATE: WINV-106;Uptime;OK;HARD;1;System Uptime - 72 day(s) 0 hour(s) 48 minute(s)
[1583481600] CURRENT SERVICE STATE: WINV-107;CPU Load;OK;HARD;1;CPU Load 11% (5 min average)
[1583481600] CURRENT SERVICE STATE: WINV-107;Data Drive Space;OK;HARD;1;d:\ - total: 931.51 Gb - used: 618.32 Gb (66%) - free 313.20 Gb (34%)
[1583481600] CURRENT SERVICE STATE: WINV-107;Memory Usage;OK;HARD;1;Memory usage: total:147777.36 MB - used: 50348.81 MB (34%) - free: 97428.55 MB (66%)
[1583481600] CURRENT SERVICE STATE: WINV-107;OS Drive Space;OK;HARD;1;c:\ - total: 67.45 Gb - used: 42.67 Gb (63%) - free 24.78 Gb (37%)
[1583481600] CURRENT SERVICE STATE: WINV-107;Uptime;OK;HARD;1;System Uptime - 2 day(s) 23 hour(s) 14 minute(s)
[1583481600] CURRENT SERVICE STATE: WINV-108;CPU Load;OK;HARD;1;CPU Load 23% (5 min average)
[1583481600] CURRENT SERVICE STATE: WINV-108;Data Drive Space;OK;HARD;1;d:\ - total: 931.32 Gb - used: 525.73 Gb (56%) - free 405.59 Gb (44%)
[1583481600] CURRENT SERVICE STATE: WINV-108;Memory Usage;OK;HARD;1;Memory usage: total:160950.28 MB - used: 39674.27 MB (25%) - free: 121276.00 MB (75%)
[1583481600] CURRENT SERVICE STATE: WINV-108;OS Drive Space;OK;HARD;1;c:\ - total: 67.89 Gb - used: 49.56 Gb (73%) - free 18.33 Gb (27%)
[1583481600] CURRENT SERVICE STATE: WINV-108;Uptime;OK;HARD;1;System Uptime - 464 day(s) 16 hour(s) 7 minute(s)
[1583481600] CURRENT SERVICE STATE: WINV-110;CPU Load;OK;HARD;1;CPU Load 0% (5 min average)
[1583481600] CURRENT SERVICE STATE: WINV-110;Data Drive Space;WARNING;HARD;3;d:\ - total: 931.32 Gb - used: 759.64 Gb (82%) - free 171.68 Gb (18%)
[1583481600] CURRENT SERVICE STATE: WINV-110;Memory Usage;OK;HARD;1;Memory usage: total:104565.75 MB - used: 17306.68 MB (17%) - free: 87259.07 MB (83%)
[1583481600] CURRENT SERVICE STATE: WINV-110;OS Drive Space;OK;HARD;1;c:\ - total: 67.89 Gb - used: 41.89 Gb (62%) - free 25.99 Gb (38%)
[1583481600] CURRENT SERVICE STATE: WINV-110;Uptime;OK;HARD;1;System Uptime - 84 day(s) 1 hour(s) 28 minute(s)
[1583481600] CURRENT SERVICE STATE: WINV-111;CPU Load;OK;HARD;1;CPU Load 0% (5 min average)
[1583481600] CURRENT SERVICE STATE: WINV-111;Data Drive Space;OK;HARD;1;d:\ - total: 931.22 Gb - used: 607.89 Gb (65%) - free 323.33 Gb (35%)
[1583481600] CURRENT SERVICE STATE: WINV-111;Memory Usage;OK;HARD;1;Memory usage: total:70469.53 MB - used: 20526.74 MB (29%) - free: 49942.79 MB (71%)
[1583481600] CURRENT SERVICE STATE: WINV-111;OS Drive Space;OK;HARD;1;c:\ - total: 67.89 Gb - used: 31.21 Gb (46%) - free 36.68 Gb (54%)
[1583481600] CURRENT SERVICE STATE: WINV-111;Uptime;OK;HARD;1;System Uptime - 225 day(s) 14 hour(s) 39 minute(s)
[1583481600] CURRENT SERVICE STATE: WINV-112;CPU Load;OK;HARD;1;CPU Load 0% (5 min average)
[1583481600] CURRENT SERVICE STATE: WINV-112;Data Drive Space;OK;HARD;1;d:\ - total: 931.51 Gb - used: 421.04 Gb (45%) - free 510.47 Gb (55%)
[1583481600] CURRENT SERVICE STATE: WINV-112;Memory Usage;OK;HARD;1;Memory usage: total:40939.93 MB - used: 20254.66 MB (49%) - free: 20685.26 MB (51%)
[1583481600] CURRENT SERVICE STATE: WINV-112;OS Drive Space;OK;HARD;1;c:\ - total: 278.36 Gb - used: 69.92 Gb (25%) - free 208.45 Gb (75%)
[1583481600] CURRENT SERVICE STATE: WINV-112;Uptime;OK;HARD;1;System Uptime - 164 day(s) 13 hour(s) 18 minute(s)
[1583481600] CURRENT SERVICE STATE: vapps-100;/mnt/data01 Partition;OK;HARD;1;/mnt/data01 is at 39% capacity, 201G of 551G
[1583481600] CURRENT SERVICE STATE: vapps-100;Current Load;OK;HARD;1;OK - load average: 0.23, 0.17, 0.18
[1583481600] CURRENT SERVICE STATE: vapps-100;Current Users;OK;HARD;1;USERS OK - 3 users currently logged in
[1583481600] CURRENT SERVICE STATE: vapps-100;PING;OK;HARD;1;PING OK - Packet loss = 0%, RTA = 0.05 ms
[1583481600] CURRENT SERVICE STATE: vapps-100;Root Partition;OK;HARD;1;/ is at 12% capacity, 58G of 550G
[1583481600] CURRENT SERVICE STATE: vapps-100;SSH;OK;HARD;1;SSH OK - OpenSSH_7.2p2 Ubuntu-4ubuntu2.6 (protocol 2.0)
[1583481600] CURRENT SERVICE STATE: vapps-100;Swap Usage;OK;HARD;1;SWAP OK - 85% free (9468 MB out of 11214 MB)
[1583481600] CURRENT SERVICE STATE: vapps-100;Total Processes;OK;HARD;1;PROCS OK: 211 processes with STATE = RSZDT
[1583481600] CURRENT SERVICE STATE: vapps-109;/mnt/data01 Partition;OK;HARD;1;/mnt/data01 is at 62% capacity, 539G of 917G
[1583481600] CURRENT SERVICE STATE: vapps-109;Current Load;OK;HARD;1;OK - load average: 0.05, 0.02, 0.00
[1583481600] CURRENT SERVICE STATE: vapps-109;Current Users;OK;HARD;1;USERS OK - 1 users currently logged in
[1583481600] CURRENT SERVICE STATE: vapps-109;PING;OK;HARD;1;PING OK - Packet loss = 0%, RTA = 0.05 ms
[1583481600] CURRENT SERVICE STATE: vapps-109;Root Partition;OK;HARD;1;/ is at 45% capacity, 18G of 43G
[1583481600] CURRENT SERVICE STATE: vapps-109;SSH;OK;HARD;1;SSH OK - OpenSSH_7.2p2 Ubuntu-4ubuntu2.8 (protocol 2.0)
[1583481600] CURRENT SERVICE STATE: vapps-109;Swap Usage;OK;HARD;1;SWAP OK - 100% free (24408 MB out of 24567 MB)
[1583481600] CURRENT SERVICE STATE: vapps-109;Total Processes;OK;HARD;1;PROCS OK: 179 processes with STATE = RSZDT
[1583481600] CURRENT SERVICE STATE: vdb-100;/mnt/data01 Partition;OK;HARD;1;/mnt/data01 is at 76% capacity, 2.7T of 3.7T
[1583481600] CURRENT SERVICE STATE: vdb-100;Current Load;OK;HARD;1;OK - load average: 1.46, 1.45, 1.53
[1583481600] CURRENT SERVICE STATE: vdb-100;Current Users;OK;HARD;1;USERS OK - 1 users currently logged in
[1583481600] CURRENT SERVICE STATE: vdb-100;PING;OK;HARD;1;PING OK - Packet loss = 0%, RTA = 0.07 ms
[1583481600] CURRENT SERVICE STATE: vdb-100;Root Partition;OK;HARD;1;/ is at 35% capacity, 30G of 91G
[1583481600] CURRENT SERVICE STATE: vdb-100;SSH;OK;HARD;1;SSH OK - OpenSSH_7.2p2 Ubuntu-4ubuntu2.6 (protocol 2.0)
[1583481600] CURRENT SERVICE STATE: vdb-100;Swap Usage;OK;HARD;1;SWAP OK - 90% free (19281 MB out of 21455 MB)
[1583481600] CURRENT SERVICE STATE: vdb-100;Total Processes;OK;HARD;1;PROCS OK: 177 processes with STATE = RSZDT
[1583481600] CURRENT SERVICE STATE: vdb-101;/mnt/data01 Partition;CRITICAL;HARD;4;/mnt/data01 is at 91% capacity! 3.1T of 3.6T
[1583481600] CURRENT SERVICE STATE: vdb-101;Current Load;OK;HARD;1;OK - load average: 0.00, 0.00, 0.00
[1583481600] CURRENT SERVICE STATE: vdb-101;Current Users;OK;HARD;1;USERS OK - 0 users currently logged in
[1583481600] CURRENT SERVICE STATE: vdb-101;PING;OK;HARD;1;PING OK - Packet loss = 0%, RTA = 0.05 ms
[1583481600] CURRENT SERVICE STATE: vdb-101;Root Partition;OK;HARD;1;/ is at 25% capacity, 42G of 183G
[1583481600] CURRENT SERVICE STATE: vdb-101;SSH;OK;HARD;1;SSH OK - OpenSSH_7.2p2 Ubuntu-4ubuntu2.4 (protocol 2.0)
[1583481600] CURRENT SERVICE STATE: vdb-101;Swap Usage;OK;HARD;1;SWAP OK - 96% free (20384 MB out of 21455 MB)
[1583481600] CURRENT SERVICE STATE: vdb-101;Total Processes;OK;HARD;1;PROCS OK: 156 processes with STATE = RSZDT
[1583481600] CURRENT SERVICE STATE: vdb-103;/mnt/data01 Partition;OK;HARD;1;/mnt/data01 is at 62% capacity, 4.2T of 7.3T
[1583481600] CURRENT SERVICE STATE: vdb-103;Current Load;OK;HARD;1;OK - load average: 0.00, 0.00, 0.00
[1583481600] CURRENT SERVICE STATE: vdb-103;Current Users;OK;HARD;1;USERS OK - 1 users currently logged in
[1583481600] CURRENT SERVICE STATE: vdb-103;PING;OK;HARD;1;PING OK - Packet loss = 0%, RTA = 0.06 ms
[1583481600] CURRENT SERVICE STATE: vdb-103;Root Partition;OK;HARD;1;/ is at 23% capacity, 98G of 457G
[1583481600] CURRENT SERVICE STATE: vdb-103;SSH;OK;HARD;1;SSH OK - OpenSSH_7.6p1 Ubuntu-4ubuntu0.2 (protocol 2.0)
[1583481600] CURRENT SERVICE STATE: vdb-103;Swap Usage;CRITICAL;HARD;4;SWAP CRITICAL - 0% free (0 MB out of 2047 MB)
[1583481600] CURRENT SERVICE STATE: vdb-103;Total Processes;OK;HARD;1;PROCS OK: 185 processes with STATE = RSZDT
[1583481600] CURRENT SERVICE STATE: vdb-staging;/mnt/data01 Partition;OK;HARD;1;/mnt/data01 is at 63% capacity, 5.4T of 9.1T
[1583481600] CURRENT SERVICE STATE: vdb-staging;Current Load;OK;HARD;1;OK - load average: 0.00, 0.00, 0.18
[1583481600] CURRENT SERVICE STATE: vdb-staging;Current Users;OK;HARD;1;USERS OK - 1 users currently logged in
[1583481600] CURRENT SERVICE STATE: vdb-staging;PING;OK;HARD;1;PING OK - Packet loss = 0%, RTA = 0.04 ms
[1583481600] CURRENT SERVICE STATE: vdb-staging;Root Partition;OK;HARD;1;/ is at 6% capacity, 102G of 1.8T
[1583481600] CURRENT SERVICE STATE: vdb-staging;SSH;OK;HARD;1;SSH OK - OpenSSH_7.2p2 Ubuntu-4ubuntu2.4 (protocol 2.0)
[1583481600] CURRENT SERVICE STATE: vdb-staging;Swap Usage;OK;HARD;1;SWAP OK - 84% free (86164 MB out of 103375 MB)
[1583481600] CURRENT SERVICE STATE: vdb-staging;Total Processes;OK;HARD;1;PROCS OK: 145 processes with STATE = RSZDT
[1583481600] CURRENT SERVICE STATE: vinfra-200;/mnt/data01 Partition;OK;HARD;1;/mnt/data is at 5% capacity, 39G of 917G
[1583481600] CURRENT SERVICE STATE: vinfra-200;Current Load;OK;HARD;1;OK - load average: 0.33, 1.06, 1.20
[1583481600] CURRENT SERVICE STATE: vinfra-200;Current Users;OK;HARD;1;USERS OK - 1 users currently logged in
[1583481600] CURRENT SERVICE STATE: vinfra-200;MySQL Connection Time;OK;HARD;1;OK - 0.01 seconds to connect as nagios
[1583481600] CURRENT SERVICE STATE: vinfra-200;MySQL Uptime;OK;HARD;1;OK - database is up since 23115 minutes
[1583481600] CURRENT SERVICE STATE: vinfra-200;PING;OK;HARD;1;PING OK - Packet loss = 0%, RTA = 0.04 ms
[1583481600] CURRENT SERVICE STATE: vinfra-200;Root Partition;OK;HARD;1;/ is at 42% capacity, 72G of 182G
[1583481600] CURRENT SERVICE STATE: vinfra-200;SSH;OK;HARD;1;SSH OK - OpenSSH_7.2p2 Ubuntu-4ubuntu2.6 (protocol 2.0)
[1583481600] CURRENT SERVICE STATE: vinfra-200;Swap Usage;OK;HARD;1;SWAP OK - 57% free (556 MB out of 975 MB)
[1583481600] CURRENT SERVICE STATE: vinfra-200;Total Processes;OK;HARD;1;PROCS OK: 160 processes with STATE = RSZDT
[1583481600] CURRENT SERVICE STATE: vinfra-200;VAULT;OK;HARD;1;OK - Vault is initialized, unsealed, and active
[1583481600] CURRENT SERVICE STATE: vonly-backup;/media/data Partition;CRITICAL;HARD;4;/media/data is at 91% capacity! 6.2T of 7.3T
[1583481600] CURRENT SERVICE STATE: vonly-backup;Current Load;OK;HARD;1;OK - load average: 1.03, 0.78, 0.61
[1583481600] CURRENT SERVICE STATE: vonly-backup;Current Users;OK;HARD;1;USERS OK - 1 users currently logged in
[1583481600] CURRENT SERVICE STATE: vonly-backup;PING;OK;HARD;1;PING OK - Packet loss = 0%, RTA = 0.06 ms
[1583481600] CURRENT SERVICE STATE: vonly-backup;Root Partition;OK;HARD;1;/ is at 49% capacity, 102G of 220G
[1583481600] CURRENT SERVICE STATE: vonly-backup;SSH;OK;HARD;1;SSH OK - OpenSSH_7.2p2 Ubuntu-4ubuntu2.8 (protocol 2.0)
[1583481600] CURRENT SERVICE STATE: vonly-backup;Swap Usage;OK;HARD;1;SWAP OK - 93% free (52873 MB out of 57111 MB)
[1583481600] CURRENT SERVICE STATE: vonly-backup;Total Processes;WARNING;HARD;4;PROCS WARNING: 252 processes with STATE = RSZDT
[1583481600] CURRENT SERVICE STATE: vonly-database;/media/data Partition;OK;HARD;1;/media/data is at 20% capacity, 682G of 3.6T
[1583481600] CURRENT SERVICE STATE: vonly-database;Current Load;OK;HARD;1;OK - load average: 0.03, 0.01, 0.00
[1583481600] CURRENT SERVICE STATE: vonly-database;Current Users;OK;HARD;1;USERS OK - 2 users currently logged in
[1583481600] CURRENT SERVICE STATE: vonly-database;PING;OK;HARD;1;PING OK - Packet loss = 0%, RTA = 0.03 ms
[1583481600] CURRENT SERVICE STATE: vonly-database;Root Partition;OK;HARD;1;/ is at 58% capacity, 120G of 220G
[1583481600] CURRENT SERVICE STATE: vonly-database;SSH;OK;HARD;1;SSH OK - OpenSSH_7.2p2 Ubuntu-4ubuntu2.8 (protocol 2.0)
[1583481600] CURRENT SERVICE STATE: vonly-database;Swap Usage;OK;HARD;1;SWAP OK - 78% free (44034 MB out of 57111 MB)
[1583481600] CURRENT SERVICE STATE: vonly-database;Total Processes;OK;HARD;1;PROCS OK: 162 processes with STATE = RSZDT
[1583481600] CURRENT SERVICE STATE: vonly-replica;/media/data Partition;OK;HARD;1;/media/data is at 53% capacity, 3.6T of 7.3T
[1583481600] CURRENT SERVICE STATE: vonly-replica;Current Load;OK;HARD;1;OK - load average: 5.35, 5.35, 5.36
[1583481600] CURRENT SERVICE STATE: vonly-replica;Current Users;OK;HARD;1;USERS OK - 0 users currently logged in
[1583481600] CURRENT SERVICE STATE: vonly-replica;PING;OK;HARD;1;PING OK - Packet loss = 0%, RTA = 0.04 ms
[1583481600] CURRENT SERVICE STATE: vonly-replica;Root Partition;OK;HARD;1;/ is at 31% capacity, 31G of 108G
[1583481600] CURRENT SERVICE STATE: vonly-replica;SSH;OK;HARD;1;SSH OK - OpenSSH_7.2p2 Ubuntu-4ubuntu2.2 (protocol 2.0)
[1583481600] CURRENT SERVICE STATE: vonly-replica;Swap Usage;OK;HARD;1;SWAP OK - 99% free (27404 MB out of 27876 MB)
[1583481600] CURRENT SERVICE STATE: vonly-replica;Total Processes;OK;HARD;1;PROCS OK: 100 processes with STATE = RSZDT
[1583481609] SERVICE NOTIFICATION: nagiosadmin;vonly-backup;Total Processes;OK;notify-service-by-email;PROCS OK: 250 processes with STATE = RSZDT
[1583481609] SERVICE NOTIFICATION: jatin;vonly-backup;Total Processes;OK;notify-service-by-email;PROCS OK: 250 processes with STATE = RSZDT
[1583481609] SERVICE NOTIFICATION: atul;vonly-backup;Total Processes;OK;notify-service-by-email;PROCS OK: 250 processes with STATE = RSZDT
[1583481609] SERVICE ALERT: vonly-backup;Total Processes;OK;HARD;4;PROCS OK: 250 processes with STATE = RSZDT
[1583482226] Auto-save of retention data completed successfully.
[1583482731] SERVICE ALERT: vapps-100;Current Load;WARNING;SOFT;1;WARNING - load average: 21.65, 13.03, 6.07
[1583482791] SERVICE ALERT: vapps-100;Current Load;CRITICAL;SOFT;2;CRITICAL - load average: 30.48, 16.89, 7.82
[1583482851] SERVICE ALERT: vapps-100;Current Load;CRITICAL;SOFT;3;CRITICAL - load average: 32.39, 19.78, 9.38
[1583482911] SERVICE NOTIFICATION: jatin;vapps-100;Current Load;CRITICAL;notify-service-by-email;CRITICAL - load average: 32.73, 22.12, 10.83
[1583482911] SERVICE NOTIFICATION: atul;vapps-100;Current Load;CRITICAL;notify-service-by-email;CRITICAL - load average: 32.73, 22.12, 10.83
[1583482911] SERVICE ALERT: vapps-100;Current Load;CRITICAL;HARD;4;CRITICAL - load average: 32.73, 22.12, 10.83
[1583483409] SERVICE ALERT: vonly-backup;Total Processes;WARNING;SOFT;1;PROCS WARNING: 251 processes with STATE = RSZDT
[1583483469] SERVICE ALERT: vonly-backup;Total Processes;WARNING;SOFT;2;PROCS WARNING: 251 processes with STATE = RSZDT
[1583483529] SERVICE ALERT: vonly-backup;Total Processes;OK;SOFT;3;PROCS OK: 250 processes with STATE = RSZDT
[1583483565] SERVICE ALERT: vonly-replica;Current Load;WARNING;SOFT;1;WARNING - load average: 12.87, 12.81, 10.35
[1583483626] SERVICE ALERT: vonly-replica;Current Load;WARNING;SOFT;2;WARNING - load average: 12.62, 12.75, 10.48
[1583483686] SERVICE ALERT: vonly-replica;Current Load;WARNING;SOFT;3;WARNING - load average: 13.02, 12.86, 10.67
[1583483746] SERVICE NOTIFICATION: jatin;vonly-replica;Current Load;WARNING;notify-service-by-email;WARNING - load average: 13.64, 13.10, 10.89
[1583483746] SERVICE NOTIFICATION: atul;vonly-replica;Current Load;WARNING;notify-service-by-email;WARNING - load average: 13.64, 13.10, 10.89
[1583483746] SERVICE ALERT: vonly-replica;Current Load;WARNING;HARD;4;WARNING - load average: 13.64, 13.10, 10.89
[1583483804] SERVICE ALERT: vinfra-200;Current Load;WARNING;SOFT;1;WARNING - load average: 5.76, 6.40, 5.18
[1583483865] SERVICE ALERT: vinfra-200;Current Load;WARNING;SOFT;2;WARNING - load average: 8.58, 6.97, 5.45
[1583483925] SERVICE ALERT: vinfra-200;Current Load;WARNING;SOFT;3;WARNING - load average: 7.83, 6.98, 5.54
[1583483985] SERVICE NOTIFICATION: jatin;vinfra-200;Current Load;WARNING;notify-service-by-email;WARNING - load average: 5.07, 6.28, 5.39
[1583483985] SERVICE NOTIFICATION: atul;vinfra-200;Current Load;WARNING;notify-service-by-email;WARNING - load average: 5.07, 6.28, 5.39
[1583483985] SERVICE ALERT: vinfra-200;Current Load;WARNING;HARD;4;WARNING - load average: 5.07, 6.28, 5.39
[1583484455] SERVICE NOTIFICATION: nagiosadmin;vonly-backup;/media/data Partition;CRITICAL;notify-service-by-email;/media/data is at 91% capacity! 6.2T of 7.3T
[1583484455] SERVICE NOTIFICATION: jatin;vonly-backup;/media/data Partition;CRITICAL;notify-service-by-email;/media/data is at 91% capacity! 6.2T of 7.3T
[1583484455] SERVICE NOTIFICATION: atul;vonly-backup;/media/data Partition;CRITICAL;notify-service-by-email;/media/data is at 91% capacity! 6.2T of 7.3T
[1583484789] SERVICE ALERT: vonly-backup;Total Processes;WARNING;SOFT;1;PROCS WARNING: 251 processes with STATE = RSZDT
[1583484849] SERVICE ALERT: vonly-backup;Total Processes;WARNING;SOFT;2;PROCS WARNING: 251 processes with STATE = RSZDT
[1583484909] SERVICE ALERT: vonly-backup;Total Processes;OK;SOFT;3;PROCS OK: 249 processes with STATE = RSZDT
[1583485826] Auto-save of retention data completed successfully.
[1583486169] SERVICE ALERT: vonly-backup;Total Processes;WARNING;SOFT;1;PROCS WARNING: 251 processes with STATE = RSZDT
[1583486229] SERVICE ALERT: vonly-backup;Total Processes;OK;SOFT;2;PROCS OK: 249 processes with STATE = RSZDT
[1583488055] SERVICE NOTIFICATION: nagiosadmin;vonly-backup;/media/data Partition;CRITICAL;notify-service-by-email;/media/data is at 91% capacity! 6.2T of 7.3T
[1583488055] SERVICE NOTIFICATION: jatin;vonly-backup;/media/data Partition;CRITICAL;notify-service-by-email;/media/data is at 91% capacity! 6.2T of 7.3T
[1583488055] SERVICE NOTIFICATION: atul;vonly-backup;/media/data Partition;CRITICAL;notify-service-by-email;/media/data is at 91% capacity! 6.2T of 7.3T
[1583488331] SERVICE NOTIFICATION: jatin;vdb-103;Swap Usage;CRITICAL;notify-service-by-email;SWAP CRITICAL - 0% free (0 MB out of 2047 MB)
[1583488331] SERVICE NOTIFICATION: atul;vdb-103;Swap Usage;CRITICAL;notify-service-by-email;SWAP CRITICAL - 0% free (0 MB out of 2047 MB)
[1583489425] Auto-save of retention data completed successfully.
[1583489811] SERVICE NOTIFICATION: jatin;vapps-100;Current Load;WARNING;notify-service-by-email;WARNING - load average: 18.25, 14.55, 18.91
[1583489811] SERVICE NOTIFICATION: atul;vapps-100;Current Load;WARNING;notify-service-by-email;WARNING - load average: 18.25, 14.55, 18.91
[1583489811] SERVICE ALERT: vapps-100;Current Load;WARNING;HARD;4;WARNING - load average: 18.25, 14.55, 18.91
[1583490575] SERVICE NOTIFICATION: jatin;WINV-101;Data Drive Space;WARNING;notify-service-by-email;d:\ - total: 931.32 Gb - used: 752.70 Gb (81%) - free 178.62 Gb (19%)
[1583490575] SERVICE NOTIFICATION: atul;WINV-101;Data Drive Space;WARNING;notify-service-by-email;d:\ - total: 931.32 Gb - used: 752.70 Gb (81%) - free 178.62 Gb (19%)
[1583490711] SERVICE NOTIFICATION: jatin;vapps-100;Current Load;CRITICAL;notify-service-by-email;CRITICAL - load average: 28.95, 23.98, 21.18
[1583490711] SERVICE NOTIFICATION: atul;vapps-100;Current Load;CRITICAL;notify-service-by-email;CRITICAL - load average: 28.95, 23.98, 21.18
[1583490711] SERVICE ALERT: vapps-100;Current Load;CRITICAL;HARD;4;CRITICAL - load average: 28.95, 23.98, 21.18
[1583491655] SERVICE NOTIFICATION: nagiosadmin;vonly-backup;/media/data Partition;CRITICAL;notify-service-by-email;/media/data is at 91% capacity! 6.2T of 7.3T
[1583491655] SERVICE NOTIFICATION: jatin;vonly-backup;/media/data Partition;CRITICAL;notify-service-by-email;/media/data is at 91% capacity! 6.2T of 7.3T
[1583491655] SERVICE NOTIFICATION: atul;vonly-backup;/media/data Partition;CRITICAL;notify-service-by-email;/media/data is at 91% capacity! 6.2T of 7.3T
[1583491723] SERVICE ALERT: WINV-107;CPU Load;CRITICAL;SOFT;1;CPU Load 99% (5 min average)
[1583491843] SERVICE ALERT: WINV-107;CPU Load;OK;SOFT;2;CPU Load 24% (5 min average)
[1583492383] SERVICE NOTIFICATION: jatin;WINV-110;Data Drive Space;WARNING;notify-service-by-email;d:\ - total: 931.32 Gb - used: 769.63 Gb (83%) - free 161.69 Gb (17%)
[1583492383] SERVICE NOTIFICATION: atul;WINV-110;Data Drive Space;WARNING;notify-service-by-email;d:\ - total: 931.32 Gb - used: 769.63 Gb (83%) - free 161.69 Gb (17%)
[1583493026] Auto-save of retention data completed successfully.
[1583494065] SERVICE ALERT: WINV-101;CPU Load;CRITICAL;SOFT;1;CPU Load 100% (5 min average)
[1583494185] SERVICE ALERT: WINV-101;CPU Load;CRITICAL;SOFT;2;CPU Load 99% (5 min average)
[1583494246] SERVICE NOTIFICATION: jatin;vonly-replica;Current Load;OK;notify-service-by-email;OK - load average: 8.36, 8.68, 9.94
[1583494246] SERVICE NOTIFICATION: atul;vonly-replica;Current Load;OK;notify-service-by-email;OK - load average: 8.36, 8.68, 9.94
[1583494246] SERVICE ALERT: vonly-replica;Current Load;OK;HARD;4;OK - load average: 8.36, 8.68, 9.94
[1583494305] SERVICE ALERT: WINV-101;CPU Load;OK;HARD;3;CPU Load 3% (5 min average)
[1583495255] SERVICE NOTIFICATION: nagiosadmin;vonly-backup;/media/data Partition;CRITICAL;notify-service-by-email;/media/data is at 91% capacity! 6.2T of 7.3T
[1583495255] SERVICE NOTIFICATION: jatin;vonly-backup;/media/data Partition;CRITICAL;notify-service-by-email;/media/data is at 91% capacity! 6.2T of 7.3T
[1583495255] SERVICE NOTIFICATION: atul;vonly-backup;/media/data Partition;CRITICAL;notify-service-by-email;/media/data is at 91% capacity! 6.2T of 7.3T
[1583496585] SERVICE NOTIFICATION: jatin;vinfra-200;Current Load;OK;notify-service-by-email;OK - load average: 0.82, 3.35, 4.54
[1583496585] SERVICE NOTIFICATION: atul;vinfra-200;Current Load;OK;notify-service-by-email;OK - load average: 0.82, 3.35, 4.54
[1583496585] SERVICE ALERT: vinfra-200;Current Load;OK;HARD;4;OK - load average: 0.82, 3.35, 4.54
[1583496625] Auto-save of retention data completed successfully.
[1583497311] SERVICE NOTIFICATION: jatin;vapps-100;Current Load;WARNING;notify-service-by-email;WARNING - load average: 0.10, 1.97, 14.54
[1583497311] SERVICE NOTIFICATION: atul;vapps-100;Current Load;WARNING;notify-service-by-email;WARNING - load average: 0.10, 1.97, 14.54
[1583497311] SERVICE ALERT: vapps-100;Current Load;WARNING;HARD;4;WARNING - load average: 0.10, 1.97, 14.54
[1583498211] SERVICE NOTIFICATION: jatin;vapps-100;Current Load;OK;notify-service-by-email;OK - load average: 0.39, 0.62, 5.99
[1583498211] SERVICE NOTIFICATION: atul;vapps-100;Current Load;OK;notify-service-by-email;OK - load average: 0.39, 0.62, 5.99
[1583498211] SERVICE ALERT: vapps-100;Current Load;OK;HARD;4;OK - load average: 0.39, 0.62, 5.99
[1583498855] SERVICE NOTIFICATION: nagiosadmin;vonly-backup;/media/data Partition;CRITICAL;notify-service-by-email;/media/data is at 91% capacity! 6.2T of 7.3T
[1583498856] SERVICE NOTIFICATION: jatin;vonly-backup;/media/data Partition;CRITICAL;notify-service-by-email;/media/data is at 91% capacity! 6.2T of 7.3T
[1583498856] SERVICE NOTIFICATION: atul;vonly-backup;/media/data Partition;CRITICAL;notify-service-by-email;/media/data is at 91% capacity! 6.2T of 7.3T
[1583500226] Auto-save of retention data completed successfully.
[1583502455] SERVICE NOTIFICATION: nagiosadmin;vonly-backup;/media/data Partition;CRITICAL;notify-service-by-email;/media/data is at 91% capacity! 6.2T of 7.3T
[1583502455] SERVICE NOTIFICATION: jatin;vonly-backup;/media/data Partition;CRITICAL;notify-service-by-email;/media/data is at 91% capacity! 6.2T of 7.3T
[1583502455] SERVICE NOTIFICATION: atul;vonly-backup;/media/data Partition;CRITICAL;notify-service-by-email;/media/data is at 91% capacity! 6.2T of 7.3T
[1583502731] SERVICE NOTIFICATION: jatin;vdb-103;Swap Usage;CRITICAL;notify-service-by-email;SWAP CRITICAL - 0% free (0 MB out of 2047 MB)
[1583502731] SERVICE NOTIFICATION: atul;vdb-103;Swap Usage;CRITICAL;notify-service-by-email;SWAP CRITICAL - 0% free (0 MB out of 2047 MB)
[1583503826] Auto-save of retention data completed successfully.
[1583504289] SERVICE ALERT: vonly-backup;Total Processes;WARNING;SOFT;1;PROCS WARNING: 251 processes with STATE = RSZDT
[1583504349] SERVICE ALERT: vonly-backup;Total Processes;OK;SOFT;2;PROCS OK: 250 processes with STATE = RSZDT
[1583504975] SERVICE NOTIFICATION: jatin;WINV-101;Data Drive Space;WARNING;notify-service-by-email;d:\ - total: 931.32 Gb - used: 753.10 Gb (81%) - free 178.22 Gb (19%)
[1583504975] SERVICE NOTIFICATION: atul;WINV-101;Data Drive Space;WARNING;notify-service-by-email;d:\ - total: 931.32 Gb - used: 753.10 Gb (81%) - free 178.22 Gb (19%)
[1583506055] SERVICE NOTIFICATION: nagiosadmin;vonly-backup;/media/data Partition;CRITICAL;notify-service-by-email;/media/data is at 91% capacity! 6.2T of 7.3T
[1583506055] SERVICE NOTIFICATION: jatin;vonly-backup;/media/data Partition;CRITICAL;notify-service-by-email;/media/data is at 91% capacity! 6.2T of 7.3T
[1583506055] SERVICE NOTIFICATION: atul;vonly-backup;/media/data Partition;CRITICAL;notify-service-by-email;/media/data is at 91% capacity! 6.2T of 7.3T
[1583506783] SERVICE NOTIFICATION: jatin;WINV-110;Data Drive Space;WARNING;notify-service-by-email;d:\ - total: 931.32 Gb - used: 785.69 Gb (84%) - free 145.63 Gb (16%)
[1583506783] SERVICE NOTIFICATION: atul;WINV-110;Data Drive Space;WARNING;notify-service-by-email;d:\ - total: 931.32 Gb - used: 785.69 Gb (84%) - free 145.63 Gb (16%)
[1583507426] Auto-save of retention data completed successfully.
[1583509655] SERVICE NOTIFICATION: nagiosadmin;vonly-backup;/media/data Partition;CRITICAL;notify-service-by-email;/media/data is at 91% capacity! 6.2T of 7.3T
[1583509655] SERVICE NOTIFICATION: jatin;vonly-backup;/media/data Partition;CRITICAL;notify-service-by-email;/media/data is at 91% capacity! 6.2T of 7.3T
[1583509655] SERVICE NOTIFICATION: atul;vonly-backup;/media/data Partition;CRITICAL;notify-service-by-email;/media/data is at 91% capacity! 6.2T of 7.3T
[1583511026] Auto-save of retention data completed successfully.
[1583513255] SERVICE NOTIFICATION: nagiosadmin;vonly-backup;/media/data Partition;CRITICAL;notify-service-by-email;/media/data is at 91% capacity! 6.2T of 7.3T
[1583513255] SERVICE NOTIFICATION: jatin;vonly-backup;/media/data Partition;CRITICAL;notify-service-by-email;/media/data is at 91% capacity! 6.2T of 7.3T
[1583513255] SERVICE NOTIFICATION: atul;vonly-backup;/media/data Partition;CRITICAL;notify-service-by-email;/media/data is at 91% capacity! 6.2T of 7.3T
[1583514625] Auto-save of retention data completed successfully.
[1583516855] SERVICE NOTIFICATION: nagiosadmin;vonly-backup;/media/data Partition;CRITICAL;notify-service-by-email;/media/data is at 91% capacity! 6.2T of 7.3T
[1583516855] SERVICE NOTIFICATION: jatin;vonly-backup;/media/data Partition;CRITICAL;notify-service-by-email;/media/data is at 91% capacity! 6.2T of 7.3T
[1583516855] SERVICE NOTIFICATION: atul;vonly-backup;/media/data Partition;CRITICAL;notify-service-by-email;/media/data is at 91% capacity! 6.2T of 7.3T
[1583517131] SERVICE NOTIFICATION: jatin;vdb-103;Swap Usage;CRITICAL;notify-service-by-email;SWAP CRITICAL - 0% free (0 MB out of 2047 MB)
[1583517131] SERVICE NOTIFICATION: atul;vdb-103;Swap Usage;CRITICAL;notify-service-by-email;SWAP CRITICAL - 0% free (0 MB out of 2047 MB)
[1583518226] Auto-save of retention data completed successfully.
[1583519375] SERVICE NOTIFICATION: jatin;WINV-101;Data Drive Space;WARNING;notify-service-by-email;d:\ - total: 931.32 Gb - used: 753.10 Gb (81%) - free 178.22 Gb (19%)
[1583519375] SERVICE NOTIFICATION: atul;WINV-101;Data Drive Space;WARNING;notify-service-by-email;d:\ - total: 931.32 Gb - used: 753.10 Gb (81%) - free 178.22 Gb (19%)
[1583520455] SERVICE NOTIFICATION: nagiosadmin;vonly-backup;/media/data Partition;CRITICAL;notify-service-by-email;/media/data is at 91% capacity! 6.2T of 7.3T
[1583520455] SERVICE NOTIFICATION: jatin;vonly-backup;/media/data Partition;CRITICAL;notify-service-by-email;/media/data is at 91% capacity! 6.2T of 7.3T
[1583520455] SERVICE NOTIFICATION: atul;vonly-backup;/media/data Partition;CRITICAL;notify-service-by-email;/media/data is at 91% capacity! 6.2T of 7.3T
[1583520875] SERVICE NOTIFICATION: jatin;vdb-101;/mnt/data01 Partition;CRITICAL;notify-service-by-email;/mnt/data01 is at 91% capacity! 3.1T of 3.6T
[1583520875] SERVICE NOTIFICATION: atul;vdb-101;/mnt/data01 Partition;CRITICAL;notify-service-by-email;/mnt/data01 is at 91% capacity! 3.1T of 3.6T
[1583521183] SERVICE NOTIFICATION: jatin;WINV-110;Data Drive Space;WARNING;notify-service-by-email;d:\ - total: 931.32 Gb - used: 756.89 Gb (81%) - free 174.42 Gb (19%)
[1583521183] SERVICE NOTIFICATION: atul;WINV-110;Data Drive Space;WARNING;notify-service-by-email;d:\ - total: 931.32 Gb - used: 756.89 Gb (81%) - free 174.42 Gb (19%)
[1583521826] Auto-save of retention data completed successfully.
[1583524055] SERVICE NOTIFICATION: nagiosadmin;vonly-backup;/media/data Partition;CRITICAL;notify-service-by-email;/media/data is at 91% capacity! 6.2T of 7.3T
[1583524055] SERVICE NOTIFICATION: jatin;vonly-backup;/media/data Partition;CRITICAL;notify-service-by-email;/media/data is at 91% capacity! 6.2T of 7.3T
[1583524055] SERVICE NOTIFICATION: atul;vonly-backup;/media/data Partition;CRITICAL;notify-service-by-email;/media/data is at 91% capacity! 6.2T of 7.3T
[1583525426] Auto-save of retention data completed successfully.
[1583527655] SERVICE NOTIFICATION: nagiosadmin;vonly-backup;/media/data Partition;CRITICAL;notify-service-by-email;/media/data is at 91% capacity! 6.2T of 7.3T
[1583527655] SERVICE NOTIFICATION: jatin;vonly-backup;/media/data Partition;CRITICAL;notify-service-by-email;/media/data is at 91% capacity! 6.2T of 7.3T
[1583527655] SERVICE NOTIFICATION: atul;vonly-backup;/media/data Partition;CRITICAL;notify-service-by-email;/media/data is at 91% capacity! 6.2T of 7.3T
[1583529025] Auto-save of retention data completed successfully.
[1583531255] SERVICE NOTIFICATION: nagiosadmin;vonly-backup;/media/data Partition;CRITICAL;notify-service-by-email;/media/data is at 91% capacity! 6.2T of 7.3T
[1583531255] SERVICE NOTIFICATION: jatin;vonly-backup;/media/data Partition;CRITICAL;notify-service-by-email;/media/data is at 91% capacity! 6.2T of 7.3T
[1583531255] SERVICE NOTIFICATION: atul;vonly-backup;/media/data Partition;CRITICAL;notify-service-by-email;/media/data is at 91% capacity! 6.2T of 7.3T
[1583531531] SERVICE NOTIFICATION: jatin;vdb-103;Swap Usage;CRITICAL;notify-service-by-email;SWAP CRITICAL - 0% free (0 MB out of 2047 MB)
[1583531531] SERVICE NOTIFICATION: atul;vdb-103;Swap Usage;CRITICAL;notify-service-by-email;SWAP CRITICAL - 0% free (0 MB out of 2047 MB)
[1583532626] Auto-save of retention data completed successfully.
[1583533775] SERVICE NOTIFICATION: jatin;WINV-101;Data Drive Space;WARNING;notify-service-by-email;d:\ - total: 931.32 Gb - used: 753.10 Gb (81%) - free 178.22 Gb (19%)
[1583533775] SERVICE NOTIFICATION: atul;WINV-101;Data Drive Space;WARNING;notify-service-by-email;d:\ - total: 931.32 Gb - used: 753.10 Gb (81%) - free 178.22 Gb (19%)
[1583534855] SERVICE NOTIFICATION: nagiosadmin;vonly-backup;/media/data Partition;CRITICAL;notify-service-by-email;/media/data is at 91% capacity! 6.2T of 7.3T
[1583534855] SERVICE NOTIFICATION: jatin;vonly-backup;/media/data Partition;CRITICAL;notify-service-by-email;/media/data is at 91% capacity! 6.2T of 7.3T
[1583534855] SERVICE NOTIFICATION: atul;vonly-backup;/media/data Partition;CRITICAL;notify-service-by-email;/media/data is at 91% capacity! 6.2T of 7.3T
[1583535583] SERVICE NOTIFICATION: jatin;WINV-110;Data Drive Space;WARNING;notify-service-by-email;d:\ - total: 931.32 Gb - used: 758.67 Gb (81%) - free 172.65 Gb (19%)
[1583535583] SERVICE NOTIFICATION: atul;WINV-110;Data Drive Space;WARNING;notify-service-by-email;d:\ - total: 931.32 Gb - used: 758.67 Gb (81%) - free 172.65 Gb (19%)
[1583536226] Auto-save of retention data completed successfully.
[1583537511] SERVICE ALERT: vapps-100;Current Load;WARNING;SOFT;1;WARNING - load average: 26.49, 15.95, 9.00
[1583537571] SERVICE ALERT: vapps-100;Current Load;CRITICAL;SOFT;2;CRITICAL - load average: 35.47, 19.73, 10.69
[1583537631] SERVICE ALERT: vapps-100;Current Load;CRITICAL;SOFT;3;CRITICAL - load average: 32.93, 22.79, 12.37
[1583537691] SERVICE NOTIFICATION: jatin;vapps-100;Current Load;CRITICAL;notify-service-by-email;CRITICAL - load average: 45.92, 27.73, 14.69
[1583537691] SERVICE NOTIFICATION: atul;vapps-100;Current Load;CRITICAL;notify-service-by-email;CRITICAL - load average: 45.92, 27.73, 14.69
[1583537691] SERVICE ALERT: vapps-100;Current Load;CRITICAL;HARD;4;CRITICAL - load average: 45.92, 27.73, 14.69
[1583537992] SERVICE NOTIFICATION: jatin;vapps-100;Current Load;WARNING;notify-service-by-email;WARNING - load average: 9.74, 19.56, 15.35
[1583537992] SERVICE NOTIFICATION: atul;vapps-100;Current Load;WARNING;notify-service-by-email;WARNING - load average: 9.74, 19.56, 15.35
[1583537992] SERVICE ALERT: vapps-100;Current Load;WARNING;HARD;4;WARNING - load average: 9.74, 19.56, 15.35
[1583538455] SERVICE NOTIFICATION: nagiosadmin;vonly-backup;/media/data Partition;CRITICAL;notify-service-by-email;/media/data is at 91% capacity! 6.2T of 7.3T
[1583538455] SERVICE NOTIFICATION: jatin;vonly-backup;/media/data Partition;CRITICAL;notify-service-by-email;/media/data is at 91% capacity! 6.2T of 7.3T
[1583538455] SERVICE NOTIFICATION: atul;vonly-backup;/media/data Partition;CRITICAL;notify-service-by-email;/media/data is at 91% capacity! 6.2T of 7.3T
[1583539826] Auto-save of retention data completed successfully.
[1583540092] SERVICE NOTIFICATION: jatin;vapps-100;Current Load;OK;notify-service-by-email;OK - load average: 0.77, 4.64, 7.47
[1583540092] SERVICE NOTIFICATION: atul;vapps-100;Current Load;OK;notify-service-by-email;OK - load average: 0.77, 4.64, 7.47
[1583540092] SERVICE ALERT: vapps-100;Current Load;OK;HARD;4;OK - load average: 0.77, 4.64, 7.47
[1583540508] SERVICE ALERT: WINV-101;CPU Load;CRITICAL;SOFT;1;CPU Load 100% (5 min average)
[1583540628] SERVICE ALERT: WINV-101;CPU Load;OK;SOFT;2;CPU Load 8% (5 min average)
[1583542055] SERVICE NOTIFICATION: nagiosadmin;vonly-backup;/media/data Partition;CRITICAL;notify-service-by-email;/media/data is at 91% capacity! 6.2T of 7.3T
[1583542055] SERVICE NOTIFICATION: jatin;vonly-backup;/media/data Partition;CRITICAL;notify-service-by-email;/media/data is at 91% capacity! 6.2T of 7.3T
[1583542055] SERVICE NOTIFICATION: atul;vonly-backup;/media/data Partition;CRITICAL;notify-service-by-email;/media/data is at 91% capacity! 6.2T of 7.3T
[1583542192] SERVICE ALERT: vapps-100;Current Load;WARNING;SOFT;1;WARNING - load average: 26.65, 9.02, 4.17
[1583542253] SERVICE ALERT: vapps-100;Current Load;WARNING;SOFT;2;WARNING - load average: 21.14, 10.61, 5.03
[1583542313] SERVICE ALERT: vapps-100;Current Load;WARNING;SOFT;3;WARNING - load average: 20.25, 12.06, 5.87
[1583542373] SERVICE FLAPPING ALERT: vapps-100;Current Load;STARTED; Service appears to have started flapping (20.3% change >= 20.0% threshold)
[1583542373] SERVICE NOTIFICATION: jatin;vapps-100;Current Load;FLAPPINGSTART (WARNING);notify-service-by-email;WARNING - load average: 16.31, 12.46, 6.39
[1583542373] SERVICE NOTIFICATION: atul;vapps-100;Current Load;FLAPPINGSTART (WARNING);notify-service-by-email;WARNING - load average: 16.31, 12.46, 6.39
[1583542373] SERVICE ALERT: vapps-100;Current Load;WARNING;HARD;4;WARNING - load average: 16.31, 12.46, 6.39
[1583542846] SERVICE ALERT: vonly-replica;Current Load;WARNING;SOFT;1;WARNING - load average: 12.29, 11.87, 10.06
[1583542906] SERVICE ALERT: vonly-replica;Current Load;WARNING;SOFT;2;WARNING - load average: 11.67, 11.79, 10.15
[1583542966] SERVICE ALERT: vonly-replica;Current Load;WARNING;SOFT;3;WARNING - load average: 12.08, 11.85, 10.28
[1583542973] SERVICE ALERT: vapps-100;Current Load;CRITICAL;HARD;4;CRITICAL - load average: 33.22, 24.16, 15.30
[1583543026] SERVICE NOTIFICATION: jatin;vonly-replica;Current Load;WARNING;notify-service-by-email;WARNING - load average: 13.17, 12.13, 10.47
[1583543026] SERVICE NOTIFICATION: atul;vonly-replica;Current Load;WARNING;notify-service-by-email;WARNING - load average: 13.17, 12.13, 10.47
[1583543026] SERVICE ALERT: vonly-replica;Current Load;WARNING;HARD;4;WARNING - load average: 13.17, 12.13, 10.47
[1583543426] Auto-save of retention data completed successfully.
[1583543685] SERVICE ALERT: vinfra-200;Current Load;WARNING;SOFT;1;WARNING - load average: 8.22, 6.41, 5.21
[1583543745] SERVICE ALERT: vinfra-200;Current Load;WARNING;SOFT;2;WARNING - load average: 5.33, 5.87, 5.10
[1583543805] SERVICE ALERT: vinfra-200;Current Load;WARNING;SOFT;3;WARNING - load average: 5.41, 5.76, 5.11
[1583543865] SERVICE ALERT: vinfra-200;Current Load;OK;HARD;4;OK - load average: 3.56, 5.17, 4.94
[1583545065] SERVICE ALERT: vinfra-200;Current Load;WARNING;SOFT;1;WARNING - load average: 7.57, 6.22, 5.50
[1583545125] SERVICE ALERT: vinfra-200;Current Load;WARNING;SOFT;2;WARNING - load average: 5.67, 5.95, 5.46
[1583545185] SERVICE ALERT: vinfra-200;Current Load;WARNING;SOFT;3;WARNING - load average: 4.63, 5.54, 5.34
[1583545245] SERVICE NOTIFICATION: jatin;vinfra-200;Current Load;WARNING;notify-service-by-email;WARNING - load average: 4.37, 5.32, 5.28
[1583545245] SERVICE NOTIFICATION: atul;vinfra-200;Current Load;WARNING;notify-service-by-email;WARNING - load average: 4.37, 5.32, 5.28
[1583545245] SERVICE ALERT: vinfra-200;Current Load;WARNING;HARD;4;WARNING - load average: 4.37, 5.32, 5.28
[1583545656] SERVICE NOTIFICATION: nagiosadmin;vonly-backup;/media/data Partition;CRITICAL;notify-service-by-email;/media/data is at 91% capacity! 6.2T of 7.3T
[1583545656] SERVICE NOTIFICATION: jatin;vonly-backup;/media/data Partition;CRITICAL;notify-service-by-email;/media/data is at 91% capacity! 6.2T of 7.3T
[1583545656] SERVICE NOTIFICATION: atul;vonly-backup;/media/data Partition;CRITICAL;notify-service-by-email;/media/data is at 91% capacity! 6.2T of 7.3T
[1583545931] SERVICE NOTIFICATION: jatin;vdb-103;Swap Usage;CRITICAL;notify-service-by-email;SWAP CRITICAL - 0% free (0 MB out of 2047 MB)
[1583545931] SERVICE NOTIFICATION: atul;vdb-103;Swap Usage;CRITICAL;notify-service-by-email;SWAP CRITICAL - 0% free (0 MB out of 2047 MB)
[1583546983] SERVICE NOTIFICATION: jatin;WINV-110;Data Drive Space;OK;notify-service-by-email;d:\ - total: 931.32 Gb - used: 736.64 Gb (79%) - free 194.67 Gb (21%)
[1583546983] SERVICE NOTIFICATION: atul;WINV-110;Data Drive Space;OK;notify-service-by-email;d:\ - total: 931.32 Gb - used: 736.64 Gb (79%) - free 194.67 Gb (21%)
[1583546983] SERVICE ALERT: WINV-110;Data Drive Space;OK;HARD;3;d:\ - total: 931.32 Gb - used: 736.64 Gb (79%) - free 194.67 Gb (21%)
[1583547025] Auto-save of retention data completed successfully.
[1583547946] SERVICE NOTIFICATION: jatin;vinfra-200;Current Load;OK;notify-service-by-email;OK - load average: 2.70, 4.24, 4.97
[1583547946] SERVICE NOTIFICATION: atul;vinfra-200;Current Load;OK;notify-service-by-email;OK - load average: 2.70, 4.24, 4.97
[1583547946] SERVICE ALERT: vinfra-200;Current Load;OK;HARD;4;OK - load average: 2.70, 4.24, 4.97
[1583548175] SERVICE NOTIFICATION: jatin;WINV-101;Data Drive Space;WARNING;notify-service-by-email;d:\ - total: 931.32 Gb - used: 753.55 Gb (81%) - free 177.77 Gb (19%)
[1583548175] SERVICE NOTIFICATION: atul;WINV-101;Data Drive Space;WARNING;notify-service-by-email;d:\ - total: 931.32 Gb - used: 753.55 Gb (81%) - free 177.77 Gb (19%)
[1583548373] SERVICE ALERT: vapps-100;Current Load;WARNING;HARD;4;WARNING - load average: 0.23, 4.51, 14.90
[1583548726] SERVICE NOTIFICATION: jatin;vonly-replica;Current Load;OK;notify-service-by-email;OK - load average: 7.12, 7.40, 9.43
[1583548726] SERVICE NOTIFICATION: atul;vonly-replica;Current Load;OK;notify-service-by-email;OK - load average: 7.12, 7.40, 9.43
[1583548726] SERVICE ALERT: vonly-replica;Current Load;OK;HARD;4;OK - load average: 7.12, 7.40, 9.43
[1583548973] SERVICE ALERT: vapps-100;Current Load;OK;HARD;4;OK - load average: 0.56, 0.99, 7.98
[1583549555] SERVICE NOTIFICATION: nagiosadmin;vonly-backup;/media/data Partition;CRITICAL;notify-service-by-email;/media/data is at 91% capacity! 6.2T of 7.3T
[1583549555] SERVICE NOTIFICATION: jatin;vonly-backup;/media/data Partition;CRITICAL;notify-service-by-email;/media/data is at 91% capacity! 6.2T of 7.3T
[1583549555] SERVICE NOTIFICATION: atul;vonly-backup;/media/data Partition;CRITICAL;notify-service-by-email;/media/data is at 91% capacity! 6.2T of 7.3T
[1583550626] Auto-save of retention data completed successfully.
[1583552710] SERVICE ALERT: vonly-backup;Total Processes;WARNING;SOFT;1;PROCS WARNING: 251 processes with STATE = RSZDT
[1583552770] SERVICE ALERT: vonly-backup;Total Processes;OK;SOFT;2;PROCS OK: 246 processes with STATE = RSZDT
[1583553155] SERVICE NOTIFICATION: nagiosadmin;vonly-backup;/media/data Partition;CRITICAL;notify-service-by-email;/media/data is at 91% capacity! 6.2T of 7.3T
[1583553155] SERVICE NOTIFICATION: jatin;vonly-backup;/media/data Partition;CRITICAL;notify-service-by-email;/media/data is at 91% capacity! 6.2T of 7.3T
[1583553155] SERVICE NOTIFICATION: atul;vonly-backup;/media/data Partition;CRITICAL;notify-service-by-email;/media/data is at 91% capacity! 6.2T of 7.3T
[1583554225] Auto-save of retention data completed successfully.
[1583554373] SERVICE FLAPPING ALERT: vapps-100;Current Load;STOPPED; Service appears to have stopped flapping (3.9% change < 5.0% threshold)
[1583554373] SERVICE NOTIFICATION: jatin;vapps-100;Current Load;FLAPPINGSTOP (OK);notify-service-by-email;OK - load average: 1.19, 0.74, 0.46
[1583554373] SERVICE NOTIFICATION: atul;vapps-100;Current Load;FLAPPINGSTOP (OK);notify-service-by-email;OK - load average: 1.19, 0.74, 0.46
[1583556755] SERVICE NOTIFICATION: nagiosadmin;vonly-backup;/media/data Partition;CRITICAL;notify-service-by-email;/media/data is at 91% capacity! 6.2T of 7.3T
[1583556755] SERVICE NOTIFICATION: jatin;vonly-backup;/media/data Partition;CRITICAL;notify-service-by-email;/media/data is at 91% capacity! 6.2T of 7.3T
[1583556755] SERVICE NOTIFICATION: atul;vonly-backup;/media/data Partition;CRITICAL;notify-service-by-email;/media/data is at 91% capacity! 6.2T of 7.3T
[1583557826] Auto-save of retention data completed successfully.
[1583559949] SERVICE ALERT: WINV-101;CPU Load;CRITICAL;SOFT;1;CPU Load 100% (5 min average)
[1583560069] SERVICE ALERT: WINV-101;CPU Load;CRITICAL;SOFT;2;CPU Load 100% (5 min average)
[1583560189] SERVICE ALERT: WINV-101;CPU Load;OK;HARD;3;CPU Load 10% (5 min average)
[1583560331] SERVICE NOTIFICATION: jatin;vdb-103;Swap Usage;CRITICAL;notify-service-by-email;SWAP CRITICAL - 0% free (0 MB out of 2047 MB)
[1583560331] SERVICE NOTIFICATION: atul;vdb-103;Swap Usage;CRITICAL;notify-service-by-email;SWAP CRITICAL - 0% free (0 MB out of 2047 MB)
[1583560355] SERVICE NOTIFICATION: nagiosadmin;vonly-backup;/media/data Partition;CRITICAL;notify-service-by-email;/media/data is at 91% capacity! 6.2T of 7.3T
[1583560355] SERVICE NOTIFICATION: jatin;vonly-backup;/media/data Partition;CRITICAL;notify-service-by-email;/media/data is at 91% capacity! 6.2T of 7.3T
[1583560355] SERVICE NOTIFICATION: atul;vonly-backup;/media/data Partition;CRITICAL;notify-service-by-email;/media/data is at 91% capacity! 6.2T of 7.3T
[1583561425] Auto-save of retention data completed successfully.
[1583561698] SERVICE ALERT: WINV-102;CPU Load;CRITICAL;SOFT;1;CPU Load 91% (5 min average)
[1583561818] SERVICE ALERT: WINV-102;CPU Load;OK;SOFT;2;CPU Load 48% (5 min average)
[1583562575] SERVICE NOTIFICATION: jatin;WINV-101;Data Drive Space;WARNING;notify-service-by-email;d:\ - total: 931.32 Gb - used: 753.66 Gb (81%) - free 177.66 Gb (19%)
[1583562575] SERVICE NOTIFICATION: atul;WINV-101;Data Drive Space;WARNING;notify-service-by-email;d:\ - total: 931.32 Gb - used: 753.66 Gb (81%) - free 177.66 Gb (19%)
[1583563955] SERVICE NOTIFICATION: nagiosadmin;vonly-backup;/media/data Partition;CRITICAL;notify-service-by-email;/media/data is at 91% capacity! 6.2T of 7.3T
[1583563955] SERVICE NOTIFICATION: jatin;vonly-backup;/media/data Partition;CRITICAL;notify-service-by-email;/media/data is at 91% capacity! 6.2T of 7.3T
[1583563955] SERVICE NOTIFICATION: atul;vonly-backup;/media/data Partition;CRITICAL;notify-service-by-email;/media/data is at 91% capacity! 6.2T of 7.3T
[1583564075] SERVICE NOTIFICATION: jatin;vdb-101;/mnt/data01 Partition;CRITICAL;notify-service-by-email;/mnt/data01 is at 91% capacity! 3.1T of 3.6T
[1583564075] SERVICE NOTIFICATION: atul;vdb-101;/mnt/data01 Partition;CRITICAL;notify-service-by-email;/mnt/data01 is at 91% capacity! 3.1T of 3.6T
[1583565026] Auto-save of retention data completed successfully.
[1583567338] SERVICE ALERT: WINV-102;CPU Load;CRITICAL;SOFT;1;CPU Load 100% (5 min average)
[1583567458] SERVICE ALERT: WINV-102;CPU Load;CRITICAL;SOFT;2;CPU Load 100% (5 min average)
[1583567555] SERVICE NOTIFICATION: nagiosadmin;vonly-backup;/media/data Partition;CRITICAL;notify-service-by-email;/media/data is at 91% capacity! 6.2T of 7.3T
[1583567555] SERVICE NOTIFICATION: jatin;vonly-backup;/media/data Partition;CRITICAL;notify-service-by-email;/media/data is at 91% capacity! 6.2T of 7.3T
[1583567555] SERVICE NOTIFICATION: atul;vonly-backup;/media/data Partition;CRITICAL;notify-service-by-email;/media/data is at 91% capacity! 6.2T of 7.3T
[1583567578] SERVICE NOTIFICATION: jatin;WINV-102;CPU Load;WARNING;notify-service-by-email;CPU Load 83% (5 min average)
[1583567578] SERVICE NOTIFICATION: atul;WINV-102;CPU Load;WARNING;notify-service-by-email;CPU Load 83% (5 min average)
[1583567578] SERVICE ALERT: WINV-102;CPU Load;WARNING;HARD;3;CPU Load 83% (5 min average)
