[1585465200] LOG ROTATION: DAILY
[1585465200] LOG VERSION: 2.0
[1585465200] CURRENT HOST STATE: WINV-101;UP;HARD;1;PING OK - Packet loss = 0%, RTA = 0.38 ms
[1585465200] CURRENT HOST STATE: WINV-102;UP;HARD;1;PING OK - Packet loss = 0%, RTA = 0.28 ms
[1585465200] CURRENT HOST STATE: WINV-103;UP;HARD;1;PING OK - Packet loss = 0%, RTA = 0.36 ms
[1585465200] CURRENT HOST STATE: WINV-104;UP;HARD;1;PING OK - Packet loss = 0%, RTA = 0.71 ms
[1585465200] CURRENT HOST STATE: WINV-105;UP;HARD;1;PING OK - Packet loss = 0%, RTA = 0.28 ms
[1585465200] CURRENT HOST STATE: WINV-106;UP;HARD;1;PING OK - Packet loss = 0%, RTA = 0.33 ms
[1585465200] CURRENT HOST STATE: WINV-107;UP;HARD;1;PING OK - Packet loss = 0%, RTA = 0.43 ms
[1585465200] CURRENT HOST STATE: WINV-108;UP;HARD;1;PING OK - Packet loss = 0%, RTA = 0.25 ms
[1585465200] CURRENT HOST STATE: WINV-110;UP;HARD;1;PING OK - Packet loss = 0%, RTA = 0.36 ms
[1585465200] CURRENT HOST STATE: WINV-111;UP;HARD;1;PING OK - Packet loss = 0%, RTA = 0.32 ms
[1585465200] CURRENT HOST STATE: WINV-112;UP;HARD;1;PING OK - Packet loss = 0%, RTA = 0.32 ms
[1585465200] CURRENT HOST STATE: vapps-100;UP;HARD;1;PING OK - Packet loss = 0%, RTA = 0.44 ms
[1585465200] CURRENT HOST STATE: vapps-109;UP;HARD;1;PING OK - Packet loss = 0%, RTA = 0.25 ms
[1585465200] CURRENT HOST STATE: vdb-100;UP;HARD;1;PING OK - Packet loss = 0%, RTA = 0.33 ms
[1585465200] CURRENT HOST STATE: vdb-101;UP;HARD;1;PING OK - Packet loss = 0%, RTA = 0.25 ms
[1585465200] CURRENT HOST STATE: vdb-103;UP;HARD;1;PING OK - Packet loss = 0%, RTA = 0.31 ms
[1585465200] CURRENT HOST STATE: vdb-staging;UP;HARD;1;PING OK - Packet loss = 0%, RTA = 0.22 ms
[1585465200] CURRENT HOST STATE: vinfra-200;UP;HARD;1;PING OK - Packet loss = 0%, RTA = 0.35 ms
[1585465200] CURRENT HOST STATE: vonly-backup;UP;HARD;1;PING OK - Packet loss = 0%, RTA = 0.05 ms
[1585465200] CURRENT HOST STATE: vonly-database;UP;HARD;1;PING OK - Packet loss = 0%, RTA = 0.34 ms
[1585465200] CURRENT HOST STATE: vonly-replica;UP;HARD;1;PING OK - Packet loss = 0%, RTA = 0.35 ms
[1585465200] CURRENT SERVICE STATE: WINV-101;CPU Load;OK;HARD;1;CPU Load 5% (5 min average)
[1585465200] CURRENT SERVICE STATE: WINV-101;Data Drive Space;WARNING;HARD;3;d:\ - total: 931.32 Gb - used: 783.88 Gb (84%) - free 147.44 Gb (16%)
[1585465200] CURRENT SERVICE STATE: WINV-101;Memory Usage;OK;HARD;1;Memory usage: total:98284.48 MB - used: 47447.68 MB (48%) - free: 50836.80 MB (52%)
[1585465200] CURRENT SERVICE STATE: WINV-101;OS Drive Space;OK;HARD;1;c:\ - total: 68.27 Gb - used: 43.59 Gb (64%) - free 24.68 Gb (36%)
[1585465200] CURRENT SERVICE STATE: WINV-101;Uptime;OK;HARD;1;System Uptime - 24 day(s) 0 hour(s) 37 minute(s)
[1585465200] CURRENT SERVICE STATE: WINV-102;CPU Load;OK;HARD;1;CPU Load 21% (5 min average)
[1585465200] CURRENT SERVICE STATE: WINV-102;Data Drive Space;WARNING;HARD;3;d:\ - total: 1862.64 Gb - used: 1567.29 Gb (84%) - free 295.35 Gb (16%)
[1585465200] CURRENT SERVICE STATE: WINV-102;Memory Usage;OK;HARD;1;Memory usage: total:208877.43 MB - used: 73845.92 MB (35%) - free: 135031.51 MB (65%)
[1585465200] CURRENT SERVICE STATE: WINV-102;OS Drive Space;OK;HARD;1;c:\ - total: 931.41 Gb - used: 305.46 Gb (33%) - free 625.96 Gb (67%)
[1585465200] CURRENT SERVICE STATE: WINV-102;Uptime;OK;HARD;1;System Uptime - 187 day(s) 12 hour(s) 5 minute(s)
[1585465200] CURRENT SERVICE STATE: WINV-103;CPU Load;OK;HARD;1;CPU Load 8% (5 min average)
[1585465200] CURRENT SERVICE STATE: WINV-103;Data Drive Space;OK;HARD;1;d:\ - total: 1862.39 Gb - used: 929.17 Gb (50%) - free 933.22 Gb (50%)
[1585465200] CURRENT SERVICE STATE: WINV-103;Memory Usage;OK;HARD;1;Memory usage: total:196589.32 MB - used: 63517.27 MB (32%) - free: 133072.06 MB (68%)
[1585465200] CURRENT SERVICE STATE: WINV-103;OS Drive Space;OK;HARD;1;c:\ - total: 68.27 Gb - used: 48.65 Gb (71%) - free 19.62 Gb (29%)
[1585465200] CURRENT SERVICE STATE: WINV-103;Uptime;OK;HARD;1;System Uptime - 4 day(s) 9 hour(s) 34 minute(s)
[1585465200] CURRENT SERVICE STATE: WINV-104;CPU Load;OK;HARD;1;CPU Load 0% (5 min average)
[1585465200] CURRENT SERVICE STATE: WINV-104;Data Drive Space;WARNING;HARD;3;d:\ - total: 931.32 Gb - used: 787.78 Gb (85%) - free 143.54 Gb (15%)
[1585465200] CURRENT SERVICE STATE: WINV-104;Memory Usage;OK;HARD;1;Memory usage: total:129142.02 MB - used: 38691.33 MB (30%) - free: 90450.69 MB (70%)
[1585465200] CURRENT SERVICE STATE: WINV-104;OS Drive Space;OK;HARD;1;c:\ - total: 68.27 Gb - used: 47.82 Gb (70%) - free 20.45 Gb (30%)
[1585465200] CURRENT SERVICE STATE: WINV-104;Uptime;OK;HARD;1;System Uptime - 184 day(s) 13 hour(s) 16 minute(s)
[1585465200] CURRENT SERVICE STATE: WINV-105;CPU Load;OK;HARD;1;CPU Load 0% (5 min average)
[1585465200] CURRENT SERVICE STATE: WINV-105;Data Drive Space;OK;HARD;1;d:\ - total: 931.32 Gb - used: 584.97 Gb (63%) - free 346.35 Gb (37%)
[1585465200] CURRENT SERVICE STATE: WINV-105;Memory Usage;OK;HARD;1;Memory usage: total:98284.48 MB - used: 37778.11 MB (38%) - free: 60506.37 MB (62%)
[1585465200] CURRENT SERVICE STATE: WINV-105;OS Drive Space;OK;HARD;1;c:\ - total: 231.90 Gb - used: 97.07 Gb (42%) - free 134.83 Gb (58%)
[1585465200] CURRENT SERVICE STATE: WINV-105;Uptime;OK;HARD;1;System Uptime - 348 day(s) 15 hour(s) 23 minute(s)
[1585465200] CURRENT SERVICE STATE: WINV-106;CPU Load;OK;HARD;1;CPU Load 1% (5 min average)
[1585465200] CURRENT SERVICE STATE: WINV-106;Data Drive Space;OK;HARD;1;d:\ - total: 931.32 Gb - used: 609.44 Gb (65%) - free 321.87 Gb (35%)
[1585465200] CURRENT SERVICE STATE: WINV-106;Memory Usage;OK;HARD;1;Memory usage: total:149142.26 MB - used: 40513.74 MB (27%) - free: 108628.52 MB (73%)
[1585465200] CURRENT SERVICE STATE: WINV-106;OS Drive Space;OK;HARD;1;c:\ - total: 67.89 Gb - used: 41.45 Gb (61%) - free 26.43 Gb (39%)
[1585465200] CURRENT SERVICE STATE: WINV-106;Uptime;OK;HARD;1;System Uptime - 94 day(s) 23 hour(s) 43 minute(s)
[1585465200] CURRENT SERVICE STATE: WINV-107;CPU Load;OK;HARD;1;CPU Load 23% (5 min average)
[1585465200] CURRENT SERVICE STATE: WINV-107;Data Drive Space;WARNING;HARD;3;d:\ - total: 931.51 Gb - used: 783.39 Gb (84%) - free 148.12 Gb (16%)
[1585465200] CURRENT SERVICE STATE: WINV-107;Memory Usage;OK;HARD;1;Memory usage: total:147777.36 MB - used: 44900.48 MB (30%) - free: 102876.88 MB (70%)
[1585465200] CURRENT SERVICE STATE: WINV-107;OS Drive Space;OK;HARD;1;c:\ - total: 67.45 Gb - used: 43.74 Gb (65%) - free 23.71 Gb (35%)
[1585465200] CURRENT SERVICE STATE: WINV-107;Uptime;OK;HARD;1;System Uptime - 25 day(s) 22 hour(s) 8 minute(s)
[1585465200] CURRENT SERVICE STATE: WINV-108;CPU Load;OK;HARD;1;CPU Load 25% (5 min average)
[1585465200] CURRENT SERVICE STATE: WINV-108;Data Drive Space;OK;HARD;1;d:\ - total: 931.32 Gb - used: 534.14 Gb (57%) - free 397.18 Gb (43%)
[1585465200] CURRENT SERVICE STATE: WINV-108;Memory Usage;OK;HARD;1;Memory usage: total:160950.28 MB - used: 42418.93 MB (26%) - free: 118531.35 MB (74%)
[1585465200] CURRENT SERVICE STATE: WINV-108;OS Drive Space;OK;HARD;1;c:\ - total: 67.89 Gb - used: 49.44 Gb (73%) - free 18.45 Gb (27%)
[1585465200] CURRENT SERVICE STATE: WINV-108;Uptime;OK;HARD;1;System Uptime - 487 day(s) 15 hour(s) 0 minute(s)
[1585465200] CURRENT SERVICE STATE: WINV-110;CPU Load;OK;HARD;1;CPU Load 3% (5 min average)
[1585465200] CURRENT SERVICE STATE: WINV-110;Data Drive Space;OK;HARD;1;d:\ - total: 931.32 Gb - used: 513.61 Gb (55%) - free 417.71 Gb (45%)
[1585465200] CURRENT SERVICE STATE: WINV-110;Memory Usage;OK;HARD;1;Memory usage: total:104565.75 MB - used: 15100.88 MB (14%) - free: 89464.87 MB (86%)
[1585465200] CURRENT SERVICE STATE: WINV-110;OS Drive Space;OK;HARD;1;c:\ - total: 67.89 Gb - used: 41.80 Gb (62%) - free 26.09 Gb (38%)
[1585465200] CURRENT SERVICE STATE: WINV-110;Uptime;OK;HARD;1;System Uptime - 107 day(s) 0 hour(s) 21 minute(s)
[1585465200] CURRENT SERVICE STATE: WINV-111;CPU Load;OK;HARD;1;CPU Load 0% (5 min average)
[1585465200] CURRENT SERVICE STATE: WINV-111;Data Drive Space;OK;HARD;1;d:\ - total: 931.22 Gb - used: 606.45 Gb (65%) - free 324.77 Gb (35%)
[1585465200] CURRENT SERVICE STATE: WINV-111;Memory Usage;OK;HARD;1;Memory usage: total:70469.53 MB - used: 12850.77 MB (18%) - free: 57618.75 MB (82%)
[1585465200] CURRENT SERVICE STATE: WINV-111;OS Drive Space;OK;HARD;1;c:\ - total: 67.89 Gb - used: 32.15 Gb (47%) - free 35.74 Gb (53%)
[1585465200] CURRENT SERVICE STATE: WINV-111;Uptime;OK;HARD;1;System Uptime - 248 day(s) 13 hour(s) 32 minute(s)
[1585465200] CURRENT SERVICE STATE: WINV-112;CPU Load;OK;HARD;1;CPU Load 0% (5 min average)
[1585465200] CURRENT SERVICE STATE: WINV-112;Data Drive Space;OK;HARD;1;d:\ - total: 931.51 Gb - used: 681.14 Gb (73%) - free 250.37 Gb (27%)
[1585465200] CURRENT SERVICE STATE: WINV-112;Memory Usage;OK;HARD;1;Memory usage: total:40939.93 MB - used: 14110.39 MB (34%) - free: 26829.54 MB (66%)
[1585465200] CURRENT SERVICE STATE: WINV-112;OS Drive Space;OK;HARD;1;c:\ - total: 278.36 Gb - used: 70.32 Gb (25%) - free 208.04 Gb (75%)
[1585465200] CURRENT SERVICE STATE: WINV-112;Uptime;OK;HARD;1;System Uptime - 187 day(s) 12 hour(s) 11 minute(s)
[1585465200] CURRENT SERVICE STATE: vapps-100;/mnt/data01 Partition;OK;HARD;1;/mnt/data01 is at 52% capacity, 268G of 551G
[1585465200] CURRENT SERVICE STATE: vapps-100;Current Load;OK;HARD;1;OK - load average: 0.14, 0.33, 0.50
[1585465200] CURRENT SERVICE STATE: vapps-100;Current Users;OK;HARD;1;USERS OK - 1 users currently logged in
[1585465200] CURRENT SERVICE STATE: vapps-100;PING;OK;HARD;1;PING OK - Packet loss = 0%, RTA = 0.06 ms
[1585465200] CURRENT SERVICE STATE: vapps-100;Root Partition;OK;HARD;1;/ is at 23% capacity, 117G of 550G
[1585465200] CURRENT SERVICE STATE: vapps-100;SSH;OK;HARD;1;SSH OK - OpenSSH_7.2p2 Ubuntu-4ubuntu2.6 (protocol 2.0)
[1585465200] CURRENT SERVICE STATE: vapps-100;Swap Usage;OK;HARD;1;SWAP OK - 80% free (8895 MB out of 11214 MB)
[1585465200] CURRENT SERVICE STATE: vapps-100;Total Processes;OK;HARD;1;PROCS OK: 224 processes with STATE = RSZDT
[1585465200] CURRENT SERVICE STATE: vapps-109;/mnt/data01 Partition;OK;HARD;1;/mnt/data01 is at 2% capacity, 13G of 917G
[1585465200] CURRENT SERVICE STATE: vapps-109;Current Load;OK;HARD;1;OK - load average: 0.13, 0.13, 0.09
[1585465200] CURRENT SERVICE STATE: vapps-109;Current Users;OK;HARD;1;USERS OK - 1 users currently logged in
[1585465200] CURRENT SERVICE STATE: vapps-109;PING;OK;HARD;1;PING OK - Packet loss = 0%, RTA = 0.05 ms
[1585465200] CURRENT SERVICE STATE: vapps-109;Root Partition;OK;HARD;1;/ is at 51% capacity, 21G of 43G
[1585465200] CURRENT SERVICE STATE: vapps-109;SSH;OK;HARD;1;SSH OK - OpenSSH_7.2p2 Ubuntu-4ubuntu2.8 (protocol 2.0)
[1585465200] CURRENT SERVICE STATE: vapps-109;Swap Usage;OK;HARD;1;SWAP OK - 100% free (24421 MB out of 24567 MB)
[1585465200] CURRENT SERVICE STATE: vapps-109;Total Processes;OK;HARD;1;PROCS OK: 226 processes with STATE = RSZDT
[1585465200] CURRENT SERVICE STATE: vdb-100;/mnt/data01 Partition;OK;HARD;1;/mnt/data01 is at 78% capacity, 2.7T of 3.7T
[1585465200] CURRENT SERVICE STATE: vdb-100;Current Load;OK;HARD;1;OK - load average: 0.16, 0.45, 0.49
[1585465200] CURRENT SERVICE STATE: vdb-100;Current Users;OK;HARD;1;USERS OK - 1 users currently logged in
[1585465200] CURRENT SERVICE STATE: vdb-100;PING;OK;HARD;1;PING OK - Packet loss = 0%, RTA = 0.05 ms
[1585465200] CURRENT SERVICE STATE: vdb-100;Root Partition;OK;HARD;1;/ is at 35% capacity, 30G of 91G
[1585465200] CURRENT SERVICE STATE: vdb-100;SSH;OK;HARD;1;SSH OK - OpenSSH_7.2p2 Ubuntu-4ubuntu2.6 (protocol 2.0)
[1585465200] CURRENT SERVICE STATE: vdb-100;Swap Usage;OK;HARD;1;SWAP OK - 92% free (19527 MB out of 21455 MB)
[1585465200] CURRENT SERVICE STATE: vdb-100;Total Processes;OK;HARD;1;PROCS OK: 182 processes with STATE = RSZDT
[1585465200] CURRENT SERVICE STATE: vdb-101;/mnt/data01 Partition;OK;HARD;1;/mnt/data01 is at 72% capacity, 2.5T of 3.6T
[1585465200] CURRENT SERVICE STATE: vdb-101;Current Load;OK;HARD;1;OK - load average: 0.00, 0.00, 0.00
[1585465200] CURRENT SERVICE STATE: vdb-101;Current Users;OK;HARD;1;USERS OK - 1 users currently logged in
[1585465200] CURRENT SERVICE STATE: vdb-101;PING;OK;HARD;1;PING OK - Packet loss = 0%, RTA = 0.05 ms
[1585465200] CURRENT SERVICE STATE: vdb-101;Root Partition;OK;HARD;1;/ is at 25% capacity, 42G of 183G
[1585465200] CURRENT SERVICE STATE: vdb-101;SSH;OK;HARD;1;SSH OK - OpenSSH_7.2p2 Ubuntu-4ubuntu2.4 (protocol 2.0)
[1585465200] CURRENT SERVICE STATE: vdb-101;Swap Usage;OK;HARD;1;SWAP OK - 82% free (17521 MB out of 21455 MB)
[1585465200] CURRENT SERVICE STATE: vdb-101;Total Processes;OK;HARD;1;PROCS OK: 157 processes with STATE = RSZDT
[1585465200] CURRENT SERVICE STATE: vdb-103;/mnt/data01 Partition;WARNING;HARD;4;/mnt/data01 is at 87% capacity! 5.9T of 7.3T
[1585465200] CURRENT SERVICE STATE: vdb-103;Current Load;OK;HARD;1;OK - load average: 2.03, 2.43, 3.33
[1585465200] CURRENT SERVICE STATE: vdb-103;Current Users;OK;HARD;1;USERS OK - 1 users currently logged in
[1585465200] CURRENT SERVICE STATE: vdb-103;PING;OK;HARD;1;PING OK - Packet loss = 0%, RTA = 0.03 ms
[1585465200] CURRENT SERVICE STATE: vdb-103;Root Partition;OK;HARD;1;/ is at 25% capacity, 108G of 457G
[1585465200] CURRENT SERVICE STATE: vdb-103;SSH;OK;HARD;1;SSH OK - OpenSSH_7.6p1 Ubuntu-4ubuntu0.2 (protocol 2.0)
[1585465200] CURRENT SERVICE STATE: vdb-103;Swap Usage;CRITICAL;HARD;4;SWAP CRITICAL - 2% free (161 MB out of 10239 MB)
[1585465200] CURRENT SERVICE STATE: vdb-103;Total Processes;OK;HARD;1;PROCS OK: 187 processes with STATE = RSZDT
[1585465200] CURRENT SERVICE STATE: vdb-staging;/mnt/data01 Partition;OK;HARD;1;/mnt/data01 is at 68% capacity, 5.8T of 9.1T
[1585465200] CURRENT SERVICE STATE: vdb-staging;Current Load;OK;HARD;1;OK - load average: 1.03, 0.85, 0.61
[1585465200] CURRENT SERVICE STATE: vdb-staging;Current Users;OK;HARD;1;USERS OK - 1 users currently logged in
[1585465200] CURRENT SERVICE STATE: vdb-staging;PING;OK;HARD;1;PING OK - Packet loss = 0%, RTA = 0.06 ms
[1585465200] CURRENT SERVICE STATE: vdb-staging;Root Partition;OK;HARD;1;/ is at 7% capacity, 112G of 1.8T
[1585465200] CURRENT SERVICE STATE: vdb-staging;SSH;OK;HARD;1;SSH OK - OpenSSH_7.2p2 Ubuntu-4ubuntu2.4 (protocol 2.0)
[1585465200] CURRENT SERVICE STATE: vdb-staging;Swap Usage;OK;HARD;1;SWAP OK - 79% free (81040 MB out of 103375 MB)
[1585465200] CURRENT SERVICE STATE: vdb-staging;Total Processes;OK;HARD;1;PROCS OK: 151 processes with STATE = RSZDT
[1585465200] CURRENT SERVICE STATE: vinfra-200;/mnt/data01 Partition;OK;HARD;1;/mnt/data is at 15% capacity, 129G of 917G
[1585465200] CURRENT SERVICE STATE: vinfra-200;Current Load;OK;HARD;1;OK - load average: 0.60, 1.23, 1.26
[1585465200] CURRENT SERVICE STATE: vinfra-200;Current Users;OK;HARD;1;USERS OK - 1 users currently logged in
[1585465200] CURRENT SERVICE STATE: vinfra-200;MySQL Connection Time;OK;HARD;1;OK - 0.01 seconds to connect as nagios
[1585465200] CURRENT SERVICE STATE: vinfra-200;MySQL Uptime;OK;HARD;1;OK - database is up since 15770 minutes
[1585465200] CURRENT SERVICE STATE: vinfra-200;PING;OK;HARD;1;PING OK - Packet loss = 0%, RTA = 0.05 ms
[1585465200] CURRENT SERVICE STATE: vinfra-200;Root Partition;OK;HARD;1;/ is at 34% capacity, 59G of 182G
[1585465200] CURRENT SERVICE STATE: vinfra-200;SSH;OK;HARD;1;SSH OK - OpenSSH_7.2p2 Ubuntu-4ubuntu2.6 (protocol 2.0)
[1585465200] CURRENT SERVICE STATE: vinfra-200;Swap Usage;CRITICAL;HARD;4;SWAP CRITICAL - 1% free (78 MB out of 11215 MB)
[1585465200] CURRENT SERVICE STATE: vinfra-200;Total Processes;OK;HARD;1;PROCS OK: 161 processes with STATE = RSZDT
[1585465200] CURRENT SERVICE STATE: vinfra-200;VAULT;OK;HARD;1;OK - Vault is initialized, unsealed, and active
[1585465200] CURRENT SERVICE STATE: vonly-backup;/media/data Partition;OK;HARD;1;/media/data is at 79% capacity, 5.4T of 7.3T
[1585465200] CURRENT SERVICE STATE: vonly-backup;Current Load;OK;HARD;1;OK - load average: 1.10, 0.69, 0.63
[1585465200] CURRENT SERVICE STATE: vonly-backup;Current Users;OK;HARD;1;USERS OK - 0 users currently logged in
[1585465200] CURRENT SERVICE STATE: vonly-backup;PING;OK;HARD;1;PING OK - Packet loss = 0%, RTA = 0.07 ms
[1585465200] CURRENT SERVICE STATE: vonly-backup;Root Partition;OK;HARD;1;/ is at 47% capacity, 98G of 220G
[1585465200] CURRENT SERVICE STATE: vonly-backup;SSH;OK;HARD;1;SSH OK - OpenSSH_7.2p2 Ubuntu-4ubuntu2.8 (protocol 2.0)
[1585465200] CURRENT SERVICE STATE: vonly-backup;Swap Usage;OK;HARD;1;SWAP OK - 93% free (52914 MB out of 57111 MB)
[1585465200] CURRENT SERVICE STATE: vonly-backup;Total Processes;OK;HARD;1;PROCS OK: 220 processes with STATE = RSZDT
[1585465200] CURRENT SERVICE STATE: vonly-database;/media/data Partition;OK;HARD;1;/media/data is at 60% capacity, 2.1T of 3.6T
[1585465200] CURRENT SERVICE STATE: vonly-database;Current Load;OK;HARD;1;OK - load average: 2.29, 2.35, 2.08
[1585465200] CURRENT SERVICE STATE: vonly-database;Current Users;OK;HARD;1;USERS OK - 2 users currently logged in
[1585465200] CURRENT SERVICE STATE: vonly-database;PING;OK;HARD;1;PING OK - Packet loss = 0%, RTA = 0.05 ms
[1585465200] CURRENT SERVICE STATE: vonly-database;Root Partition;OK;HARD;1;/ is at 58% capacity, 120G of 220G
[1585465200] CURRENT SERVICE STATE: vonly-database;SSH;OK;HARD;1;SSH OK - OpenSSH_7.2p2 Ubuntu-4ubuntu2.8 (protocol 2.0)
[1585465200] CURRENT SERVICE STATE: vonly-database;Swap Usage;CRITICAL;HARD;4;SWAP CRITICAL - 7% free (3685 MB out of 57111 MB)
[1585465200] CURRENT SERVICE STATE: vonly-database;Total Processes;OK;HARD;1;PROCS OK: 157 processes with STATE = RSZDT
[1585465200] CURRENT SERVICE STATE: vonly-replica;/media/data Partition;WARNING;HARD;4;/media/data is at 89% capacity! 6.1T of 7.3T
[1585465200] CURRENT SERVICE STATE: vonly-replica;Current Load;OK;HARD;1;OK - load average: 7.45, 5.93, 4.85
[1585465200] CURRENT SERVICE STATE: vonly-replica;Current Users;OK;HARD;1;USERS OK - 2 users currently logged in
[1585465200] CURRENT SERVICE STATE: vonly-replica;PING;OK;HARD;1;PING OK - Packet loss = 0%, RTA = 0.04 ms
[1585465200] CURRENT SERVICE STATE: vonly-replica;Root Partition;OK;HARD;1;/ is at 31% capacity, 31G of 108G
[1585465200] CURRENT SERVICE STATE: vonly-replica;SSH;OK;HARD;1;SSH OK - OpenSSH_7.2p2 Ubuntu-4ubuntu2.2 (protocol 2.0)
[1585465200] CURRENT SERVICE STATE: vonly-replica;Swap Usage;OK;HARD;1;SWAP OK - 98% free (27128 MB out of 27876 MB)
[1585465200] CURRENT SERVICE STATE: vonly-replica;Total Processes;OK;HARD;1;PROCS OK: 104 processes with STATE = RSZDT
[1585465765] SERVICE ALERT: WINV-101;CPU Load;CRITICAL;SOFT;1;CPU Load 100% (5 min average)
[1585465887] SERVICE ALERT: WINV-101;CPU Load;CRITICAL;SOFT;2;CPU Load 100% (5 min average)
[1585466007] SERVICE NOTIFICATION: srinivas.bethi;WINV-101;CPU Load;CRITICAL;notify-service-by-email;CPU Load 100% (5 min average)
[1585466007] SERVICE NOTIFICATION: jatin;WINV-101;CPU Load;CRITICAL;notify-service-by-email;CPU Load 100% (5 min average)
[1585466007] SERVICE NOTIFICATION: atul;WINV-101;CPU Load;CRITICAL;notify-service-by-email;CPU Load 100% (5 min average)
[1585466007] SERVICE ALERT: WINV-101;CPU Load;CRITICAL;HARD;3;CPU Load 100% (5 min average)
[1585466432] SERVICE ALERT: vapps-100;Current Load;WARNING;SOFT;1;WARNING - load average: 29.35, 11.60, 4.77
[1585466492] SERVICE ALERT: vapps-100;Current Load;WARNING;SOFT;2;WARNING - load average: 26.30, 14.10, 6.07
[1585466552] SERVICE ALERT: vapps-100;Current Load;WARNING;SOFT;3;WARNING - load average: 19.87, 14.30, 6.64
[1585466607] SERVICE NOTIFICATION: srinivas.bethi;WINV-101;CPU Load;OK;notify-service-by-email;CPU Load 4% (5 min average)
[1585466607] SERVICE NOTIFICATION: jatin;WINV-101;CPU Load;OK;notify-service-by-email;CPU Load 4% (5 min average)
[1585466607] SERVICE NOTIFICATION: atul;WINV-101;CPU Load;OK;notify-service-by-email;CPU Load 4% (5 min average)
[1585466607] SERVICE ALERT: WINV-101;CPU Load;OK;HARD;3;CPU Load 4% (5 min average)
[1585466612] SERVICE NOTIFICATION: jatin;vapps-100;Current Load;WARNING;notify-service-by-email;WARNING - load average: 24.78, 16.55, 7.88
[1585466612] SERVICE NOTIFICATION: atul;vapps-100;Current Load;WARNING;notify-service-by-email;WARNING - load average: 24.78, 16.55, 7.88
[1585466612] SERVICE NOTIFICATION: srinivas.bethi;vapps-100;Current Load;WARNING;notify-service-by-email;WARNING - load average: 24.78, 16.55, 7.88
[1585466612] SERVICE ALERT: vapps-100;Current Load;WARNING;HARD;4;WARNING - load average: 24.78, 16.55, 7.88
[1585467007] SERVICE ALERT: vonly-replica;Current Load;WARNING;SOFT;1;WARNING - load average: 14.54, 13.53, 10.70
[1585467064] SERVICE NOTIFICATION: srinivas.bethi;vonly-replica;/media/data Partition;WARNING;notify-service-by-email;/media/data is at 89% capacity! 6.1T of 7.3T
[1585467064] SERVICE NOTIFICATION: jatin;vonly-replica;/media/data Partition;WARNING;notify-service-by-email;/media/data is at 89% capacity! 6.1T of 7.3T
[1585467064] SERVICE NOTIFICATION: atul;vonly-replica;/media/data Partition;WARNING;notify-service-by-email;/media/data is at 89% capacity! 6.1T of 7.3T
[1585467067] SERVICE ALERT: vonly-replica;Current Load;WARNING;SOFT;2;WARNING - load average: 14.00, 13.58, 10.90
[1585467128] SERVICE ALERT: vonly-replica;Current Load;WARNING;SOFT;3;WARNING - load average: 14.16, 13.63, 11.08
[1585467188] SERVICE NOTIFICATION: jatin;vonly-replica;Current Load;WARNING;notify-service-by-email;WARNING - load average: 16.21, 14.33, 11.48
[1585467188] SERVICE NOTIFICATION: atul;vonly-replica;Current Load;WARNING;notify-service-by-email;WARNING - load average: 16.21, 14.33, 11.48
[1585467188] SERVICE NOTIFICATION: srinivas.bethi;vonly-replica;Current Load;WARNING;notify-service-by-email;WARNING - load average: 16.21, 14.33, 11.48
[1585467188] SERVICE ALERT: vonly-replica;Current Load;WARNING;HARD;4;WARNING - load average: 16.21, 14.33, 11.48
[1585467212] SERVICE NOTIFICATION: jatin;vapps-100;Current Load;CRITICAL;notify-service-by-email;CRITICAL - load average: 37.58, 26.88, 17.06
[1585467212] SERVICE NOTIFICATION: atul;vapps-100;Current Load;CRITICAL;notify-service-by-email;CRITICAL - load average: 37.58, 26.88, 17.06
[1585467212] SERVICE NOTIFICATION: srinivas.bethi;vapps-100;Current Load;CRITICAL;notify-service-by-email;CRITICAL - load average: 37.58, 26.88, 17.06
[1585467212] SERVICE ALERT: vapps-100;Current Load;CRITICAL;HARD;4;CRITICAL - load average: 37.58, 26.88, 17.06
[1585467342] SERVICE ALERT: vinfra-200;Current Load;WARNING;SOFT;1;WARNING - load average: 7.05, 6.91, 5.32
[1585467402] SERVICE ALERT: vinfra-200;Current Load;WARNING;SOFT;2;WARNING - load average: 5.92, 6.61, 5.31
[1585467428] Auto-save of retention data completed successfully.
[1585467462] SERVICE ALERT: vinfra-200;Current Load;WARNING;SOFT;3;WARNING - load average: 9.19, 7.53, 5.72
[1585467522] SERVICE NOTIFICATION: jatin;vinfra-200;Current Load;WARNING;notify-service-by-email;WARNING - load average: 6.96, 7.21, 5.72
[1585467522] SERVICE NOTIFICATION: atul;vinfra-200;Current Load;WARNING;notify-service-by-email;WARNING - load average: 6.96, 7.21, 5.72
[1585467522] SERVICE NOTIFICATION: srinivas.bethi;vinfra-200;Current Load;WARNING;notify-service-by-email;WARNING - load average: 6.96, 7.21, 5.72
[1585467522] SERVICE ALERT: vinfra-200;Current Load;WARNING;HARD;4;WARNING - load average: 6.96, 7.21, 5.72
[1585467995] SERVICE NOTIFICATION: srinivas.bethi;WINV-107;Data Drive Space;WARNING;notify-service-by-email;d:\ - total: 931.51 Gb - used: 779.55 Gb (84%) - free 151.97 Gb (16%)
[1585467995] SERVICE NOTIFICATION: jatin;WINV-107;Data Drive Space;WARNING;notify-service-by-email;d:\ - total: 931.51 Gb - used: 779.55 Gb (84%) - free 151.97 Gb (16%)
[1585467995] SERVICE NOTIFICATION: atul;WINV-107;Data Drive Space;WARNING;notify-service-by-email;d:\ - total: 931.51 Gb - used: 779.55 Gb (84%) - free 151.97 Gb (16%)
[1585468500] SERVICE NOTIFICATION: jatin;vdb-103;Swap Usage;CRITICAL;notify-service-by-email;SWAP CRITICAL - 2% free (155 MB out of 10239 MB)
[1585468500] SERVICE NOTIFICATION: atul;vdb-103;Swap Usage;CRITICAL;notify-service-by-email;SWAP CRITICAL - 2% free (155 MB out of 10239 MB)
[1585468500] SERVICE NOTIFICATION: srinivas.bethi;vdb-103;Swap Usage;CRITICAL;notify-service-by-email;SWAP CRITICAL - 2% free (155 MB out of 10239 MB)
[1585469288] SERVICE NOTIFICATION: jatin;vonly-database;Swap Usage;CRITICAL;notify-service-by-email;SWAP CRITICAL - 8% free (4240 MB out of 57111 MB)
[1585469288] SERVICE NOTIFICATION: atul;vonly-database;Swap Usage;CRITICAL;notify-service-by-email;SWAP CRITICAL - 8% free (4240 MB out of 57111 MB)
[1585469288] SERVICE NOTIFICATION: srinivas.bethi;vonly-database;Swap Usage;CRITICAL;notify-service-by-email;SWAP CRITICAL - 8% free (4240 MB out of 57111 MB)
[1585469333] SERVICE ALERT: WINV-102;CPU Load;WARNING;SOFT;1;CPU Load 84% (5 min average)
[1585469453] SERVICE ALERT: WINV-102;CPU Load;OK;SOFT;2;CPU Load 78% (5 min average)
[1585470364] SERVICE NOTIFICATION: srinivas.bethi;vonly-replica;/media/data Partition;CRITICAL;notify-service-by-email;/media/data is at 91% capacity! 6.2T of 7.3T
[1585470364] SERVICE NOTIFICATION: jatin;vonly-replica;/media/data Partition;CRITICAL;notify-service-by-email;/media/data is at 91% capacity! 6.2T of 7.3T
[1585470364] SERVICE NOTIFICATION: atul;vonly-replica;/media/data Partition;CRITICAL;notify-service-by-email;/media/data is at 91% capacity! 6.2T of 7.3T
[1585470364] SERVICE ALERT: vonly-replica;/media/data Partition;CRITICAL;HARD;4;/media/data is at 91% capacity! 6.2T of 7.3T
[1585471028] Auto-save of retention data completed successfully.
[1585471354] SERVICE NOTIFICATION: srinivas.bethi;WINV-104;Data Drive Space;WARNING;notify-service-by-email;d:\ - total: 931.32 Gb - used: 788.32 Gb (85%) - free 143.00 Gb (15%)
[1585471354] SERVICE NOTIFICATION: jatin;WINV-104;Data Drive Space;WARNING;notify-service-by-email;d:\ - total: 931.32 Gb - used: 788.32 Gb (85%) - free 143.00 Gb (15%)
[1585471354] SERVICE NOTIFICATION: atul;WINV-104;Data Drive Space;WARNING;notify-service-by-email;d:\ - total: 931.32 Gb - used: 788.32 Gb (85%) - free 143.00 Gb (15%)
[1585472315] SERVICE ALERT: vonly-database;Current Load;WARNING;SOFT;1;WARNING - load average: 7.06, 6.36, 5.27
[1585472375] SERVICE ALERT: vonly-database;Current Load;WARNING;SOFT;2;WARNING - load average: 7.08, 6.47, 5.38
[1585472435] SERVICE ALERT: vonly-database;Current Load;WARNING;SOFT;3;WARNING - load average: 6.45, 6.43, 5.44
[1585472495] SERVICE NOTIFICATION: jatin;vonly-database;Current Load;WARNING;notify-service-by-email;WARNING - load average: 7.04, 6.59, 5.55
[1585472495] SERVICE NOTIFICATION: atul;vonly-database;Current Load;WARNING;notify-service-by-email;WARNING - load average: 7.04, 6.59, 5.55
[1585472495] SERVICE NOTIFICATION: srinivas.bethi;vonly-database;Current Load;WARNING;notify-service-by-email;WARNING - load average: 7.04, 6.59, 5.55
[1585472495] SERVICE ALERT: vonly-database;Current Load;WARNING;HARD;4;WARNING - load average: 7.04, 6.59, 5.55
[1585472607] SERVICE ALERT: WINV-101;CPU Load;WARNING;SOFT;1;CPU Load 81% (5 min average)
[1585472727] SERVICE ALERT: WINV-101;CPU Load;OK;SOFT;2;CPU Load 45% (5 min average)
[1585473964] SERVICE NOTIFICATION: srinivas.bethi;vonly-replica;/media/data Partition;CRITICAL;notify-service-by-email;/media/data is at 92% capacity! 6.3T of 7.3T
[1585473964] SERVICE NOTIFICATION: jatin;vonly-replica;/media/data Partition;CRITICAL;notify-service-by-email;/media/data is at 92% capacity! 6.3T of 7.3T
[1585473964] SERVICE NOTIFICATION: atul;vonly-replica;/media/data Partition;CRITICAL;notify-service-by-email;/media/data is at 92% capacity! 6.3T of 7.3T
[1585474148] SERVICE NOTIFICATION: jatin;vinfra-200;Swap Usage;CRITICAL;notify-service-by-email;SWAP CRITICAL - 1% free (98 MB out of 11215 MB)
[1585474148] SERVICE NOTIFICATION: atul;vinfra-200;Swap Usage;CRITICAL;notify-service-by-email;SWAP CRITICAL - 1% free (98 MB out of 11215 MB)
[1585474148] SERVICE NOTIFICATION: srinivas.bethi;vinfra-200;Swap Usage;CRITICAL;notify-service-by-email;SWAP CRITICAL - 1% free (98 MB out of 11215 MB)
[1585474628] Auto-save of retention data completed successfully.
[1585474804] SERVICE NOTIFICATION: jatin;vdb-103;/mnt/data01 Partition;WARNING;notify-service-by-email;/mnt/data01 is at 81% capacity! 5.6T of 7.3T
[1585474804] SERVICE NOTIFICATION: atul;vdb-103;/mnt/data01 Partition;WARNING;notify-service-by-email;/mnt/data01 is at 81% capacity! 5.6T of 7.3T
[1585474804] SERVICE NOTIFICATION: srinivas.bethi;vdb-103;/mnt/data01 Partition;WARNING;notify-service-by-email;/mnt/data01 is at 81% capacity! 5.6T of 7.3T
[1585474954] SERVICE ALERT: WINV-104;CPU Load;WARNING;SOFT;1;CPU Load 87% (5 min average)
[1585475074] SERVICE ALERT: WINV-104;CPU Load;OK;SOFT;2;CPU Load 0% (5 min average)
[1585477564] SERVICE NOTIFICATION: srinivas.bethi;vonly-replica;/media/data Partition;CRITICAL;notify-service-by-email;/media/data is at 93% capacity! 6.4T of 7.3T
[1585477564] SERVICE NOTIFICATION: jatin;vonly-replica;/media/data Partition;CRITICAL;notify-service-by-email;/media/data is at 93% capacity! 6.4T of 7.3T
[1585477564] SERVICE NOTIFICATION: atul;vonly-replica;/media/data Partition;CRITICAL;notify-service-by-email;/media/data is at 93% capacity! 6.4T of 7.3T
[1585478012] SERVICE NOTIFICATION: jatin;vapps-100;Current Load;WARNING;notify-service-by-email;WARNING - load average: 5.48, 12.75, 18.92
[1585478012] SERVICE NOTIFICATION: atul;vapps-100;Current Load;WARNING;notify-service-by-email;WARNING - load average: 5.48, 12.75, 18.92
[1585478012] SERVICE NOTIFICATION: srinivas.bethi;vapps-100;Current Load;WARNING;notify-service-by-email;WARNING - load average: 5.48, 12.75, 18.92
[1585478012] SERVICE ALERT: vapps-100;Current Load;WARNING;HARD;4;WARNING - load average: 5.48, 12.75, 18.92
[1585478022] SERVICE NOTIFICATION: jatin;vinfra-200;Current Load;OK;notify-service-by-email;OK - load average: 3.24, 3.68, 4.98
[1585478022] SERVICE NOTIFICATION: atul;vinfra-200;Current Load;OK;notify-service-by-email;OK - load average: 3.24, 3.68, 4.98
[1585478022] SERVICE NOTIFICATION: srinivas.bethi;vinfra-200;Current Load;OK;notify-service-by-email;OK - load average: 3.24, 3.68, 4.98
[1585478022] SERVICE ALERT: vinfra-200;Current Load;OK;HARD;4;OK - load average: 3.24, 3.68, 4.98
[1585478228] Auto-save of retention data completed successfully.
[1585478312] SERVICE NOTIFICATION: jatin;vapps-100;Current Load;CRITICAL;notify-service-by-email;CRITICAL - load average: 34.71, 32.50, 26.22
[1585478312] SERVICE NOTIFICATION: atul;vapps-100;Current Load;CRITICAL;notify-service-by-email;CRITICAL - load average: 34.71, 32.50, 26.22
[1585478312] SERVICE NOTIFICATION: srinivas.bethi;vapps-100;Current Load;CRITICAL;notify-service-by-email;CRITICAL - load average: 34.71, 32.50, 26.22
[1585478312] SERVICE ALERT: vapps-100;Current Load;CRITICAL;HARD;4;CRITICAL - load average: 34.71, 32.50, 26.22
[1585478322] SERVICE ALERT: vinfra-200;Current Load;WARNING;SOFT;1;WARNING - load average: 5.36, 4.73, 5.07
[1585478382] SERVICE ALERT: vinfra-200;Current Load;OK;SOFT;2;OK - load average: 3.64, 4.34, 4.91
[1585478495] SERVICE NOTIFICATION: jatin;vonly-database;Current Load;OK;notify-service-by-email;OK - load average: 3.53, 4.12, 4.91
[1585478495] SERVICE NOTIFICATION: atul;vonly-database;Current Load;OK;notify-service-by-email;OK - load average: 3.53, 4.12, 4.91
[1585478495] SERVICE NOTIFICATION: srinivas.bethi;vonly-database;Current Load;OK;notify-service-by-email;OK - load average: 3.53, 4.12, 4.91
[1585478495] SERVICE ALERT: vonly-database;Current Load;OK;HARD;4;OK - load average: 3.53, 4.12, 4.91
[1585478521] SERVICE NOTIFICATION: srinivas.bethi;WINV-102;Data Drive Space;WARNING;notify-service-by-email;d:\ - total: 1862.64 Gb - used: 1572.22 Gb (84%) - free 290.42 Gb (16%)
[1585478521] SERVICE NOTIFICATION: jatin;WINV-102;Data Drive Space;WARNING;notify-service-by-email;d:\ - total: 1862.64 Gb - used: 1572.22 Gb (84%) - free 290.42 Gb (16%)
[1585478521] SERVICE NOTIFICATION: atul;WINV-102;Data Drive Space;WARNING;notify-service-by-email;d:\ - total: 1862.64 Gb - used: 1572.22 Gb (84%) - free 290.42 Gb (16%)
[1585479155] SERVICE NOTIFICATION: srinivas.bethi;WINV-101;Data Drive Space;WARNING;notify-service-by-email;d:\ - total: 931.32 Gb - used: 784.93 Gb (84%) - free 146.39 Gb (16%)
[1585479155] SERVICE NOTIFICATION: jatin;WINV-101;Data Drive Space;WARNING;notify-service-by-email;d:\ - total: 931.32 Gb - used: 784.93 Gb (84%) - free 146.39 Gb (16%)
[1585479155] SERVICE NOTIFICATION: atul;WINV-101;Data Drive Space;WARNING;notify-service-by-email;d:\ - total: 931.32 Gb - used: 784.93 Gb (84%) - free 146.39 Gb (16%)
[1585479812] SERVICE NOTIFICATION: jatin;vapps-100;Current Load;WARNING;notify-service-by-email;WARNING - load average: 6.99, 11.64, 18.30
[1585479812] SERVICE NOTIFICATION: atul;vapps-100;Current Load;WARNING;notify-service-by-email;WARNING - load average: 6.99, 11.64, 18.30
[1585479812] SERVICE NOTIFICATION: srinivas.bethi;vapps-100;Current Load;WARNING;notify-service-by-email;WARNING - load average: 6.99, 11.64, 18.30
[1585479812] SERVICE ALERT: vapps-100;Current Load;WARNING;HARD;4;WARNING - load average: 6.99, 11.64, 18.30
[1585479942] SERVICE ALERT: vinfra-200;Current Load;WARNING;SOFT;1;WARNING - load average: 6.80, 5.64, 5.09
[1585480003] SERVICE ALERT: vinfra-200;Current Load;OK;SOFT;2;OK - load average: 4.90, 5.29, 5.00
[1585480063] SERVICE ALERT: vinfra-200;Current Load;WARNING;SOFT;1;WARNING - load average: 6.07, 5.65, 5.15
[1585480112] SERVICE FLAPPING ALERT: vapps-100;Current Load;STARTED; Service appears to have started flapping (23.2% change >= 20.0% threshold)
[1585480112] SERVICE NOTIFICATION: jatin;vapps-100;Current Load;FLAPPINGSTART (CRITICAL);notify-service-by-email;CRITICAL - load average: 27.45, 27.80, 24.04
[1585480112] SERVICE NOTIFICATION: atul;vapps-100;Current Load;FLAPPINGSTART (CRITICAL);notify-service-by-email;CRITICAL - load average: 27.45, 27.80, 24.04
[1585480112] SERVICE NOTIFICATION: srinivas.bethi;vapps-100;Current Load;FLAPPINGSTART (CRITICAL);notify-service-by-email;CRITICAL - load average: 27.45, 27.80, 24.04
[1585480112] SERVICE ALERT: vapps-100;Current Load;CRITICAL;HARD;4;CRITICAL - load average: 27.45, 27.80, 24.04
[1585480123] SERVICE ALERT: vinfra-200;Current Load;WARNING;SOFT;2;WARNING - load average: 5.20, 5.52, 5.14
[1585480183] SERVICE ALERT: vinfra-200;Current Load;WARNING;SOFT;3;WARNING - load average: 4.47, 5.26, 5.07
[1585480243] SERVICE NOTIFICATION: jatin;vinfra-200;Current Load;WARNING;notify-service-by-email;WARNING - load average: 4.73, 5.32, 5.11
[1585480243] SERVICE NOTIFICATION: atul;vinfra-200;Current Load;WARNING;notify-service-by-email;WARNING - load average: 4.73, 5.32, 5.11
[1585480243] SERVICE NOTIFICATION: srinivas.bethi;vinfra-200;Current Load;WARNING;notify-service-by-email;WARNING - load average: 4.73, 5.32, 5.11
[1585480243] SERVICE ALERT: vinfra-200;Current Load;WARNING;HARD;4;WARNING - load average: 4.73, 5.32, 5.11
[1585480543] SERVICE NOTIFICATION: jatin;vinfra-200;Current Load;OK;notify-service-by-email;OK - load average: 1.63, 3.79, 4.56
[1585480543] SERVICE NOTIFICATION: atul;vinfra-200;Current Load;OK;notify-service-by-email;OK - load average: 1.63, 3.79, 4.56
[1585480543] SERVICE NOTIFICATION: srinivas.bethi;vinfra-200;Current Load;OK;notify-service-by-email;OK - load average: 1.63, 3.79, 4.56
[1585480543] SERVICE ALERT: vinfra-200;Current Load;OK;HARD;4;OK - load average: 1.63, 3.79, 4.56
[1585481164] SERVICE NOTIFICATION: srinivas.bethi;vonly-replica;/media/data Partition;CRITICAL;notify-service-by-email;/media/data is at 95% capacity! 6.5T of 7.3T
[1585481164] SERVICE NOTIFICATION: jatin;vonly-replica;/media/data Partition;CRITICAL;notify-service-by-email;/media/data is at 95% capacity! 6.5T of 7.3T
[1585481164] SERVICE NOTIFICATION: atul;vonly-replica;/media/data Partition;CRITICAL;notify-service-by-email;/media/data is at 95% capacity! 6.5T of 7.3T
[1585481588] SERVICE NOTIFICATION: jatin;vonly-replica;Current Load;WARNING;notify-service-by-email;WARNING - load average: 11.47, 11.73, 11.85
[1585481588] SERVICE NOTIFICATION: atul;vonly-replica;Current Load;WARNING;notify-service-by-email;WARNING - load average: 11.47, 11.73, 11.85
[1585481588] SERVICE NOTIFICATION: srinivas.bethi;vonly-replica;Current Load;WARNING;notify-service-by-email;WARNING - load average: 11.47, 11.73, 11.85
[1585481828] Auto-save of retention data completed successfully.
[1585482395] SERVICE NOTIFICATION: srinivas.bethi;WINV-107;Data Drive Space;WARNING;notify-service-by-email;d:\ - total: 931.51 Gb - used: 782.20 Gb (84%) - free 149.31 Gb (16%)
[1585482395] SERVICE NOTIFICATION: jatin;WINV-107;Data Drive Space;WARNING;notify-service-by-email;d:\ - total: 931.51 Gb - used: 782.20 Gb (84%) - free 149.31 Gb (16%)
[1585482395] SERVICE NOTIFICATION: atul;WINV-107;Data Drive Space;WARNING;notify-service-by-email;d:\ - total: 931.51 Gb - used: 782.20 Gb (84%) - free 149.31 Gb (16%)
[1585482900] SERVICE NOTIFICATION: jatin;vdb-103;Swap Usage;CRITICAL;notify-service-by-email;SWAP CRITICAL - 2% free (155 MB out of 10239 MB)
[1585482900] SERVICE NOTIFICATION: atul;vdb-103;Swap Usage;CRITICAL;notify-service-by-email;SWAP CRITICAL - 2% free (155 MB out of 10239 MB)
[1585482900] SERVICE NOTIFICATION: srinivas.bethi;vdb-103;Swap Usage;CRITICAL;notify-service-by-email;SWAP CRITICAL - 2% free (155 MB out of 10239 MB)
[1585483412] SERVICE ALERT: vapps-100;Current Load;WARNING;HARD;4;WARNING - load average: 0.49, 8.53, 18.07
[1585483688] SERVICE NOTIFICATION: jatin;vonly-database;Swap Usage;CRITICAL;notify-service-by-email;SWAP CRITICAL - 9% free (4667 MB out of 57111 MB)
[1585483688] SERVICE NOTIFICATION: atul;vonly-database;Swap Usage;CRITICAL;notify-service-by-email;SWAP CRITICAL - 9% free (4667 MB out of 57111 MB)
[1585483688] SERVICE NOTIFICATION: srinivas.bethi;vonly-database;Swap Usage;CRITICAL;notify-service-by-email;SWAP CRITICAL - 9% free (4667 MB out of 57111 MB)
[1585484314] SERVICE ALERT: WINV-107;CPU Load;CRITICAL;SOFT;1;CPU Load 99% (5 min average)
[1585484434] SERVICE ALERT: WINV-107;CPU Load;OK;SOFT;2;CPU Load 56% (5 min average)
[1585484765] SERVICE NOTIFICATION: srinivas.bethi;vonly-replica;/media/data Partition;CRITICAL;notify-service-by-email;/media/data is at 95% capacity! 6.6T of 7.3T
[1585484765] SERVICE NOTIFICATION: jatin;vonly-replica;/media/data Partition;CRITICAL;notify-service-by-email;/media/data is at 95% capacity! 6.6T of 7.3T
[1585484765] SERVICE NOTIFICATION: atul;vonly-replica;/media/data Partition;CRITICAL;notify-service-by-email;/media/data is at 95% capacity! 6.6T of 7.3T
[1585484847] SERVICE ALERT: WINV-101;CPU Load;CRITICAL;SOFT;1;CPU Load 100% (5 min average)
[1585484912] SERVICE ALERT: vapps-100;Current Load;OK;HARD;4;OK - load average: 9.43, 7.35, 7.99
[1585484967] SERVICE ALERT: WINV-101;CPU Load;CRITICAL;SOFT;2;CPU Load 96% (5 min average)
[1585485087] SERVICE ALERT: WINV-101;CPU Load;OK;HARD;3;CPU Load 16% (5 min average)
[1585485212] SERVICE ALERT: vapps-100;Current Load;WARNING;SOFT;1;WARNING - load average: 8.27, 7.89, 8.13
[1585485272] SERVICE ALERT: vapps-100;Current Load;OK;SOFT;2;OK - load average: 6.14, 7.25, 7.89
[1585485428] Auto-save of retention data completed successfully.
[1585485632] SERVICE ALERT: vapps-100;Current Load;WARNING;SOFT;1;WARNING - load average: 8.79, 8.88, 8.37
[1585485643] SERVICE ALERT: vinfra-200;Current Load;WARNING;SOFT;1;WARNING - load average: 6.56, 5.65, 5.07
[1585485692] SERVICE ALERT: vapps-100;Current Load;WARNING;SOFT;2;WARNING - load average: 10.40, 9.01, 8.42
[1585485703] SERVICE ALERT: vinfra-200;Current Load;WARNING;SOFT;2;WARNING - load average: 7.68, 5.97, 5.20
[1585485752] SERVICE ALERT: vapps-100;Current Load;WARNING;SOFT;3;WARNING - load average: 5.21, 7.80, 8.04
[1585485754] SERVICE NOTIFICATION: srinivas.bethi;WINV-104;Data Drive Space;WARNING;notify-service-by-email;d:\ - total: 931.32 Gb - used: 788.41 Gb (85%) - free 142.91 Gb (15%)
[1585485754] SERVICE NOTIFICATION: jatin;WINV-104;Data Drive Space;WARNING;notify-service-by-email;d:\ - total: 931.32 Gb - used: 788.41 Gb (85%) - free 142.91 Gb (15%)
[1585485754] SERVICE NOTIFICATION: atul;WINV-104;Data Drive Space;WARNING;notify-service-by-email;d:\ - total: 931.32 Gb - used: 788.41 Gb (85%) - free 142.91 Gb (15%)
[1585485763] SERVICE ALERT: vinfra-200;Current Load;WARNING;SOFT;3;WARNING - load average: 5.12, 5.54, 5.10
[1585485812] SERVICE ALERT: vapps-100;Current Load;WARNING;HARD;4;WARNING - load average: 6.95, 8.14, 8.17
[1585485823] SERVICE NOTIFICATION: jatin;vinfra-200;Current Load;WARNING;notify-service-by-email;WARNING - load average: 6.32, 5.73, 5.19
[1585485823] SERVICE NOTIFICATION: atul;vinfra-200;Current Load;WARNING;notify-service-by-email;WARNING - load average: 6.32, 5.73, 5.19
[1585485823] SERVICE NOTIFICATION: srinivas.bethi;vinfra-200;Current Load;WARNING;notify-service-by-email;WARNING - load average: 6.32, 5.73, 5.19
[1585485823] SERVICE ALERT: vinfra-200;Current Load;WARNING;HARD;4;WARNING - load average: 6.32, 5.73, 5.19
[1585486112] SERVICE ALERT: vapps-100;Current Load;OK;HARD;4;OK - load average: 4.16, 6.58, 7.61
[1585486423] SERVICE NOTIFICATION: jatin;vinfra-200;Current Load;OK;notify-service-by-email;OK - load average: 1.24, 3.46, 4.55
[1585486423] SERVICE NOTIFICATION: atul;vinfra-200;Current Load;OK;notify-service-by-email;OK - load average: 1.24, 3.46, 4.55
[1585486423] SERVICE NOTIFICATION: srinivas.bethi;vinfra-200;Current Load;OK;notify-service-by-email;OK - load average: 1.24, 3.46, 4.55
[1585486423] SERVICE ALERT: vinfra-200;Current Load;OK;HARD;4;OK - load average: 1.24, 3.46, 4.55
[1585488365] SERVICE NOTIFICATION: srinivas.bethi;vonly-replica;/media/data Partition;CRITICAL;notify-service-by-email;/media/data is at 95% capacity! 6.5T of 7.3T
[1585488365] SERVICE NOTIFICATION: jatin;vonly-replica;/media/data Partition;CRITICAL;notify-service-by-email;/media/data is at 95% capacity! 6.5T of 7.3T
[1585488365] SERVICE NOTIFICATION: atul;vonly-replica;/media/data Partition;CRITICAL;notify-service-by-email;/media/data is at 95% capacity! 6.5T of 7.3T
[1585488847] SERVICE NOTIFICATION: jatin;vinfra-200;Swap Usage;CRITICAL;notify-service-by-email;SWAP CRITICAL - 1% free (13 MB out of 11215 MB)
[1585488847] SERVICE NOTIFICATION: atul;vinfra-200;Swap Usage;CRITICAL;notify-service-by-email;SWAP CRITICAL - 1% free (13 MB out of 11215 MB)
[1585488847] SERVICE NOTIFICATION: srinivas.bethi;vinfra-200;Swap Usage;CRITICAL;notify-service-by-email;SWAP CRITICAL - 1% free (13 MB out of 11215 MB)
[1585489028] Auto-save of retention data completed successfully.
[1585489205] SERVICE NOTIFICATION: jatin;vdb-103;/mnt/data01 Partition;WARNING;notify-service-by-email;/mnt/data01 is at 81% capacity! 5.6T of 7.3T
[1585489205] SERVICE NOTIFICATION: atul;vdb-103;/mnt/data01 Partition;WARNING;notify-service-by-email;/mnt/data01 is at 81% capacity! 5.6T of 7.3T
[1585489205] SERVICE NOTIFICATION: srinivas.bethi;vdb-103;/mnt/data01 Partition;WARNING;notify-service-by-email;/mnt/data01 is at 81% capacity! 5.6T of 7.3T
[1585490525] SERVICE ALERT: WINV-107;Uptime;CRITICAL;SOFT;1;connect to address 192.168.3.107 and port 12489: No route to host
[1585490528] HOST ALERT: WINV-107;DOWN;SOFT;1;CRITICAL - Host Unreachable (192.168.3.107)
[1585490557] SERVICE ALERT: WINV-107;CPU Load;CRITICAL;HARD;1;connect to address 192.168.3.107 and port 12489: No route to host
[1585490557] SERVICE ALERT: WINV-107;OS Drive Space;CRITICAL;HARD;1;connect to address 192.168.3.107 and port 12489: No route to host
[1585490557] SERVICE ALERT: WINV-107;Memory Usage;CRITICAL;HARD;1;connect to address 192.168.3.107 and port 12489: No route to host
[1585490591] HOST ALERT: WINV-107;DOWN;SOFT;2;CRITICAL - Host Unreachable (192.168.3.107)
[1585490646] SERVICE ALERT: WINV-107;Uptime;OK;SOFT;2;System Uptime - 0 day(s) 0 hour(s) 1 minute(s)
[1585490650] HOST ALERT: WINV-107;UP;SOFT;1;PING OK - Packet loss = 0%, RTA = 0.33 ms
[1585490976] wproc: Core Worker 28541: job 5149 (pid=7788) timed out. Killing it
[1585490976] wproc: CHECK job 5149 from worker Core Worker 28541 timed out after 30.03s
[1585490976] wproc:   host=WINV-107; service=(null);
[1585490976] wproc:   early_timeout=1; exited_ok=0; wait_status=0; error_code=62;
[1585490976] Warning: Check of host 'WINV-107' timed out after 30.03 seconds
[1585490976] HOST ALERT: WINV-107;DOWN;SOFT;1;(Host check timed out after 30.03 seconds)
[1585490976] wproc: Core Worker 28541: job 5149 (pid=7788): Dormant child reaped
[1585491037] HOST ALERT: WINV-107;DOWN;SOFT;2;CRITICAL - Host Unreachable (192.168.3.107)
[1585491101] HOST FLAPPING ALERT: WINV-107;STARTED; Host appears to have started flapping (22.6% change > 20.0% threshold)
[1585491101] HOST NOTIFICATION: srinivas.bethi;WINV-107;FLAPPINGSTART (UP);notify-host-by-email;PING OK - Packet loss = 0%, RTA = 0.37 ms
[1585491101] HOST NOTIFICATION: jatin;WINV-107;FLAPPINGSTART (UP);notify-host-by-email;PING OK - Packet loss = 0%, RTA = 0.37 ms
[1585491101] HOST NOTIFICATION: atul;WINV-107;FLAPPINGSTART (UP);notify-host-by-email;PING OK - Packet loss = 0%, RTA = 0.37 ms
[1585491101] HOST ALERT: WINV-107;UP;SOFT;1;PING OK - Packet loss = 0%, RTA = 0.37 ms
[1585491154] SERVICE ALERT: WINV-107;OS Drive Space;OK;SOFT;1;c:\ - total: 67.45 Gb - used: 35.02 Gb (52%) - free 32.43 Gb (48%)
[1585491154] SERVICE ALERT: WINV-107;CPU Load;OK;SOFT;1;CPU Load 0% (5 min average)
[1585491154] SERVICE ALERT: WINV-107;Memory Usage;OK;SOFT;1;Memory usage: total:79143.40 MB - used: 36115.14 MB (46%) - free: 43028.26 MB (54%)
[1585491813] SERVICE FLAPPING ALERT: vapps-100;Current Load;STOPPED; Service appears to have stopped flapping (3.8% change < 5.0% threshold)
[1585491813] SERVICE NOTIFICATION: jatin;vapps-100;Current Load;FLAPPINGSTOP (OK);notify-service-by-email;OK - load average: 0.10, 0.14, 0.14
[1585491813] SERVICE NOTIFICATION: atul;vapps-100;Current Load;FLAPPINGSTOP (OK);notify-service-by-email;OK - load average: 0.10, 0.14, 0.14
[1585491813] SERVICE NOTIFICATION: srinivas.bethi;vapps-100;Current Load;FLAPPINGSTOP (OK);notify-service-by-email;OK - load average: 0.10, 0.14, 0.14
[1585492264] SERVICE NOTIFICATION: srinivas.bethi;vonly-replica;/media/data Partition;CRITICAL;notify-service-by-email;/media/data is at 95% capacity! 6.5T of 7.3T
[1585492264] SERVICE NOTIFICATION: jatin;vonly-replica;/media/data Partition;CRITICAL;notify-service-by-email;/media/data is at 95% capacity! 6.5T of 7.3T
[1585492264] SERVICE NOTIFICATION: atul;vonly-replica;/media/data Partition;CRITICAL;notify-service-by-email;/media/data is at 95% capacity! 6.5T of 7.3T
[1585492566] HOST FLAPPING ALERT: WINV-107;STOPPED; Host appears to have stopped flapping (3.9% change < 5.0% threshold)
[1585492566] HOST NOTIFICATION: srinivas.bethi;WINV-107;FLAPPINGSTOP (UP);notify-host-by-email;PING OK - Packet loss = 0%, RTA = 0.40 ms
[1585492566] HOST NOTIFICATION: jatin;WINV-107;FLAPPINGSTOP (UP);notify-host-by-email;PING OK - Packet loss = 0%, RTA = 0.40 ms
[1585492566] HOST NOTIFICATION: atul;WINV-107;FLAPPINGSTOP (UP);notify-host-by-email;PING OK - Packet loss = 0%, RTA = 0.40 ms
[1585492628] Auto-save of retention data completed successfully.
[1585492921] SERVICE NOTIFICATION: srinivas.bethi;WINV-102;Data Drive Space;WARNING;notify-service-by-email;d:\ - total: 1862.64 Gb - used: 1572.61 Gb (84%) - free 290.03 Gb (16%)
[1585492921] SERVICE NOTIFICATION: jatin;WINV-102;Data Drive Space;WARNING;notify-service-by-email;d:\ - total: 1862.64 Gb - used: 1572.61 Gb (84%) - free 290.03 Gb (16%)
[1585492921] SERVICE NOTIFICATION: atul;WINV-102;Data Drive Space;WARNING;notify-service-by-email;d:\ - total: 1862.64 Gb - used: 1572.61 Gb (84%) - free 290.03 Gb (16%)
[1585493555] SERVICE NOTIFICATION: srinivas.bethi;WINV-101;Data Drive Space;WARNING;notify-service-by-email;d:\ - total: 931.32 Gb - used: 785.32 Gb (84%) - free 146.00 Gb (16%)
[1585493555] SERVICE NOTIFICATION: jatin;WINV-101;Data Drive Space;WARNING;notify-service-by-email;d:\ - total: 931.32 Gb - used: 785.32 Gb (84%) - free 146.00 Gb (16%)
[1585493555] SERVICE NOTIFICATION: atul;WINV-101;Data Drive Space;WARNING;notify-service-by-email;d:\ - total: 931.32 Gb - used: 785.32 Gb (84%) - free 146.00 Gb (16%)
[1585495864] SERVICE NOTIFICATION: srinivas.bethi;vonly-replica;/media/data Partition;CRITICAL;notify-service-by-email;/media/data is at 94% capacity! 6.5T of 7.3T
[1585495864] SERVICE NOTIFICATION: jatin;vonly-replica;/media/data Partition;CRITICAL;notify-service-by-email;/media/data is at 94% capacity! 6.5T of 7.3T
[1585495864] SERVICE NOTIFICATION: atul;vonly-replica;/media/data Partition;CRITICAL;notify-service-by-email;/media/data is at 94% capacity! 6.5T of 7.3T
[1585495954] SERVICE ALERT: WINV-107;CPU Load;CRITICAL;SOFT;1;CPU Load 99% (5 min average)
[1585495988] SERVICE NOTIFICATION: jatin;vonly-replica;Current Load;WARNING;notify-service-by-email;WARNING - load average: 18.27, 18.37, 18.07
[1585495988] SERVICE NOTIFICATION: atul;vonly-replica;Current Load;WARNING;notify-service-by-email;WARNING - load average: 18.27, 18.37, 18.07
[1585495988] SERVICE NOTIFICATION: srinivas.bethi;vonly-replica;Current Load;WARNING;notify-service-by-email;WARNING - load average: 18.27, 18.37, 18.07
[1585496074] SERVICE ALERT: WINV-107;CPU Load;OK;SOFT;2;CPU Load 27% (5 min average)
[1585496228] Auto-save of retention data completed successfully.
[1585496795] SERVICE NOTIFICATION: srinivas.bethi;WINV-107;Data Drive Space;WARNING;notify-service-by-email;d:\ - total: 931.51 Gb - used: 815.52 Gb (88%) - free 115.99 Gb (12%)
[1585496795] SERVICE NOTIFICATION: jatin;WINV-107;Data Drive Space;WARNING;notify-service-by-email;d:\ - total: 931.51 Gb - used: 815.52 Gb (88%) - free 115.99 Gb (12%)
[1585496795] SERVICE NOTIFICATION: atul;WINV-107;Data Drive Space;WARNING;notify-service-by-email;d:\ - total: 931.51 Gb - used: 815.52 Gb (88%) - free 115.99 Gb (12%)
[1585497300] SERVICE NOTIFICATION: jatin;vdb-103;Swap Usage;CRITICAL;notify-service-by-email;SWAP CRITICAL - 2% free (155 MB out of 10239 MB)
[1585497300] SERVICE NOTIFICATION: atul;vdb-103;Swap Usage;CRITICAL;notify-service-by-email;SWAP CRITICAL - 2% free (155 MB out of 10239 MB)
[1585497300] SERVICE NOTIFICATION: srinivas.bethi;vdb-103;Swap Usage;CRITICAL;notify-service-by-email;SWAP CRITICAL - 2% free (155 MB out of 10239 MB)
[1585498088] SERVICE NOTIFICATION: jatin;vonly-database;Swap Usage;CRITICAL;notify-service-by-email;SWAP CRITICAL - 9% free (4652 MB out of 57111 MB)
[1585498088] SERVICE NOTIFICATION: atul;vonly-database;Swap Usage;CRITICAL;notify-service-by-email;SWAP CRITICAL - 9% free (4652 MB out of 57111 MB)
[1585498088] SERVICE NOTIFICATION: srinivas.bethi;vonly-database;Swap Usage;CRITICAL;notify-service-by-email;SWAP CRITICAL - 9% free (4652 MB out of 57111 MB)
[1585499464] SERVICE NOTIFICATION: srinivas.bethi;vonly-replica;/media/data Partition;CRITICAL;notify-service-by-email;/media/data is at 94% capacity! 6.4T of 7.3T
[1585499464] SERVICE NOTIFICATION: jatin;vonly-replica;/media/data Partition;CRITICAL;notify-service-by-email;/media/data is at 94% capacity! 6.4T of 7.3T
[1585499464] SERVICE NOTIFICATION: atul;vonly-replica;/media/data Partition;CRITICAL;notify-service-by-email;/media/data is at 94% capacity! 6.4T of 7.3T
[1585499828] Auto-save of retention data completed successfully.
[1585500154] SERVICE NOTIFICATION: srinivas.bethi;WINV-104;Data Drive Space;WARNING;notify-service-by-email;d:\ - total: 931.32 Gb - used: 788.41 Gb (85%) - free 142.91 Gb (15%)
[1585500154] SERVICE NOTIFICATION: jatin;WINV-104;Data Drive Space;WARNING;notify-service-by-email;d:\ - total: 931.32 Gb - used: 788.41 Gb (85%) - free 142.91 Gb (15%)
[1585500154] SERVICE NOTIFICATION: atul;WINV-104;Data Drive Space;WARNING;notify-service-by-email;d:\ - total: 931.32 Gb - used: 788.41 Gb (85%) - free 142.91 Gb (15%)
[1585503064] SERVICE NOTIFICATION: srinivas.bethi;vonly-replica;/media/data Partition;CRITICAL;notify-service-by-email;/media/data is at 93% capacity! 6.4T of 7.3T
[1585503064] SERVICE NOTIFICATION: jatin;vonly-replica;/media/data Partition;CRITICAL;notify-service-by-email;/media/data is at 93% capacity! 6.4T of 7.3T
[1585503064] SERVICE NOTIFICATION: atul;vonly-replica;/media/data Partition;CRITICAL;notify-service-by-email;/media/data is at 93% capacity! 6.4T of 7.3T
[1585503248] SERVICE NOTIFICATION: jatin;vinfra-200;Swap Usage;CRITICAL;notify-service-by-email;SWAP CRITICAL - 1% free (29 MB out of 11215 MB)
[1585503248] SERVICE NOTIFICATION: atul;vinfra-200;Swap Usage;CRITICAL;notify-service-by-email;SWAP CRITICAL - 1% free (29 MB out of 11215 MB)
[1585503248] SERVICE NOTIFICATION: srinivas.bethi;vinfra-200;Swap Usage;CRITICAL;notify-service-by-email;SWAP CRITICAL - 1% free (29 MB out of 11215 MB)
[1585503428] Auto-save of retention data completed successfully.
[1585503904] SERVICE NOTIFICATION: jatin;vdb-103;/mnt/data01 Partition;WARNING;notify-service-by-email;/mnt/data01 is at 81% capacity! 5.6T of 7.3T
[1585503904] SERVICE NOTIFICATION: atul;vdb-103;/mnt/data01 Partition;WARNING;notify-service-by-email;/mnt/data01 is at 81% capacity! 5.6T of 7.3T
[1585503904] SERVICE NOTIFICATION: srinivas.bethi;vdb-103;/mnt/data01 Partition;WARNING;notify-service-by-email;/mnt/data01 is at 81% capacity! 5.6T of 7.3T
[1585506664] SERVICE NOTIFICATION: srinivas.bethi;vonly-replica;/media/data Partition;CRITICAL;notify-service-by-email;/media/data is at 93% capacity! 6.4T of 7.3T
[1585506664] SERVICE NOTIFICATION: jatin;vonly-replica;/media/data Partition;CRITICAL;notify-service-by-email;/media/data is at 93% capacity! 6.4T of 7.3T
[1585506664] SERVICE NOTIFICATION: atul;vonly-replica;/media/data Partition;CRITICAL;notify-service-by-email;/media/data is at 93% capacity! 6.4T of 7.3T
[1585507028] Auto-save of retention data completed successfully.
[1585507321] SERVICE NOTIFICATION: srinivas.bethi;WINV-102;Data Drive Space;WARNING;notify-service-by-email;d:\ - total: 1862.64 Gb - used: 1572.62 Gb (84%) - free 290.02 Gb (16%)
[1585507321] SERVICE NOTIFICATION: jatin;WINV-102;Data Drive Space;WARNING;notify-service-by-email;d:\ - total: 1862.64 Gb - used: 1572.62 Gb (84%) - free 290.02 Gb (16%)
[1585507321] SERVICE NOTIFICATION: atul;WINV-102;Data Drive Space;WARNING;notify-service-by-email;d:\ - total: 1862.64 Gb - used: 1572.62 Gb (84%) - free 290.02 Gb (16%)
[1585507955] SERVICE NOTIFICATION: srinivas.bethi;WINV-101;Data Drive Space;WARNING;notify-service-by-email;d:\ - total: 931.32 Gb - used: 785.32 Gb (84%) - free 146.00 Gb (16%)
[1585507955] SERVICE NOTIFICATION: jatin;WINV-101;Data Drive Space;WARNING;notify-service-by-email;d:\ - total: 931.32 Gb - used: 785.32 Gb (84%) - free 146.00 Gb (16%)
[1585507955] SERVICE NOTIFICATION: atul;WINV-101;Data Drive Space;WARNING;notify-service-by-email;d:\ - total: 931.32 Gb - used: 785.32 Gb (84%) - free 146.00 Gb (16%)
[1585508795] SERVICE ALERT: vonly-database;Current Load;WARNING;SOFT;1;WARNING - load average: 5.48, 6.02, 5.09
[1585508855] SERVICE ALERT: vonly-database;Current Load;WARNING;SOFT;2;WARNING - load average: 5.37, 5.88, 5.10
[1585508915] SERVICE ALERT: vonly-database;Current Load;WARNING;SOFT;3;WARNING - load average: 5.41, 5.79, 5.11
[1585508975] SERVICE NOTIFICATION: jatin;vonly-database;Current Load;WARNING;notify-service-by-email;WARNING - load average: 6.06, 5.92, 5.20
[1585508975] SERVICE NOTIFICATION: atul;vonly-database;Current Load;WARNING;notify-service-by-email;WARNING - load average: 6.06, 5.92, 5.20
[1585508975] SERVICE NOTIFICATION: srinivas.bethi;vonly-database;Current Load;WARNING;notify-service-by-email;WARNING - load average: 6.06, 5.92, 5.20
[1585508975] SERVICE ALERT: vonly-database;Current Load;WARNING;HARD;4;WARNING - load average: 6.06, 5.92, 5.20
[1585510088] SERVICE NOTIFICATION: jatin;vonly-database;Swap Usage;WARNING;notify-service-by-email;SWAP WARNING - 11% free (6020 MB out of 57111 MB)
[1585510088] SERVICE NOTIFICATION: atul;vonly-database;Swap Usage;WARNING;notify-service-by-email;SWAP WARNING - 11% free (6020 MB out of 57111 MB)
[1585510088] SERVICE NOTIFICATION: srinivas.bethi;vonly-database;Swap Usage;WARNING;notify-service-by-email;SWAP WARNING - 11% free (6020 MB out of 57111 MB)
[1585510088] SERVICE ALERT: vonly-database;Swap Usage;WARNING;HARD;4;SWAP WARNING - 11% free (6020 MB out of 57111 MB)
[1585510265] SERVICE NOTIFICATION: srinivas.bethi;vonly-replica;/media/data Partition;CRITICAL;notify-service-by-email;/media/data is at 92% capacity! 6.3T of 7.3T
[1585510265] SERVICE NOTIFICATION: jatin;vonly-replica;/media/data Partition;CRITICAL;notify-service-by-email;/media/data is at 92% capacity! 6.3T of 7.3T
[1585510265] SERVICE NOTIFICATION: atul;vonly-replica;/media/data Partition;CRITICAL;notify-service-by-email;/media/data is at 92% capacity! 6.3T of 7.3T
[1585510388] SERVICE NOTIFICATION: jatin;vonly-replica;Current Load;WARNING;notify-service-by-email;WARNING - load average: 18.57, 18.61, 18.66
[1585510388] SERVICE NOTIFICATION: atul;vonly-replica;Current Load;WARNING;notify-service-by-email;WARNING - load average: 18.57, 18.61, 18.66
[1585510388] SERVICE NOTIFICATION: srinivas.bethi;vonly-replica;Current Load;WARNING;notify-service-by-email;WARNING - load average: 18.57, 18.61, 18.66
[1585510628] Auto-save of retention data completed successfully.
[1585511195] SERVICE NOTIFICATION: srinivas.bethi;WINV-107;Data Drive Space;WARNING;notify-service-by-email;d:\ - total: 931.51 Gb - used: 815.62 Gb (88%) - free 115.89 Gb (12%)
[1585511195] SERVICE NOTIFICATION: jatin;WINV-107;Data Drive Space;WARNING;notify-service-by-email;d:\ - total: 931.51 Gb - used: 815.62 Gb (88%) - free 115.89 Gb (12%)
[1585511195] SERVICE NOTIFICATION: atul;WINV-107;Data Drive Space;WARNING;notify-service-by-email;d:\ - total: 931.51 Gb - used: 815.62 Gb (88%) - free 115.89 Gb (12%)
[1585511700] SERVICE NOTIFICATION: jatin;vdb-103;Swap Usage;CRITICAL;notify-service-by-email;SWAP CRITICAL - 2% free (155 MB out of 10239 MB)
[1585511700] SERVICE NOTIFICATION: atul;vdb-103;Swap Usage;CRITICAL;notify-service-by-email;SWAP CRITICAL - 2% free (155 MB out of 10239 MB)
[1585511700] SERVICE NOTIFICATION: srinivas.bethi;vdb-103;Swap Usage;CRITICAL;notify-service-by-email;SWAP CRITICAL - 2% free (155 MB out of 10239 MB)
[1585514164] SERVICE NOTIFICATION: srinivas.bethi;vonly-replica;/media/data Partition;CRITICAL;notify-service-by-email;/media/data is at 91% capacity! 6.3T of 7.3T
[1585514164] SERVICE NOTIFICATION: jatin;vonly-replica;/media/data Partition;CRITICAL;notify-service-by-email;/media/data is at 91% capacity! 6.3T of 7.3T
[1585514164] SERVICE NOTIFICATION: atul;vonly-replica;/media/data Partition;CRITICAL;notify-service-by-email;/media/data is at 91% capacity! 6.3T of 7.3T
[1585514228] Auto-save of retention data completed successfully.
[1585514554] SERVICE NOTIFICATION: srinivas.bethi;WINV-104;Data Drive Space;WARNING;notify-service-by-email;d:\ - total: 931.32 Gb - used: 788.41 Gb (85%) - free 142.91 Gb (15%)
[1585514554] SERVICE NOTIFICATION: jatin;WINV-104;Data Drive Space;WARNING;notify-service-by-email;d:\ - total: 931.32 Gb - used: 788.41 Gb (85%) - free 142.91 Gb (15%)
[1585514554] SERVICE NOTIFICATION: atul;WINV-104;Data Drive Space;WARNING;notify-service-by-email;d:\ - total: 931.32 Gb - used: 788.41 Gb (85%) - free 142.91 Gb (15%)
[1585517764] SERVICE NOTIFICATION: srinivas.bethi;vonly-replica;/media/data Partition;WARNING;notify-service-by-email;/media/data is at 90% capacity! 6.2T of 7.3T
[1585517764] SERVICE NOTIFICATION: jatin;vonly-replica;/media/data Partition;WARNING;notify-service-by-email;/media/data is at 90% capacity! 6.2T of 7.3T
[1585517764] SERVICE NOTIFICATION: atul;vonly-replica;/media/data Partition;WARNING;notify-service-by-email;/media/data is at 90% capacity! 6.2T of 7.3T
[1585517764] SERVICE ALERT: vonly-replica;/media/data Partition;WARNING;HARD;4;/media/data is at 90% capacity! 6.2T of 7.3T
[1585517828] Auto-save of retention data completed successfully.
[1585517947] SERVICE NOTIFICATION: jatin;vinfra-200;Swap Usage;CRITICAL;notify-service-by-email;SWAP CRITICAL - 1% free (35 MB out of 11215 MB)
[1585517947] SERVICE NOTIFICATION: atul;vinfra-200;Swap Usage;CRITICAL;notify-service-by-email;SWAP CRITICAL - 1% free (35 MB out of 11215 MB)
[1585517947] SERVICE NOTIFICATION: srinivas.bethi;vinfra-200;Swap Usage;CRITICAL;notify-service-by-email;SWAP CRITICAL - 1% free (35 MB out of 11215 MB)
[1585518304] SERVICE NOTIFICATION: jatin;vdb-103;/mnt/data01 Partition;WARNING;notify-service-by-email;/mnt/data01 is at 82% capacity! 5.6T of 7.3T
[1585518304] SERVICE NOTIFICATION: atul;vdb-103;/mnt/data01 Partition;WARNING;notify-service-by-email;/mnt/data01 is at 82% capacity! 5.6T of 7.3T
[1585518304] SERVICE NOTIFICATION: srinivas.bethi;vdb-103;/mnt/data01 Partition;WARNING;notify-service-by-email;/mnt/data01 is at 82% capacity! 5.6T of 7.3T
[1585519475] SERVICE NOTIFICATION: jatin;vonly-database;Current Load;OK;notify-service-by-email;OK - load average: 3.55, 4.12, 4.68
[1585519475] SERVICE NOTIFICATION: atul;vonly-database;Current Load;OK;notify-service-by-email;OK - load average: 3.55, 4.12, 4.68
[1585519475] SERVICE NOTIFICATION: srinivas.bethi;vonly-database;Current Load;OK;notify-service-by-email;OK - load average: 3.55, 4.12, 4.68
[1585519475] SERVICE ALERT: vonly-database;Current Load;OK;HARD;4;OK - load average: 3.55, 4.12, 4.68
[1585521223] SERVICE ALERT: vinfra-200;Current Load;WARNING;SOFT;1;WARNING - load average: 7.51, 7.12, 5.09
[1585521283] SERVICE ALERT: vinfra-200;Current Load;WARNING;SOFT;2;WARNING - load average: 6.49, 7.04, 5.19
[1585521343] SERVICE ALERT: vinfra-200;Current Load;WARNING;SOFT;3;WARNING - load average: 5.97, 6.76, 5.21
[1585521364] SERVICE NOTIFICATION: srinivas.bethi;vonly-replica;/media/data Partition;WARNING;notify-service-by-email;/media/data is at 90% capacity! 6.2T of 7.3T
[1585521364] SERVICE NOTIFICATION: jatin;vonly-replica;/media/data Partition;WARNING;notify-service-by-email;/media/data is at 90% capacity! 6.2T of 7.3T
[1585521364] SERVICE NOTIFICATION: atul;vonly-replica;/media/data Partition;WARNING;notify-service-by-email;/media/data is at 90% capacity! 6.2T of 7.3T
[1585521403] SERVICE NOTIFICATION: jatin;vinfra-200;Current Load;WARNING;notify-service-by-email;WARNING - load average: 6.00, 6.74, 5.31
[1585521403] SERVICE NOTIFICATION: atul;vinfra-200;Current Load;WARNING;notify-service-by-email;WARNING - load average: 6.00, 6.74, 5.31
[1585521403] SERVICE NOTIFICATION: srinivas.bethi;vinfra-200;Current Load;WARNING;notify-service-by-email;WARNING - load average: 6.00, 6.74, 5.31
[1585521403] SERVICE ALERT: vinfra-200;Current Load;WARNING;HARD;4;WARNING - load average: 6.00, 6.74, 5.31
[1585521428] Auto-save of retention data completed successfully.
[1585521512] SERVICE ALERT: vapps-100;Current Load;WARNING;SOFT;1;WARNING - load average: 11.92, 11.19, 7.65
[1585521573] SERVICE ALERT: vapps-100;Current Load;WARNING;SOFT;2;WARNING - load average: 11.31, 11.26, 7.90
[1585521633] SERVICE ALERT: vapps-100;Current Load;WARNING;SOFT;3;WARNING - load average: 11.29, 11.22, 8.10
[1585521693] SERVICE NOTIFICATION: jatin;vapps-100;Current Load;WARNING;notify-service-by-email;WARNING - load average: 11.11, 11.06, 8.23
[1585521693] SERVICE NOTIFICATION: atul;vapps-100;Current Load;WARNING;notify-service-by-email;WARNING - load average: 11.11, 11.06, 8.23
[1585521693] SERVICE NOTIFICATION: srinivas.bethi;vapps-100;Current Load;WARNING;notify-service-by-email;WARNING - load average: 11.11, 11.06, 8.23
[1585521693] SERVICE ALERT: vapps-100;Current Load;WARNING;HARD;4;WARNING - load average: 11.11, 11.06, 8.23
[1585521721] SERVICE NOTIFICATION: srinivas.bethi;WINV-102;Data Drive Space;WARNING;notify-service-by-email;d:\ - total: 1862.64 Gb - used: 1572.64 Gb (84%) - free 290.00 Gb (16%)
[1585521721] SERVICE NOTIFICATION: jatin;WINV-102;Data Drive Space;WARNING;notify-service-by-email;d:\ - total: 1862.64 Gb - used: 1572.64 Gb (84%) - free 290.00 Gb (16%)
[1585521721] SERVICE NOTIFICATION: atul;WINV-102;Data Drive Space;WARNING;notify-service-by-email;d:\ - total: 1862.64 Gb - used: 1572.64 Gb (84%) - free 290.00 Gb (16%)
[1585522355] SERVICE NOTIFICATION: srinivas.bethi;WINV-101;Data Drive Space;WARNING;notify-service-by-email;d:\ - total: 931.32 Gb - used: 785.32 Gb (84%) - free 146.00 Gb (16%)
[1585522355] SERVICE NOTIFICATION: jatin;WINV-101;Data Drive Space;WARNING;notify-service-by-email;d:\ - total: 931.32 Gb - used: 785.32 Gb (84%) - free 146.00 Gb (16%)
[1585522355] SERVICE NOTIFICATION: atul;WINV-101;Data Drive Space;WARNING;notify-service-by-email;d:\ - total: 931.32 Gb - used: 785.32 Gb (84%) - free 146.00 Gb (16%)
[1585522594] SERVICE ALERT: WINV-107;CPU Load;CRITICAL;SOFT;1;CPU Load 98% (5 min average)
[1585522714] SERVICE ALERT: WINV-107;CPU Load;OK;SOFT;2;CPU Load 8% (5 min average)
[1585522903] SERVICE NOTIFICATION: jatin;vinfra-200;Current Load;OK;notify-service-by-email;OK - load average: 1.74, 2.90, 4.62
[1585522903] SERVICE NOTIFICATION: atul;vinfra-200;Current Load;OK;notify-service-by-email;OK - load average: 1.74, 2.90, 4.62
[1585522903] SERVICE NOTIFICATION: srinivas.bethi;vinfra-200;Current Load;OK;notify-service-by-email;OK - load average: 1.74, 2.90, 4.62
[1585522903] SERVICE ALERT: vinfra-200;Current Load;OK;HARD;4;OK - load average: 1.74, 2.90, 4.62
[1585523193] SERVICE NOTIFICATION: jatin;vapps-100;Current Load;OK;notify-service-by-email;OK - load average: 0.41, 1.74, 6.24
[1585523193] SERVICE NOTIFICATION: atul;vapps-100;Current Load;OK;notify-service-by-email;OK - load average: 0.41, 1.74, 6.24
[1585523193] SERVICE NOTIFICATION: srinivas.bethi;vapps-100;Current Load;OK;notify-service-by-email;OK - load average: 0.41, 1.74, 6.24
[1585523193] SERVICE ALERT: vapps-100;Current Load;OK;HARD;4;OK - load average: 0.41, 1.74, 6.24
[1585524488] SERVICE NOTIFICATION: jatin;vonly-database;Swap Usage;WARNING;notify-service-by-email;SWAP WARNING - 20% free (11229 MB out of 57111 MB)
[1585524488] SERVICE NOTIFICATION: atul;vonly-database;Swap Usage;WARNING;notify-service-by-email;SWAP WARNING - 20% free (11229 MB out of 57111 MB)
[1585524488] SERVICE NOTIFICATION: srinivas.bethi;vonly-database;Swap Usage;WARNING;notify-service-by-email;SWAP WARNING - 20% free (11229 MB out of 57111 MB)
[1585524789] SERVICE NOTIFICATION: jatin;vonly-replica;Current Load;WARNING;notify-service-by-email;WARNING - load average: 18.51, 18.49, 19.41
[1585524789] SERVICE NOTIFICATION: atul;vonly-replica;Current Load;WARNING;notify-service-by-email;WARNING - load average: 18.51, 18.49, 19.41
[1585524789] SERVICE NOTIFICATION: srinivas.bethi;vonly-replica;Current Load;WARNING;notify-service-by-email;WARNING - load average: 18.51, 18.49, 19.41
[1585524964] SERVICE NOTIFICATION: srinivas.bethi;vonly-replica;/media/data Partition;WARNING;notify-service-by-email;/media/data is at 90% capacity! 6.2T of 7.3T
[1585524964] SERVICE NOTIFICATION: jatin;vonly-replica;/media/data Partition;WARNING;notify-service-by-email;/media/data is at 90% capacity! 6.2T of 7.3T
[1585524964] SERVICE NOTIFICATION: atul;vonly-replica;/media/data Partition;WARNING;notify-service-by-email;/media/data is at 90% capacity! 6.2T of 7.3T
[1585525028] Auto-save of retention data completed successfully.
[1585525293] SERVICE ALERT: vapps-100;Current Load;WARNING;SOFT;1;WARNING - load average: 28.98, 14.23, 6.46
[1585525353] SERVICE ALERT: vapps-100;Current Load;WARNING;SOFT;2;WARNING - load average: 27.46, 16.70, 7.81
[1585525414] SERVICE ALERT: vapps-100;Current Load;WARNING;SOFT;3;WARNING - load average: 29.57, 19.20, 9.22
[1585525474] SERVICE NOTIFICATION: jatin;vapps-100;Current Load;CRITICAL;notify-service-by-email;CRITICAL - load average: 35.92, 22.49, 10.95
[1585525474] SERVICE NOTIFICATION: atul;vapps-100;Current Load;CRITICAL;notify-service-by-email;CRITICAL - load average: 35.92, 22.49, 10.95
[1585525474] SERVICE NOTIFICATION: srinivas.bethi;vapps-100;Current Load;CRITICAL;notify-service-by-email;CRITICAL - load average: 35.92, 22.49, 10.95
[1585525474] SERVICE ALERT: vapps-100;Current Load;CRITICAL;HARD;4;CRITICAL - load average: 35.92, 22.49, 10.95
[1585525595] SERVICE NOTIFICATION: srinivas.bethi;WINV-107;Data Drive Space;WARNING;notify-service-by-email;d:\ - total: 931.51 Gb - used: 815.80 Gb (88%) - free 115.71 Gb (12%)
[1585525595] SERVICE NOTIFICATION: jatin;WINV-107;Data Drive Space;WARNING;notify-service-by-email;d:\ - total: 931.51 Gb - used: 815.80 Gb (88%) - free 115.71 Gb (12%)
[1585525595] SERVICE NOTIFICATION: atul;WINV-107;Data Drive Space;WARNING;notify-service-by-email;d:\ - total: 931.51 Gb - used: 815.80 Gb (88%) - free 115.71 Gb (12%)
[1585526100] SERVICE NOTIFICATION: jatin;vdb-103;Swap Usage;CRITICAL;notify-service-by-email;SWAP CRITICAL - 2% free (155 MB out of 10239 MB)
[1585526100] SERVICE NOTIFICATION: atul;vdb-103;Swap Usage;CRITICAL;notify-service-by-email;SWAP CRITICAL - 2% free (155 MB out of 10239 MB)
[1585526100] SERVICE NOTIFICATION: srinivas.bethi;vdb-103;Swap Usage;CRITICAL;notify-service-by-email;SWAP CRITICAL - 2% free (155 MB out of 10239 MB)
[1585526203] SERVICE ALERT: vinfra-200;Current Load;WARNING;SOFT;1;WARNING - load average: 7.92, 7.10, 5.45
[1585526263] SERVICE ALERT: vinfra-200;Current Load;WARNING;SOFT;2;WARNING - load average: 7.62, 7.20, 5.59
[1585526323] SERVICE ALERT: vinfra-200;Current Load;WARNING;SOFT;3;WARNING - load average: 5.59, 6.71, 5.52
[1585526383] SERVICE NOTIFICATION: jatin;vinfra-200;Current Load;WARNING;notify-service-by-email;WARNING - load average: 4.77, 6.26, 5.44
[1585526383] SERVICE NOTIFICATION: atul;vinfra-200;Current Load;WARNING;notify-service-by-email;WARNING - load average: 4.77, 6.26, 5.44
[1585526383] SERVICE NOTIFICATION: srinivas.bethi;vinfra-200;Current Load;WARNING;notify-service-by-email;WARNING - load average: 4.77, 6.26, 5.44
[1585526383] SERVICE ALERT: vinfra-200;Current Load;WARNING;HARD;4;WARNING - load average: 4.77, 6.26, 5.44
[1585527965] SERVICE NOTIFICATION: srinivas.bethi;vonly-replica;/media/data Partition;CRITICAL;notify-service-by-email;/media/data is at 91% capacity! 6.2T of 7.3T
[1585527965] SERVICE NOTIFICATION: jatin;vonly-replica;/media/data Partition;CRITICAL;notify-service-by-email;/media/data is at 91% capacity! 6.2T of 7.3T
[1585527965] SERVICE NOTIFICATION: atul;vonly-replica;/media/data Partition;CRITICAL;notify-service-by-email;/media/data is at 91% capacity! 6.2T of 7.3T
[1585527965] SERVICE ALERT: vonly-replica;/media/data Partition;CRITICAL;HARD;4;/media/data is at 91% capacity! 6.2T of 7.3T
[1585528628] Auto-save of retention data completed successfully.
[1585528954] SERVICE NOTIFICATION: srinivas.bethi;WINV-104;Data Drive Space;WARNING;notify-service-by-email;d:\ - total: 931.32 Gb - used: 788.41 Gb (85%) - free 142.91 Gb (15%)
[1585528954] SERVICE NOTIFICATION: jatin;WINV-104;Data Drive Space;WARNING;notify-service-by-email;d:\ - total: 931.32 Gb - used: 788.41 Gb (85%) - free 142.91 Gb (15%)
[1585528954] SERVICE NOTIFICATION: atul;WINV-104;Data Drive Space;WARNING;notify-service-by-email;d:\ - total: 931.32 Gb - used: 788.41 Gb (85%) - free 142.91 Gb (15%)
[1585531565] SERVICE NOTIFICATION: srinivas.bethi;vonly-replica;/media/data Partition;CRITICAL;notify-service-by-email;/media/data is at 92% capacity! 6.3T of 7.3T
[1585531565] SERVICE NOTIFICATION: jatin;vonly-replica;/media/data Partition;CRITICAL;notify-service-by-email;/media/data is at 92% capacity! 6.3T of 7.3T
[1585531565] SERVICE NOTIFICATION: atul;vonly-replica;/media/data Partition;CRITICAL;notify-service-by-email;/media/data is at 92% capacity! 6.3T of 7.3T
[1585531973] SERVICE ALERT: WINV-102;CPU Load;CRITICAL;SOFT;1;CPU Load 99% (5 min average)
[1585532074] SERVICE NOTIFICATION: jatin;vapps-100;Current Load;WARNING;notify-service-by-email;WARNING - load average: 1.23, 6.43, 15.17
[1585532074] SERVICE NOTIFICATION: atul;vapps-100;Current Load;WARNING;notify-service-by-email;WARNING - load average: 1.23, 6.43, 15.17
[1585532074] SERVICE NOTIFICATION: srinivas.bethi;vapps-100;Current Load;WARNING;notify-service-by-email;WARNING - load average: 1.23, 6.43, 15.17
[1585532074] SERVICE ALERT: vapps-100;Current Load;WARNING;HARD;4;WARNING - load average: 1.23, 6.43, 15.17
[1585532084] SERVICE NOTIFICATION: jatin;vinfra-200;Current Load;OK;notify-service-by-email;OK - load average: 0.67, 2.42, 4.36
[1585532084] SERVICE NOTIFICATION: atul;vinfra-200;Current Load;OK;notify-service-by-email;OK - load average: 0.67, 2.42, 4.36
[1585532084] SERVICE NOTIFICATION: srinivas.bethi;vinfra-200;Current Load;OK;notify-service-by-email;OK - load average: 0.67, 2.42, 4.36
[1585532084] SERVICE ALERT: vinfra-200;Current Load;OK;HARD;4;OK - load average: 0.67, 2.42, 4.36
[1585532093] SERVICE ALERT: WINV-102;CPU Load;OK;SOFT;2;CPU Load 8% (5 min average)
[1585532228] Auto-save of retention data completed successfully.
[1585532347] SERVICE NOTIFICATION: jatin;vinfra-200;Swap Usage;CRITICAL;notify-service-by-email;SWAP CRITICAL - 1% free (4 MB out of 11215 MB)
[1585532347] SERVICE NOTIFICATION: atul;vinfra-200;Swap Usage;CRITICAL;notify-service-by-email;SWAP CRITICAL - 1% free (4 MB out of 11215 MB)
[1585532347] SERVICE NOTIFICATION: srinivas.bethi;vinfra-200;Swap Usage;CRITICAL;notify-service-by-email;SWAP CRITICAL - 1% free (4 MB out of 11215 MB)
[1585532704] SERVICE NOTIFICATION: jatin;vdb-103;/mnt/data01 Partition;WARNING;notify-service-by-email;/mnt/data01 is at 81% capacity! 5.5T of 7.3T
[1585532704] SERVICE NOTIFICATION: atul;vdb-103;/mnt/data01 Partition;WARNING;notify-service-by-email;/mnt/data01 is at 81% capacity! 5.5T of 7.3T
[1585532704] SERVICE NOTIFICATION: srinivas.bethi;vdb-103;/mnt/data01 Partition;WARNING;notify-service-by-email;/mnt/data01 is at 81% capacity! 5.5T of 7.3T
[1585532975] SERVICE NOTIFICATION: jatin;vapps-100;Current Load;OK;notify-service-by-email;OK - load average: 1.40, 1.76, 6.64
[1585532975] SERVICE NOTIFICATION: atul;vapps-100;Current Load;OK;notify-service-by-email;OK - load average: 1.40, 1.76, 6.64
[1585532975] SERVICE NOTIFICATION: srinivas.bethi;vapps-100;Current Load;OK;notify-service-by-email;OK - load average: 1.40, 1.76, 6.64
[1585532975] SERVICE ALERT: vapps-100;Current Load;OK;HARD;4;OK - load average: 1.40, 1.76, 6.64
[1585535165] SERVICE NOTIFICATION: srinivas.bethi;vonly-replica;/media/data Partition;CRITICAL;notify-service-by-email;/media/data is at 91% capacity! 6.3T of 7.3T
[1585535165] SERVICE NOTIFICATION: jatin;vonly-replica;/media/data Partition;CRITICAL;notify-service-by-email;/media/data is at 91% capacity! 6.3T of 7.3T
[1585535165] SERVICE NOTIFICATION: atul;vonly-replica;/media/data Partition;CRITICAL;notify-service-by-email;/media/data is at 91% capacity! 6.3T of 7.3T
[1585535828] Auto-save of retention data completed successfully.
[1585536121] SERVICE NOTIFICATION: srinivas.bethi;WINV-102;Data Drive Space;WARNING;notify-service-by-email;d:\ - total: 1862.64 Gb - used: 1574.24 Gb (85%) - free 288.39 Gb (15%)
[1585536121] SERVICE NOTIFICATION: jatin;WINV-102;Data Drive Space;WARNING;notify-service-by-email;d:\ - total: 1862.64 Gb - used: 1574.24 Gb (85%) - free 288.39 Gb (15%)
[1585536121] SERVICE NOTIFICATION: atul;WINV-102;Data Drive Space;WARNING;notify-service-by-email;d:\ - total: 1862.64 Gb - used: 1574.24 Gb (85%) - free 288.39 Gb (15%)
[1585536755] SERVICE NOTIFICATION: srinivas.bethi;WINV-101;Data Drive Space;WARNING;notify-service-by-email;d:\ - total: 931.32 Gb - used: 785.13 Gb (84%) - free 146.19 Gb (16%)
[1585536755] SERVICE NOTIFICATION: jatin;WINV-101;Data Drive Space;WARNING;notify-service-by-email;d:\ - total: 931.32 Gb - used: 785.13 Gb (84%) - free 146.19 Gb (16%)
[1585536755] SERVICE NOTIFICATION: atul;WINV-101;Data Drive Space;WARNING;notify-service-by-email;d:\ - total: 931.32 Gb - used: 785.13 Gb (84%) - free 146.19 Gb (16%)
[1585538765] SERVICE NOTIFICATION: srinivas.bethi;vonly-replica;/media/data Partition;CRITICAL;notify-service-by-email;/media/data is at 91% capacity! 6.2T of 7.3T
[1585538765] SERVICE NOTIFICATION: jatin;vonly-replica;/media/data Partition;CRITICAL;notify-service-by-email;/media/data is at 91% capacity! 6.2T of 7.3T
[1585538765] SERVICE NOTIFICATION: atul;vonly-replica;/media/data Partition;CRITICAL;notify-service-by-email;/media/data is at 91% capacity! 6.2T of 7.3T
[1585538888] SERVICE NOTIFICATION: jatin;vonly-database;Swap Usage;WARNING;notify-service-by-email;SWAP WARNING - 20% free (11261 MB out of 57111 MB)
[1585538888] SERVICE NOTIFICATION: atul;vonly-database;Swap Usage;WARNING;notify-service-by-email;SWAP WARNING - 20% free (11261 MB out of 57111 MB)
[1585538888] SERVICE NOTIFICATION: srinivas.bethi;vonly-database;Swap Usage;WARNING;notify-service-by-email;SWAP WARNING - 20% free (11261 MB out of 57111 MB)
[1585539428] Auto-save of retention data completed successfully.
[1585539488] SERVICE NOTIFICATION: jatin;vonly-replica;Current Load;WARNING;notify-service-by-email;WARNING - load average: 15.75, 15.90, 15.91
[1585539488] SERVICE NOTIFICATION: atul;vonly-replica;Current Load;WARNING;notify-service-by-email;WARNING - load average: 15.75, 15.90, 15.91
[1585539488] SERVICE NOTIFICATION: srinivas.bethi;vonly-replica;Current Load;WARNING;notify-service-by-email;WARNING - load average: 15.75, 15.90, 15.91
[1585539788] SERVICE NOTIFICATION: jatin;vonly-database;Swap Usage;OK;notify-service-by-email;SWAP OK - 21% free (11612 MB out of 57111 MB)
[1585539788] SERVICE NOTIFICATION: atul;vonly-database;Swap Usage;OK;notify-service-by-email;SWAP OK - 21% free (11612 MB out of 57111 MB)
[1585539788] SERVICE NOTIFICATION: srinivas.bethi;vonly-database;Swap Usage;OK;notify-service-by-email;SWAP OK - 21% free (11612 MB out of 57111 MB)
[1585539788] SERVICE ALERT: vonly-database;Swap Usage;OK;HARD;4;SWAP OK - 21% free (11612 MB out of 57111 MB)
[1585539995] SERVICE NOTIFICATION: srinivas.bethi;WINV-107;Data Drive Space;WARNING;notify-service-by-email;d:\ - total: 931.51 Gb - used: 817.03 Gb (88%) - free 114.48 Gb (12%)
[1585539995] SERVICE NOTIFICATION: jatin;WINV-107;Data Drive Space;WARNING;notify-service-by-email;d:\ - total: 931.51 Gb - used: 817.03 Gb (88%) - free 114.48 Gb (12%)
[1585539995] SERVICE NOTIFICATION: atul;WINV-107;Data Drive Space;WARNING;notify-service-by-email;d:\ - total: 931.51 Gb - used: 817.03 Gb (88%) - free 114.48 Gb (12%)
[1585540500] SERVICE NOTIFICATION: jatin;vdb-103;Swap Usage;CRITICAL;notify-service-by-email;SWAP CRITICAL - 2% free (159 MB out of 10239 MB)
[1585540500] SERVICE NOTIFICATION: atul;vdb-103;Swap Usage;CRITICAL;notify-service-by-email;SWAP CRITICAL - 2% free (159 MB out of 10239 MB)
[1585540500] SERVICE NOTIFICATION: srinivas.bethi;vdb-103;Swap Usage;CRITICAL;notify-service-by-email;SWAP CRITICAL - 2% free (159 MB out of 10239 MB)
[1585540565] SERVICE NOTIFICATION: srinivas.bethi;vonly-replica;/media/data Partition;WARNING;notify-service-by-email;/media/data is at 90% capacity! 6.2T of 7.3T
[1585540565] SERVICE NOTIFICATION: jatin;vonly-replica;/media/data Partition;WARNING;notify-service-by-email;/media/data is at 90% capacity! 6.2T of 7.3T
[1585540565] SERVICE NOTIFICATION: atul;vonly-replica;/media/data Partition;WARNING;notify-service-by-email;/media/data is at 90% capacity! 6.2T of 7.3T
[1585540565] SERVICE ALERT: vonly-replica;/media/data Partition;WARNING;HARD;4;/media/data is at 90% capacity! 6.2T of 7.3T
[1585543028] Auto-save of retention data completed successfully.
[1585543354] SERVICE NOTIFICATION: srinivas.bethi;WINV-104;Data Drive Space;WARNING;notify-service-by-email;d:\ - total: 931.32 Gb - used: 788.29 Gb (85%) - free 143.03 Gb (15%)
[1585543354] SERVICE NOTIFICATION: jatin;WINV-104;Data Drive Space;WARNING;notify-service-by-email;d:\ - total: 931.32 Gb - used: 788.29 Gb (85%) - free 143.03 Gb (15%)
[1585543354] SERVICE NOTIFICATION: atul;WINV-104;Data Drive Space;WARNING;notify-service-by-email;d:\ - total: 931.32 Gb - used: 788.29 Gb (85%) - free 143.03 Gb (15%)
[1585544165] SERVICE NOTIFICATION: srinivas.bethi;vonly-replica;/media/data Partition;WARNING;notify-service-by-email;/media/data is at 90% capacity! 6.2T of 7.3T
[1585544165] SERVICE NOTIFICATION: jatin;vonly-replica;/media/data Partition;WARNING;notify-service-by-email;/media/data is at 90% capacity! 6.2T of 7.3T
[1585544165] SERVICE NOTIFICATION: atul;vonly-replica;/media/data Partition;WARNING;notify-service-by-email;/media/data is at 90% capacity! 6.2T of 7.3T
[1585546628] Auto-save of retention data completed successfully.
[1585546747] SERVICE NOTIFICATION: jatin;vinfra-200;Swap Usage;CRITICAL;notify-service-by-email;SWAP CRITICAL - 1% free (20 MB out of 11215 MB)
[1585546747] SERVICE NOTIFICATION: atul;vinfra-200;Swap Usage;CRITICAL;notify-service-by-email;SWAP CRITICAL - 1% free (20 MB out of 11215 MB)
[1585546747] SERVICE NOTIFICATION: srinivas.bethi;vinfra-200;Swap Usage;CRITICAL;notify-service-by-email;SWAP CRITICAL - 1% free (20 MB out of 11215 MB)
[1585547104] SERVICE NOTIFICATION: jatin;vdb-103;/mnt/data01 Partition;WARNING;notify-service-by-email;/mnt/data01 is at 81% capacity! 5.5T of 7.3T
[1585547104] SERVICE NOTIFICATION: atul;vdb-103;/mnt/data01 Partition;WARNING;notify-service-by-email;/mnt/data01 is at 81% capacity! 5.5T of 7.3T
[1585547104] SERVICE NOTIFICATION: srinivas.bethi;vdb-103;/mnt/data01 Partition;WARNING;notify-service-by-email;/mnt/data01 is at 81% capacity! 5.5T of 7.3T
[1585547765] SERVICE NOTIFICATION: srinivas.bethi;vonly-replica;/media/data Partition;WARNING;notify-service-by-email;/media/data is at 89% capacity! 6.1T of 7.3T
[1585547765] SERVICE NOTIFICATION: jatin;vonly-replica;/media/data Partition;WARNING;notify-service-by-email;/media/data is at 89% capacity! 6.1T of 7.3T
[1585547765] SERVICE NOTIFICATION: atul;vonly-replica;/media/data Partition;WARNING;notify-service-by-email;/media/data is at 89% capacity! 6.1T of 7.3T
[1585550228] Auto-save of retention data completed successfully.
[1585550521] SERVICE NOTIFICATION: srinivas.bethi;WINV-102;Data Drive Space;WARNING;notify-service-by-email;d:\ - total: 1862.64 Gb - used: 1573.99 Gb (85%) - free 288.65 Gb (15%)
[1585550521] SERVICE NOTIFICATION: jatin;WINV-102;Data Drive Space;WARNING;notify-service-by-email;d:\ - total: 1862.64 Gb - used: 1573.99 Gb (85%) - free 288.65 Gb (15%)
[1585550521] SERVICE NOTIFICATION: atul;WINV-102;Data Drive Space;WARNING;notify-service-by-email;d:\ - total: 1862.64 Gb - used: 1573.99 Gb (85%) - free 288.65 Gb (15%)
[1585551155] SERVICE NOTIFICATION: srinivas.bethi;WINV-101;Data Drive Space;WARNING;notify-service-by-email;d:\ - total: 931.32 Gb - used: 785.13 Gb (84%) - free 146.19 Gb (16%)
[1585551155] SERVICE NOTIFICATION: jatin;WINV-101;Data Drive Space;WARNING;notify-service-by-email;d:\ - total: 931.32 Gb - used: 785.13 Gb (84%) - free 146.19 Gb (16%)
[1585551155] SERVICE NOTIFICATION: atul;WINV-101;Data Drive Space;WARNING;notify-service-by-email;d:\ - total: 931.32 Gb - used: 785.13 Gb (84%) - free 146.19 Gb (16%)
[1585551365] SERVICE NOTIFICATION: srinivas.bethi;vonly-replica;/media/data Partition;WARNING;notify-service-by-email;/media/data is at 88% capacity! 6.1T of 7.3T
[1585551365] SERVICE NOTIFICATION: jatin;vonly-replica;/media/data Partition;WARNING;notify-service-by-email;/media/data is at 88% capacity! 6.1T of 7.3T
[1585551365] SERVICE NOTIFICATION: atul;vonly-replica;/media/data Partition;WARNING;notify-service-by-email;/media/data is at 88% capacity! 6.1T of 7.3T
