[1583996400] LOG ROTATION: DAILY
[1583996400] LOG VERSION: 2.0
[1583996400] CURRENT HOST STATE: WINV-101;UP;HARD;1;PING OK - Packet loss = 0%, RTA = 0.30 ms
[1583996400] CURRENT HOST STATE: WINV-102;UP;HARD;1;PING OK - Packet loss = 0%, RTA = 0.24 ms
[1583996400] CURRENT HOST STATE: WINV-103;UP;HARD;1;PING OK - Packet loss = 0%, RTA = 0.32 ms
[1583996400] CURRENT HOST STATE: WINV-104;UP;HARD;1;PING OK - Packet loss = 0%, RTA = 0.37 ms
[1583996400] CURRENT HOST STATE: WINV-105;UP;HARD;1;PING OK - Packet loss = 0%, RTA = 0.30 ms
[1583996400] CURRENT HOST STATE: WINV-106;UP;HARD;1;PING OK - Packet loss = 0%, RTA = 0.27 ms
[1583996400] CURRENT HOST STATE: WINV-107;UP;HARD;1;PING OK - Packet loss = 0%, RTA = 0.32 ms
[1583996400] CURRENT HOST STATE: WINV-108;UP;HARD;1;PING OK - Packet loss = 0%, RTA = 0.25 ms
[1583996400] CURRENT HOST STATE: WINV-110;UP;HARD;1;PING OK - Packet loss = 0%, RTA = 0.28 ms
[1583996400] CURRENT HOST STATE: WINV-111;UP;HARD;1;PING OK - Packet loss = 0%, RTA = 0.31 ms
[1583996400] CURRENT HOST STATE: WINV-112;UP;HARD;1;PING OK - Packet loss = 0%, RTA = 0.28 ms
[1583996400] CURRENT HOST STATE: vapps-100;UP;HARD;1;PING OK - Packet loss = 0%, RTA = 0.26 ms
[1583996400] CURRENT HOST STATE: vapps-109;UP;HARD;1;PING OK - Packet loss = 0%, RTA = 0.26 ms
[1583996400] CURRENT HOST STATE: vdb-100;UP;HARD;1;PING OK - Packet loss = 0%, RTA = 0.25 ms
[1583996400] CURRENT HOST STATE: vdb-101;UP;HARD;1;PING OK - Packet loss = 0%, RTA = 0.24 ms
[1583996400] CURRENT HOST STATE: vdb-103;UP;HARD;1;PING OK - Packet loss = 0%, RTA = 0.33 ms
[1583996400] CURRENT HOST STATE: vdb-staging;UP;HARD;1;PING OK - Packet loss = 0%, RTA = 0.32 ms
[1583996400] CURRENT HOST STATE: vinfra-200;UP;HARD;1;PING OK - Packet loss = 0%, RTA = 0.29 ms
[1583996400] CURRENT HOST STATE: vonly-backup;UP;HARD;1;PING OK - Packet loss = 0%, RTA = 0.05 ms
[1583996400] CURRENT HOST STATE: vonly-database;UP;HARD;1;PING OK - Packet loss = 0%, RTA = 0.38 ms
[1583996400] CURRENT HOST STATE: vonly-replica;UP;HARD;1;PING OK - Packet loss = 0%, RTA = 0.24 ms
[1583996400] CURRENT SERVICE STATE: WINV-101;CPU Load;OK;HARD;1;CPU Load 7% (5 min average)
[1583996400] CURRENT SERVICE STATE: WINV-101;Data Drive Space;WARNING;HARD;3;d:\ - total: 931.32 Gb - used: 762.12 Gb (82%) - free 169.20 Gb (18%)
[1583996400] CURRENT SERVICE STATE: WINV-101;Memory Usage;OK;HARD;1;Memory usage: total:98284.48 MB - used: 44226.85 MB (45%) - free: 54057.63 MB (55%)
[1583996400] CURRENT SERVICE STATE: WINV-101;OS Drive Space;OK;HARD;1;c:\ - total: 68.27 Gb - used: 43.22 Gb (63%) - free 25.05 Gb (37%)
[1583996400] CURRENT SERVICE STATE: WINV-101;Uptime;OK;HARD;1;System Uptime - 7 day(s) 0 hour(s) 29 minute(s)
[1583996400] CURRENT SERVICE STATE: WINV-102;CPU Load;OK;HARD;1;CPU Load 21% (5 min average)
[1583996400] CURRENT SERVICE STATE: WINV-102;Data Drive Space;WARNING;HARD;3;d:\ - total: 1862.64 Gb - used: 1507.49 Gb (81%) - free 355.15 Gb (19%)
[1583996400] CURRENT SERVICE STATE: WINV-102;Memory Usage;OK;HARD;1;Memory usage: total:208877.43 MB - used: 69191.97 MB (33%) - free: 139685.46 MB (67%)
[1583996400] CURRENT SERVICE STATE: WINV-102;OS Drive Space;OK;HARD;1;c:\ - total: 931.41 Gb - used: 305.28 Gb (33%) - free 626.13 Gb (67%)
[1583996400] CURRENT SERVICE STATE: WINV-102;Uptime;OK;HARD;1;System Uptime - 170 day(s) 12 hour(s) 4 minute(s)
[1583996400] CURRENT SERVICE STATE: WINV-103;CPU Load;OK;HARD;1;CPU Load 10% (5 min average)
[1583996400] CURRENT SERVICE STATE: WINV-103;Data Drive Space;OK;HARD;1;d:\ - total: 1862.39 Gb - used: 954.63 Gb (51%) - free 907.76 Gb (49%)
[1583996400] CURRENT SERVICE STATE: WINV-103;Memory Usage;OK;HARD;1;Memory usage: total:209629.53 MB - used: 78795.78 MB (38%) - free: 130833.75 MB (62%)
[1583996400] CURRENT SERVICE STATE: WINV-103;OS Drive Space;OK;HARD;1;c:\ - total: 68.27 Gb - used: 54.11 Gb (79%) - free 14.15 Gb (21%)
[1583996400] CURRENT SERVICE STATE: WINV-103;Uptime;OK;HARD;1;System Uptime - 29 day(s) 15 hour(s) 56 minute(s)
[1583996400] CURRENT SERVICE STATE: WINV-104;CPU Load;OK;HARD;1;CPU Load 9% (5 min average)
[1583996400] CURRENT SERVICE STATE: WINV-104;Data Drive Space;WARNING;HARD;3;d:\ - total: 931.32 Gb - used: 748.25 Gb (80%) - free 183.07 Gb (20%)
[1583996400] CURRENT SERVICE STATE: WINV-104;Memory Usage;OK;HARD;1;Memory usage: total:129142.02 MB - used: 39550.37 MB (31%) - free: 89591.65 MB (69%)
[1583996400] CURRENT SERVICE STATE: WINV-104;OS Drive Space;OK;HARD;1;c:\ - total: 68.27 Gb - used: 48.03 Gb (70%) - free 20.23 Gb (30%)
[1583996400] CURRENT SERVICE STATE: WINV-104;Uptime;OK;HARD;1;System Uptime - 167 day(s) 13 hour(s) 17 minute(s)
[1583996400] CURRENT SERVICE STATE: WINV-105;CPU Load;OK;HARD;1;CPU Load 0% (5 min average)
[1583996400] CURRENT SERVICE STATE: WINV-105;Data Drive Space;OK;HARD;1;d:\ - total: 931.32 Gb - used: 557.33 Gb (60%) - free 373.99 Gb (40%)
[1583996400] CURRENT SERVICE STATE: WINV-105;Memory Usage;OK;HARD;1;Memory usage: total:98284.48 MB - used: 37992.54 MB (39%) - free: 60291.94 MB (61%)
[1583996400] CURRENT SERVICE STATE: WINV-105;OS Drive Space;OK;HARD;1;c:\ - total: 231.90 Gb - used: 96.91 Gb (42%) - free 134.98 Gb (58%)
[1583996400] CURRENT SERVICE STATE: WINV-105;Uptime;OK;HARD;1;System Uptime - 331 day(s) 15 hour(s) 22 minute(s)
[1583996400] CURRENT SERVICE STATE: WINV-106;CPU Load;OK;HARD;1;CPU Load 4% (5 min average)
[1583996400] CURRENT SERVICE STATE: WINV-106;Data Drive Space;OK;HARD;1;d:\ - total: 931.32 Gb - used: 596.01 Gb (64%) - free 335.31 Gb (36%)
[1583996400] CURRENT SERVICE STATE: WINV-106;Memory Usage;OK;HARD;1;Memory usage: total:149142.26 MB - used: 40771.24 MB (27%) - free: 108371.03 MB (73%)
[1583996400] CURRENT SERVICE STATE: WINV-106;OS Drive Space;OK;HARD;1;c:\ - total: 67.89 Gb - used: 41.39 Gb (61%) - free 26.49 Gb (39%)
[1583996400] CURRENT SERVICE STATE: WINV-106;Uptime;OK;HARD;1;System Uptime - 77 day(s) 23 hour(s) 41 minute(s)
[1583996400] CURRENT SERVICE STATE: WINV-107;CPU Load;OK;HARD;1;CPU Load 25% (5 min average)
[1583996400] CURRENT SERVICE STATE: WINV-107;Data Drive Space;OK;HARD;1;d:\ - total: 931.51 Gb - used: 673.48 Gb (72%) - free 258.03 Gb (28%)
[1583996400] CURRENT SERVICE STATE: WINV-107;Memory Usage;OK;HARD;1;Memory usage: total:147777.36 MB - used: 43667.98 MB (30%) - free: 104109.38 MB (70%)
[1583996400] CURRENT SERVICE STATE: WINV-107;OS Drive Space;OK;HARD;1;c:\ - total: 67.45 Gb - used: 43.49 Gb (64%) - free 23.96 Gb (36%)
[1583996400] CURRENT SERVICE STATE: WINV-107;Uptime;OK;HARD;1;System Uptime - 8 day(s) 22 hour(s) 7 minute(s)
[1583996400] CURRENT SERVICE STATE: WINV-108;CPU Load;OK;HARD;1;CPU Load 12% (5 min average)
[1583996400] CURRENT SERVICE STATE: WINV-108;Data Drive Space;OK;HARD;1;d:\ - total: 931.32 Gb - used: 526.97 Gb (57%) - free 404.35 Gb (43%)
[1583996400] CURRENT SERVICE STATE: WINV-108;Memory Usage;OK;HARD;1;Memory usage: total:160950.28 MB - used: 39708.21 MB (25%) - free: 121242.07 MB (75%)
[1583996400] CURRENT SERVICE STATE: WINV-108;OS Drive Space;OK;HARD;1;c:\ - total: 67.89 Gb - used: 49.55 Gb (73%) - free 18.33 Gb (27%)
[1583996400] CURRENT SERVICE STATE: WINV-108;Uptime;OK;HARD;1;System Uptime - 470 day(s) 15 hour(s) 0 minute(s)
[1583996400] CURRENT SERVICE STATE: WINV-110;CPU Load;OK;HARD;1;CPU Load 1% (5 min average)
[1583996400] CURRENT SERVICE STATE: WINV-110;Data Drive Space;OK;HARD;1;d:\ - total: 931.32 Gb - used: 720.99 Gb (77%) - free 210.33 Gb (23%)
[1583996400] CURRENT SERVICE STATE: WINV-110;Memory Usage;OK;HARD;1;Memory usage: total:104565.75 MB - used: 17182.35 MB (16%) - free: 87383.40 MB (84%)
[1583996400] CURRENT SERVICE STATE: WINV-110;OS Drive Space;OK;HARD;1;c:\ - total: 67.89 Gb - used: 41.59 Gb (61%) - free 26.30 Gb (39%)
[1583996400] CURRENT SERVICE STATE: WINV-110;Uptime;OK;HARD;1;System Uptime - 90 day(s) 0 hour(s) 21 minute(s)
[1583996400] CURRENT SERVICE STATE: WINV-111;CPU Load;OK;HARD;1;CPU Load 1% (5 min average)
[1583996400] CURRENT SERVICE STATE: WINV-111;Data Drive Space;OK;HARD;1;d:\ - total: 931.22 Gb - used: 607.73 Gb (65%) - free 323.49 Gb (35%)
[1583996400] CURRENT SERVICE STATE: WINV-111;Memory Usage;OK;HARD;1;Memory usage: total:70469.53 MB - used: 12899.58 MB (18%) - free: 57569.94 MB (82%)
[1583996400] CURRENT SERVICE STATE: WINV-111;OS Drive Space;OK;HARD;1;c:\ - total: 67.89 Gb - used: 31.28 Gb (46%) - free 36.61 Gb (54%)
[1583996400] CURRENT SERVICE STATE: WINV-111;Uptime;OK;HARD;1;System Uptime - 231 day(s) 13 hour(s) 32 minute(s)
[1583996400] CURRENT SERVICE STATE: WINV-112;CPU Load;OK;HARD;1;CPU Load 0% (5 min average)
[1583996400] CURRENT SERVICE STATE: WINV-112;Data Drive Space;OK;HARD;1;d:\ - total: 931.51 Gb - used: 433.62 Gb (47%) - free 497.90 Gb (53%)
[1583996400] CURRENT SERVICE STATE: WINV-112;Memory Usage;OK;HARD;1;Memory usage: total:40939.93 MB - used: 14582.65 MB (36%) - free: 26357.27 MB (64%)
[1583996400] CURRENT SERVICE STATE: WINV-112;OS Drive Space;OK;HARD;1;c:\ - total: 278.36 Gb - used: 69.93 Gb (25%) - free 208.43 Gb (75%)
[1583996400] CURRENT SERVICE STATE: WINV-112;Uptime;OK;HARD;1;System Uptime - 170 day(s) 12 hour(s) 11 minute(s)
[1583996400] CURRENT SERVICE STATE: vapps-100;/mnt/data01 Partition;OK;HARD;1;/mnt/data01 is at 42% capacity, 218G of 551G
[1583996400] CURRENT SERVICE STATE: vapps-100;Current Load;OK;HARD;1;OK - load average: 0.55, 0.75, 0.66
[1583996400] CURRENT SERVICE STATE: vapps-100;Current Users;OK;HARD;1;USERS OK - 1 users currently logged in
[1583996400] CURRENT SERVICE STATE: vapps-100;PING;OK;HARD;1;PING OK - Packet loss = 0%, RTA = 0.07 ms
[1583996400] CURRENT SERVICE STATE: vapps-100;Root Partition;OK;HARD;1;/ is at 11% capacity, 55G of 550G
[1583996400] CURRENT SERVICE STATE: vapps-100;SSH;OK;HARD;1;SSH OK - OpenSSH_7.2p2 Ubuntu-4ubuntu2.6 (protocol 2.0)
[1583996400] CURRENT SERVICE STATE: vapps-100;Swap Usage;OK;HARD;1;SWAP OK - 84% free (9322 MB out of 11214 MB)
[1583996400] CURRENT SERVICE STATE: vapps-100;Total Processes;OK;HARD;1;PROCS OK: 191 processes with STATE = RSZDT
[1583996400] CURRENT SERVICE STATE: vapps-109;/mnt/data01 Partition;OK;HARD;1;/mnt/data01 is at 62% capacity, 539G of 917G
[1583996400] CURRENT SERVICE STATE: vapps-109;Current Load;OK;HARD;1;OK - load average: 0.08, 0.02, 0.01
[1583996400] CURRENT SERVICE STATE: vapps-109;Current Users;OK;HARD;1;USERS OK - 1 users currently logged in
[1583996400] CURRENT SERVICE STATE: vapps-109;PING;OK;HARD;1;PING OK - Packet loss = 0%, RTA = 0.05 ms
[1583996400] CURRENT SERVICE STATE: vapps-109;Root Partition;OK;HARD;1;/ is at 45% capacity, 18G of 43G
[1583996400] CURRENT SERVICE STATE: vapps-109;SSH;OK;HARD;1;SSH OK - OpenSSH_7.2p2 Ubuntu-4ubuntu2.8 (protocol 2.0)
[1583996400] CURRENT SERVICE STATE: vapps-109;Swap Usage;OK;HARD;1;SWAP OK - 100% free (24408 MB out of 24567 MB)
[1583996400] CURRENT SERVICE STATE: vapps-109;Total Processes;OK;HARD;1;PROCS OK: 179 processes with STATE = RSZDT
[1583996400] CURRENT SERVICE STATE: vdb-100;/mnt/data01 Partition;OK;HARD;1;/mnt/data01 is at 76% capacity, 2.7T of 3.7T
[1583996400] CURRENT SERVICE STATE: vdb-100;Current Load;OK;HARD;1;OK - load average: 0.67, 0.84, 0.90
[1583996400] CURRENT SERVICE STATE: vdb-100;Current Users;OK;HARD;1;USERS OK - 1 users currently logged in
[1583996400] CURRENT SERVICE STATE: vdb-100;PING;OK;HARD;1;PING OK - Packet loss = 0%, RTA = 0.05 ms
[1583996400] CURRENT SERVICE STATE: vdb-100;Root Partition;OK;HARD;1;/ is at 35% capacity, 30G of 91G
[1583996400] CURRENT SERVICE STATE: vdb-100;SSH;OK;HARD;1;SSH OK - OpenSSH_7.2p2 Ubuntu-4ubuntu2.6 (protocol 2.0)
[1583996400] CURRENT SERVICE STATE: vdb-100;Swap Usage;OK;HARD;1;SWAP OK - 91% free (19334 MB out of 21455 MB)
[1583996400] CURRENT SERVICE STATE: vdb-100;Total Processes;OK;HARD;1;PROCS OK: 178 processes with STATE = RSZDT
[1583996400] CURRENT SERVICE STATE: vdb-101;/mnt/data01 Partition;CRITICAL;HARD;4;/mnt/data01 is at 92% capacity! 3.1T of 3.6T
[1583996400] CURRENT SERVICE STATE: vdb-101;Current Load;OK;HARD;1;OK - load average: 0.00, 0.00, 0.00
[1583996400] CURRENT SERVICE STATE: vdb-101;Current Users;OK;HARD;1;USERS OK - 0 users currently logged in
[1583996400] CURRENT SERVICE STATE: vdb-101;PING;OK;HARD;1;PING OK - Packet loss = 0%, RTA = 0.05 ms
[1583996400] CURRENT SERVICE STATE: vdb-101;Root Partition;OK;HARD;1;/ is at 25% capacity, 42G of 183G
[1583996400] CURRENT SERVICE STATE: vdb-101;SSH;OK;HARD;1;SSH OK - OpenSSH_7.2p2 Ubuntu-4ubuntu2.4 (protocol 2.0)
[1583996400] CURRENT SERVICE STATE: vdb-101;Swap Usage;OK;HARD;1;SWAP OK - 74% free (15715 MB out of 21455 MB)
[1583996400] CURRENT SERVICE STATE: vdb-101;Total Processes;OK;HARD;1;PROCS OK: 155 processes with STATE = RSZDT
[1583996400] CURRENT SERVICE STATE: vdb-103;/mnt/data01 Partition;OK;HARD;1;/mnt/data01 is at 59% capacity, 4.1T of 7.3T
[1583996400] CURRENT SERVICE STATE: vdb-103;Current Load;OK;HARD;1;OK - load average: 0.03, 0.01, 0.00
[1583996400] CURRENT SERVICE STATE: vdb-103;Current Users;OK;HARD;1;USERS OK - 1 users currently logged in
[1583996400] CURRENT SERVICE STATE: vdb-103;PING;OK;HARD;1;PING OK - Packet loss = 0%, RTA = 0.07 ms
[1583996400] CURRENT SERVICE STATE: vdb-103;Root Partition;OK;HARD;1;/ is at 31% capacity, 133G of 457G
[1583996400] CURRENT SERVICE STATE: vdb-103;SSH;OK;HARD;1;SSH OK - OpenSSH_7.6p1 Ubuntu-4ubuntu0.2 (protocol 2.0)
[1583996400] CURRENT SERVICE STATE: vdb-103;Swap Usage;CRITICAL;HARD;4;SWAP CRITICAL - 1% free (0 MB out of 2047 MB)
[1583996400] CURRENT SERVICE STATE: vdb-103;Total Processes;OK;HARD;1;PROCS OK: 185 processes with STATE = RSZDT
[1583996400] CURRENT SERVICE STATE: vdb-staging;/mnt/data01 Partition;OK;HARD;1;/mnt/data01 is at 64% capacity, 5.5T of 9.1T
[1583996400] CURRENT SERVICE STATE: vdb-staging;Current Load;OK;HARD;1;OK - load average: 0.10, 0.76, 0.89
[1583996400] CURRENT SERVICE STATE: vdb-staging;Current Users;OK;HARD;1;USERS OK - 1 users currently logged in
[1583996400] CURRENT SERVICE STATE: vdb-staging;PING;OK;HARD;1;PING OK - Packet loss = 0%, RTA = 0.04 ms
[1583996400] CURRENT SERVICE STATE: vdb-staging;Root Partition;OK;HARD;1;/ is at 6% capacity, 102G of 1.8T
[1583996400] CURRENT SERVICE STATE: vdb-staging;SSH;OK;HARD;1;SSH OK - OpenSSH_7.2p2 Ubuntu-4ubuntu2.4 (protocol 2.0)
[1583996400] CURRENT SERVICE STATE: vdb-staging;Swap Usage;OK;HARD;1;SWAP OK - 85% free (87673 MB out of 103375 MB)
[1583996400] CURRENT SERVICE STATE: vdb-staging;Total Processes;OK;HARD;1;PROCS OK: 151 processes with STATE = RSZDT
[1583996400] CURRENT SERVICE STATE: vinfra-200;/mnt/data01 Partition;OK;HARD;1;/mnt/data is at 11% capacity, 90G of 917G
[1583996400] CURRENT SERVICE STATE: vinfra-200;Current Load;OK;HARD;1;OK - load average: 0.77, 1.13, 1.16
[1583996400] CURRENT SERVICE STATE: vinfra-200;Current Users;OK;HARD;1;USERS OK - 1 users currently logged in
[1583996400] CURRENT SERVICE STATE: vinfra-200;MySQL Connection Time;OK;HARD;1;OK - 0.01 seconds to connect as nagios
[1583996400] CURRENT SERVICE STATE: vinfra-200;MySQL Uptime;OK;HARD;1;OK - database is up since 31690 minutes
[1583996400] CURRENT SERVICE STATE: vinfra-200;PING;OK;HARD;1;PING OK - Packet loss = 0%, RTA = 0.04 ms
[1583996400] CURRENT SERVICE STATE: vinfra-200;Root Partition;OK;HARD;1;/ is at 59% capacity, 101G of 182G
[1583996400] CURRENT SERVICE STATE: vinfra-200;SSH;OK;HARD;1;SSH OK - OpenSSH_7.2p2 Ubuntu-4ubuntu2.6 (protocol 2.0)
[1583996400] CURRENT SERVICE STATE: vinfra-200;Swap Usage;CRITICAL;HARD;4;SWAP CRITICAL - 1% free (0 MB out of 975 MB)
[1583996400] CURRENT SERVICE STATE: vinfra-200;Total Processes;OK;HARD;1;PROCS OK: 160 processes with STATE = RSZDT
[1583996400] CURRENT SERVICE STATE: vinfra-200;VAULT;OK;HARD;1;OK - Vault is initialized, unsealed, and active
[1583996400] CURRENT SERVICE STATE: vonly-backup;/media/data Partition;CRITICAL;HARD;4;/media/data is at 91% capacity! 6.3T of 7.3T
[1583996400] CURRENT SERVICE STATE: vonly-backup;Current Load;OK;HARD;1;OK - load average: 1.93, 2.63, 2.34
[1583996400] CURRENT SERVICE STATE: vonly-backup;Current Users;OK;HARD;1;USERS OK - 0 users currently logged in
[1583996400] CURRENT SERVICE STATE: vonly-backup;PING;OK;HARD;1;PING OK - Packet loss = 0%, RTA = 0.08 ms
[1583996400] CURRENT SERVICE STATE: vonly-backup;Root Partition;OK;HARD;1;/ is at 47% capacity, 98G of 220G
[1583996400] CURRENT SERVICE STATE: vonly-backup;SSH;OK;HARD;1;SSH OK - OpenSSH_7.2p2 Ubuntu-4ubuntu2.8 (protocol 2.0)
[1583996400] CURRENT SERVICE STATE: vonly-backup;Swap Usage;OK;HARD;1;SWAP OK - 94% free (53376 MB out of 57111 MB)
[1583996400] CURRENT SERVICE STATE: vonly-backup;Total Processes;OK;HARD;1;PROCS OK: 225 processes with STATE = RSZDT
[1583996400] CURRENT SERVICE STATE: vonly-database;/media/data Partition;OK;HARD;1;/media/data is at 33% capacity, 1.2T of 3.6T
[1583996400] CURRENT SERVICE STATE: vonly-database;Current Load;OK;HARD;1;OK - load average: 0.00, 0.00, 0.00
[1583996400] CURRENT SERVICE STATE: vonly-database;Current Users;OK;HARD;1;USERS OK - 1 users currently logged in
[1583996400] CURRENT SERVICE STATE: vonly-database;PING;OK;HARD;1;PING OK - Packet loss = 0%, RTA = 0.04 ms
[1583996400] CURRENT SERVICE STATE: vonly-database;Root Partition;OK;HARD;1;/ is at 58% capacity, 120G of 220G
[1583996400] CURRENT SERVICE STATE: vonly-database;SSH;OK;HARD;1;SSH OK - OpenSSH_7.2p2 Ubuntu-4ubuntu2.8 (protocol 2.0)
[1583996400] CURRENT SERVICE STATE: vonly-database;Swap Usage;OK;HARD;1;SWAP OK - 75% free (42717 MB out of 57111 MB)
[1583996400] CURRENT SERVICE STATE: vonly-database;Total Processes;OK;HARD;1;PROCS OK: 156 processes with STATE = RSZDT
[1583996400] CURRENT SERVICE STATE: vonly-replica;/media/data Partition;OK;HARD;1;/media/data is at 68% capacity, 4.7T of 7.3T
[1583996400] CURRENT SERVICE STATE: vonly-replica;Current Load;OK;HARD;1;OK - load average: 2.79, 2.90, 3.00
[1583996400] CURRENT SERVICE STATE: vonly-replica;Current Users;OK;HARD;1;USERS OK - 0 users currently logged in
[1583996400] CURRENT SERVICE STATE: vonly-replica;PING;OK;HARD;1;PING OK - Packet loss = 0%, RTA = 0.05 ms
[1583996400] CURRENT SERVICE STATE: vonly-replica;Root Partition;OK;HARD;1;/ is at 31% capacity, 31G of 108G
[1583996400] CURRENT SERVICE STATE: vonly-replica;SSH;OK;HARD;1;SSH OK - OpenSSH_7.2p2 Ubuntu-4ubuntu2.2 (protocol 2.0)
[1583996400] CURRENT SERVICE STATE: vonly-replica;Swap Usage;OK;HARD;1;SWAP OK - 98% free (27187 MB out of 27876 MB)
[1583996400] CURRENT SERVICE STATE: vonly-replica;Total Processes;OK;HARD;1;PROCS OK: 92 processes with STATE = RSZDT
[1583996406] SERVICE NOTIFICATION: jatin;vdb-101;/mnt/data01 Partition;CRITICAL;notify-service-by-email;/mnt/data01 is at 92% capacity! 3.1T of 3.6T
[1583996406] SERVICE NOTIFICATION: atul;vdb-101;/mnt/data01 Partition;CRITICAL;notify-service-by-email;/mnt/data01 is at 92% capacity! 3.1T of 3.6T
[1583996554] SERVICE ALERT: WINV-107;CPU Load;CRITICAL;SOFT;1;CPU Load 91% (5 min average)
[1583996674] SERVICE ALERT: WINV-107;CPU Load;OK;SOFT;2;CPU Load 17% (5 min average)
[1583997026] Auto-save of retention data completed successfully.
[1583997605] SERVICE ALERT: vapps-100;Current Load;WARNING;SOFT;1;WARNING - load average: 16.03, 10.74, 5.44
[1583997666] SERVICE ALERT: vapps-100;Current Load;WARNING;SOFT;2;WARNING - load average: 19.51, 12.76, 6.47
[1583997726] SERVICE ALERT: vapps-100;Current Load;WARNING;SOFT;3;WARNING - load average: 21.48, 14.60, 7.50
[1583997786] SERVICE NOTIFICATION: jatin;vapps-100;Current Load;WARNING;notify-service-by-email;WARNING - load average: 23.82, 16.31, 8.52
[1583997786] SERVICE NOTIFICATION: atul;vapps-100;Current Load;WARNING;notify-service-by-email;WARNING - load average: 23.82, 16.31, 8.52
[1583997786] SERVICE ALERT: vapps-100;Current Load;WARNING;HARD;4;WARNING - load average: 23.82, 16.31, 8.52
[1583998205] SERVICE NOTIFICATION: nagiosadmin;vonly-backup;/media/data Partition;CRITICAL;notify-service-by-email;/media/data is at 91% capacity! 6.3T of 7.3T
[1583998205] SERVICE NOTIFICATION: jatin;vonly-backup;/media/data Partition;CRITICAL;notify-service-by-email;/media/data is at 91% capacity! 6.3T of 7.3T
[1583998205] SERVICE NOTIFICATION: atul;vonly-backup;/media/data Partition;CRITICAL;notify-service-by-email;/media/data is at 91% capacity! 6.3T of 7.3T
[1583998386] SERVICE NOTIFICATION: jatin;vapps-100;Current Load;CRITICAL;notify-service-by-email;CRITICAL - load average: 36.52, 32.72, 20.60
[1583998386] SERVICE NOTIFICATION: atul;vapps-100;Current Load;CRITICAL;notify-service-by-email;CRITICAL - load average: 36.52, 32.72, 20.60
[1583998386] SERVICE ALERT: vapps-100;Current Load;CRITICAL;HARD;4;CRITICAL - load average: 36.52, 32.72, 20.60
[1583998505] SERVICE ALERT: vinfra-200;Current Load;WARNING;SOFT;1;WARNING - load average: 8.85, 7.13, 5.11
[1583998565] SERVICE ALERT: vinfra-200;Current Load;WARNING;SOFT;2;WARNING - load average: 10.29, 7.99, 5.54
[1583998625] SERVICE ALERT: vinfra-200;Current Load;WARNING;SOFT;3;WARNING - load average: 8.36, 7.90, 5.66
[1583998685] SERVICE NOTIFICATION: jatin;vinfra-200;Current Load;WARNING;notify-service-by-email;WARNING - load average: 10.11, 8.35, 5.95
[1583998685] SERVICE NOTIFICATION: atul;vinfra-200;Current Load;WARNING;notify-service-by-email;WARNING - load average: 10.11, 8.35, 5.95
[1583998685] SERVICE ALERT: vinfra-200;Current Load;WARNING;HARD;4;WARNING - load average: 10.11, 8.35, 5.95
[1583998893] SERVICE FLAPPING ALERT: vonly-backup;Current Load;STOPPED; Service appears to have stopped flapping (3.8% change < 5.0% threshold)
[1583998893] SERVICE NOTIFICATION: nagiosadmin;vonly-backup;Current Load;FLAPPINGSTOP (OK);notify-service-by-email;OK - load average: 0.88, 0.56, 0.71
[1583998893] SERVICE NOTIFICATION: jatin;vonly-backup;Current Load;FLAPPINGSTOP (OK);notify-service-by-email;OK - load average: 0.88, 0.56, 0.71
[1583998893] SERVICE NOTIFICATION: atul;vonly-backup;Current Load;FLAPPINGSTOP (OK);notify-service-by-email;OK - load average: 0.88, 0.56, 0.71
[1584000737] Auto-save of retention data completed successfully.
[1584000737] SERVICE ALERT: WINV-101;CPU Load;CRITICAL;SOFT;1;CPU Load 100% (5 min average)
[1584000754] SERVICE ALERT: WINV-105;CPU Load;CRITICAL;SOFT;1;CPU Load 92% (5 min average)
[1584000857] SERVICE ALERT: WINV-101;CPU Load;CRITICAL;SOFT;2;CPU Load 100% (5 min average)
[1584000887] SERVICE ALERT: WINV-105;CPU Load;OK;SOFT;2;CPU Load 6% (5 min average)
[1584000983] SERVICE ALERT: WINV-101;CPU Load;OK;HARD;3;CPU Load 9% (5 min average)
[1584001920] SERVICE NOTIFICATION: nagiosadmin;vonly-backup;/media/data Partition;CRITICAL;notify-service-by-email;/media/data is at 91% capacity! 6.3T of 7.3T
[1584001920] SERVICE NOTIFICATION: jatin;vonly-backup;/media/data Partition;CRITICAL;notify-service-by-email;/media/data is at 91% capacity! 6.3T of 7.3T
[1584001920] SERVICE NOTIFICATION: atul;vonly-backup;/media/data Partition;CRITICAL;notify-service-by-email;/media/data is at 91% capacity! 6.3T of 7.3T
[1584001954] SERVICE NOTIFICATION: jatin;WINV-104;Data Drive Space;WARNING;notify-service-by-email;d:\ - total: 931.32 Gb - used: 748.81 Gb (80%) - free 182.51 Gb (20%)
[1584001954] SERVICE NOTIFICATION: atul;WINV-104;Data Drive Space;WARNING;notify-service-by-email;d:\ - total: 931.32 Gb - used: 748.81 Gb (80%) - free 182.51 Gb (20%)
[1584001986] SERVICE NOTIFICATION: jatin;vapps-100;Current Load;WARNING;notify-service-by-email;WARNING - load average: 12.56, 13.94, 19.21
[1584001986] SERVICE NOTIFICATION: atul;vapps-100;Current Load;WARNING;notify-service-by-email;WARNING - load average: 12.56, 13.94, 19.21
[1584001986] SERVICE ALERT: vapps-100;Current Load;WARNING;HARD;4;WARNING - load average: 12.56, 13.94, 19.21
[1584002586] SERVICE FLAPPING ALERT: vapps-100;Current Load;STARTED; Service appears to have started flapping (20.8% change >= 20.0% threshold)
[1584002586] SERVICE NOTIFICATION: jatin;vapps-100;Current Load;FLAPPINGSTART (CRITICAL);notify-service-by-email;CRITICAL - load average: 23.36, 21.08, 20.22
[1584002586] SERVICE NOTIFICATION: atul;vapps-100;Current Load;FLAPPINGSTART (CRITICAL);notify-service-by-email;CRITICAL - load average: 23.36, 21.08, 20.22
[1584002586] SERVICE ALERT: vapps-100;Current Load;CRITICAL;HARD;4;CRITICAL - load average: 23.36, 21.08, 20.22
[1584003121] SERVICE NOTIFICATION: jatin;vinfra-200;Swap Usage;CRITICAL;notify-service-by-email;SWAP CRITICAL - 1% free (0 MB out of 975 MB)
[1584003121] SERVICE NOTIFICATION: atul;vinfra-200;Swap Usage;CRITICAL;notify-service-by-email;SWAP CRITICAL - 1% free (0 MB out of 975 MB)
[1584003383] SERVICE ALERT: WINV-101;CPU Load;CRITICAL;SOFT;1;CPU Load 100% (5 min average)
[1584003503] SERVICE ALERT: WINV-101;CPU Load;OK;SOFT;2;CPU Load 18% (5 min average)
[1584004226] Auto-save of retention data completed successfully.
[1584004954] SERVICE ALERT: WINV-112;CPU Load;WARNING;SOFT;1;CPU Load 86% (5 min average)
[1584005074] SERVICE ALERT: WINV-112;CPU Load;OK;SOFT;2;CPU Load 15% (5 min average)
[1584005520] SERVICE NOTIFICATION: nagiosadmin;vonly-backup;/media/data Partition;CRITICAL;notify-service-by-email;/media/data is at 91% capacity! 6.3T of 7.3T
[1584005520] SERVICE NOTIFICATION: jatin;vonly-backup;/media/data Partition;CRITICAL;notify-service-by-email;/media/data is at 91% capacity! 6.3T of 7.3T
[1584005520] SERVICE NOTIFICATION: atul;vonly-backup;/media/data Partition;CRITICAL;notify-service-by-email;/media/data is at 91% capacity! 6.3T of 7.3T
[1584005820] SERVICE ALERT: vonly-replica;Current Load;WARNING;SOFT;1;WARNING - load average: 12.11, 11.28, 10.34
[1584005880] SERVICE ALERT: vonly-replica;Current Load;WARNING;SOFT;2;WARNING - load average: 11.52, 11.23, 10.38
[1584005940] SERVICE ALERT: vonly-replica;Current Load;WARNING;SOFT;3;WARNING - load average: 12.27, 11.51, 10.53
[1584006000] SERVICE NOTIFICATION: jatin;vonly-replica;Current Load;WARNING;notify-service-by-email;WARNING - load average: 10.73, 11.20, 10.49
[1584006000] SERVICE NOTIFICATION: atul;vonly-replica;Current Load;WARNING;notify-service-by-email;WARNING - load average: 10.73, 11.20, 10.49
[1584006000] SERVICE ALERT: vonly-replica;Current Load;WARNING;HARD;4;WARNING - load average: 10.73, 11.20, 10.49
[1584007320] SERVICE NOTIFICATION: jatin;vdb-103;Swap Usage;CRITICAL;notify-service-by-email;SWAP CRITICAL - 1% free (0 MB out of 2047 MB)
[1584007320] SERVICE NOTIFICATION: atul;vdb-103;Swap Usage;CRITICAL;notify-service-by-email;SWAP CRITICAL - 1% free (0 MB out of 2047 MB)
[1584007800] SERVICE NOTIFICATION: jatin;vonly-replica;Current Load;OK;notify-service-by-email;OK - load average: 7.15, 8.41, 10.00
[1584007800] SERVICE NOTIFICATION: atul;vonly-replica;Current Load;OK;notify-service-by-email;OK - load average: 7.15, 8.41, 10.00
[1584007800] SERVICE ALERT: vonly-replica;Current Load;OK;HARD;4;OK - load average: 7.15, 8.41, 10.00
[1584007826] Auto-save of retention data completed successfully.
[1584007986] SERVICE FLAPPING ALERT: vapps-100;Current Load;STOPPED; Service appears to have stopped flapping (3.9% change < 5.0% threshold)
[1584007986] SERVICE NOTIFICATION: jatin;vapps-100;Current Load;FLAPPINGSTOP (CRITICAL);notify-service-by-email;CRITICAL - load average: 23.44, 28.00, 29.21
[1584007986] SERVICE NOTIFICATION: atul;vapps-100;Current Load;FLAPPINGSTOP (CRITICAL);notify-service-by-email;CRITICAL - load average: 23.44, 28.00, 29.21
[1584007986] SERVICE NOTIFICATION: jatin;vapps-100;Current Load;CRITICAL;notify-service-by-email;CRITICAL - load average: 23.44, 28.00, 29.21
[1584007986] SERVICE NOTIFICATION: atul;vapps-100;Current Load;CRITICAL;notify-service-by-email;CRITICAL - load average: 23.44, 28.00, 29.21
[1584009120] SERVICE NOTIFICATION: jatin;WINV-102;Data Drive Space;WARNING;notify-service-by-email;d:\ - total: 1862.64 Gb - used: 1511.58 Gb (81%) - free 351.05 Gb (19%)
[1584009120] SERVICE NOTIFICATION: atul;WINV-102;Data Drive Space;WARNING;notify-service-by-email;d:\ - total: 1862.64 Gb - used: 1511.58 Gb (81%) - free 351.05 Gb (19%)
[1584009121] SERVICE NOTIFICATION: nagiosadmin;vonly-backup;/media/data Partition;CRITICAL;notify-service-by-email;/media/data is at 91% capacity! 6.3T of 7.3T
[1584009121] SERVICE NOTIFICATION: jatin;vonly-backup;/media/data Partition;CRITICAL;notify-service-by-email;/media/data is at 91% capacity! 6.3T of 7.3T
[1584009121] SERVICE NOTIFICATION: atul;vonly-backup;/media/data Partition;CRITICAL;notify-service-by-email;/media/data is at 91% capacity! 6.3T of 7.3T
[1584009155] SERVICE NOTIFICATION: jatin;WINV-101;Data Drive Space;WARNING;notify-service-by-email;d:\ - total: 931.32 Gb - used: 763.25 Gb (82%) - free 168.07 Gb (18%)
[1584009155] SERVICE NOTIFICATION: atul;WINV-101;Data Drive Space;WARNING;notify-service-by-email;d:\ - total: 931.32 Gb - used: 763.25 Gb (82%) - free 168.07 Gb (18%)
[1584009486] SERVICE NOTIFICATION: jatin;vapps-100;Current Load;WARNING;notify-service-by-email;WARNING - load average: 11.80, 14.37, 18.71
[1584009486] SERVICE NOTIFICATION: atul;vapps-100;Current Load;WARNING;notify-service-by-email;WARNING - load average: 11.80, 14.37, 18.71
[1584009486] SERVICE ALERT: vapps-100;Current Load;WARNING;HARD;4;WARNING - load average: 11.80, 14.37, 18.71
[1584010686] SERVICE NOTIFICATION: jatin;vapps-100;Current Load;CRITICAL;notify-service-by-email;CRITICAL - load average: 29.07, 24.29, 20.41
[1584010686] SERVICE NOTIFICATION: atul;vapps-100;Current Load;CRITICAL;notify-service-by-email;CRITICAL - load average: 29.07, 24.29, 20.41
[1584010686] SERVICE ALERT: vapps-100;Current Load;CRITICAL;HARD;4;CRITICAL - load average: 29.07, 24.29, 20.41
[1584011426] Auto-save of retention data completed successfully.
[1584012186] SERVICE NOTIFICATION: jatin;vapps-100;Current Load;WARNING;notify-service-by-email;WARNING - load average: 11.07, 11.51, 18.17
[1584012186] SERVICE NOTIFICATION: atul;vapps-100;Current Load;WARNING;notify-service-by-email;WARNING - load average: 11.07, 11.51, 18.17
[1584012186] SERVICE ALERT: vapps-100;Current Load;WARNING;HARD;4;WARNING - load average: 11.07, 11.51, 18.17
[1584012186] SERVICE NOTIFICATION: jatin;vinfra-200;Current Load;OK;notify-service-by-email;OK - load average: 6.01, 4.21, 4.91
[1584012186] SERVICE NOTIFICATION: atul;vinfra-200;Current Load;OK;notify-service-by-email;OK - load average: 6.01, 4.21, 4.91
[1584012186] SERVICE ALERT: vinfra-200;Current Load;OK;HARD;4;OK - load average: 6.01, 4.21, 4.91
[1584012721] SERVICE NOTIFICATION: nagiosadmin;vonly-backup;/media/data Partition;CRITICAL;notify-service-by-email;/media/data is at 91% capacity! 6.3T of 7.3T
[1584012721] SERVICE NOTIFICATION: jatin;vonly-backup;/media/data Partition;CRITICAL;notify-service-by-email;/media/data is at 91% capacity! 6.3T of 7.3T
[1584012721] SERVICE NOTIFICATION: atul;vonly-backup;/media/data Partition;CRITICAL;notify-service-by-email;/media/data is at 91% capacity! 6.3T of 7.3T
[1584013386] SERVICE FLAPPING ALERT: vapps-100;Current Load;STARTED; Service appears to have started flapping (21.6% change >= 20.0% threshold)
[1584013386] SERVICE NOTIFICATION: jatin;vapps-100;Current Load;FLAPPINGSTART (OK);notify-service-by-email;OK - load average: 0.10, 1.11, 6.41
[1584013386] SERVICE NOTIFICATION: atul;vapps-100;Current Load;FLAPPINGSTART (OK);notify-service-by-email;OK - load average: 0.10, 1.11, 6.41
[1584013386] SERVICE ALERT: vapps-100;Current Load;OK;HARD;4;OK - load average: 0.10, 1.11, 6.41
[1584015026] Auto-save of retention data completed successfully.
[1584016321] SERVICE NOTIFICATION: nagiosadmin;vonly-backup;/media/data Partition;CRITICAL;notify-service-by-email;/media/data is at 91% capacity! 6.3T of 7.3T
[1584016321] SERVICE NOTIFICATION: jatin;vonly-backup;/media/data Partition;CRITICAL;notify-service-by-email;/media/data is at 91% capacity! 6.3T of 7.3T
[1584016321] SERVICE NOTIFICATION: atul;vonly-backup;/media/data Partition;CRITICAL;notify-service-by-email;/media/data is at 91% capacity! 6.3T of 7.3T
[1584016354] SERVICE NOTIFICATION: jatin;WINV-104;Data Drive Space;WARNING;notify-service-by-email;d:\ - total: 931.32 Gb - used: 748.88 Gb (80%) - free 182.44 Gb (20%)
[1584016354] SERVICE NOTIFICATION: atul;WINV-104;Data Drive Space;WARNING;notify-service-by-email;d:\ - total: 931.32 Gb - used: 748.88 Gb (80%) - free 182.44 Gb (20%)
[1584017820] SERVICE NOTIFICATION: jatin;vinfra-200;Swap Usage;CRITICAL;notify-service-by-email;SWAP CRITICAL - 1% free (0 MB out of 975 MB)
[1584017820] SERVICE NOTIFICATION: atul;vinfra-200;Swap Usage;CRITICAL;notify-service-by-email;SWAP CRITICAL - 1% free (0 MB out of 975 MB)
[1584018186] SERVICE FLAPPING ALERT: vapps-100;Current Load;STOPPED; Service appears to have stopped flapping (4.1% change < 5.0% threshold)
[1584018186] SERVICE NOTIFICATION: jatin;vapps-100;Current Load;FLAPPINGSTOP (OK);notify-service-by-email;OK - load average: 0.19, 0.40, 0.43
[1584018186] SERVICE NOTIFICATION: atul;vapps-100;Current Load;FLAPPINGSTOP (OK);notify-service-by-email;OK - load average: 0.19, 0.40, 0.43
[1584018625] Auto-save of retention data completed successfully.
[1584019320] SERVICE ALERT: WINV-110;Data Drive Space;WARNING;SOFT;1;d:\ - total: 931.32 Gb - used: 745.58 Gb (80%) - free 185.74 Gb (20%)
[1584019440] SERVICE ALERT: WINV-110;Data Drive Space;WARNING;SOFT;2;d:\ - total: 931.32 Gb - used: 745.69 Gb (80%) - free 185.63 Gb (20%)
[1584019560] SERVICE NOTIFICATION: jatin;WINV-110;Data Drive Space;WARNING;notify-service-by-email;d:\ - total: 931.32 Gb - used: 745.83 Gb (80%) - free 185.49 Gb (20%)
[1584019560] SERVICE NOTIFICATION: atul;WINV-110;Data Drive Space;WARNING;notify-service-by-email;d:\ - total: 931.32 Gb - used: 745.83 Gb (80%) - free 185.49 Gb (20%)
[1584019560] SERVICE ALERT: WINV-110;Data Drive Space;WARNING;HARD;3;d:\ - total: 931.32 Gb - used: 745.83 Gb (80%) - free 185.49 Gb (20%)
[1584019921] SERVICE NOTIFICATION: nagiosadmin;vonly-backup;/media/data Partition;CRITICAL;notify-service-by-email;/media/data is at 91% capacity! 6.3T of 7.3T
[1584019921] SERVICE NOTIFICATION: jatin;vonly-backup;/media/data Partition;CRITICAL;notify-service-by-email;/media/data is at 91% capacity! 6.3T of 7.3T
[1584019921] SERVICE NOTIFICATION: atul;vonly-backup;/media/data Partition;CRITICAL;notify-service-by-email;/media/data is at 91% capacity! 6.3T of 7.3T
[1584021720] SERVICE NOTIFICATION: jatin;vdb-103;Swap Usage;CRITICAL;notify-service-by-email;SWAP CRITICAL - 1% free (0 MB out of 2047 MB)
[1584021720] SERVICE NOTIFICATION: atul;vdb-103;Swap Usage;CRITICAL;notify-service-by-email;SWAP CRITICAL - 1% free (0 MB out of 2047 MB)
[1584022226] Auto-save of retention data completed successfully.
[1584023520] SERVICE NOTIFICATION: jatin;WINV-102;Data Drive Space;WARNING;notify-service-by-email;d:\ - total: 1862.64 Gb - used: 1508.82 Gb (81%) - free 353.82 Gb (19%)
[1584023520] SERVICE NOTIFICATION: atul;WINV-102;Data Drive Space;WARNING;notify-service-by-email;d:\ - total: 1862.64 Gb - used: 1508.82 Gb (81%) - free 353.82 Gb (19%)
[1584023521] SERVICE NOTIFICATION: nagiosadmin;vonly-backup;/media/data Partition;CRITICAL;notify-service-by-email;/media/data is at 91% capacity! 6.3T of 7.3T
[1584023521] SERVICE NOTIFICATION: jatin;vonly-backup;/media/data Partition;CRITICAL;notify-service-by-email;/media/data is at 91% capacity! 6.3T of 7.3T
[1584023521] SERVICE NOTIFICATION: atul;vonly-backup;/media/data Partition;CRITICAL;notify-service-by-email;/media/data is at 91% capacity! 6.3T of 7.3T
[1584023555] SERVICE NOTIFICATION: jatin;WINV-101;Data Drive Space;WARNING;notify-service-by-email;d:\ - total: 931.32 Gb - used: 763.38 Gb (82%) - free 167.94 Gb (18%)
[1584023555] SERVICE NOTIFICATION: atul;WINV-101;Data Drive Space;WARNING;notify-service-by-email;d:\ - total: 931.32 Gb - used: 763.38 Gb (82%) - free 167.94 Gb (18%)
[1584025321] SERVICE ALERT: vonly-database;Current Load;WARNING;SOFT;1;WARNING - load average: 6.03, 6.93, 5.34
[1584025383] SERVICE ALERT: vonly-database;Current Load;WARNING;SOFT;2;WARNING - load average: 5.04, 6.46, 5.27
[1584025444] SERVICE ALERT: vonly-database;Current Load;WARNING;SOFT;3;WARNING - load average: 6.74, 6.62, 5.40
[1584025504] SERVICE NOTIFICATION: jatin;vonly-database;Current Load;WARNING;notify-service-by-email;WARNING - load average: 6.02, 6.45, 5.41
[1584025504] SERVICE NOTIFICATION: atul;vonly-database;Current Load;WARNING;notify-service-by-email;WARNING - load average: 6.02, 6.45, 5.41
[1584025504] SERVICE ALERT: vonly-database;Current Load;WARNING;HARD;4;WARNING - load average: 6.02, 6.45, 5.41
[1584025826] Auto-save of retention data completed successfully.
[1584027005] SERVICE NOTIFICATION: jatin;vonly-database;Current Load;OK;notify-service-by-email;OK - load average: 4.11, 4.27, 4.82
[1584027005] SERVICE NOTIFICATION: atul;vonly-database;Current Load;OK;notify-service-by-email;OK - load average: 4.11, 4.27, 4.82
[1584027005] SERVICE ALERT: vonly-database;Current Load;OK;HARD;4;OK - load average: 4.11, 4.27, 4.82
[1584027121] SERVICE NOTIFICATION: nagiosadmin;vonly-backup;/media/data Partition;CRITICAL;notify-service-by-email;/media/data is at 91% capacity! 6.3T of 7.3T
[1584027121] SERVICE NOTIFICATION: jatin;vonly-backup;/media/data Partition;CRITICAL;notify-service-by-email;/media/data is at 91% capacity! 6.3T of 7.3T
[1584027121] SERVICE NOTIFICATION: atul;vonly-backup;/media/data Partition;CRITICAL;notify-service-by-email;/media/data is at 91% capacity! 6.3T of 7.3T
[1584029426] Auto-save of retention data completed successfully.
[1584030754] SERVICE NOTIFICATION: jatin;WINV-104;Data Drive Space;WARNING;notify-service-by-email;d:\ - total: 931.32 Gb - used: 749.05 Gb (80%) - free 182.27 Gb (20%)
[1584030754] SERVICE NOTIFICATION: atul;WINV-104;Data Drive Space;WARNING;notify-service-by-email;d:\ - total: 931.32 Gb - used: 749.05 Gb (80%) - free 182.27 Gb (20%)
[1584031020] SERVICE NOTIFICATION: nagiosadmin;vonly-backup;/media/data Partition;CRITICAL;notify-service-by-email;/media/data is at 91% capacity! 6.3T of 7.3T
[1584031020] SERVICE NOTIFICATION: jatin;vonly-backup;/media/data Partition;CRITICAL;notify-service-by-email;/media/data is at 91% capacity! 6.3T of 7.3T
[1584031020] SERVICE NOTIFICATION: atul;vonly-backup;/media/data Partition;CRITICAL;notify-service-by-email;/media/data is at 91% capacity! 6.3T of 7.3T
[1584032220] SERVICE NOTIFICATION: jatin;vinfra-200;Swap Usage;CRITICAL;notify-service-by-email;SWAP CRITICAL - 1% free (0 MB out of 975 MB)
[1584032220] SERVICE NOTIFICATION: atul;vinfra-200;Swap Usage;CRITICAL;notify-service-by-email;SWAP CRITICAL - 1% free (0 MB out of 975 MB)
[1584033026] Auto-save of retention data completed successfully.
[1584033960] SERVICE NOTIFICATION: jatin;WINV-110;Data Drive Space;WARNING;notify-service-by-email;d:\ - total: 931.32 Gb - used: 762.95 Gb (82%) - free 168.37 Gb (18%)
[1584033960] SERVICE NOTIFICATION: atul;WINV-110;Data Drive Space;WARNING;notify-service-by-email;d:\ - total: 931.32 Gb - used: 762.95 Gb (82%) - free 168.37 Gb (18%)
[1584034620] SERVICE NOTIFICATION: nagiosadmin;vonly-backup;/media/data Partition;CRITICAL;notify-service-by-email;/media/data is at 91% capacity! 6.3T of 7.3T
[1584034620] SERVICE NOTIFICATION: jatin;vonly-backup;/media/data Partition;CRITICAL;notify-service-by-email;/media/data is at 91% capacity! 6.3T of 7.3T
[1584034620] SERVICE NOTIFICATION: atul;vonly-backup;/media/data Partition;CRITICAL;notify-service-by-email;/media/data is at 91% capacity! 6.3T of 7.3T
[1584036120] SERVICE NOTIFICATION: jatin;vdb-103;Swap Usage;CRITICAL;notify-service-by-email;SWAP CRITICAL - 1% free (0 MB out of 2047 MB)
[1584036120] SERVICE NOTIFICATION: atul;vdb-103;Swap Usage;CRITICAL;notify-service-by-email;SWAP CRITICAL - 1% free (0 MB out of 2047 MB)
[1584036626] Auto-save of retention data completed successfully.
[1584037920] SERVICE NOTIFICATION: jatin;WINV-102;Data Drive Space;WARNING;notify-service-by-email;d:\ - total: 1862.64 Gb - used: 1508.84 Gb (81%) - free 353.80 Gb (19%)
[1584037920] SERVICE NOTIFICATION: atul;WINV-102;Data Drive Space;WARNING;notify-service-by-email;d:\ - total: 1862.64 Gb - used: 1508.84 Gb (81%) - free 353.80 Gb (19%)
[1584037955] SERVICE NOTIFICATION: jatin;WINV-101;Data Drive Space;WARNING;notify-service-by-email;d:\ - total: 931.32 Gb - used: 763.38 Gb (82%) - free 167.94 Gb (18%)
[1584037955] SERVICE NOTIFICATION: atul;WINV-101;Data Drive Space;WARNING;notify-service-by-email;d:\ - total: 931.32 Gb - used: 763.38 Gb (82%) - free 167.94 Gb (18%)
[1584038220] SERVICE NOTIFICATION: nagiosadmin;vonly-backup;/media/data Partition;CRITICAL;notify-service-by-email;/media/data is at 91% capacity! 6.3T of 7.3T
[1584038220] SERVICE NOTIFICATION: jatin;vonly-backup;/media/data Partition;CRITICAL;notify-service-by-email;/media/data is at 91% capacity! 6.3T of 7.3T
[1584038220] SERVICE NOTIFICATION: atul;vonly-backup;/media/data Partition;CRITICAL;notify-service-by-email;/media/data is at 91% capacity! 6.3T of 7.3T
[1584039720] SERVICE NOTIFICATION: jatin;vdb-101;/mnt/data01 Partition;CRITICAL;notify-service-by-email;/mnt/data01 is at 92% capacity! 3.1T of 3.6T
[1584039720] SERVICE NOTIFICATION: atul;vdb-101;/mnt/data01 Partition;CRITICAL;notify-service-by-email;/mnt/data01 is at 92% capacity! 3.1T of 3.6T
[1584040226] Auto-save of retention data completed successfully.
[1584041820] SERVICE NOTIFICATION: nagiosadmin;vonly-backup;/media/data Partition;CRITICAL;notify-service-by-email;/media/data is at 91% capacity! 6.3T of 7.3T
[1584041820] SERVICE NOTIFICATION: jatin;vonly-backup;/media/data Partition;CRITICAL;notify-service-by-email;/media/data is at 91% capacity! 6.3T of 7.3T
[1584041820] SERVICE NOTIFICATION: atul;vonly-backup;/media/data Partition;CRITICAL;notify-service-by-email;/media/data is at 91% capacity! 6.3T of 7.3T
[1584043826] Auto-save of retention data completed successfully.
[1584045154] SERVICE NOTIFICATION: jatin;WINV-104;Data Drive Space;WARNING;notify-service-by-email;d:\ - total: 931.32 Gb - used: 749.92 Gb (81%) - free 181.40 Gb (19%)
[1584045154] SERVICE NOTIFICATION: atul;WINV-104;Data Drive Space;WARNING;notify-service-by-email;d:\ - total: 931.32 Gb - used: 749.92 Gb (81%) - free 181.40 Gb (19%)
[1584045420] SERVICE NOTIFICATION: nagiosadmin;vonly-backup;/media/data Partition;CRITICAL;notify-service-by-email;/media/data is at 91% capacity! 6.3T of 7.3T
[1584045420] SERVICE NOTIFICATION: jatin;vonly-backup;/media/data Partition;CRITICAL;notify-service-by-email;/media/data is at 91% capacity! 6.3T of 7.3T
[1584045420] SERVICE NOTIFICATION: atul;vonly-backup;/media/data Partition;CRITICAL;notify-service-by-email;/media/data is at 91% capacity! 6.3T of 7.3T
[1584046621] SERVICE NOTIFICATION: jatin;vinfra-200;Swap Usage;CRITICAL;notify-service-by-email;SWAP CRITICAL - 1% free (0 MB out of 975 MB)
[1584046621] SERVICE NOTIFICATION: atul;vinfra-200;Swap Usage;CRITICAL;notify-service-by-email;SWAP CRITICAL - 1% free (0 MB out of 975 MB)
[1584047426] Auto-save of retention data completed successfully.
[1584048360] SERVICE NOTIFICATION: jatin;WINV-110;Data Drive Space;WARNING;notify-service-by-email;d:\ - total: 931.32 Gb - used: 763.16 Gb (82%) - free 168.16 Gb (18%)
[1584048360] SERVICE NOTIFICATION: atul;WINV-110;Data Drive Space;WARNING;notify-service-by-email;d:\ - total: 931.32 Gb - used: 763.16 Gb (82%) - free 168.16 Gb (18%)
[1584049020] SERVICE NOTIFICATION: nagiosadmin;vonly-backup;/media/data Partition;CRITICAL;notify-service-by-email;/media/data is at 91% capacity! 6.3T of 7.3T
[1584049020] SERVICE NOTIFICATION: jatin;vonly-backup;/media/data Partition;CRITICAL;notify-service-by-email;/media/data is at 91% capacity! 6.3T of 7.3T
[1584049020] SERVICE NOTIFICATION: atul;vonly-backup;/media/data Partition;CRITICAL;notify-service-by-email;/media/data is at 91% capacity! 6.3T of 7.3T
[1584050520] SERVICE NOTIFICATION: jatin;vdb-103;Swap Usage;CRITICAL;notify-service-by-email;SWAP CRITICAL - 1% free (0 MB out of 2047 MB)
[1584050520] SERVICE NOTIFICATION: atul;vdb-103;Swap Usage;CRITICAL;notify-service-by-email;SWAP CRITICAL - 1% free (0 MB out of 2047 MB)
[1584051026] Auto-save of retention data completed successfully.
[1584052320] SERVICE NOTIFICATION: jatin;WINV-102;Data Drive Space;WARNING;notify-service-by-email;d:\ - total: 1862.64 Gb - used: 1509.40 Gb (81%) - free 353.24 Gb (19%)
[1584052320] SERVICE NOTIFICATION: atul;WINV-102;Data Drive Space;WARNING;notify-service-by-email;d:\ - total: 1862.64 Gb - used: 1509.40 Gb (81%) - free 353.24 Gb (19%)
[1584052355] SERVICE NOTIFICATION: jatin;WINV-101;Data Drive Space;WARNING;notify-service-by-email;d:\ - total: 931.32 Gb - used: 763.38 Gb (82%) - free 167.94 Gb (18%)
[1584052355] SERVICE NOTIFICATION: atul;WINV-101;Data Drive Space;WARNING;notify-service-by-email;d:\ - total: 931.32 Gb - used: 763.38 Gb (82%) - free 167.94 Gb (18%)
[1584052620] SERVICE NOTIFICATION: nagiosadmin;vonly-backup;/media/data Partition;CRITICAL;notify-service-by-email;/media/data is at 91% capacity! 6.3T of 7.3T
[1584052620] SERVICE NOTIFICATION: jatin;vonly-backup;/media/data Partition;CRITICAL;notify-service-by-email;/media/data is at 91% capacity! 6.3T of 7.3T
[1584052620] SERVICE NOTIFICATION: atul;vonly-backup;/media/data Partition;CRITICAL;notify-service-by-email;/media/data is at 91% capacity! 6.3T of 7.3T
[1584054626] Auto-save of retention data completed successfully.
[1584055987] SERVICE ALERT: vapps-100;Current Load;CRITICAL;SOFT;1;CRITICAL - load average: 33.57, 24.19, 12.83
[1584056047] SERVICE ALERT: vapps-100;Current Load;WARNING;SOFT;2;WARNING - load average: 22.40, 23.07, 13.18
[1584056107] SERVICE ALERT: vapps-100;Current Load;WARNING;SOFT;3;WARNING - load average: 12.34, 20.13, 12.79
[1584056167] SERVICE NOTIFICATION: jatin;vapps-100;Current Load;WARNING;notify-service-by-email;WARNING - load average: 6.52, 17.00, 12.17
[1584056167] SERVICE NOTIFICATION: atul;vapps-100;Current Load;WARNING;notify-service-by-email;WARNING - load average: 6.52, 17.00, 12.17
[1584056167] SERVICE ALERT: vapps-100;Current Load;WARNING;HARD;4;WARNING - load average: 6.52, 17.00, 12.17
[1584056220] SERVICE NOTIFICATION: nagiosadmin;vonly-backup;/media/data Partition;CRITICAL;notify-service-by-email;/media/data is at 91% capacity! 6.3T of 7.3T
[1584056220] SERVICE NOTIFICATION: jatin;vonly-backup;/media/data Partition;CRITICAL;notify-service-by-email;/media/data is at 91% capacity! 6.3T of 7.3T
[1584056220] SERVICE NOTIFICATION: atul;vonly-backup;/media/data Partition;CRITICAL;notify-service-by-email;/media/data is at 91% capacity! 6.3T of 7.3T
[1584056886] SERVICE ALERT: vinfra-200;Current Load;WARNING;SOFT;1;WARNING - load average: 5.74, 5.85, 5.23
[1584056946] SERVICE ALERT: vinfra-200;Current Load;WARNING;SOFT;2;WARNING - load average: 4.75, 5.52, 5.15
[1584057006] SERVICE ALERT: vinfra-200;Current Load;WARNING;SOFT;3;WARNING - load average: 7.01, 5.76, 5.24
[1584057067] SERVICE ALERT: vinfra-200;Current Load;OK;HARD;4;OK - load average: 3.49, 4.97, 5.00
[1584057367] SERVICE ALERT: vinfra-200;Current Load;WARNING;SOFT;1;WARNING - load average: 7.21, 5.70, 5.22
[1584057427] SERVICE ALERT: vinfra-200;Current Load;WARNING;SOFT;2;WARNING - load average: 6.38, 5.78, 5.28
[1584057487] SERVICE ALERT: vinfra-200;Current Load;WARNING;SOFT;3;WARNING - load average: 4.41, 5.29, 5.14
[1584057547] SERVICE NOTIFICATION: jatin;vinfra-200;Current Load;WARNING;notify-service-by-email;WARNING - load average: 6.26, 5.89, 5.37
[1584057547] SERVICE NOTIFICATION: atul;vinfra-200;Current Load;WARNING;notify-service-by-email;WARNING - load average: 6.26, 5.89, 5.37
[1584057547] SERVICE ALERT: vinfra-200;Current Load;WARNING;HARD;4;WARNING - load average: 6.26, 5.89, 5.37
[1584057967] SERVICE NOTIFICATION: jatin;vapps-100;Current Load;CRITICAL;notify-service-by-email;CRITICAL - load average: 31.47, 23.65, 16.41
[1584057967] SERVICE NOTIFICATION: atul;vapps-100;Current Load;CRITICAL;notify-service-by-email;CRITICAL - load average: 31.47, 23.65, 16.41
[1584057967] SERVICE ALERT: vapps-100;Current Load;CRITICAL;HARD;4;CRITICAL - load average: 31.47, 23.65, 16.41
[1584058226] Auto-save of retention data completed successfully.
[1584058354] SERVICE ALERT: WINV-103;OS Drive Space;WARNING;SOFT;1;c:\ - total: 68.27 Gb - used: 54.66 Gb (80%) - free 13.61 Gb (20%)
[1584058474] SERVICE ALERT: WINV-103;OS Drive Space;OK;SOFT;2;c:\ - total: 68.27 Gb - used: 54.60 Gb (80%) - free 13.66 Gb (20%)
[1584058594] SERVICE ALERT: WINV-103;OS Drive Space;WARNING;SOFT;1;c:\ - total: 68.27 Gb - used: 54.64 Gb (80%) - free 13.62 Gb (20%)
[1584058714] SERVICE ALERT: WINV-103;OS Drive Space;WARNING;SOFT;2;c:\ - total: 68.27 Gb - used: 54.68 Gb (80%) - free 13.58 Gb (20%)
[1584058834] SERVICE NOTIFICATION: jatin;WINV-103;OS Drive Space;WARNING;notify-service-by-email;c:\ - total: 68.27 Gb - used: 54.68 Gb (80%) - free 13.59 Gb (20%)
[1584058834] SERVICE NOTIFICATION: atul;WINV-103;OS Drive Space;WARNING;notify-service-by-email;c:\ - total: 68.27 Gb - used: 54.68 Gb (80%) - free 13.59 Gb (20%)
[1584058834] SERVICE ALERT: WINV-103;OS Drive Space;WARNING;HARD;3;c:\ - total: 68.27 Gb - used: 54.68 Gb (80%) - free 13.59 Gb (20%)
[1584059554] SERVICE NOTIFICATION: jatin;WINV-104;Data Drive Space;WARNING;notify-service-by-email;d:\ - total: 931.32 Gb - used: 750.06 Gb (81%) - free 181.26 Gb (19%)
[1584059554] SERVICE NOTIFICATION: atul;WINV-104;Data Drive Space;WARNING;notify-service-by-email;d:\ - total: 931.32 Gb - used: 750.06 Gb (81%) - free 181.26 Gb (19%)
[1584059820] SERVICE NOTIFICATION: nagiosadmin;vonly-backup;/media/data Partition;CRITICAL;notify-service-by-email;/media/data is at 91% capacity! 6.3T of 7.3T
[1584059820] SERVICE NOTIFICATION: jatin;vonly-backup;/media/data Partition;CRITICAL;notify-service-by-email;/media/data is at 91% capacity! 6.3T of 7.3T
[1584059820] SERVICE NOTIFICATION: atul;vonly-backup;/media/data Partition;CRITICAL;notify-service-by-email;/media/data is at 91% capacity! 6.3T of 7.3T
[1584060120] SERVICE ALERT: WINV-102;CPU Load;CRITICAL;SOFT;1;CPU Load 90% (5 min average)
[1584060240] SERVICE ALERT: WINV-102;CPU Load;OK;SOFT;2;CPU Load 11% (5 min average)
[1584061320] SERVICE NOTIFICATION: jatin;vinfra-200;Swap Usage;CRITICAL;notify-service-by-email;SWAP CRITICAL - 1% free (0 MB out of 975 MB)
[1584061320] SERVICE NOTIFICATION: atul;vinfra-200;Swap Usage;CRITICAL;notify-service-by-email;SWAP CRITICAL - 1% free (0 MB out of 975 MB)
[1584061826] Auto-save of retention data completed successfully.
[1584062647] SERVICE NOTIFICATION: jatin;vinfra-200;Current Load;OK;notify-service-by-email;OK - load average: 2.59, 3.83, 4.97
[1584062647] SERVICE NOTIFICATION: atul;vinfra-200;Current Load;OK;notify-service-by-email;OK - load average: 2.59, 3.83, 4.97
[1584062647] SERVICE ALERT: vinfra-200;Current Load;OK;HARD;4;OK - load average: 2.59, 3.83, 4.97
[1584062760] SERVICE NOTIFICATION: jatin;WINV-110;Data Drive Space;WARNING;notify-service-by-email;d:\ - total: 931.32 Gb - used: 763.16 Gb (82%) - free 168.16 Gb (18%)
[1584062760] SERVICE NOTIFICATION: atul;WINV-110;Data Drive Space;WARNING;notify-service-by-email;d:\ - total: 931.32 Gb - used: 763.16 Gb (82%) - free 168.16 Gb (18%)
[1584062767] SERVICE NOTIFICATION: jatin;vapps-100;Current Load;WARNING;notify-service-by-email;WARNING - load average: 9.74, 11.03, 17.95
[1584062767] SERVICE NOTIFICATION: atul;vapps-100;Current Load;WARNING;notify-service-by-email;WARNING - load average: 9.74, 11.03, 17.95
[1584062767] SERVICE ALERT: vapps-100;Current Load;WARNING;HARD;4;WARNING - load average: 9.74, 11.03, 17.95
[1584063420] SERVICE NOTIFICATION: nagiosadmin;vonly-backup;/media/data Partition;CRITICAL;notify-service-by-email;/media/data is at 91% capacity! 6.3T of 7.3T
[1584063420] SERVICE NOTIFICATION: jatin;vonly-backup;/media/data Partition;CRITICAL;notify-service-by-email;/media/data is at 91% capacity! 6.3T of 7.3T
[1584063420] SERVICE NOTIFICATION: atul;vonly-backup;/media/data Partition;CRITICAL;notify-service-by-email;/media/data is at 91% capacity! 6.3T of 7.3T
[1584063968] SERVICE NOTIFICATION: jatin;vapps-100;Current Load;OK;notify-service-by-email;OK - load average: 0.04, 0.80, 6.56
[1584063968] SERVICE NOTIFICATION: atul;vapps-100;Current Load;OK;notify-service-by-email;OK - load average: 0.04, 0.80, 6.56
[1584063968] SERVICE ALERT: vapps-100;Current Load;OK;HARD;4;OK - load average: 0.04, 0.80, 6.56
[1584064920] SERVICE NOTIFICATION: jatin;vdb-103;Swap Usage;CRITICAL;notify-service-by-email;SWAP CRITICAL - 1% free (0 MB out of 2047 MB)
[1584064920] SERVICE NOTIFICATION: atul;vdb-103;Swap Usage;CRITICAL;notify-service-by-email;SWAP CRITICAL - 1% free (0 MB out of 2047 MB)
[1584065426] Auto-save of retention data completed successfully.
[1584066720] SERVICE NOTIFICATION: jatin;WINV-102;Data Drive Space;WARNING;notify-service-by-email;d:\ - total: 1862.64 Gb - used: 1510.25 Gb (81%) - free 352.39 Gb (19%)
[1584066720] SERVICE NOTIFICATION: atul;WINV-102;Data Drive Space;WARNING;notify-service-by-email;d:\ - total: 1862.64 Gb - used: 1510.25 Gb (81%) - free 352.39 Gb (19%)
[1584066755] SERVICE NOTIFICATION: jatin;WINV-101;Data Drive Space;WARNING;notify-service-by-email;d:\ - total: 931.32 Gb - used: 763.38 Gb (82%) - free 167.94 Gb (18%)
[1584066755] SERVICE NOTIFICATION: atul;WINV-101;Data Drive Space;WARNING;notify-service-by-email;d:\ - total: 931.32 Gb - used: 763.38 Gb (82%) - free 167.94 Gb (18%)
[1584067020] SERVICE NOTIFICATION: nagiosadmin;vonly-backup;/media/data Partition;CRITICAL;notify-service-by-email;/media/data is at 91% capacity! 6.3T of 7.3T
[1584067020] SERVICE NOTIFICATION: jatin;vonly-backup;/media/data Partition;CRITICAL;notify-service-by-email;/media/data is at 91% capacity! 6.3T of 7.3T
[1584067020] SERVICE NOTIFICATION: atul;vonly-backup;/media/data Partition;CRITICAL;notify-service-by-email;/media/data is at 91% capacity! 6.3T of 7.3T
[1584069026] Auto-save of retention data completed successfully.
[1584070620] SERVICE NOTIFICATION: nagiosadmin;vonly-backup;/media/data Partition;CRITICAL;notify-service-by-email;/media/data is at 91% capacity! 6.3T of 7.3T
[1584070620] SERVICE NOTIFICATION: jatin;vonly-backup;/media/data Partition;CRITICAL;notify-service-by-email;/media/data is at 91% capacity! 6.3T of 7.3T
[1584070620] SERVICE NOTIFICATION: atul;vonly-backup;/media/data Partition;CRITICAL;notify-service-by-email;/media/data is at 91% capacity! 6.3T of 7.3T
[1584072626] Auto-save of retention data completed successfully.
[1584073234] SERVICE NOTIFICATION: jatin;WINV-103;OS Drive Space;WARNING;notify-service-by-email;c:\ - total: 68.27 Gb - used: 54.98 Gb (81%) - free 13.29 Gb (19%)
[1584073234] SERVICE NOTIFICATION: atul;WINV-103;OS Drive Space;WARNING;notify-service-by-email;c:\ - total: 68.27 Gb - used: 54.98 Gb (81%) - free 13.29 Gb (19%)
[1584073954] SERVICE NOTIFICATION: jatin;WINV-104;Data Drive Space;WARNING;notify-service-by-email;d:\ - total: 931.32 Gb - used: 749.93 Gb (81%) - free 181.39 Gb (19%)
[1584073954] SERVICE NOTIFICATION: atul;WINV-104;Data Drive Space;WARNING;notify-service-by-email;d:\ - total: 931.32 Gb - used: 749.93 Gb (81%) - free 181.39 Gb (19%)
[1584074220] SERVICE NOTIFICATION: nagiosadmin;vonly-backup;/media/data Partition;CRITICAL;notify-service-by-email;/media/data is at 91% capacity! 6.3T of 7.3T
[1584074220] SERVICE NOTIFICATION: jatin;vonly-backup;/media/data Partition;CRITICAL;notify-service-by-email;/media/data is at 91% capacity! 6.3T of 7.3T
[1584074220] SERVICE NOTIFICATION: atul;vonly-backup;/media/data Partition;CRITICAL;notify-service-by-email;/media/data is at 91% capacity! 6.3T of 7.3T
[1584074760] SERVICE ALERT: WINV-102;CPU Load;WARNING;SOFT;1;CPU Load 80% (5 min average)
[1584074885] SERVICE ALERT: WINV-102;CPU Load;CRITICAL;SOFT;2;CPU Load 97% (5 min average)
[1584075005] SERVICE ALERT: WINV-102;CPU Load;OK;HARD;3;CPU Load 68% (5 min average)
[1584075027] SERVICE ALERT: WINV-101;CPU Load;CRITICAL;SOFT;1;CPU Load 100% (5 min average)
[1584075152] SERVICE ALERT: WINV-101;CPU Load;CRITICAL;SOFT;2;CPU Load 100% (5 min average)
[1584075272] SERVICE ALERT: WINV-101;CPU Load;OK;HARD;3;CPU Load 8% (5 min average)
[1584075720] SERVICE NOTIFICATION: jatin;vinfra-200;Swap Usage;CRITICAL;notify-service-by-email;SWAP CRITICAL - 1% free (0 MB out of 975 MB)
[1584075720] SERVICE NOTIFICATION: atul;vinfra-200;Swap Usage;CRITICAL;notify-service-by-email;SWAP CRITICAL - 1% free (0 MB out of 975 MB)
[1584076226] Auto-save of retention data completed successfully.
[1584077072] SERVICE ALERT: WINV-101;CPU Load;CRITICAL;SOFT;1;CPU Load 100% (5 min average)
[1584077160] SERVICE NOTIFICATION: jatin;WINV-110;Data Drive Space;WARNING;notify-service-by-email;d:\ - total: 931.32 Gb - used: 764.34 Gb (82%) - free 166.98 Gb (18%)
[1584077160] SERVICE NOTIFICATION: atul;WINV-110;Data Drive Space;WARNING;notify-service-by-email;d:\ - total: 931.32 Gb - used: 764.34 Gb (82%) - free 166.98 Gb (18%)
[1584077192] SERVICE ALERT: WINV-101;CPU Load;CRITICAL;SOFT;2;CPU Load 100% (5 min average)
[1584077312] SERVICE NOTIFICATION: jatin;WINV-101;CPU Load;CRITICAL;notify-service-by-email;CPU Load 99% (5 min average)
[1584077312] SERVICE NOTIFICATION: atul;WINV-101;CPU Load;CRITICAL;notify-service-by-email;CPU Load 99% (5 min average)
[1584077312] SERVICE ALERT: WINV-101;CPU Load;CRITICAL;HARD;3;CPU Load 99% (5 min average)
[1584077820] SERVICE NOTIFICATION: nagiosadmin;vonly-backup;/media/data Partition;CRITICAL;notify-service-by-email;/media/data is at 91% capacity! 6.3T of 7.3T
[1584077820] SERVICE NOTIFICATION: jatin;vonly-backup;/media/data Partition;CRITICAL;notify-service-by-email;/media/data is at 91% capacity! 6.3T of 7.3T
[1584077820] SERVICE NOTIFICATION: atul;vonly-backup;/media/data Partition;CRITICAL;notify-service-by-email;/media/data is at 91% capacity! 6.3T of 7.3T
[1584077912] SERVICE NOTIFICATION: jatin;WINV-101;CPU Load;OK;notify-service-by-email;CPU Load 65% (5 min average)
[1584077912] SERVICE NOTIFICATION: atul;WINV-101;CPU Load;OK;notify-service-by-email;CPU Load 65% (5 min average)
[1584077912] SERVICE ALERT: WINV-101;CPU Load;OK;HARD;3;CPU Load 65% (5 min average)
[1584079320] SERVICE NOTIFICATION: jatin;vdb-103;Swap Usage;CRITICAL;notify-service-by-email;SWAP CRITICAL - 1% free (0 MB out of 2047 MB)
[1584079320] SERVICE NOTIFICATION: atul;vdb-103;Swap Usage;CRITICAL;notify-service-by-email;SWAP CRITICAL - 1% free (0 MB out of 2047 MB)
[1584079826] Auto-save of retention data completed successfully.
[1584081120] SERVICE NOTIFICATION: jatin;WINV-102;Data Drive Space;WARNING;notify-service-by-email;d:\ - total: 1862.64 Gb - used: 1511.11 Gb (81%) - free 351.53 Gb (19%)
[1584081120] SERVICE NOTIFICATION: atul;WINV-102;Data Drive Space;WARNING;notify-service-by-email;d:\ - total: 1862.64 Gb - used: 1511.11 Gb (81%) - free 351.53 Gb (19%)
[1584081155] SERVICE NOTIFICATION: jatin;WINV-101;Data Drive Space;WARNING;notify-service-by-email;d:\ - total: 931.32 Gb - used: 763.86 Gb (82%) - free 167.46 Gb (18%)
[1584081155] SERVICE NOTIFICATION: atul;WINV-101;Data Drive Space;WARNING;notify-service-by-email;d:\ - total: 931.32 Gb - used: 763.86 Gb (82%) - free 167.46 Gb (18%)
[1584081420] SERVICE NOTIFICATION: nagiosadmin;vonly-backup;/media/data Partition;CRITICAL;notify-service-by-email;/media/data is at 91% capacity! 6.3T of 7.3T
[1584081420] SERVICE NOTIFICATION: jatin;vonly-backup;/media/data Partition;CRITICAL;notify-service-by-email;/media/data is at 91% capacity! 6.3T of 7.3T
[1584081420] SERVICE NOTIFICATION: atul;vonly-backup;/media/data Partition;CRITICAL;notify-service-by-email;/media/data is at 91% capacity! 6.3T of 7.3T
