[1584082800] LOG ROTATION: DAILY
[1584082800] LOG VERSION: 2.0
[1584082800] CURRENT HOST STATE: WINV-101;UP;HARD;1;PING OK - Packet loss = 0%, RTA = 0.29 ms
[1584082800] CURRENT HOST STATE: WINV-102;UP;HARD;1;PING OK - Packet loss = 0%, RTA = 0.28 ms
[1584082800] CURRENT HOST STATE: WINV-103;UP;HARD;1;PING OK - Packet loss = 0%, RTA = 0.38 ms
[1584082800] CURRENT HOST STATE: WINV-104;UP;HARD;1;PING OK - Packet loss = 0%, RTA = 0.33 ms
[1584082800] CURRENT HOST STATE: WINV-105;UP;HARD;1;PING OK - Packet loss = 0%, RTA = 0.31 ms
[1584082800] CURRENT HOST STATE: WINV-106;UP;HARD;1;PING OK - Packet loss = 0%, RTA = 0.33 ms
[1584082800] CURRENT HOST STATE: WINV-107;UP;HARD;1;PING OK - Packet loss = 0%, RTA = 0.40 ms
[1584082800] CURRENT HOST STATE: WINV-108;UP;HARD;1;PING OK - Packet loss = 0%, RTA = 0.31 ms
[1584082800] CURRENT HOST STATE: WINV-110;UP;HARD;1;PING OK - Packet loss = 0%, RTA = 0.28 ms
[1584082800] CURRENT HOST STATE: WINV-111;UP;HARD;1;PING OK - Packet loss = 0%, RTA = 0.32 ms
[1584082800] CURRENT HOST STATE: WINV-112;UP;HARD;1;PING OK - Packet loss = 0%, RTA = 0.31 ms
[1584082800] CURRENT HOST STATE: vapps-100;UP;HARD;1;PING OK - Packet loss = 0%, RTA = 0.31 ms
[1584082800] CURRENT HOST STATE: vapps-109;UP;HARD;1;PING OK - Packet loss = 0%, RTA = 0.32 ms
[1584082800] CURRENT HOST STATE: vdb-100;UP;HARD;1;PING OK - Packet loss = 0%, RTA = 0.27 ms
[1584082800] CURRENT HOST STATE: vdb-101;UP;HARD;1;PING OK - Packet loss = 0%, RTA = 0.28 ms
[1584082800] CURRENT HOST STATE: vdb-103;UP;HARD;1;PING OK - Packet loss = 0%, RTA = 0.38 ms
[1584082800] CURRENT HOST STATE: vdb-staging;UP;HARD;1;PING OK - Packet loss = 0%, RTA = 0.29 ms
[1584082800] CURRENT HOST STATE: vinfra-200;UP;HARD;1;PING OK - Packet loss = 0%, RTA = 0.32 ms
[1584082800] CURRENT HOST STATE: vonly-backup;UP;HARD;1;PING OK - Packet loss = 0%, RTA = 0.05 ms
[1584082800] CURRENT HOST STATE: vonly-database;UP;HARD;1;PING OK - Packet loss = 0%, RTA = 0.28 ms
[1584082800] CURRENT HOST STATE: vonly-replica;UP;HARD;1;PING OK - Packet loss = 0%, RTA = 0.69 ms
[1584082800] CURRENT SERVICE STATE: WINV-101;CPU Load;OK;HARD;1;CPU Load 11% (5 min average)
[1584082800] CURRENT SERVICE STATE: WINV-101;Data Drive Space;WARNING;HARD;3;d:\ - total: 931.32 Gb - used: 763.86 Gb (82%) - free 167.46 Gb (18%)
[1584082800] CURRENT SERVICE STATE: WINV-101;Memory Usage;OK;HARD;1;Memory usage: total:98284.48 MB - used: 38814.54 MB (39%) - free: 59469.94 MB (61%)
[1584082800] CURRENT SERVICE STATE: WINV-101;OS Drive Space;OK;HARD;1;c:\ - total: 68.27 Gb - used: 43.22 Gb (63%) - free 25.05 Gb (37%)
[1584082800] CURRENT SERVICE STATE: WINV-101;Uptime;OK;HARD;1;System Uptime - 8 day(s) 0 hour(s) 31 minute(s)
[1584082800] CURRENT SERVICE STATE: WINV-102;CPU Load;OK;HARD;1;CPU Load 12% (5 min average)
[1584082800] CURRENT SERVICE STATE: WINV-102;Data Drive Space;WARNING;HARD;3;d:\ - total: 1862.64 Gb - used: 1511.26 Gb (81%) - free 351.38 Gb (19%)
[1584082800] CURRENT SERVICE STATE: WINV-102;Memory Usage;OK;HARD;1;Memory usage: total:208877.43 MB - used: 63269.50 MB (30%) - free: 145607.93 MB (70%)
[1584082800] CURRENT SERVICE STATE: WINV-102;OS Drive Space;OK;HARD;1;c:\ - total: 931.41 Gb - used: 305.28 Gb (33%) - free 626.13 Gb (67%)
[1584082800] CURRENT SERVICE STATE: WINV-102;Uptime;OK;HARD;1;System Uptime - 171 day(s) 12 hour(s) 6 minute(s)
[1584082800] CURRENT SERVICE STATE: WINV-103;CPU Load;OK;HARD;1;CPU Load 7% (5 min average)
[1584082800] CURRENT SERVICE STATE: WINV-103;Data Drive Space;OK;HARD;1;d:\ - total: 1862.39 Gb - used: 954.37 Gb (51%) - free 908.02 Gb (49%)
[1584082800] CURRENT SERVICE STATE: WINV-103;Memory Usage;OK;HARD;1;Memory usage: total:209629.53 MB - used: 73184.62 MB (35%) - free: 136444.91 MB (65%)
[1584082800] CURRENT SERVICE STATE: WINV-103;OS Drive Space;WARNING;HARD;3;c:\ - total: 68.27 Gb - used: 54.98 Gb (81%) - free 13.29 Gb (19%)
[1584082800] CURRENT SERVICE STATE: WINV-103;Uptime;OK;HARD;1;System Uptime - 30 day(s) 15 hour(s) 56 minute(s)
[1584082800] CURRENT SERVICE STATE: WINV-104;CPU Load;OK;HARD;1;CPU Load 5% (5 min average)
[1584082800] CURRENT SERVICE STATE: WINV-104;Data Drive Space;WARNING;HARD;3;d:\ - total: 931.32 Gb - used: 750.41 Gb (81%) - free 180.91 Gb (19%)
[1584082800] CURRENT SERVICE STATE: WINV-104;Memory Usage;OK;HARD;1;Memory usage: total:129142.02 MB - used: 41139.40 MB (32%) - free: 88002.62 MB (68%)
[1584082800] CURRENT SERVICE STATE: WINV-104;OS Drive Space;OK;HARD;1;c:\ - total: 68.27 Gb - used: 48.04 Gb (70%) - free 20.23 Gb (30%)
[1584082800] CURRENT SERVICE STATE: WINV-104;Uptime;OK;HARD;1;System Uptime - 168 day(s) 13 hour(s) 18 minute(s)
[1584082800] CURRENT SERVICE STATE: WINV-105;CPU Load;OK;HARD;1;CPU Load 0% (5 min average)
[1584082800] CURRENT SERVICE STATE: WINV-105;Data Drive Space;OK;HARD;1;d:\ - total: 931.32 Gb - used: 558.19 Gb (60%) - free 373.13 Gb (40%)
[1584082800] CURRENT SERVICE STATE: WINV-105;Memory Usage;OK;HARD;1;Memory usage: total:98284.48 MB - used: 38156.46 MB (39%) - free: 60128.02 MB (61%)
[1584082800] CURRENT SERVICE STATE: WINV-105;OS Drive Space;OK;HARD;1;c:\ - total: 231.90 Gb - used: 96.91 Gb (42%) - free 134.98 Gb (58%)
[1584082800] CURRENT SERVICE STATE: WINV-105;Uptime;OK;HARD;1;System Uptime - 332 day(s) 15 hour(s) 24 minute(s)
[1584082800] CURRENT SERVICE STATE: WINV-106;CPU Load;OK;HARD;1;CPU Load 5% (5 min average)
[1584082800] CURRENT SERVICE STATE: WINV-106;Data Drive Space;OK;HARD;1;d:\ - total: 931.32 Gb - used: 596.09 Gb (64%) - free 335.23 Gb (36%)
[1584082800] CURRENT SERVICE STATE: WINV-106;Memory Usage;OK;HARD;1;Memory usage: total:149142.26 MB - used: 41259.64 MB (28%) - free: 107882.63 MB (72%)
[1584082800] CURRENT SERVICE STATE: WINV-106;OS Drive Space;OK;HARD;1;c:\ - total: 67.89 Gb - used: 41.39 Gb (61%) - free 26.49 Gb (39%)
[1584082800] CURRENT SERVICE STATE: WINV-106;Uptime;OK;HARD;1;System Uptime - 78 day(s) 23 hour(s) 43 minute(s)
[1584082800] CURRENT SERVICE STATE: WINV-107;CPU Load;OK;HARD;1;CPU Load 17% (5 min average)
[1584082800] CURRENT SERVICE STATE: WINV-107;Data Drive Space;OK;HARD;1;d:\ - total: 931.51 Gb - used: 678.16 Gb (73%) - free 253.36 Gb (27%)
[1584082800] CURRENT SERVICE STATE: WINV-107;Memory Usage;OK;HARD;1;Memory usage: total:147777.36 MB - used: 45737.54 MB (31%) - free: 102039.83 MB (69%)
[1584082800] CURRENT SERVICE STATE: WINV-107;OS Drive Space;OK;HARD;1;c:\ - total: 67.45 Gb - used: 43.49 Gb (64%) - free 23.96 Gb (36%)
[1584082800] CURRENT SERVICE STATE: WINV-107;Uptime;OK;HARD;1;System Uptime - 9 day(s) 22 hour(s) 9 minute(s)
[1584082800] CURRENT SERVICE STATE: WINV-108;CPU Load;OK;HARD;1;CPU Load 12% (5 min average)
[1584082800] CURRENT SERVICE STATE: WINV-108;Data Drive Space;OK;HARD;1;d:\ - total: 931.32 Gb - used: 527.06 Gb (57%) - free 404.26 Gb (43%)
[1584082800] CURRENT SERVICE STATE: WINV-108;Memory Usage;OK;HARD;1;Memory usage: total:160950.28 MB - used: 39222.79 MB (24%) - free: 121727.48 MB (76%)
[1584082800] CURRENT SERVICE STATE: WINV-108;OS Drive Space;OK;HARD;1;c:\ - total: 67.89 Gb - used: 49.56 Gb (73%) - free 18.33 Gb (27%)
[1584082800] CURRENT SERVICE STATE: WINV-108;Uptime;OK;HARD;1;System Uptime - 471 day(s) 15 hour(s) 0 minute(s)
[1584082800] CURRENT SERVICE STATE: WINV-110;CPU Load;OK;HARD;1;CPU Load 1% (5 min average)
[1584082800] CURRENT SERVICE STATE: WINV-110;Data Drive Space;WARNING;HARD;3;d:\ - total: 931.32 Gb - used: 765.69 Gb (82%) - free 165.63 Gb (18%)
[1584082800] CURRENT SERVICE STATE: WINV-110;Memory Usage;OK;HARD;1;Memory usage: total:104565.75 MB - used: 16578.76 MB (16%) - free: 87987.00 MB (84%)
[1584082800] CURRENT SERVICE STATE: WINV-110;OS Drive Space;OK;HARD;1;c:\ - total: 67.89 Gb - used: 41.60 Gb (61%) - free 26.29 Gb (39%)
[1584082800] CURRENT SERVICE STATE: WINV-110;Uptime;OK;HARD;1;System Uptime - 91 day(s) 0 hour(s) 21 minute(s)
[1584082800] CURRENT SERVICE STATE: WINV-111;CPU Load;OK;HARD;1;CPU Load 0% (5 min average)
[1584082800] CURRENT SERVICE STATE: WINV-111;Data Drive Space;OK;HARD;1;d:\ - total: 931.22 Gb - used: 608.26 Gb (65%) - free 322.96 Gb (35%)
[1584082800] CURRENT SERVICE STATE: WINV-111;Memory Usage;OK;HARD;1;Memory usage: total:70469.53 MB - used: 12951.27 MB (18%) - free: 57518.26 MB (82%)
[1584082800] CURRENT SERVICE STATE: WINV-111;OS Drive Space;OK;HARD;1;c:\ - total: 67.89 Gb - used: 31.28 Gb (46%) - free 36.61 Gb (54%)
[1584082800] CURRENT SERVICE STATE: WINV-111;Uptime;OK;HARD;1;System Uptime - 232 day(s) 13 hour(s) 32 minute(s)
[1584082800] CURRENT SERVICE STATE: WINV-112;CPU Load;OK;HARD;1;CPU Load 0% (5 min average)
[1584082800] CURRENT SERVICE STATE: WINV-112;Data Drive Space;OK;HARD;1;d:\ - total: 931.51 Gb - used: 433.70 Gb (47%) - free 497.81 Gb (53%)
[1584082800] CURRENT SERVICE STATE: WINV-112;Memory Usage;OK;HARD;1;Memory usage: total:40939.93 MB - used: 14509.24 MB (35%) - free: 26430.68 MB (65%)
[1584082800] CURRENT SERVICE STATE: WINV-112;OS Drive Space;OK;HARD;1;c:\ - total: 278.36 Gb - used: 69.94 Gb (25%) - free 208.43 Gb (75%)
[1584082800] CURRENT SERVICE STATE: WINV-112;Uptime;OK;HARD;1;System Uptime - 171 day(s) 12 hour(s) 11 minute(s)
[1584082800] CURRENT SERVICE STATE: vapps-100;/mnt/data01 Partition;OK;HARD;1;/mnt/data01 is at 43% capacity, 221G of 551G
[1584082800] CURRENT SERVICE STATE: vapps-100;Current Load;OK;HARD;1;OK - load average: 4.05, 1.65, 0.89
[1584082800] CURRENT SERVICE STATE: vapps-100;Current Users;OK;HARD;1;USERS OK - 1 users currently logged in
[1584082800] CURRENT SERVICE STATE: vapps-100;PING;OK;HARD;1;PING OK - Packet loss = 0%, RTA = 0.07 ms
[1584082800] CURRENT SERVICE STATE: vapps-100;Root Partition;OK;HARD;1;/ is at 11% capacity, 58G of 550G
[1584082800] CURRENT SERVICE STATE: vapps-100;SSH;OK;HARD;1;SSH OK - OpenSSH_7.2p2 Ubuntu-4ubuntu2.6 (protocol 2.0)
[1584082800] CURRENT SERVICE STATE: vapps-100;Swap Usage;OK;HARD;1;SWAP OK - 84% free (9323 MB out of 11214 MB)
[1584082800] CURRENT SERVICE STATE: vapps-100;Total Processes;OK;HARD;1;PROCS OK: 189 processes with STATE = RSZDT
[1584082800] CURRENT SERVICE STATE: vapps-109;/mnt/data01 Partition;OK;HARD;1;/mnt/data01 is at 62% capacity, 539G of 917G
[1584082800] CURRENT SERVICE STATE: vapps-109;Current Load;OK;HARD;1;OK - load average: 0.00, 0.00, 0.00
[1584082800] CURRENT SERVICE STATE: vapps-109;Current Users;OK;HARD;1;USERS OK - 1 users currently logged in
[1584082800] CURRENT SERVICE STATE: vapps-109;PING;OK;HARD;1;PING OK - Packet loss = 0%, RTA = 0.05 ms
[1584082800] CURRENT SERVICE STATE: vapps-109;Root Partition;OK;HARD;1;/ is at 45% capacity, 18G of 43G
[1584082800] CURRENT SERVICE STATE: vapps-109;SSH;OK;HARD;1;SSH OK - OpenSSH_7.2p2 Ubuntu-4ubuntu2.8 (protocol 2.0)
[1584082800] CURRENT SERVICE STATE: vapps-109;Swap Usage;OK;HARD;1;SWAP OK - 100% free (24408 MB out of 24567 MB)
[1584082800] CURRENT SERVICE STATE: vapps-109;Total Processes;OK;HARD;1;PROCS OK: 185 processes with STATE = RSZDT
[1584082800] CURRENT SERVICE STATE: vdb-100;/mnt/data01 Partition;OK;HARD;1;/mnt/data01 is at 76% capacity, 2.7T of 3.7T
[1584082800] CURRENT SERVICE STATE: vdb-100;Current Load;OK;HARD;1;OK - load average: 1.87, 1.99, 1.69
[1584082800] CURRENT SERVICE STATE: vdb-100;Current Users;OK;HARD;1;USERS OK - 1 users currently logged in
[1584082800] CURRENT SERVICE STATE: vdb-100;PING;OK;HARD;1;PING OK - Packet loss = 0%, RTA = 0.06 ms
[1584082800] CURRENT SERVICE STATE: vdb-100;Root Partition;OK;HARD;1;/ is at 35% capacity, 30G of 91G
[1584082800] CURRENT SERVICE STATE: vdb-100;SSH;OK;HARD;1;SSH OK - OpenSSH_7.2p2 Ubuntu-4ubuntu2.6 (protocol 2.0)
[1584082800] CURRENT SERVICE STATE: vdb-100;Swap Usage;OK;HARD;1;SWAP OK - 91% free (19339 MB out of 21455 MB)
[1584082800] CURRENT SERVICE STATE: vdb-100;Total Processes;OK;HARD;1;PROCS OK: 183 processes with STATE = RSZDT
[1584082800] CURRENT SERVICE STATE: vdb-101;/mnt/data01 Partition;CRITICAL;HARD;4;/mnt/data01 is at 92% capacity! 3.1T of 3.6T
[1584082800] CURRENT SERVICE STATE: vdb-101;Current Load;OK;HARD;1;OK - load average: 0.00, 0.00, 0.00
[1584082800] CURRENT SERVICE STATE: vdb-101;Current Users;OK;HARD;1;USERS OK - 0 users currently logged in
[1584082800] CURRENT SERVICE STATE: vdb-101;PING;OK;HARD;1;PING OK - Packet loss = 0%, RTA = 0.04 ms
[1584082800] CURRENT SERVICE STATE: vdb-101;Root Partition;OK;HARD;1;/ is at 25% capacity, 42G of 183G
[1584082800] CURRENT SERVICE STATE: vdb-101;SSH;OK;HARD;1;SSH OK - OpenSSH_7.2p2 Ubuntu-4ubuntu2.4 (protocol 2.0)
[1584082800] CURRENT SERVICE STATE: vdb-101;Swap Usage;OK;HARD;1;SWAP OK - 67% free (14331 MB out of 21455 MB)
[1584082800] CURRENT SERVICE STATE: vdb-101;Total Processes;OK;HARD;1;PROCS OK: 150 processes with STATE = RSZDT
[1584082800] CURRENT SERVICE STATE: vdb-103;/mnt/data01 Partition;OK;HARD;1;/mnt/data01 is at 58% capacity, 4.0T of 7.3T
[1584082800] CURRENT SERVICE STATE: vdb-103;Current Load;OK;HARD;1;OK - load average: 0.00, 0.00, 0.00
[1584082800] CURRENT SERVICE STATE: vdb-103;Current Users;OK;HARD;1;USERS OK - 1 users currently logged in
[1584082800] CURRENT SERVICE STATE: vdb-103;PING;OK;HARD;1;PING OK - Packet loss = 0%, RTA = 0.07 ms
[1584082800] CURRENT SERVICE STATE: vdb-103;Root Partition;OK;HARD;1;/ is at 32% capacity, 138G of 457G
[1584082800] CURRENT SERVICE STATE: vdb-103;SSH;OK;HARD;1;SSH OK - OpenSSH_7.6p1 Ubuntu-4ubuntu0.2 (protocol 2.0)
[1584082800] CURRENT SERVICE STATE: vdb-103;Swap Usage;CRITICAL;HARD;4;SWAP CRITICAL - 1% free (0 MB out of 2047 MB)
[1584082800] CURRENT SERVICE STATE: vdb-103;Total Processes;OK;HARD;1;PROCS OK: 180 processes with STATE = RSZDT
[1584082800] CURRENT SERVICE STATE: vdb-staging;/mnt/data01 Partition;OK;HARD;1;/mnt/data01 is at 64% capacity, 5.5T of 9.1T
[1584082800] CURRENT SERVICE STATE: vdb-staging;Current Load;OK;HARD;1;OK - load average: 0.85, 1.52, 1.97
[1584082800] CURRENT SERVICE STATE: vdb-staging;Current Users;OK;HARD;1;USERS OK - 1 users currently logged in
[1584082800] CURRENT SERVICE STATE: vdb-staging;PING;OK;HARD;1;PING OK - Packet loss = 0%, RTA = 0.06 ms
[1584082800] CURRENT SERVICE STATE: vdb-staging;Root Partition;OK;HARD;1;/ is at 6% capacity, 102G of 1.8T
[1584082800] CURRENT SERVICE STATE: vdb-staging;SSH;OK;HARD;1;SSH OK - OpenSSH_7.2p2 Ubuntu-4ubuntu2.4 (protocol 2.0)
[1584082800] CURRENT SERVICE STATE: vdb-staging;Swap Usage;OK;HARD;1;SWAP OK - 85% free (87326 MB out of 103375 MB)
[1584082800] CURRENT SERVICE STATE: vdb-staging;Total Processes;OK;HARD;1;PROCS OK: 150 processes with STATE = RSZDT
[1584082800] CURRENT SERVICE STATE: vinfra-200;/mnt/data01 Partition;OK;HARD;1;/mnt/data is at 11% capacity, 92G of 917G
[1584082800] CURRENT SERVICE STATE: vinfra-200;Current Load;OK;HARD;1;OK - load average: 0.76, 1.00, 1.04
[1584082800] CURRENT SERVICE STATE: vinfra-200;Current Users;OK;HARD;1;USERS OK - 1 users currently logged in
[1584082800] CURRENT SERVICE STATE: vinfra-200;MySQL Connection Time;OK;HARD;1;OK - 0.01 seconds to connect as nagios
[1584082800] CURRENT SERVICE STATE: vinfra-200;MySQL Uptime;OK;HARD;1;OK - database is up since 33132 minutes
[1584082800] CURRENT SERVICE STATE: vinfra-200;PING;OK;HARD;1;PING OK - Packet loss = 0%, RTA = 0.05 ms
[1584082800] CURRENT SERVICE STATE: vinfra-200;Root Partition;OK;HARD;1;/ is at 59% capacity, 101G of 182G
[1584082800] CURRENT SERVICE STATE: vinfra-200;SSH;OK;HARD;1;SSH OK - OpenSSH_7.2p2 Ubuntu-4ubuntu2.6 (protocol 2.0)
[1584082800] CURRENT SERVICE STATE: vinfra-200;Swap Usage;CRITICAL;HARD;4;SWAP CRITICAL - 1% free (0 MB out of 975 MB)
[1584082800] CURRENT SERVICE STATE: vinfra-200;Total Processes;OK;HARD;1;PROCS OK: 162 processes with STATE = RSZDT
[1584082800] CURRENT SERVICE STATE: vinfra-200;VAULT;OK;HARD;1;OK - Vault is initialized, unsealed, and active
[1584082800] CURRENT SERVICE STATE: vonly-backup;/media/data Partition;CRITICAL;HARD;4;/media/data is at 91% capacity! 6.3T of 7.3T
[1584082800] CURRENT SERVICE STATE: vonly-backup;Current Load;OK;HARD;1;OK - load average: 0.05, 0.18, 0.47
[1584082800] CURRENT SERVICE STATE: vonly-backup;Current Users;OK;HARD;1;USERS OK - 0 users currently logged in
[1584082800] CURRENT SERVICE STATE: vonly-backup;PING;OK;HARD;1;PING OK - Packet loss = 0%, RTA = 0.06 ms
[1584082800] CURRENT SERVICE STATE: vonly-backup;Root Partition;OK;HARD;1;/ is at 47% capacity, 98G of 220G
[1584082800] CURRENT SERVICE STATE: vonly-backup;SSH;OK;HARD;1;SSH OK - OpenSSH_7.2p2 Ubuntu-4ubuntu2.8 (protocol 2.0)
[1584082800] CURRENT SERVICE STATE: vonly-backup;Swap Usage;OK;HARD;1;SWAP OK - 94% free (53443 MB out of 57111 MB)
[1584082800] CURRENT SERVICE STATE: vonly-backup;Total Processes;OK;HARD;1;PROCS OK: 223 processes with STATE = RSZDT
[1584082800] CURRENT SERVICE STATE: vonly-database;/media/data Partition;OK;HARD;1;/media/data is at 36% capacity, 1.2T of 3.6T
[1584082800] CURRENT SERVICE STATE: vonly-database;Current Load;OK;HARD;1;OK - load average: 0.00, 0.00, 0.00
[1584082800] CURRENT SERVICE STATE: vonly-database;Current Users;OK;HARD;1;USERS OK - 1 users currently logged in
[1584082800] CURRENT SERVICE STATE: vonly-database;PING;OK;HARD;1;PING OK - Packet loss = 0%, RTA = 0.05 ms
[1584082800] CURRENT SERVICE STATE: vonly-database;Root Partition;OK;HARD;1;/ is at 58% capacity, 120G of 220G
[1584082800] CURRENT SERVICE STATE: vonly-database;SSH;OK;HARD;1;SSH OK - OpenSSH_7.2p2 Ubuntu-4ubuntu2.8 (protocol 2.0)
[1584082800] CURRENT SERVICE STATE: vonly-database;Swap Usage;OK;HARD;1;SWAP OK - 74% free (42130 MB out of 57111 MB)
[1584082800] CURRENT SERVICE STATE: vonly-database;Total Processes;OK;HARD;1;PROCS OK: 156 processes with STATE = RSZDT
[1584082800] CURRENT SERVICE STATE: vonly-replica;/media/data Partition;OK;HARD;1;/media/data is at 68% capacity, 4.7T of 7.3T
[1584082800] CURRENT SERVICE STATE: vonly-replica;Current Load;OK;HARD;1;OK - load average: 1.88, 1.87, 2.01
[1584082800] CURRENT SERVICE STATE: vonly-replica;Current Users;OK;HARD;1;USERS OK - 0 users currently logged in
[1584082800] CURRENT SERVICE STATE: vonly-replica;PING;OK;HARD;1;PING OK - Packet loss = 0%, RTA = 0.05 ms
[1584082800] CURRENT SERVICE STATE: vonly-replica;Root Partition;OK;HARD;1;/ is at 31% capacity, 31G of 108G
[1584082800] CURRENT SERVICE STATE: vonly-replica;SSH;OK;HARD;1;SSH OK - OpenSSH_7.2p2 Ubuntu-4ubuntu2.2 (protocol 2.0)
[1584082800] CURRENT SERVICE STATE: vonly-replica;Swap Usage;OK;HARD;1;SWAP OK - 98% free (27186 MB out of 27876 MB)
[1584082800] CURRENT SERVICE STATE: vonly-replica;Total Processes;OK;HARD;1;PROCS OK: 91 processes with STATE = RSZDT
[1584082805] SERVICE ALERT: WINV-102;CPU Load;WARNING;SOFT;1;CPU Load 89% (5 min average)
[1584082920] SERVICE NOTIFICATION: jatin;vdb-101;/mnt/data01 Partition;CRITICAL;notify-service-by-email;/mnt/data01 is at 92% capacity! 3.1T of 3.6T
[1584082920] SERVICE NOTIFICATION: atul;vdb-101;/mnt/data01 Partition;CRITICAL;notify-service-by-email;/mnt/data01 is at 92% capacity! 3.1T of 3.6T
[1584082925] SERVICE ALERT: WINV-102;CPU Load;CRITICAL;SOFT;2;CPU Load 100% (5 min average)
[1584083045] SERVICE ALERT: WINV-102;CPU Load;OK;HARD;3;CPU Load 14% (5 min average)
[1584083426] Auto-save of retention data completed successfully.
[1584084368] SERVICE ALERT: vapps-100;Current Load;WARNING;SOFT;1;WARNING - load average: 20.38, 15.14, 8.10
[1584084428] SERVICE ALERT: vapps-100;Current Load;WARNING;SOFT;2;WARNING - load average: 22.89, 16.78, 9.10
[1584084488] SERVICE ALERT: vapps-100;Current Load;WARNING;SOFT;3;WARNING - load average: 29.85, 19.75, 10.60
[1584084548] SERVICE NOTIFICATION: jatin;vapps-100;Current Load;WARNING;notify-service-by-email;WARNING - load average: 18.94, 18.28, 10.66
[1584084548] SERVICE NOTIFICATION: atul;vapps-100;Current Load;WARNING;notify-service-by-email;WARNING - load average: 18.94, 18.28, 10.66
[1584084548] SERVICE ALERT: vapps-100;Current Load;WARNING;HARD;4;WARNING - load average: 18.94, 18.28, 10.66
[1584084848] SERVICE NOTIFICATION: jatin;vapps-100;Current Load;CRITICAL;notify-service-by-email;CRITICAL - load average: 27.44, 25.31, 15.96
[1584084848] SERVICE NOTIFICATION: atul;vapps-100;Current Load;CRITICAL;notify-service-by-email;CRITICAL - load average: 27.44, 25.31, 15.96
[1584084848] SERVICE ALERT: vapps-100;Current Load;CRITICAL;HARD;4;CRITICAL - load average: 27.44, 25.31, 15.96
[1584085020] SERVICE NOTIFICATION: nagiosadmin;vonly-backup;/media/data Partition;CRITICAL;notify-service-by-email;/media/data is at 91% capacity! 6.3T of 7.3T
[1584085020] SERVICE NOTIFICATION: jatin;vonly-backup;/media/data Partition;CRITICAL;notify-service-by-email;/media/data is at 91% capacity! 6.3T of 7.3T
[1584085020] SERVICE NOTIFICATION: atul;vonly-backup;/media/data Partition;CRITICAL;notify-service-by-email;/media/data is at 91% capacity! 6.3T of 7.3T
[1584085147] SERVICE ALERT: vinfra-200;Current Load;WARNING;SOFT;1;WARNING - load average: 8.19, 7.52, 5.55
[1584085207] SERVICE ALERT: vinfra-200;Current Load;WARNING;SOFT;2;WARNING - load average: 7.61, 7.51, 5.68
[1584085267] SERVICE ALERT: vinfra-200;Current Load;WARNING;SOFT;3;WARNING - load average: 7.83, 7.76, 5.89
[1584085327] SERVICE NOTIFICATION: jatin;vinfra-200;Current Load;WARNING;notify-service-by-email;WARNING - load average: 5.29, 7.04, 5.76
[1584085327] SERVICE NOTIFICATION: atul;vinfra-200;Current Load;WARNING;notify-service-by-email;WARNING - load average: 5.29, 7.04, 5.76
[1584085327] SERVICE ALERT: vinfra-200;Current Load;WARNING;HARD;4;WARNING - load average: 5.29, 7.04, 5.76
[1584087026] Auto-save of retention data completed successfully.
[1584087634] SERVICE NOTIFICATION: jatin;WINV-103;OS Drive Space;WARNING;notify-service-by-email;c:\ - total: 68.27 Gb - used: 54.98 Gb (81%) - free 13.29 Gb (19%)
[1584087634] SERVICE NOTIFICATION: atul;WINV-103;OS Drive Space;WARNING;notify-service-by-email;c:\ - total: 68.27 Gb - used: 54.98 Gb (81%) - free 13.29 Gb (19%)
[1584088354] SERVICE NOTIFICATION: jatin;WINV-104;Data Drive Space;WARNING;notify-service-by-email;d:\ - total: 931.32 Gb - used: 750.88 Gb (81%) - free 180.44 Gb (19%)
[1584088354] SERVICE NOTIFICATION: atul;WINV-104;Data Drive Space;WARNING;notify-service-by-email;d:\ - total: 931.32 Gb - used: 750.88 Gb (81%) - free 180.44 Gb (19%)
[1584088594] SERVICE ALERT: WINV-107;CPU Load;WARNING;SOFT;1;CPU Load 87% (5 min average)
[1584088620] SERVICE NOTIFICATION: nagiosadmin;vonly-backup;/media/data Partition;CRITICAL;notify-service-by-email;/media/data is at 91% capacity! 6.3T of 7.3T
[1584088620] SERVICE NOTIFICATION: jatin;vonly-backup;/media/data Partition;CRITICAL;notify-service-by-email;/media/data is at 91% capacity! 6.3T of 7.3T
[1584088620] SERVICE NOTIFICATION: atul;vonly-backup;/media/data Partition;CRITICAL;notify-service-by-email;/media/data is at 91% capacity! 6.3T of 7.3T
[1584088714] SERVICE ALERT: WINV-107;CPU Load;OK;SOFT;2;CPU Load 11% (5 min average)
[1584089648] SERVICE NOTIFICATION: jatin;vapps-100;Current Load;WARNING;notify-service-by-email;WARNING - load average: 9.53, 14.25, 18.19
[1584089648] SERVICE NOTIFICATION: atul;vapps-100;Current Load;WARNING;notify-service-by-email;WARNING - load average: 9.53, 14.25, 18.19
[1584089648] SERVICE ALERT: vapps-100;Current Load;WARNING;HARD;4;WARNING - load average: 9.53, 14.25, 18.19
[1584089948] SERVICE FLAPPING ALERT: vapps-100;Current Load;STARTED; Service appears to have started flapping (20.3% change >= 20.0% threshold)
[1584089948] SERVICE NOTIFICATION: jatin;vapps-100;Current Load;FLAPPINGSTART (CRITICAL);notify-service-by-email;CRITICAL - load average: 25.62, 21.48, 20.29
[1584089948] SERVICE NOTIFICATION: atul;vapps-100;Current Load;FLAPPINGSTART (CRITICAL);notify-service-by-email;CRITICAL - load average: 25.62, 21.48, 20.29
[1584089948] SERVICE ALERT: vapps-100;Current Load;CRITICAL;HARD;4;CRITICAL - load average: 25.62, 21.48, 20.29
[1584090120] SERVICE NOTIFICATION: jatin;vinfra-200;Swap Usage;CRITICAL;notify-service-by-email;SWAP CRITICAL - 1% free (0 MB out of 975 MB)
[1584090120] SERVICE NOTIFICATION: atul;vinfra-200;Swap Usage;CRITICAL;notify-service-by-email;SWAP CRITICAL - 1% free (0 MB out of 975 MB)
[1584090248] SERVICE ALERT: vapps-100;Current Load;WARNING;HARD;4;WARNING - load average: 18.31, 17.78, 18.99
[1584090625] Auto-save of retention data completed successfully.
[1584091560] SERVICE NOTIFICATION: jatin;WINV-110;Data Drive Space;WARNING;notify-service-by-email;d:\ - total: 931.32 Gb - used: 775.53 Gb (83%) - free 155.79 Gb (17%)
[1584091560] SERVICE NOTIFICATION: atul;WINV-110;Data Drive Space;WARNING;notify-service-by-email;d:\ - total: 931.32 Gb - used: 775.53 Gb (83%) - free 155.79 Gb (17%)
[1584091748] SERVICE ALERT: vapps-100;Current Load;CRITICAL;HARD;4;CRITICAL - load average: 22.24, 21.71, 20.55
[1584092220] SERVICE NOTIFICATION: nagiosadmin;vonly-backup;/media/data Partition;CRITICAL;notify-service-by-email;/media/data is at 91% capacity! 6.3T of 7.3T
[1584092220] SERVICE NOTIFICATION: jatin;vonly-backup;/media/data Partition;CRITICAL;notify-service-by-email;/media/data is at 91% capacity! 6.3T of 7.3T
[1584092220] SERVICE NOTIFICATION: atul;vonly-backup;/media/data Partition;CRITICAL;notify-service-by-email;/media/data is at 91% capacity! 6.3T of 7.3T
[1584093000] SERVICE ALERT: vonly-replica;Current Load;WARNING;SOFT;1;WARNING - load average: 10.85, 10.88, 10.24
[1584093060] SERVICE ALERT: vonly-replica;Current Load;WARNING;SOFT;2;WARNING - load average: 11.16, 10.94, 10.30
[1584093120] SERVICE ALERT: vonly-replica;Current Load;WARNING;SOFT;3;WARNING - load average: 10.70, 10.81, 10.29
[1584093180] SERVICE NOTIFICATION: jatin;vonly-replica;Current Load;WARNING;notify-service-by-email;WARNING - load average: 11.94, 11.15, 10.44
[1584093180] SERVICE NOTIFICATION: atul;vonly-replica;Current Load;WARNING;notify-service-by-email;WARNING - load average: 11.94, 11.15, 10.44
[1584093180] SERVICE ALERT: vonly-replica;Current Load;WARNING;HARD;4;WARNING - load average: 11.94, 11.15, 10.44
[1584093720] SERVICE NOTIFICATION: jatin;vdb-103;Swap Usage;CRITICAL;notify-service-by-email;SWAP CRITICAL - 1% free (0 MB out of 2047 MB)
[1584093720] SERVICE NOTIFICATION: atul;vdb-103;Swap Usage;CRITICAL;notify-service-by-email;SWAP CRITICAL - 1% free (0 MB out of 2047 MB)
[1584094080] SERVICE NOTIFICATION: jatin;vonly-replica;Current Load;OK;notify-service-by-email;OK - load average: 6.24, 7.92, 9.46
[1584094080] SERVICE NOTIFICATION: atul;vonly-replica;Current Load;OK;notify-service-by-email;OK - load average: 6.24, 7.92, 9.46
[1584094080] SERVICE ALERT: vonly-replica;Current Load;OK;HARD;4;OK - load average: 6.24, 7.92, 9.46
[1584094225] Auto-save of retention data completed successfully.
[1584095521] SERVICE NOTIFICATION: jatin;WINV-102;Data Drive Space;WARNING;notify-service-by-email;d:\ - total: 1862.64 Gb - used: 1515.24 Gb (81%) - free 347.40 Gb (19%)
[1584095521] SERVICE NOTIFICATION: atul;WINV-102;Data Drive Space;WARNING;notify-service-by-email;d:\ - total: 1862.64 Gb - used: 1515.24 Gb (81%) - free 347.40 Gb (19%)
[1584095555] SERVICE NOTIFICATION: jatin;WINV-101;Data Drive Space;WARNING;notify-service-by-email;d:\ - total: 931.32 Gb - used: 764.41 Gb (82%) - free 166.90 Gb (18%)
[1584095555] SERVICE NOTIFICATION: atul;WINV-101;Data Drive Space;WARNING;notify-service-by-email;d:\ - total: 931.32 Gb - used: 764.41 Gb (82%) - free 166.90 Gb (18%)
[1584095648] SERVICE ALERT: vapps-100;Current Load;WARNING;HARD;4;WARNING - load average: 8.92, 13.85, 19.33
[1584095820] SERVICE NOTIFICATION: nagiosadmin;vonly-backup;/media/data Partition;CRITICAL;notify-service-by-email;/media/data is at 91% capacity! 6.3T of 7.3T
[1584095820] SERVICE NOTIFICATION: jatin;vonly-backup;/media/data Partition;CRITICAL;notify-service-by-email;/media/data is at 91% capacity! 6.3T of 7.3T
[1584095820] SERVICE NOTIFICATION: atul;vonly-backup;/media/data Partition;CRITICAL;notify-service-by-email;/media/data is at 91% capacity! 6.3T of 7.3T
[1584096034] SERVICE ALERT: WINV-107;CPU Load;CRITICAL;SOFT;1;CPU Load 99% (5 min average)
[1584096154] SERVICE ALERT: WINV-107;CPU Load;OK;SOFT;2;CPU Load 8% (5 min average)
[1584096634] SERVICE NOTIFICATION: jatin;WINV-103;OS Drive Space;OK;notify-service-by-email;c:\ - total: 68.27 Gb - used: 54.55 Gb (80%) - free 13.71 Gb (20%)
[1584096634] SERVICE NOTIFICATION: atul;WINV-103;OS Drive Space;OK;notify-service-by-email;c:\ - total: 68.27 Gb - used: 54.55 Gb (80%) - free 13.71 Gb (20%)
[1584096634] SERVICE ALERT: WINV-103;OS Drive Space;OK;HARD;3;c:\ - total: 68.27 Gb - used: 54.55 Gb (80%) - free 13.71 Gb (20%)
[1584097748] SERVICE ALERT: vapps-100;Current Load;CRITICAL;HARD;4;CRITICAL - load average: 37.57, 28.79, 21.58
[1584097826] Auto-save of retention data completed successfully.
[1584098074] SERVICE ALERT: WINV-107;CPU Load;CRITICAL;SOFT;1;CPU Load 100% (5 min average)
[1584098194] SERVICE ALERT: WINV-107;CPU Load;OK;SOFT;2;CPU Load 71% (5 min average)
[1584099420] SERVICE NOTIFICATION: nagiosadmin;vonly-backup;/media/data Partition;CRITICAL;notify-service-by-email;/media/data is at 91% capacity! 6.3T of 7.3T
[1584099420] SERVICE NOTIFICATION: jatin;vonly-backup;/media/data Partition;CRITICAL;notify-service-by-email;/media/data is at 91% capacity! 6.3T of 7.3T
[1584099420] SERVICE NOTIFICATION: atul;vonly-backup;/media/data Partition;CRITICAL;notify-service-by-email;/media/data is at 91% capacity! 6.3T of 7.3T
[1584099727] SERVICE NOTIFICATION: jatin;vinfra-200;Current Load;WARNING;notify-service-by-email;WARNING - load average: 4.15, 5.22, 5.88
[1584099727] SERVICE NOTIFICATION: atul;vinfra-200;Current Load;WARNING;notify-service-by-email;WARNING - load average: 4.15, 5.22, 5.88
[1584099848] SERVICE ALERT: vapps-100;Current Load;WARNING;HARD;4;WARNING - load average: 6.96, 9.97, 17.23
[1584100327] SERVICE NOTIFICATION: jatin;vinfra-200;Current Load;OK;notify-service-by-email;OK - load average: 2.83, 2.84, 4.36
[1584100327] SERVICE NOTIFICATION: atul;vinfra-200;Current Load;OK;notify-service-by-email;OK - load average: 2.83, 2.84, 4.36
[1584100327] SERVICE ALERT: vinfra-200;Current Load;OK;HARD;4;OK - load average: 2.83, 2.84, 4.36
[1584100749] SERVICE ALERT: vapps-100;Current Load;OK;HARD;4;OK - load average: 0.32, 1.48, 7.75
[1584101426] Auto-save of retention data completed successfully.
[1584101912] SERVICE ALERT: WINV-101;CPU Load;CRITICAL;SOFT;1;CPU Load 99% (5 min average)
[1584102032] SERVICE ALERT: WINV-101;CPU Load;CRITICAL;SOFT;2;CPU Load 100% (5 min average)
[1584102152] SERVICE NOTIFICATION: jatin;WINV-101;CPU Load;CRITICAL;notify-service-by-email;CPU Load 100% (5 min average)
[1584102152] SERVICE NOTIFICATION: atul;WINV-101;CPU Load;CRITICAL;notify-service-by-email;CPU Load 100% (5 min average)
[1584102152] SERVICE ALERT: WINV-101;CPU Load;CRITICAL;HARD;3;CPU Load 100% (5 min average)
[1584102752] SERVICE NOTIFICATION: jatin;WINV-101;CPU Load;OK;notify-service-by-email;CPU Load 3% (5 min average)
[1584102752] SERVICE NOTIFICATION: atul;WINV-101;CPU Load;OK;notify-service-by-email;CPU Load 3% (5 min average)
[1584102752] SERVICE ALERT: WINV-101;CPU Load;OK;HARD;3;CPU Load 3% (5 min average)
[1584102754] SERVICE NOTIFICATION: jatin;WINV-104;Data Drive Space;WARNING;notify-service-by-email;d:\ - total: 931.32 Gb - used: 750.97 Gb (81%) - free 180.35 Gb (19%)
[1584102754] SERVICE NOTIFICATION: atul;WINV-104;Data Drive Space;WARNING;notify-service-by-email;d:\ - total: 931.32 Gb - used: 750.97 Gb (81%) - free 180.35 Gb (19%)
[1584103020] SERVICE NOTIFICATION: nagiosadmin;vonly-backup;/media/data Partition;CRITICAL;notify-service-by-email;/media/data is at 91% capacity! 6.3T of 7.3T
[1584103020] SERVICE NOTIFICATION: jatin;vonly-backup;/media/data Partition;CRITICAL;notify-service-by-email;/media/data is at 91% capacity! 6.3T of 7.3T
[1584103020] SERVICE NOTIFICATION: atul;vonly-backup;/media/data Partition;CRITICAL;notify-service-by-email;/media/data is at 91% capacity! 6.3T of 7.3T
[1584104521] SERVICE NOTIFICATION: jatin;vinfra-200;Swap Usage;CRITICAL;notify-service-by-email;SWAP CRITICAL - 1% free (0 MB out of 975 MB)
[1584104521] SERVICE NOTIFICATION: atul;vinfra-200;Swap Usage;CRITICAL;notify-service-by-email;SWAP CRITICAL - 1% free (0 MB out of 975 MB)
[1584105026] Auto-save of retention data completed successfully.
[1584105849] SERVICE FLAPPING ALERT: vapps-100;Current Load;STOPPED; Service appears to have stopped flapping (4.0% change < 5.0% threshold)
[1584105849] SERVICE NOTIFICATION: jatin;vapps-100;Current Load;FLAPPINGSTOP (OK);notify-service-by-email;OK - load average: 0.77, 0.90, 1.01
[1584105849] SERVICE NOTIFICATION: atul;vapps-100;Current Load;FLAPPINGSTOP (OK);notify-service-by-email;OK - load average: 0.77, 0.90, 1.01
[1584105960] SERVICE NOTIFICATION: jatin;WINV-110;Data Drive Space;WARNING;notify-service-by-email;d:\ - total: 931.32 Gb - used: 794.18 Gb (85%) - free 137.14 Gb (15%)
[1584105960] SERVICE NOTIFICATION: atul;WINV-110;Data Drive Space;WARNING;notify-service-by-email;d:\ - total: 931.32 Gb - used: 794.18 Gb (85%) - free 137.14 Gb (15%)
[1584106620] SERVICE NOTIFICATION: nagiosadmin;vonly-backup;/media/data Partition;CRITICAL;notify-service-by-email;/media/data is at 91% capacity! 6.3T of 7.3T
[1584106620] SERVICE NOTIFICATION: jatin;vonly-backup;/media/data Partition;CRITICAL;notify-service-by-email;/media/data is at 91% capacity! 6.3T of 7.3T
[1584106620] SERVICE NOTIFICATION: atul;vonly-backup;/media/data Partition;CRITICAL;notify-service-by-email;/media/data is at 91% capacity! 6.3T of 7.3T
[1584108120] SERVICE NOTIFICATION: jatin;vdb-103;Swap Usage;CRITICAL;notify-service-by-email;SWAP CRITICAL - 1% free (0 MB out of 2047 MB)
[1584108120] SERVICE NOTIFICATION: atul;vdb-103;Swap Usage;CRITICAL;notify-service-by-email;SWAP CRITICAL - 1% free (0 MB out of 2047 MB)
[1584108625] Auto-save of retention data completed successfully.
[1584109921] SERVICE NOTIFICATION: jatin;WINV-102;Data Drive Space;WARNING;notify-service-by-email;d:\ - total: 1862.64 Gb - used: 1512.44 Gb (81%) - free 350.20 Gb (19%)
[1584109921] SERVICE NOTIFICATION: atul;WINV-102;Data Drive Space;WARNING;notify-service-by-email;d:\ - total: 1862.64 Gb - used: 1512.44 Gb (81%) - free 350.20 Gb (19%)
[1584109955] SERVICE NOTIFICATION: jatin;WINV-101;Data Drive Space;WARNING;notify-service-by-email;d:\ - total: 931.32 Gb - used: 764.58 Gb (82%) - free 166.74 Gb (18%)
[1584109955] SERVICE NOTIFICATION: atul;WINV-101;Data Drive Space;WARNING;notify-service-by-email;d:\ - total: 931.32 Gb - used: 764.58 Gb (82%) - free 166.74 Gb (18%)
[1584110220] SERVICE NOTIFICATION: nagiosadmin;vonly-backup;/media/data Partition;CRITICAL;notify-service-by-email;/media/data is at 91% capacity! 6.3T of 7.3T
[1584110220] SERVICE NOTIFICATION: jatin;vonly-backup;/media/data Partition;CRITICAL;notify-service-by-email;/media/data is at 91% capacity! 6.3T of 7.3T
[1584110220] SERVICE NOTIFICATION: atul;vonly-backup;/media/data Partition;CRITICAL;notify-service-by-email;/media/data is at 91% capacity! 6.3T of 7.3T
[1584112226] Auto-save of retention data completed successfully.
[1584113820] SERVICE NOTIFICATION: nagiosadmin;vonly-backup;/media/data Partition;CRITICAL;notify-service-by-email;/media/data is at 91% capacity! 6.3T of 7.3T
[1584113820] SERVICE NOTIFICATION: jatin;vonly-backup;/media/data Partition;CRITICAL;notify-service-by-email;/media/data is at 91% capacity! 6.3T of 7.3T
[1584113820] SERVICE NOTIFICATION: atul;vonly-backup;/media/data Partition;CRITICAL;notify-service-by-email;/media/data is at 91% capacity! 6.3T of 7.3T
[1584115825] Auto-save of retention data completed successfully.
[1584116531] SERVICE ALERT: vonly-database;SSH;CRITICAL;SOFT;1;CRITICAL - Socket timeout
[1584116591] SERVICE ALERT: vonly-database;SSH;OK;SOFT;2;SSH OK - OpenSSH_7.2p2 Ubuntu-4ubuntu2.8 (protocol 2.0)
[1584117154] SERVICE NOTIFICATION: jatin;WINV-104;Data Drive Space;WARNING;notify-service-by-email;d:\ - total: 931.32 Gb - used: 751.14 Gb (81%) - free 180.18 Gb (19%)
[1584117154] SERVICE NOTIFICATION: atul;WINV-104;Data Drive Space;WARNING;notify-service-by-email;d:\ - total: 931.32 Gb - used: 751.14 Gb (81%) - free 180.18 Gb (19%)
[1584117311] SERVICE ALERT: vonly-database;Current Load;WARNING;SOFT;1;WARNING - load average: 7.85, 6.63, 5.38
[1584117376] SERVICE ALERT: vonly-database;Current Load;WARNING;SOFT;2;WARNING - load average: 8.86, 7.21, 5.67
[1584117420] SERVICE NOTIFICATION: nagiosadmin;vonly-backup;/media/data Partition;CRITICAL;notify-service-by-email;/media/data is at 91% capacity! 6.3T of 7.3T
[1584117420] SERVICE NOTIFICATION: jatin;vonly-backup;/media/data Partition;CRITICAL;notify-service-by-email;/media/data is at 91% capacity! 6.3T of 7.3T
[1584117420] SERVICE NOTIFICATION: atul;vonly-backup;/media/data Partition;CRITICAL;notify-service-by-email;/media/data is at 91% capacity! 6.3T of 7.3T
[1584117436] SERVICE ALERT: vonly-database;Current Load;WARNING;SOFT;3;WARNING - load average: 7.92, 7.23, 5.77
[1584117497] SERVICE NOTIFICATION: jatin;vonly-database;Current Load;WARNING;notify-service-by-email;WARNING - load average: 7.51, 7.25, 5.87
[1584117497] SERVICE NOTIFICATION: atul;vonly-database;Current Load;WARNING;notify-service-by-email;WARNING - load average: 7.51, 7.25, 5.87
[1584117497] SERVICE ALERT: vonly-database;Current Load;WARNING;HARD;4;WARNING - load average: 7.51, 7.25, 5.87
[1584118697] SERVICE NOTIFICATION: jatin;vonly-database;Current Load;OK;notify-service-by-email;OK - load average: 2.36, 3.53, 4.74
[1584118697] SERVICE NOTIFICATION: atul;vonly-database;Current Load;OK;notify-service-by-email;OK - load average: 2.36, 3.53, 4.74
[1584118697] SERVICE ALERT: vonly-database;Current Load;OK;HARD;4;OK - load average: 2.36, 3.53, 4.74
[1584118922] SERVICE NOTIFICATION: jatin;vinfra-200;Swap Usage;CRITICAL;notify-service-by-email;SWAP CRITICAL - 1% free (0 MB out of 975 MB)
[1584118922] SERVICE NOTIFICATION: atul;vinfra-200;Swap Usage;CRITICAL;notify-service-by-email;SWAP CRITICAL - 1% free (0 MB out of 975 MB)
[1584118955] SERVICE ALERT: WINV-104;CPU Load;CRITICAL;SOFT;1;CPU Load 100% (5 min average)
[1584119075] SERVICE ALERT: WINV-104;CPU Load;OK;SOFT;2;CPU Load 66% (5 min average)
[1584119425] Auto-save of retention data completed successfully.
[1584120360] SERVICE NOTIFICATION: jatin;WINV-110;Data Drive Space;WARNING;notify-service-by-email;d:\ - total: 931.32 Gb - used: 807.62 Gb (87%) - free 123.70 Gb (13%)
[1584120360] SERVICE NOTIFICATION: atul;WINV-110;Data Drive Space;WARNING;notify-service-by-email;d:\ - total: 931.32 Gb - used: 807.62 Gb (87%) - free 123.70 Gb (13%)
[1584121020] SERVICE NOTIFICATION: nagiosadmin;vonly-backup;/media/data Partition;CRITICAL;notify-service-by-email;/media/data is at 91% capacity! 6.3T of 7.3T
[1584121020] SERVICE NOTIFICATION: jatin;vonly-backup;/media/data Partition;CRITICAL;notify-service-by-email;/media/data is at 91% capacity! 6.3T of 7.3T
[1584121020] SERVICE NOTIFICATION: atul;vonly-backup;/media/data Partition;CRITICAL;notify-service-by-email;/media/data is at 91% capacity! 6.3T of 7.3T
[1584121632] SERVICE ALERT: vonly-database;PING;CRITICAL;SOFT;1;CRITICAL - Plugin timed out after 10 seconds
[1584121697] SERVICE ALERT: vonly-database;PING;OK;SOFT;2;PING OK - Packet loss = 0%, RTA = 0.08 ms
[1584122520] SERVICE NOTIFICATION: jatin;vdb-103;Swap Usage;CRITICAL;notify-service-by-email;SWAP CRITICAL - 1% free (0 MB out of 2047 MB)
[1584122520] SERVICE NOTIFICATION: atul;vdb-103;Swap Usage;CRITICAL;notify-service-by-email;SWAP CRITICAL - 1% free (0 MB out of 2047 MB)
[1584123026] Auto-save of retention data completed successfully.
[1584124321] SERVICE NOTIFICATION: jatin;WINV-102;Data Drive Space;WARNING;notify-service-by-email;d:\ - total: 1862.64 Gb - used: 1512.45 Gb (81%) - free 350.18 Gb (19%)
[1584124321] SERVICE NOTIFICATION: atul;WINV-102;Data Drive Space;WARNING;notify-service-by-email;d:\ - total: 1862.64 Gb - used: 1512.45 Gb (81%) - free 350.18 Gb (19%)
[1584124355] SERVICE NOTIFICATION: jatin;WINV-101;Data Drive Space;WARNING;notify-service-by-email;d:\ - total: 931.32 Gb - used: 764.57 Gb (82%) - free 166.75 Gb (18%)
[1584124355] SERVICE NOTIFICATION: atul;WINV-101;Data Drive Space;WARNING;notify-service-by-email;d:\ - total: 931.32 Gb - used: 764.57 Gb (82%) - free 166.75 Gb (18%)
[1584124620] SERVICE NOTIFICATION: nagiosadmin;vonly-backup;/media/data Partition;CRITICAL;notify-service-by-email;/media/data is at 91% capacity! 6.3T of 7.3T
[1584124620] SERVICE NOTIFICATION: jatin;vonly-backup;/media/data Partition;CRITICAL;notify-service-by-email;/media/data is at 91% capacity! 6.3T of 7.3T
[1584124620] SERVICE NOTIFICATION: atul;vonly-backup;/media/data Partition;CRITICAL;notify-service-by-email;/media/data is at 91% capacity! 6.3T of 7.3T
[1584126121] SERVICE NOTIFICATION: jatin;vdb-101;/mnt/data01 Partition;CRITICAL;notify-service-by-email;/mnt/data01 is at 92% capacity! 3.1T of 3.6T
[1584126121] SERVICE NOTIFICATION: atul;vdb-101;/mnt/data01 Partition;CRITICAL;notify-service-by-email;/mnt/data01 is at 92% capacity! 3.1T of 3.6T
[1584126626] Auto-save of retention data completed successfully.
[1584128220] SERVICE NOTIFICATION: nagiosadmin;vonly-backup;/media/data Partition;CRITICAL;notify-service-by-email;/media/data is at 91% capacity! 6.3T of 7.3T
[1584128220] SERVICE NOTIFICATION: jatin;vonly-backup;/media/data Partition;CRITICAL;notify-service-by-email;/media/data is at 91% capacity! 6.3T of 7.3T
[1584128220] SERVICE NOTIFICATION: atul;vonly-backup;/media/data Partition;CRITICAL;notify-service-by-email;/media/data is at 91% capacity! 6.3T of 7.3T
[1584130225] Auto-save of retention data completed successfully.
[1584131554] SERVICE NOTIFICATION: jatin;WINV-104;Data Drive Space;WARNING;notify-service-by-email;d:\ - total: 931.32 Gb - used: 752.63 Gb (81%) - free 178.69 Gb (19%)
[1584131554] SERVICE NOTIFICATION: atul;WINV-104;Data Drive Space;WARNING;notify-service-by-email;d:\ - total: 931.32 Gb - used: 752.63 Gb (81%) - free 178.69 Gb (19%)
[1584131820] SERVICE NOTIFICATION: nagiosadmin;vonly-backup;/media/data Partition;CRITICAL;notify-service-by-email;/media/data is at 91% capacity! 6.3T of 7.3T
[1584131820] SERVICE NOTIFICATION: jatin;vonly-backup;/media/data Partition;CRITICAL;notify-service-by-email;/media/data is at 91% capacity! 6.3T of 7.3T
[1584131820] SERVICE NOTIFICATION: atul;vonly-backup;/media/data Partition;CRITICAL;notify-service-by-email;/media/data is at 91% capacity! 6.3T of 7.3T
[1584133621] SERVICE NOTIFICATION: jatin;vinfra-200;Swap Usage;CRITICAL;notify-service-by-email;SWAP CRITICAL - 1% free (0 MB out of 975 MB)
[1584133621] SERVICE NOTIFICATION: atul;vinfra-200;Swap Usage;CRITICAL;notify-service-by-email;SWAP CRITICAL - 1% free (0 MB out of 975 MB)
[1584133826] Auto-save of retention data completed successfully.
[1584134760] SERVICE NOTIFICATION: jatin;WINV-110;Data Drive Space;WARNING;notify-service-by-email;d:\ - total: 931.32 Gb - used: 807.62 Gb (87%) - free 123.70 Gb (13%)
[1584134760] SERVICE NOTIFICATION: atul;WINV-110;Data Drive Space;WARNING;notify-service-by-email;d:\ - total: 931.32 Gb - used: 807.62 Gb (87%) - free 123.70 Gb (13%)
[1584135420] SERVICE NOTIFICATION: nagiosadmin;vonly-backup;/media/data Partition;CRITICAL;notify-service-by-email;/media/data is at 91% capacity! 6.3T of 7.3T
[1584135420] SERVICE NOTIFICATION: jatin;vonly-backup;/media/data Partition;CRITICAL;notify-service-by-email;/media/data is at 91% capacity! 6.3T of 7.3T
[1584135420] SERVICE NOTIFICATION: atul;vonly-backup;/media/data Partition;CRITICAL;notify-service-by-email;/media/data is at 91% capacity! 6.3T of 7.3T
[1584136920] SERVICE NOTIFICATION: jatin;vdb-103;Swap Usage;CRITICAL;notify-service-by-email;SWAP CRITICAL - 1% free (0 MB out of 2047 MB)
[1584136920] SERVICE NOTIFICATION: atul;vdb-103;Swap Usage;CRITICAL;notify-service-by-email;SWAP CRITICAL - 1% free (0 MB out of 2047 MB)
[1584137426] Auto-save of retention data completed successfully.
[1584138721] SERVICE NOTIFICATION: jatin;WINV-102;Data Drive Space;WARNING;notify-service-by-email;d:\ - total: 1862.64 Gb - used: 1513.02 Gb (81%) - free 349.62 Gb (19%)
[1584138721] SERVICE NOTIFICATION: atul;WINV-102;Data Drive Space;WARNING;notify-service-by-email;d:\ - total: 1862.64 Gb - used: 1513.02 Gb (81%) - free 349.62 Gb (19%)
[1584138755] SERVICE NOTIFICATION: jatin;WINV-101;Data Drive Space;WARNING;notify-service-by-email;d:\ - total: 931.32 Gb - used: 764.57 Gb (82%) - free 166.75 Gb (18%)
[1584138755] SERVICE NOTIFICATION: atul;WINV-101;Data Drive Space;WARNING;notify-service-by-email;d:\ - total: 931.32 Gb - used: 764.57 Gb (82%) - free 166.75 Gb (18%)
[1584139020] SERVICE NOTIFICATION: nagiosadmin;vonly-backup;/media/data Partition;CRITICAL;notify-service-by-email;/media/data is at 91% capacity! 6.3T of 7.3T
[1584139020] SERVICE NOTIFICATION: jatin;vonly-backup;/media/data Partition;CRITICAL;notify-service-by-email;/media/data is at 91% capacity! 6.3T of 7.3T
[1584139020] SERVICE NOTIFICATION: atul;vonly-backup;/media/data Partition;CRITICAL;notify-service-by-email;/media/data is at 91% capacity! 6.3T of 7.3T
[1584141026] Auto-save of retention data completed successfully.
[1584141634] SERVICE ALERT: WINV-103;OS Drive Space;WARNING;SOFT;1;c:\ - total: 68.27 Gb - used: 54.66 Gb (80%) - free 13.60 Gb (20%)
[1584141754] SERVICE ALERT: WINV-103;OS Drive Space;WARNING;SOFT;2;c:\ - total: 68.27 Gb - used: 54.70 Gb (80%) - free 13.57 Gb (20%)
[1584141874] SERVICE NOTIFICATION: jatin;WINV-103;OS Drive Space;WARNING;notify-service-by-email;c:\ - total: 68.27 Gb - used: 54.62 Gb (80%) - free 13.64 Gb (20%)
[1584141874] SERVICE NOTIFICATION: atul;WINV-103;OS Drive Space;WARNING;notify-service-by-email;c:\ - total: 68.27 Gb - used: 54.62 Gb (80%) - free 13.64 Gb (20%)
[1584141874] SERVICE ALERT: WINV-103;OS Drive Space;WARNING;HARD;3;c:\ - total: 68.27 Gb - used: 54.62 Gb (80%) - free 13.64 Gb (20%)
[1584142149] SERVICE ALERT: vapps-100;Current Load;WARNING;SOFT;1;WARNING - load average: 28.92, 17.98, 9.84
[1584142209] SERVICE ALERT: vapps-100;Current Load;WARNING;SOFT;2;WARNING - load average: 25.27, 19.04, 10.73
[1584142269] SERVICE ALERT: vapps-100;Current Load;CRITICAL;SOFT;3;CRITICAL - load average: 36.41, 23.48, 12.79
[1584142327] SERVICE ALERT: vinfra-200;Current Load;WARNING;SOFT;1;WARNING - load average: 8.33, 7.12, 5.06
[1584142329] SERVICE NOTIFICATION: jatin;vapps-100;Current Load;CRITICAL;notify-service-by-email;CRITICAL - load average: 44.64, 28.11, 15.04
[1584142329] SERVICE NOTIFICATION: atul;vapps-100;Current Load;CRITICAL;notify-service-by-email;CRITICAL - load average: 44.64, 28.11, 15.04
[1584142329] SERVICE ALERT: vapps-100;Current Load;CRITICAL;HARD;4;CRITICAL - load average: 44.64, 28.11, 15.04
[1584142387] SERVICE ALERT: vinfra-200;Current Load;OK;SOFT;2;OK - load average: 4.23, 6.19, 4.87
[1584142620] SERVICE NOTIFICATION: nagiosadmin;vonly-backup;/media/data Partition;CRITICAL;notify-service-by-email;/media/data is at 91% capacity! 6.3T of 7.3T
[1584142620] SERVICE NOTIFICATION: jatin;vonly-backup;/media/data Partition;CRITICAL;notify-service-by-email;/media/data is at 91% capacity! 6.3T of 7.3T
[1584142620] SERVICE NOTIFICATION: atul;vonly-backup;/media/data Partition;CRITICAL;notify-service-by-email;/media/data is at 91% capacity! 6.3T of 7.3T
[1584142629] SERVICE NOTIFICATION: jatin;vapps-100;Current Load;WARNING;notify-service-by-email;WARNING - load average: 2.64, 12.87, 12.20
[1584142629] SERVICE NOTIFICATION: atul;vapps-100;Current Load;WARNING;notify-service-by-email;WARNING - load average: 2.64, 12.87, 12.20
[1584142629] SERVICE ALERT: vapps-100;Current Load;WARNING;HARD;4;WARNING - load average: 2.64, 12.87, 12.20
[1584144247] SERVICE ALERT: vinfra-200;Current Load;WARNING;SOFT;1;WARNING - load average: 10.23, 6.17, 5.05
[1584144307] SERVICE ALERT: vinfra-200;Current Load;WARNING;SOFT;2;WARNING - load average: 6.67, 5.90, 5.03
[1584144367] SERVICE ALERT: vinfra-200;Current Load;WARNING;SOFT;3;WARNING - load average: 5.72, 5.70, 5.01
[1584144427] SERVICE NOTIFICATION: jatin;vinfra-200;Current Load;WARNING;notify-service-by-email;WARNING - load average: 5.47, 5.62, 5.03
[1584144427] SERVICE NOTIFICATION: atul;vinfra-200;Current Load;WARNING;notify-service-by-email;WARNING - load average: 5.47, 5.62, 5.03
[1584144427] SERVICE ALERT: vinfra-200;Current Load;WARNING;HARD;4;WARNING - load average: 5.47, 5.62, 5.03
[1584144429] SERVICE NOTIFICATION: jatin;vapps-100;Current Load;CRITICAL;notify-service-by-email;CRITICAL - load average: 43.90, 31.80, 20.48
[1584144429] SERVICE NOTIFICATION: atul;vapps-100;Current Load;CRITICAL;notify-service-by-email;CRITICAL - load average: 43.90, 31.80, 20.48
[1584144429] SERVICE ALERT: vapps-100;Current Load;CRITICAL;HARD;4;CRITICAL - load average: 43.90, 31.80, 20.48
[1584144626] Auto-save of retention data completed successfully.
[1584145954] SERVICE NOTIFICATION: jatin;WINV-104;Data Drive Space;WARNING;notify-service-by-email;d:\ - total: 931.32 Gb - used: 752.63 Gb (81%) - free 178.69 Gb (19%)
[1584145954] SERVICE NOTIFICATION: atul;WINV-104;Data Drive Space;WARNING;notify-service-by-email;d:\ - total: 931.32 Gb - used: 752.63 Gb (81%) - free 178.69 Gb (19%)
[1584146220] SERVICE NOTIFICATION: nagiosadmin;vonly-backup;/media/data Partition;CRITICAL;notify-service-by-email;/media/data is at 91% capacity! 6.3T of 7.3T
[1584146220] SERVICE NOTIFICATION: jatin;vonly-backup;/media/data Partition;CRITICAL;notify-service-by-email;/media/data is at 91% capacity! 6.3T of 7.3T
[1584146220] SERVICE NOTIFICATION: atul;vonly-backup;/media/data Partition;CRITICAL;notify-service-by-email;/media/data is at 91% capacity! 6.3T of 7.3T
[1584148021] SERVICE NOTIFICATION: jatin;vinfra-200;Swap Usage;CRITICAL;notify-service-by-email;SWAP CRITICAL - 1% free (0 MB out of 975 MB)
[1584148021] SERVICE NOTIFICATION: atul;vinfra-200;Swap Usage;CRITICAL;notify-service-by-email;SWAP CRITICAL - 1% free (0 MB out of 975 MB)
[1584148226] Auto-save of retention data completed successfully.
[1584148329] SERVICE NOTIFICATION: jatin;vapps-100;Current Load;WARNING;notify-service-by-email;WARNING - load average: 6.38, 11.28, 17.90
[1584148329] SERVICE NOTIFICATION: atul;vapps-100;Current Load;WARNING;notify-service-by-email;WARNING - load average: 6.38, 11.28, 17.90
[1584148329] SERVICE ALERT: vapps-100;Current Load;WARNING;HARD;4;WARNING - load average: 6.38, 11.28, 17.90
[1584148927] SERVICE NOTIFICATION: jatin;vinfra-200;Current Load;OK;notify-service-by-email;OK - load average: 4.16, 3.78, 4.67
[1584148927] SERVICE NOTIFICATION: atul;vinfra-200;Current Load;OK;notify-service-by-email;OK - load average: 4.16, 3.78, 4.67
[1584148927] SERVICE ALERT: vinfra-200;Current Load;OK;HARD;4;OK - load average: 4.16, 3.78, 4.67
[1584149160] SERVICE NOTIFICATION: jatin;WINV-110;Data Drive Space;WARNING;notify-service-by-email;d:\ - total: 931.32 Gb - used: 798.46 Gb (86%) - free 132.86 Gb (14%)
[1584149160] SERVICE NOTIFICATION: atul;WINV-110;Data Drive Space;WARNING;notify-service-by-email;d:\ - total: 931.32 Gb - used: 798.46 Gb (86%) - free 132.86 Gb (14%)
[1584149820] SERVICE NOTIFICATION: nagiosadmin;vonly-backup;/media/data Partition;CRITICAL;notify-service-by-email;/media/data is at 91% capacity! 6.3T of 7.3T
[1584149820] SERVICE NOTIFICATION: jatin;vonly-backup;/media/data Partition;CRITICAL;notify-service-by-email;/media/data is at 91% capacity! 6.3T of 7.3T
[1584149820] SERVICE NOTIFICATION: atul;vonly-backup;/media/data Partition;CRITICAL;notify-service-by-email;/media/data is at 91% capacity! 6.3T of 7.3T
[1584150129] SERVICE NOTIFICATION: jatin;vapps-100;Current Load;OK;notify-service-by-email;OK - load average: 4.75, 5.81, 7.73
[1584150129] SERVICE NOTIFICATION: atul;vapps-100;Current Load;OK;notify-service-by-email;OK - load average: 4.75, 5.81, 7.73
[1584150129] SERVICE ALERT: vapps-100;Current Load;OK;HARD;4;OK - load average: 4.75, 5.81, 7.73
[1584151320] SERVICE NOTIFICATION: jatin;vdb-103;Swap Usage;CRITICAL;notify-service-by-email;SWAP CRITICAL - 1% free (0 MB out of 2047 MB)
[1584151320] SERVICE NOTIFICATION: atul;vdb-103;Swap Usage;CRITICAL;notify-service-by-email;SWAP CRITICAL - 1% free (0 MB out of 2047 MB)
[1584151826] Auto-save of retention data completed successfully.
[1584153121] SERVICE NOTIFICATION: jatin;WINV-102;Data Drive Space;WARNING;notify-service-by-email;d:\ - total: 1862.64 Gb - used: 1513.88 Gb (81%) - free 348.76 Gb (19%)
[1584153121] SERVICE NOTIFICATION: atul;WINV-102;Data Drive Space;WARNING;notify-service-by-email;d:\ - total: 1862.64 Gb - used: 1513.88 Gb (81%) - free 348.76 Gb (19%)
[1584153155] SERVICE NOTIFICATION: jatin;WINV-101;Data Drive Space;WARNING;notify-service-by-email;d:\ - total: 931.32 Gb - used: 764.98 Gb (82%) - free 166.34 Gb (18%)
[1584153155] SERVICE NOTIFICATION: atul;WINV-101;Data Drive Space;WARNING;notify-service-by-email;d:\ - total: 931.32 Gb - used: 764.98 Gb (82%) - free 166.34 Gb (18%)
[1584153421] SERVICE NOTIFICATION: nagiosadmin;vonly-backup;/media/data Partition;CRITICAL;notify-service-by-email;/media/data is at 91% capacity! 6.3T of 7.3T
[1584153421] SERVICE NOTIFICATION: jatin;vonly-backup;/media/data Partition;CRITICAL;notify-service-by-email;/media/data is at 91% capacity! 6.3T of 7.3T
[1584153421] SERVICE NOTIFICATION: atul;vonly-backup;/media/data Partition;CRITICAL;notify-service-by-email;/media/data is at 91% capacity! 6.3T of 7.3T
[1584155426] Auto-save of retention data completed successfully.
[1584155760] SERVICE NOTIFICATION: jatin;WINV-110;Data Drive Space;OK;notify-service-by-email;d:\ - total: 931.32 Gb - used: 737.01 Gb (79%) - free 194.31 Gb (21%)
[1584155760] SERVICE NOTIFICATION: atul;WINV-110;Data Drive Space;OK;notify-service-by-email;d:\ - total: 931.32 Gb - used: 737.01 Gb (79%) - free 194.31 Gb (21%)
[1584155760] SERVICE ALERT: WINV-110;Data Drive Space;OK;HARD;3;d:\ - total: 931.32 Gb - used: 737.01 Gb (79%) - free 194.31 Gb (21%)
[1584156274] SERVICE NOTIFICATION: jatin;WINV-103;OS Drive Space;WARNING;notify-service-by-email;c:\ - total: 68.27 Gb - used: 56.41 Gb (83%) - free 11.86 Gb (17%)
[1584156274] SERVICE NOTIFICATION: atul;WINV-103;OS Drive Space;WARNING;notify-service-by-email;c:\ - total: 68.27 Gb - used: 56.41 Gb (83%) - free 11.86 Gb (17%)
[1584157320] SERVICE NOTIFICATION: nagiosadmin;vonly-backup;/media/data Partition;CRITICAL;notify-service-by-email;/media/data is at 91% capacity! 6.3T of 7.3T
[1584157320] SERVICE NOTIFICATION: jatin;vonly-backup;/media/data Partition;CRITICAL;notify-service-by-email;/media/data is at 91% capacity! 6.3T of 7.3T
[1584157320] SERVICE NOTIFICATION: atul;vonly-backup;/media/data Partition;CRITICAL;notify-service-by-email;/media/data is at 91% capacity! 6.3T of 7.3T
[1584159026] Auto-save of retention data completed successfully.
[1584159247] SERVICE ALERT: WINV-102;CPU Load;CRITICAL;SOFT;1;CPU Load 100% (5 min average)
[1584159367] SERVICE ALERT: WINV-102;CPU Load;OK;SOFT;2;CPU Load 28% (5 min average)
[1584160354] SERVICE NOTIFICATION: jatin;WINV-104;Data Drive Space;WARNING;notify-service-by-email;d:\ - total: 931.32 Gb - used: 752.49 Gb (81%) - free 178.83 Gb (19%)
[1584160354] SERVICE NOTIFICATION: atul;WINV-104;Data Drive Space;WARNING;notify-service-by-email;d:\ - total: 931.32 Gb - used: 752.49 Gb (81%) - free 178.83 Gb (19%)
[1584160920] SERVICE NOTIFICATION: nagiosadmin;vonly-backup;/media/data Partition;CRITICAL;notify-service-by-email;/media/data is at 91% capacity! 6.3T of 7.3T
[1584160920] SERVICE NOTIFICATION: jatin;vonly-backup;/media/data Partition;CRITICAL;notify-service-by-email;/media/data is at 91% capacity! 6.3T of 7.3T
[1584160920] SERVICE NOTIFICATION: atul;vonly-backup;/media/data Partition;CRITICAL;notify-service-by-email;/media/data is at 91% capacity! 6.3T of 7.3T
[1584162421] SERVICE NOTIFICATION: jatin;vinfra-200;Swap Usage;CRITICAL;notify-service-by-email;SWAP CRITICAL - 1% free (0 MB out of 975 MB)
[1584162421] SERVICE NOTIFICATION: atul;vinfra-200;Swap Usage;CRITICAL;notify-service-by-email;SWAP CRITICAL - 1% free (0 MB out of 975 MB)
[1584162626] Auto-save of retention data completed successfully.
[1584163352] SERVICE ALERT: WINV-101;CPU Load;CRITICAL;SOFT;1;CPU Load 99% (5 min average)
[1584163472] SERVICE ALERT: WINV-101;CPU Load;CRITICAL;SOFT;2;CPU Load 100% (5 min average)
[1584163592] SERVICE NOTIFICATION: jatin;WINV-101;CPU Load;CRITICAL;notify-service-by-email;CPU Load 100% (5 min average)
[1584163592] SERVICE NOTIFICATION: atul;WINV-101;CPU Load;CRITICAL;notify-service-by-email;CPU Load 100% (5 min average)
[1584163592] SERVICE ALERT: WINV-101;CPU Load;CRITICAL;HARD;3;CPU Load 100% (5 min average)
[1584164192] SERVICE NOTIFICATION: jatin;WINV-101;CPU Load;OK;notify-service-by-email;CPU Load 63% (5 min average)
[1584164192] SERVICE NOTIFICATION: atul;WINV-101;CPU Load;OK;notify-service-by-email;CPU Load 63% (5 min average)
[1584164192] SERVICE ALERT: WINV-101;CPU Load;OK;HARD;3;CPU Load 63% (5 min average)
[1584164520] SERVICE NOTIFICATION: nagiosadmin;vonly-backup;/media/data Partition;CRITICAL;notify-service-by-email;/media/data is at 91% capacity! 6.3T of 7.3T
[1584164520] SERVICE NOTIFICATION: jatin;vonly-backup;/media/data Partition;CRITICAL;notify-service-by-email;/media/data is at 91% capacity! 6.3T of 7.3T
[1584164520] SERVICE NOTIFICATION: atul;vonly-backup;/media/data Partition;CRITICAL;notify-service-by-email;/media/data is at 91% capacity! 6.3T of 7.3T
[1584165720] SERVICE NOTIFICATION: jatin;vdb-103;Swap Usage;CRITICAL;notify-service-by-email;SWAP CRITICAL - 1% free (0 MB out of 2047 MB)
[1584165720] SERVICE NOTIFICATION: atul;vdb-103;Swap Usage;CRITICAL;notify-service-by-email;SWAP CRITICAL - 1% free (0 MB out of 2047 MB)
[1584166226] Auto-save of retention data completed successfully.
[1584167521] SERVICE NOTIFICATION: jatin;WINV-102;Data Drive Space;WARNING;notify-service-by-email;d:\ - total: 1862.64 Gb - used: 1514.34 Gb (81%) - free 348.30 Gb (19%)
[1584167521] SERVICE NOTIFICATION: atul;WINV-102;Data Drive Space;WARNING;notify-service-by-email;d:\ - total: 1862.64 Gb - used: 1514.34 Gb (81%) - free 348.30 Gb (19%)
[1584167555] SERVICE NOTIFICATION: jatin;WINV-101;Data Drive Space;WARNING;notify-service-by-email;d:\ - total: 931.32 Gb - used: 765.02 Gb (82%) - free 166.30 Gb (18%)
[1584167555] SERVICE NOTIFICATION: atul;WINV-101;Data Drive Space;WARNING;notify-service-by-email;d:\ - total: 931.32 Gb - used: 765.02 Gb (82%) - free 166.30 Gb (18%)
[1584168120] SERVICE NOTIFICATION: nagiosadmin;vonly-backup;/media/data Partition;CRITICAL;notify-service-by-email;/media/data is at 91% capacity! 6.3T of 7.3T
[1584168120] SERVICE NOTIFICATION: jatin;vonly-backup;/media/data Partition;CRITICAL;notify-service-by-email;/media/data is at 91% capacity! 6.3T of 7.3T
[1584168120] SERVICE NOTIFICATION: atul;vonly-backup;/media/data Partition;CRITICAL;notify-service-by-email;/media/data is at 91% capacity! 6.3T of 7.3T
