[1583654400] LOG ROTATION: DAILY
[1583654400] LOG VERSION: 2.0
[1583654400] CURRENT HOST STATE: WINV-101;UP;HARD;1;PING OK - Packet loss = 0%, RTA = 0.38 ms
[1583654400] CURRENT HOST STATE: WINV-102;UP;HARD;1;PING OK - Packet loss = 0%, RTA = 0.28 ms
[1583654400] CURRENT HOST STATE: WINV-103;UP;HARD;1;PING OK - Packet loss = 0%, RTA = 0.31 ms
[1583654400] CURRENT HOST STATE: WINV-104;UP;HARD;1;PING OK - Packet loss = 0%, RTA = 0.30 ms
[1583654400] CURRENT HOST STATE: WINV-105;UP;HARD;1;PING OK - Packet loss = 0%, RTA = 0.29 ms
[1583654400] CURRENT HOST STATE: WINV-106;UP;HARD;1;PING OK - Packet loss = 0%, RTA = 0.31 ms
[1583654400] CURRENT HOST STATE: WINV-107;UP;HARD;1;PING OK - Packet loss = 0%, RTA = 0.37 ms
[1583654400] CURRENT HOST STATE: WINV-108;UP;HARD;1;PING OK - Packet loss = 0%, RTA = 0.30 ms
[1583654400] CURRENT HOST STATE: WINV-110;UP;HARD;1;PING OK - Packet loss = 0%, RTA = 0.27 ms
[1583654400] CURRENT HOST STATE: WINV-111;UP;HARD;1;PING OK - Packet loss = 0%, RTA = 0.33 ms
[1583654400] CURRENT HOST STATE: WINV-112;UP;HARD;1;PING OK - Packet loss = 0%, RTA = 0.29 ms
[1583654400] CURRENT HOST STATE: vapps-100;UP;HARD;1;PING OK - Packet loss = 0%, RTA = 0.33 ms
[1583654400] CURRENT HOST STATE: vapps-109;UP;HARD;1;PING OK - Packet loss = 0%, RTA = 0.27 ms
[1583654400] CURRENT HOST STATE: vdb-100;UP;HARD;1;PING OK - Packet loss = 0%, RTA = 0.29 ms
[1583654400] CURRENT HOST STATE: vdb-101;UP;HARD;1;PING OK - Packet loss = 0%, RTA = 0.29 ms
[1583654400] CURRENT HOST STATE: vdb-103;UP;HARD;1;PING OK - Packet loss = 0%, RTA = 0.34 ms
[1583654400] CURRENT HOST STATE: vdb-staging;UP;HARD;1;PING OK - Packet loss = 0%, RTA = 0.29 ms
[1583654400] CURRENT HOST STATE: vinfra-200;UP;HARD;1;PING OK - Packet loss = 0%, RTA = 0.29 ms
[1583654400] CURRENT HOST STATE: vonly-backup;UP;HARD;1;PING OK - Packet loss = 0%, RTA = 0.06 ms
[1583654400] CURRENT HOST STATE: vonly-database;UP;HARD;1;PING OK - Packet loss = 0%, RTA = 0.28 ms
[1583654400] CURRENT HOST STATE: vonly-replica;UP;HARD;1;PING OK - Packet loss = 0%, RTA = 0.27 ms
[1583654400] CURRENT SERVICE STATE: WINV-101;CPU Load;OK;HARD;1;CPU Load 11% (5 min average)
[1583654400] CURRENT SERVICE STATE: WINV-101;Data Drive Space;WARNING;HARD;3;d:\ - total: 931.32 Gb - used: 754.78 Gb (81%) - free 176.54 Gb (19%)
[1583654400] CURRENT SERVICE STATE: WINV-101;Memory Usage;OK;HARD;1;Memory usage: total:98284.48 MB - used: 38757.10 MB (39%) - free: 59527.38 MB (61%)
[1583654400] CURRENT SERVICE STATE: WINV-101;OS Drive Space;OK;HARD;1;c:\ - total: 68.27 Gb - used: 43.15 Gb (63%) - free 25.11 Gb (37%)
[1583654400] CURRENT SERVICE STATE: WINV-101;Uptime;OK;HARD;1;System Uptime - 3 day(s) 1 hour(s) 36 minute(s)
[1583654400] CURRENT SERVICE STATE: WINV-102;CPU Load;OK;HARD;1;CPU Load 1% (5 min average)
[1583654400] CURRENT SERVICE STATE: WINV-102;Data Drive Space;WARNING;HARD;3;d:\ - total: 1862.64 Gb - used: 1491.02 Gb (80%) - free 371.62 Gb (20%)
[1583654400] CURRENT SERVICE STATE: WINV-102;Memory Usage;OK;HARD;1;Memory usage: total:208877.43 MB - used: 76717.13 MB (37%) - free: 132160.30 MB (63%)
[1583654400] CURRENT SERVICE STATE: WINV-102;OS Drive Space;OK;HARD;1;c:\ - total: 931.41 Gb - used: 305.27 Gb (33%) - free 626.15 Gb (67%)
[1583654400] CURRENT SERVICE STATE: WINV-102;Uptime;OK;HARD;1;System Uptime - 166 day(s) 13 hour(s) 11 minute(s)
[1583654400] CURRENT SERVICE STATE: WINV-103;CPU Load;OK;HARD;1;CPU Load 2% (5 min average)
[1583654400] CURRENT SERVICE STATE: WINV-103;Data Drive Space;OK;HARD;1;d:\ - total: 1862.39 Gb - used: 951.46 Gb (51%) - free 910.93 Gb (49%)
[1583654400] CURRENT SERVICE STATE: WINV-103;Memory Usage;OK;HARD;1;Memory usage: total:209629.53 MB - used: 61873.95 MB (30%) - free: 147755.58 MB (70%)
[1583654400] CURRENT SERVICE STATE: WINV-103;OS Drive Space;OK;HARD;1;c:\ - total: 68.27 Gb - used: 50.73 Gb (74%) - free 17.54 Gb (26%)
[1583654400] CURRENT SERVICE STATE: WINV-103;Uptime;OK;HARD;1;System Uptime - 25 day(s) 17 hour(s) 3 minute(s)
[1583654400] CURRENT SERVICE STATE: WINV-104;CPU Load;OK;HARD;1;CPU Load 12% (5 min average)
[1583654400] CURRENT SERVICE STATE: WINV-104;Data Drive Space;OK;HARD;1;d:\ - total: 931.32 Gb - used: 745.00 Gb (80%) - free 186.32 Gb (20%)
[1583654400] CURRENT SERVICE STATE: WINV-104;Memory Usage;OK;HARD;1;Memory usage: total:129142.02 MB - used: 40655.22 MB (31%) - free: 88486.80 MB (69%)
[1583654400] CURRENT SERVICE STATE: WINV-104;OS Drive Space;OK;HARD;1;c:\ - total: 68.27 Gb - used: 48.06 Gb (70%) - free 20.21 Gb (30%)
[1583654400] CURRENT SERVICE STATE: WINV-104;Uptime;OK;HARD;1;System Uptime - 163 day(s) 14 hour(s) 19 minute(s)
[1583654400] CURRENT SERVICE STATE: WINV-105;CPU Load;OK;HARD;1;CPU Load 0% (5 min average)
[1583654400] CURRENT SERVICE STATE: WINV-105;Data Drive Space;OK;HARD;1;d:\ - total: 931.32 Gb - used: 553.60 Gb (59%) - free 377.72 Gb (41%)
[1583654400] CURRENT SERVICE STATE: WINV-105;Memory Usage;OK;HARD;1;Memory usage: total:98284.48 MB - used: 50852.07 MB (52%) - free: 47432.41 MB (48%)
[1583654400] CURRENT SERVICE STATE: WINV-105;OS Drive Space;OK;HARD;1;c:\ - total: 231.90 Gb - used: 98.26 Gb (42%) - free 133.64 Gb (58%)
[1583654400] CURRENT SERVICE STATE: WINV-105;Uptime;OK;HARD;1;System Uptime - 327 day(s) 16 hour(s) 29 minute(s)
[1583654400] CURRENT SERVICE STATE: WINV-106;CPU Load;OK;HARD;1;CPU Load 0% (5 min average)
[1583654400] CURRENT SERVICE STATE: WINV-106;Data Drive Space;OK;HARD;1;d:\ - total: 931.32 Gb - used: 578.79 Gb (62%) - free 352.53 Gb (38%)
[1583654400] CURRENT SERVICE STATE: WINV-106;Memory Usage;OK;HARD;1;Memory usage: total:149142.26 MB - used: 38853.15 MB (26%) - free: 110289.11 MB (74%)
[1583654400] CURRENT SERVICE STATE: WINV-106;OS Drive Space;OK;HARD;1;c:\ - total: 67.89 Gb - used: 41.39 Gb (61%) - free 26.50 Gb (39%)
[1583654400] CURRENT SERVICE STATE: WINV-106;Uptime;OK;HARD;1;System Uptime - 74 day(s) 0 hour(s) 48 minute(s)
[1583654400] CURRENT SERVICE STATE: WINV-107;CPU Load;OK;HARD;1;CPU Load 10% (5 min average)
[1583654400] CURRENT SERVICE STATE: WINV-107;Data Drive Space;OK;HARD;1;d:\ - total: 931.51 Gb - used: 620.58 Gb (67%) - free 310.93 Gb (33%)
[1583654400] CURRENT SERVICE STATE: WINV-107;Memory Usage;OK;HARD;1;Memory usage: total:147777.36 MB - used: 57110.10 MB (39%) - free: 90667.27 MB (61%)
[1583654400] CURRENT SERVICE STATE: WINV-107;OS Drive Space;OK;HARD;1;c:\ - total: 67.45 Gb - used: 42.65 Gb (63%) - free 24.80 Gb (37%)
[1583654400] CURRENT SERVICE STATE: WINV-107;Uptime;OK;HARD;1;System Uptime - 4 day(s) 23 hour(s) 14 minute(s)
[1583654400] CURRENT SERVICE STATE: WINV-108;CPU Load;OK;HARD;1;CPU Load 6% (5 min average)
[1583654400] CURRENT SERVICE STATE: WINV-108;Data Drive Space;OK;HARD;1;d:\ - total: 931.32 Gb - used: 525.52 Gb (56%) - free 405.79 Gb (44%)
[1583654400] CURRENT SERVICE STATE: WINV-108;Memory Usage;OK;HARD;1;Memory usage: total:160950.28 MB - used: 39275.22 MB (24%) - free: 121675.06 MB (76%)
[1583654400] CURRENT SERVICE STATE: WINV-108;OS Drive Space;OK;HARD;1;c:\ - total: 67.89 Gb - used: 49.54 Gb (73%) - free 18.34 Gb (27%)
[1583654400] CURRENT SERVICE STATE: WINV-108;Uptime;OK;HARD;1;System Uptime - 466 day(s) 16 hour(s) 7 minute(s)
[1583654400] CURRENT SERVICE STATE: WINV-110;CPU Load;OK;HARD;1;CPU Load 5% (5 min average)
[1583654400] CURRENT SERVICE STATE: WINV-110;Data Drive Space;OK;HARD;1;d:\ - total: 931.32 Gb - used: 718.90 Gb (77%) - free 212.42 Gb (23%)
[1583654400] CURRENT SERVICE STATE: WINV-110;Memory Usage;OK;HARD;1;Memory usage: total:104565.75 MB - used: 16480.23 MB (16%) - free: 88085.52 MB (84%)
[1583654400] CURRENT SERVICE STATE: WINV-110;OS Drive Space;OK;HARD;1;c:\ - total: 67.89 Gb - used: 41.92 Gb (62%) - free 25.97 Gb (38%)
[1583654400] CURRENT SERVICE STATE: WINV-110;Uptime;OK;HARD;1;System Uptime - 86 day(s) 1 hour(s) 28 minute(s)
[1583654400] CURRENT SERVICE STATE: WINV-111;CPU Load;OK;HARD;1;CPU Load 0% (5 min average)
[1583654400] CURRENT SERVICE STATE: WINV-111;Data Drive Space;OK;HARD;1;d:\ - total: 931.22 Gb - used: 609.13 Gb (65%) - free 322.09 Gb (35%)
[1583654400] CURRENT SERVICE STATE: WINV-111;Memory Usage;OK;HARD;1;Memory usage: total:70469.53 MB - used: 22984.94 MB (33%) - free: 47484.59 MB (67%)
[1583654400] CURRENT SERVICE STATE: WINV-111;OS Drive Space;OK;HARD;1;c:\ - total: 67.89 Gb - used: 31.24 Gb (46%) - free 36.65 Gb (54%)
[1583654400] CURRENT SERVICE STATE: WINV-111;Uptime;OK;HARD;1;System Uptime - 227 day(s) 14 hour(s) 39 minute(s)
[1583654400] CURRENT SERVICE STATE: WINV-112;CPU Load;OK;HARD;1;CPU Load 0% (5 min average)
[1583654400] CURRENT SERVICE STATE: WINV-112;Data Drive Space;OK;HARD;1;d:\ - total: 931.51 Gb - used: 421.33 Gb (45%) - free 510.18 Gb (55%)
[1583654400] CURRENT SERVICE STATE: WINV-112;Memory Usage;OK;HARD;1;Memory usage: total:40939.93 MB - used: 21329.34 MB (52%) - free: 19610.58 MB (48%)
[1583654400] CURRENT SERVICE STATE: WINV-112;OS Drive Space;OK;HARD;1;c:\ - total: 278.36 Gb - used: 69.92 Gb (25%) - free 208.44 Gb (75%)
[1583654400] CURRENT SERVICE STATE: WINV-112;Uptime;OK;HARD;1;System Uptime - 166 day(s) 13 hour(s) 18 minute(s)
[1583654400] CURRENT SERVICE STATE: vapps-100;/mnt/data01 Partition;OK;HARD;1;/mnt/data01 is at 40% capacity, 207G of 551G
[1583654400] CURRENT SERVICE STATE: vapps-100;Current Load;OK;HARD;1;OK - load average: 0.12, 0.28, 0.28
[1583654400] CURRENT SERVICE STATE: vapps-100;Current Users;OK;HARD;1;USERS OK - 1 users currently logged in
[1583654400] CURRENT SERVICE STATE: vapps-100;PING;OK;HARD;1;PING OK - Packet loss = 0%, RTA = 0.07 ms
[1583654400] CURRENT SERVICE STATE: vapps-100;Root Partition;OK;HARD;1;/ is at 13% capacity, 66G of 550G
[1583654400] CURRENT SERVICE STATE: vapps-100;SSH;OK;HARD;1;SSH OK - OpenSSH_7.2p2 Ubuntu-4ubuntu2.6 (protocol 2.0)
[1583654400] CURRENT SERVICE STATE: vapps-100;Swap Usage;OK;HARD;1;SWAP OK - 85% free (9438 MB out of 11214 MB)
[1583654400] CURRENT SERVICE STATE: vapps-100;Total Processes;OK;HARD;1;PROCS OK: 203 processes with STATE = RSZDT
[1583654400] CURRENT SERVICE STATE: vapps-109;/mnt/data01 Partition;OK;HARD;1;/mnt/data01 is at 62% capacity, 539G of 917G
[1583654400] CURRENT SERVICE STATE: vapps-109;Current Load;OK;HARD;1;OK - load average: 0.08, 0.03, 0.01
[1583654400] CURRENT SERVICE STATE: vapps-109;Current Users;OK;HARD;1;USERS OK - 1 users currently logged in
[1583654400] CURRENT SERVICE STATE: vapps-109;PING;OK;HARD;1;PING OK - Packet loss = 0%, RTA = 0.04 ms
[1583654400] CURRENT SERVICE STATE: vapps-109;Root Partition;OK;HARD;1;/ is at 45% capacity, 18G of 43G
[1583654400] CURRENT SERVICE STATE: vapps-109;SSH;OK;HARD;1;SSH OK - OpenSSH_7.2p2 Ubuntu-4ubuntu2.8 (protocol 2.0)
[1583654400] CURRENT SERVICE STATE: vapps-109;Swap Usage;OK;HARD;1;SWAP OK - 100% free (24408 MB out of 24567 MB)
[1583654400] CURRENT SERVICE STATE: vapps-109;Total Processes;OK;HARD;1;PROCS OK: 181 processes with STATE = RSZDT
[1583654400] CURRENT SERVICE STATE: vdb-100;/mnt/data01 Partition;OK;HARD;1;/mnt/data01 is at 76% capacity, 2.7T of 3.7T
[1583654400] CURRENT SERVICE STATE: vdb-100;Current Load;OK;HARD;1;OK - load average: 0.37, 0.38, 0.37
[1583654400] CURRENT SERVICE STATE: vdb-100;Current Users;OK;HARD;1;USERS OK - 1 users currently logged in
[1583654400] CURRENT SERVICE STATE: vdb-100;PING;OK;HARD;1;PING OK - Packet loss = 0%, RTA = 0.07 ms
[1583654400] CURRENT SERVICE STATE: vdb-100;Root Partition;OK;HARD;1;/ is at 35% capacity, 30G of 91G
[1583654400] CURRENT SERVICE STATE: vdb-100;SSH;OK;HARD;1;SSH OK - OpenSSH_7.2p2 Ubuntu-4ubuntu2.6 (protocol 2.0)
[1583654400] CURRENT SERVICE STATE: vdb-100;Swap Usage;OK;HARD;1;SWAP OK - 90% free (19301 MB out of 21455 MB)
[1583654400] CURRENT SERVICE STATE: vdb-100;Total Processes;OK;HARD;1;PROCS OK: 177 processes with STATE = RSZDT
[1583654400] CURRENT SERVICE STATE: vdb-101;/mnt/data01 Partition;CRITICAL;HARD;4;/mnt/data01 is at 91% capacity! 3.1T of 3.6T
[1583654400] CURRENT SERVICE STATE: vdb-101;Current Load;OK;HARD;1;OK - load average: 0.00, 0.00, 0.00
[1583654400] CURRENT SERVICE STATE: vdb-101;Current Users;OK;HARD;1;USERS OK - 0 users currently logged in
[1583654400] CURRENT SERVICE STATE: vdb-101;PING;OK;HARD;1;PING OK - Packet loss = 0%, RTA = 0.05 ms
[1583654400] CURRENT SERVICE STATE: vdb-101;Root Partition;OK;HARD;1;/ is at 25% capacity, 42G of 183G
[1583654400] CURRENT SERVICE STATE: vdb-101;SSH;OK;HARD;1;SSH OK - OpenSSH_7.2p2 Ubuntu-4ubuntu2.4 (protocol 2.0)
[1583654400] CURRENT SERVICE STATE: vdb-101;Swap Usage;OK;HARD;1;SWAP OK - 94% free (20145 MB out of 21455 MB)
[1583654400] CURRENT SERVICE STATE: vdb-101;Total Processes;OK;HARD;1;PROCS OK: 150 processes with STATE = RSZDT
[1583654400] CURRENT SERVICE STATE: vdb-103;/mnt/data01 Partition;OK;HARD;1;/mnt/data01 is at 62% capacity, 4.3T of 7.3T
[1583654400] CURRENT SERVICE STATE: vdb-103;Current Load;OK;HARD;1;OK - load average: 0.00, 0.00, 0.00
[1583654400] CURRENT SERVICE STATE: vdb-103;Current Users;OK;HARD;1;USERS OK - 1 users currently logged in
[1583654400] CURRENT SERVICE STATE: vdb-103;PING;OK;HARD;1;PING OK - Packet loss = 0%, RTA = 0.06 ms
[1583654400] CURRENT SERVICE STATE: vdb-103;Root Partition;OK;HARD;1;/ is at 26% capacity, 109G of 457G
[1583654400] CURRENT SERVICE STATE: vdb-103;SSH;OK;HARD;1;SSH OK - OpenSSH_7.6p1 Ubuntu-4ubuntu0.2 (protocol 2.0)
[1583654400] CURRENT SERVICE STATE: vdb-103;Swap Usage;CRITICAL;HARD;4;SWAP CRITICAL - 1% free (0 MB out of 2047 MB)
[1583654400] CURRENT SERVICE STATE: vdb-103;Total Processes;OK;HARD;1;PROCS OK: 180 processes with STATE = RSZDT
[1583654400] CURRENT SERVICE STATE: vdb-staging;/mnt/data01 Partition;OK;HARD;1;/mnt/data01 is at 63% capacity, 5.4T of 9.1T
[1583654400] CURRENT SERVICE STATE: vdb-staging;Current Load;OK;HARD;1;OK - load average: 0.00, 0.05, 0.45
[1583654400] CURRENT SERVICE STATE: vdb-staging;Current Users;OK;HARD;1;USERS OK - 1 users currently logged in
[1583654400] CURRENT SERVICE STATE: vdb-staging;PING;OK;HARD;1;PING OK - Packet loss = 0%, RTA = 0.06 ms
[1583654400] CURRENT SERVICE STATE: vdb-staging;Root Partition;OK;HARD;1;/ is at 6% capacity, 102G of 1.8T
[1583654400] CURRENT SERVICE STATE: vdb-staging;SSH;OK;HARD;1;SSH OK - OpenSSH_7.2p2 Ubuntu-4ubuntu2.4 (protocol 2.0)
[1583654400] CURRENT SERVICE STATE: vdb-staging;Swap Usage;OK;HARD;1;SWAP OK - 85% free (87661 MB out of 103375 MB)
[1583654400] CURRENT SERVICE STATE: vdb-staging;Total Processes;OK;HARD;1;PROCS OK: 151 processes with STATE = RSZDT
[1583654400] CURRENT SERVICE STATE: vinfra-200;/mnt/data01 Partition;OK;HARD;1;/mnt/data is at 5% capacity, 39G of 917G
[1583654400] CURRENT SERVICE STATE: vinfra-200;Current Load;OK;HARD;1;OK - load average: 2.22, 1.14, 1.02
[1583654400] CURRENT SERVICE STATE: vinfra-200;Current Users;OK;HARD;1;USERS OK - 1 users currently logged in
[1583654400] CURRENT SERVICE STATE: vinfra-200;MySQL Connection Time;OK;HARD;1;OK - 0.01 seconds to connect as nagios
[1583654400] CURRENT SERVICE STATE: vinfra-200;MySQL Uptime;OK;HARD;1;OK - database is up since 25995 minutes
[1583654400] CURRENT SERVICE STATE: vinfra-200;PING;OK;HARD;1;PING OK - Packet loss = 0%, RTA = 0.06 ms
[1583654400] CURRENT SERVICE STATE: vinfra-200;Root Partition;OK;HARD;1;/ is at 42% capacity, 72G of 182G
[1583654400] CURRENT SERVICE STATE: vinfra-200;SSH;OK;HARD;1;SSH OK - OpenSSH_7.2p2 Ubuntu-4ubuntu2.6 (protocol 2.0)
[1583654400] CURRENT SERVICE STATE: vinfra-200;Swap Usage;OK;HARD;1;SWAP OK - 63% free (611 MB out of 975 MB)
[1583654400] CURRENT SERVICE STATE: vinfra-200;Total Processes;OK;HARD;1;PROCS OK: 162 processes with STATE = RSZDT
[1583654400] CURRENT SERVICE STATE: vinfra-200;VAULT;OK;HARD;1;OK - Vault is initialized, unsealed, and active
[1583654400] CURRENT SERVICE STATE: vonly-backup;/media/data Partition;CRITICAL;HARD;4;/media/data is at 91% capacity! 6.2T of 7.3T
[1583654400] CURRENT SERVICE STATE: vonly-backup;Current Load;OK;HARD;1;OK - load average: 1.13, 0.94, 0.74
[1583654400] CURRENT SERVICE STATE: vonly-backup;Current Users;OK;HARD;1;USERS OK - 0 users currently logged in
[1583654400] CURRENT SERVICE STATE: vonly-backup;PING;OK;HARD;1;PING OK - Packet loss = 0%, RTA = 0.06 ms
[1583654400] CURRENT SERVICE STATE: vonly-backup;Root Partition;OK;HARD;1;/ is at 49% capacity, 102G of 220G
[1583654400] CURRENT SERVICE STATE: vonly-backup;SSH;OK;HARD;1;SSH OK - OpenSSH_7.2p2 Ubuntu-4ubuntu2.8 (protocol 2.0)
[1583654400] CURRENT SERVICE STATE: vonly-backup;Swap Usage;OK;HARD;1;SWAP OK - 93% free (52973 MB out of 57111 MB)
[1583654400] CURRENT SERVICE STATE: vonly-backup;Total Processes;OK;HARD;1;PROCS OK: 244 processes with STATE = RSZDT
[1583654400] CURRENT SERVICE STATE: vonly-database;/media/data Partition;OK;HARD;1;/media/data is at 25% capacity, 848G of 3.6T
[1583654400] CURRENT SERVICE STATE: vonly-database;Current Load;OK;HARD;1;OK - load average: 0.04, 0.01, 0.00
[1583654400] CURRENT SERVICE STATE: vonly-database;Current Users;OK;HARD;1;USERS OK - 1 users currently logged in
[1583654400] CURRENT SERVICE STATE: vonly-database;PING;OK;HARD;1;PING OK - Packet loss = 0%, RTA = 0.04 ms
[1583654400] CURRENT SERVICE STATE: vonly-database;Root Partition;OK;HARD;1;/ is at 58% capacity, 120G of 220G
[1583654400] CURRENT SERVICE STATE: vonly-database;SSH;OK;HARD;1;SSH OK - OpenSSH_7.2p2 Ubuntu-4ubuntu2.8 (protocol 2.0)
[1583654400] CURRENT SERVICE STATE: vonly-database;Swap Usage;OK;HARD;1;SWAP OK - 77% free (43488 MB out of 57111 MB)
[1583654400] CURRENT SERVICE STATE: vonly-database;Total Processes;OK;HARD;1;PROCS OK: 156 processes with STATE = RSZDT
[1583654400] CURRENT SERVICE STATE: vonly-replica;/media/data Partition;OK;HARD;1;/media/data is at 61% capacity, 4.2T of 7.3T
[1583654400] CURRENT SERVICE STATE: vonly-replica;Current Load;OK;HARD;1;OK - load average: 6.16, 5.92, 6.08
[1583654400] CURRENT SERVICE STATE: vonly-replica;Current Users;OK;HARD;1;USERS OK - 0 users currently logged in
[1583654400] CURRENT SERVICE STATE: vonly-replica;PING;OK;HARD;1;PING OK - Packet loss = 0%, RTA = 0.05 ms
[1583654400] CURRENT SERVICE STATE: vonly-replica;Root Partition;OK;HARD;1;/ is at 31% capacity, 31G of 108G
[1583654400] CURRENT SERVICE STATE: vonly-replica;SSH;OK;HARD;1;SSH OK - OpenSSH_7.2p2 Ubuntu-4ubuntu2.2 (protocol 2.0)
[1583654400] CURRENT SERVICE STATE: vonly-replica;Swap Usage;OK;HARD;1;SWAP OK - 99% free (27441 MB out of 27876 MB)
[1583654400] CURRENT SERVICE STATE: vonly-replica;Total Processes;OK;HARD;1;PROCS OK: 100 processes with STATE = RSZDT
[1583655026] Auto-save of retention data completed successfully.
[1583655420] SERVICE ALERT: WINV-104;Data Drive Space;WARNING;SOFT;1;d:\ - total: 931.32 Gb - used: 745.18 Gb (80%) - free 186.14 Gb (20%)
[1583655533] SERVICE ALERT: vapps-100;Current Load;WARNING;SOFT;1;WARNING - load average: 19.59, 11.99, 5.88
[1583655540] SERVICE ALERT: WINV-104;Data Drive Space;WARNING;SOFT;2;d:\ - total: 931.32 Gb - used: 745.21 Gb (80%) - free 186.11 Gb (20%)
[1583655593] SERVICE ALERT: vapps-100;Current Load;WARNING;SOFT;2;WARNING - load average: 19.86, 13.37, 6.74
[1583655653] SERVICE ALERT: vapps-100;Current Load;WARNING;SOFT;3;WARNING - load average: 23.69, 15.67, 7.95
[1583655660] SERVICE NOTIFICATION: jatin;WINV-104;Data Drive Space;WARNING;notify-service-by-email;d:\ - total: 931.32 Gb - used: 745.26 Gb (80%) - free 186.06 Gb (20%)
[1583655660] SERVICE NOTIFICATION: atul;WINV-104;Data Drive Space;WARNING;notify-service-by-email;d:\ - total: 931.32 Gb - used: 745.26 Gb (80%) - free 186.06 Gb (20%)
[1583655660] SERVICE ALERT: WINV-104;Data Drive Space;WARNING;HARD;3;d:\ - total: 931.32 Gb - used: 745.26 Gb (80%) - free 186.06 Gb (20%)
[1583655713] SERVICE NOTIFICATION: jatin;vapps-100;Current Load;WARNING;notify-service-by-email;WARNING - load average: 28.13, 18.47, 9.39
[1583655713] SERVICE NOTIFICATION: atul;vapps-100;Current Load;WARNING;notify-service-by-email;WARNING - load average: 28.13, 18.47, 9.39
[1583655713] SERVICE ALERT: vapps-100;Current Load;WARNING;HARD;4;WARNING - load average: 28.13, 18.47, 9.39
[1583656013] SERVICE NOTIFICATION: jatin;vapps-100;Current Load;CRITICAL;notify-service-by-email;CRITICAL - load average: 27.53, 25.47, 14.89
[1583656013] SERVICE NOTIFICATION: atul;vapps-100;Current Load;CRITICAL;notify-service-by-email;CRITICAL - load average: 27.53, 25.47, 14.89
[1583656013] SERVICE ALERT: vapps-100;Current Load;CRITICAL;HARD;4;CRITICAL - load average: 27.53, 25.47, 14.89
[1583656188] SERVICE ALERT: vonly-replica;Current Load;WARNING;SOFT;1;WARNING - load average: 11.51, 11.51, 10.16
[1583656248] SERVICE ALERT: vonly-replica;Current Load;WARNING;SOFT;2;WARNING - load average: 12.10, 11.63, 10.29
[1583656308] SERVICE ALERT: vonly-replica;Current Load;WARNING;SOFT;3;WARNING - load average: 10.47, 11.22, 10.23
[1583656368] SERVICE NOTIFICATION: jatin;vonly-replica;Current Load;WARNING;notify-service-by-email;WARNING - load average: 10.43, 11.03, 10.22
[1583656368] SERVICE NOTIFICATION: atul;vonly-replica;Current Load;WARNING;notify-service-by-email;WARNING - load average: 10.43, 11.03, 10.22
[1583656368] SERVICE ALERT: vonly-replica;Current Load;WARNING;HARD;4;WARNING - load average: 10.43, 11.03, 10.22
[1583657087] SERVICE ALERT: vinfra-200;Current Load;WARNING;SOFT;1;WARNING - load average: 8.18, 6.11, 5.18
[1583657147] SERVICE ALERT: vinfra-200;Current Load;WARNING;SOFT;2;WARNING - load average: 5.36, 5.67, 5.08
[1583657207] SERVICE ALERT: vinfra-200;Current Load;OK;SOFT;3;OK - load average: 4.25, 5.30, 4.99
[1583657267] SERVICE ALERT: vinfra-200;Current Load;WARNING;SOFT;1;WARNING - load average: 6.14, 5.73, 5.16
[1583657327] SERVICE ALERT: vinfra-200;Current Load;WARNING;SOFT;2;WARNING - load average: 4.54, 5.37, 5.08
[1583657387] SERVICE ALERT: vinfra-200;Current Load;WARNING;SOFT;3;WARNING - load average: 6.57, 5.94, 5.30
[1583657447] SERVICE NOTIFICATION: jatin;vinfra-200;Current Load;WARNING;notify-service-by-email;WARNING - load average: 5.04, 5.60, 5.22
[1583657447] SERVICE NOTIFICATION: atul;vinfra-200;Current Load;WARNING;notify-service-by-email;WARNING - load average: 5.04, 5.60, 5.22
[1583657447] SERVICE ALERT: vinfra-200;Current Load;WARNING;HARD;4;WARNING - load average: 5.04, 5.60, 5.22
[1583657707] SERVICE ALERT: WINV-102;CPU Load;CRITICAL;SOFT;1;CPU Load 100% (5 min average)
[1583657827] SERVICE ALERT: WINV-102;CPU Load;OK;SOFT;2;CPU Load 14% (5 min average)
[1583657856] SERVICE NOTIFICATION: nagiosadmin;vonly-backup;/media/data Partition;CRITICAL;notify-service-by-email;/media/data is at 91% capacity! 6.2T of 7.3T
[1583657856] SERVICE NOTIFICATION: jatin;vonly-backup;/media/data Partition;CRITICAL;notify-service-by-email;/media/data is at 91% capacity! 6.2T of 7.3T
[1583657856] SERVICE NOTIFICATION: atul;vonly-backup;/media/data Partition;CRITICAL;notify-service-by-email;/media/data is at 91% capacity! 6.2T of 7.3T
[1583658625] Auto-save of retention data completed successfully.
[1583661131] SERVICE NOTIFICATION: jatin;vdb-103;Swap Usage;CRITICAL;notify-service-by-email;SWAP CRITICAL - 1% free (0 MB out of 2047 MB)
[1583661131] SERVICE NOTIFICATION: atul;vdb-103;Swap Usage;CRITICAL;notify-service-by-email;SWAP CRITICAL - 1% free (0 MB out of 2047 MB)
[1583661456] SERVICE NOTIFICATION: nagiosadmin;vonly-backup;/media/data Partition;CRITICAL;notify-service-by-email;/media/data is at 91% capacity! 6.2T of 7.3T
[1583661456] SERVICE NOTIFICATION: jatin;vonly-backup;/media/data Partition;CRITICAL;notify-service-by-email;/media/data is at 91% capacity! 6.2T of 7.3T
[1583661456] SERVICE NOTIFICATION: atul;vonly-backup;/media/data Partition;CRITICAL;notify-service-by-email;/media/data is at 91% capacity! 6.2T of 7.3T
[1583662226] Auto-save of retention data completed successfully.
[1583663102] SERVICE NOTIFICATION: jatin;WINV-102;Data Drive Space;WARNING;notify-service-by-email;d:\ - total: 1862.64 Gb - used: 1493.49 Gb (80%) - free 369.15 Gb (20%)
[1583663102] SERVICE NOTIFICATION: atul;WINV-102;Data Drive Space;WARNING;notify-service-by-email;d:\ - total: 1862.64 Gb - used: 1493.49 Gb (80%) - free 369.15 Gb (20%)
[1583663375] SERVICE NOTIFICATION: jatin;WINV-101;Data Drive Space;WARNING;notify-service-by-email;d:\ - total: 931.32 Gb - used: 755.07 Gb (81%) - free 176.25 Gb (19%)
[1583663375] SERVICE NOTIFICATION: atul;WINV-101;Data Drive Space;WARNING;notify-service-by-email;d:\ - total: 931.32 Gb - used: 755.07 Gb (81%) - free 176.25 Gb (19%)
[1583663813] SERVICE NOTIFICATION: jatin;vapps-100;Current Load;WARNING;notify-service-by-email;WARNING - load average: 12.42, 13.66, 19.18
[1583663813] SERVICE NOTIFICATION: atul;vapps-100;Current Load;WARNING;notify-service-by-email;WARNING - load average: 12.42, 13.66, 19.18
[1583663813] SERVICE ALERT: vapps-100;Current Load;WARNING;HARD;4;WARNING - load average: 12.42, 13.66, 19.18
[1583664468] SERVICE NOTIFICATION: jatin;vonly-replica;Current Load;OK;notify-service-by-email;OK - load average: 8.31, 8.95, 9.85
[1583664468] SERVICE NOTIFICATION: atul;vonly-replica;Current Load;OK;notify-service-by-email;OK - load average: 8.31, 8.95, 9.85
[1583664468] SERVICE ALERT: vonly-replica;Current Load;OK;HARD;4;OK - load average: 8.31, 8.95, 9.85
[1583665056] SERVICE NOTIFICATION: nagiosadmin;vonly-backup;/media/data Partition;CRITICAL;notify-service-by-email;/media/data is at 91% capacity! 6.2T of 7.3T
[1583665056] SERVICE NOTIFICATION: jatin;vonly-backup;/media/data Partition;CRITICAL;notify-service-by-email;/media/data is at 91% capacity! 6.2T of 7.3T
[1583665056] SERVICE NOTIFICATION: atul;vonly-backup;/media/data Partition;CRITICAL;notify-service-by-email;/media/data is at 91% capacity! 6.2T of 7.3T
[1583665826] Auto-save of retention data completed successfully.
[1583666514] SERVICE NOTIFICATION: jatin;vapps-100;Current Load;CRITICAL;notify-service-by-email;CRITICAL - load average: 27.02, 24.28, 20.79
[1583666514] SERVICE NOTIFICATION: atul;vapps-100;Current Load;CRITICAL;notify-service-by-email;CRITICAL - load average: 27.02, 24.28, 20.79
[1583666514] SERVICE ALERT: vapps-100;Current Load;CRITICAL;HARD;4;CRITICAL - load average: 27.02, 24.28, 20.79
[1583667114] SERVICE NOTIFICATION: jatin;vapps-100;Current Load;WARNING;notify-service-by-email;WARNING - load average: 14.78, 18.14, 19.44
[1583667114] SERVICE NOTIFICATION: atul;vapps-100;Current Load;WARNING;notify-service-by-email;WARNING - load average: 14.78, 18.14, 19.44
[1583667114] SERVICE ALERT: vapps-100;Current Load;WARNING;HARD;4;WARNING - load average: 14.78, 18.14, 19.44
[1583667714] SERVICE FLAPPING ALERT: vapps-100;Current Load;STARTED; Service appears to have started flapping (22.5% change >= 20.0% threshold)
[1583667714] SERVICE NOTIFICATION: jatin;vapps-100;Current Load;FLAPPINGSTART (CRITICAL);notify-service-by-email;CRITICAL - load average: 27.24, 22.72, 20.59
[1583667714] SERVICE NOTIFICATION: atul;vapps-100;Current Load;FLAPPINGSTART (CRITICAL);notify-service-by-email;CRITICAL - load average: 27.24, 22.72, 20.59
[1583667714] SERVICE ALERT: vapps-100;Current Load;CRITICAL;HARD;4;CRITICAL - load average: 27.24, 22.72, 20.59
[1583668656] SERVICE NOTIFICATION: nagiosadmin;vonly-backup;/media/data Partition;CRITICAL;notify-service-by-email;/media/data is at 91% capacity! 6.2T of 7.3T
[1583668656] SERVICE NOTIFICATION: jatin;vonly-backup;/media/data Partition;CRITICAL;notify-service-by-email;/media/data is at 91% capacity! 6.2T of 7.3T
[1583668656] SERVICE NOTIFICATION: atul;vonly-backup;/media/data Partition;CRITICAL;notify-service-by-email;/media/data is at 91% capacity! 6.2T of 7.3T
[1583669426] Auto-save of retention data completed successfully.
[1583669747] SERVICE NOTIFICATION: jatin;vinfra-200;Current Load;OK;notify-service-by-email;OK - load average: 1.52, 3.28, 4.53
[1583669747] SERVICE NOTIFICATION: atul;vinfra-200;Current Load;OK;notify-service-by-email;OK - load average: 1.52, 3.28, 4.53
[1583669747] SERVICE ALERT: vinfra-200;Current Load;OK;HARD;4;OK - load average: 1.52, 3.28, 4.53
[1583670060] SERVICE NOTIFICATION: jatin;WINV-104;Data Drive Space;WARNING;notify-service-by-email;d:\ - total: 931.32 Gb - used: 745.63 Gb (80%) - free 185.69 Gb (20%)
[1583670060] SERVICE NOTIFICATION: atul;WINV-104;Data Drive Space;WARNING;notify-service-by-email;d:\ - total: 931.32 Gb - used: 745.63 Gb (80%) - free 185.69 Gb (20%)
[1583670114] SERVICE ALERT: vapps-100;Current Load;WARNING;HARD;4;WARNING - load average: 3.99, 8.36, 17.29
[1583671014] SERVICE ALERT: vapps-100;Current Load;OK;HARD;4;OK - load average: 0.34, 0.90, 6.92
[1583672256] SERVICE NOTIFICATION: nagiosadmin;vonly-backup;/media/data Partition;CRITICAL;notify-service-by-email;/media/data is at 91% capacity! 6.2T of 7.3T
[1583672256] SERVICE NOTIFICATION: jatin;vonly-backup;/media/data Partition;CRITICAL;notify-service-by-email;/media/data is at 91% capacity! 6.2T of 7.3T
[1583672256] SERVICE NOTIFICATION: atul;vonly-backup;/media/data Partition;CRITICAL;notify-service-by-email;/media/data is at 91% capacity! 6.2T of 7.3T
[1583673026] Auto-save of retention data completed successfully.
[1583673223] SERVICE ALERT: WINV-110;Data Drive Space;WARNING;SOFT;1;d:\ - total: 931.32 Gb - used: 745.19 Gb (80%) - free 186.12 Gb (20%)
[1583673343] SERVICE ALERT: WINV-110;Data Drive Space;WARNING;SOFT;2;d:\ - total: 931.32 Gb - used: 745.36 Gb (80%) - free 185.96 Gb (20%)
[1583673463] SERVICE NOTIFICATION: jatin;WINV-110;Data Drive Space;WARNING;notify-service-by-email;d:\ - total: 931.32 Gb - used: 745.50 Gb (80%) - free 185.82 Gb (20%)
[1583673463] SERVICE NOTIFICATION: atul;WINV-110;Data Drive Space;WARNING;notify-service-by-email;d:\ - total: 931.32 Gb - used: 745.50 Gb (80%) - free 185.82 Gb (20%)
[1583673463] SERVICE ALERT: WINV-110;Data Drive Space;WARNING;HARD;3;d:\ - total: 931.32 Gb - used: 745.50 Gb (80%) - free 185.82 Gb (20%)
[1583675531] SERVICE NOTIFICATION: jatin;vdb-103;Swap Usage;CRITICAL;notify-service-by-email;SWAP CRITICAL - 1% free (0 MB out of 2047 MB)
[1583675531] SERVICE NOTIFICATION: atul;vdb-103;Swap Usage;CRITICAL;notify-service-by-email;SWAP CRITICAL - 1% free (0 MB out of 2047 MB)
[1583675856] SERVICE NOTIFICATION: nagiosadmin;vonly-backup;/media/data Partition;CRITICAL;notify-service-by-email;/media/data is at 91% capacity! 6.2T of 7.3T
[1583675856] SERVICE NOTIFICATION: jatin;vonly-backup;/media/data Partition;CRITICAL;notify-service-by-email;/media/data is at 91% capacity! 6.2T of 7.3T
[1583675856] SERVICE NOTIFICATION: atul;vonly-backup;/media/data Partition;CRITICAL;notify-service-by-email;/media/data is at 91% capacity! 6.2T of 7.3T
[1583676114] SERVICE FLAPPING ALERT: vapps-100;Current Load;STOPPED; Service appears to have stopped flapping (4.0% change < 5.0% threshold)
[1583676114] SERVICE NOTIFICATION: jatin;vapps-100;Current Load;FLAPPINGSTOP (OK);notify-service-by-email;OK - load average: 0.14, 0.24, 0.31
[1583676114] SERVICE NOTIFICATION: atul;vapps-100;Current Load;FLAPPINGSTOP (OK);notify-service-by-email;OK - load average: 0.14, 0.24, 0.31
[1583676626] Auto-save of retention data completed successfully.
[1583677502] SERVICE NOTIFICATION: jatin;WINV-102;Data Drive Space;WARNING;notify-service-by-email;d:\ - total: 1862.64 Gb - used: 1491.82 Gb (80%) - free 370.82 Gb (20%)
[1583677502] SERVICE NOTIFICATION: atul;WINV-102;Data Drive Space;WARNING;notify-service-by-email;d:\ - total: 1862.64 Gb - used: 1491.82 Gb (80%) - free 370.82 Gb (20%)
[1583677775] SERVICE NOTIFICATION: jatin;WINV-101;Data Drive Space;WARNING;notify-service-by-email;d:\ - total: 931.32 Gb - used: 755.37 Gb (81%) - free 175.95 Gb (19%)
[1583677775] SERVICE NOTIFICATION: atul;WINV-101;Data Drive Space;WARNING;notify-service-by-email;d:\ - total: 931.32 Gb - used: 755.37 Gb (81%) - free 175.95 Gb (19%)
[1583679456] SERVICE NOTIFICATION: nagiosadmin;vonly-backup;/media/data Partition;CRITICAL;notify-service-by-email;/media/data is at 91% capacity! 6.2T of 7.3T
[1583679456] SERVICE NOTIFICATION: jatin;vonly-backup;/media/data Partition;CRITICAL;notify-service-by-email;/media/data is at 91% capacity! 6.2T of 7.3T
[1583679456] SERVICE NOTIFICATION: atul;vonly-backup;/media/data Partition;CRITICAL;notify-service-by-email;/media/data is at 91% capacity! 6.2T of 7.3T
[1583680226] Auto-save of retention data completed successfully.
[1583683056] SERVICE NOTIFICATION: nagiosadmin;vonly-backup;/media/data Partition;CRITICAL;notify-service-by-email;/media/data is at 91% capacity! 6.2T of 7.3T
[1583683056] SERVICE NOTIFICATION: jatin;vonly-backup;/media/data Partition;CRITICAL;notify-service-by-email;/media/data is at 91% capacity! 6.2T of 7.3T
[1583683056] SERVICE NOTIFICATION: atul;vonly-backup;/media/data Partition;CRITICAL;notify-service-by-email;/media/data is at 91% capacity! 6.2T of 7.3T
[1583683826] Auto-save of retention data completed successfully.
[1583684460] SERVICE NOTIFICATION: jatin;WINV-104;Data Drive Space;WARNING;notify-service-by-email;d:\ - total: 931.32 Gb - used: 745.64 Gb (80%) - free 185.68 Gb (20%)
[1583684460] SERVICE NOTIFICATION: atul;WINV-104;Data Drive Space;WARNING;notify-service-by-email;d:\ - total: 931.32 Gb - used: 745.64 Gb (80%) - free 185.68 Gb (20%)
[1583686656] SERVICE NOTIFICATION: nagiosadmin;vonly-backup;/media/data Partition;CRITICAL;notify-service-by-email;/media/data is at 91% capacity! 6.2T of 7.3T
[1583686656] SERVICE NOTIFICATION: jatin;vonly-backup;/media/data Partition;CRITICAL;notify-service-by-email;/media/data is at 91% capacity! 6.2T of 7.3T
[1583686656] SERVICE NOTIFICATION: atul;vonly-backup;/media/data Partition;CRITICAL;notify-service-by-email;/media/data is at 91% capacity! 6.2T of 7.3T
[1583687425] Auto-save of retention data completed successfully.
[1583687863] SERVICE NOTIFICATION: jatin;WINV-110;Data Drive Space;WARNING;notify-service-by-email;d:\ - total: 931.32 Gb - used: 760.22 Gb (82%) - free 171.10 Gb (18%)
[1583687863] SERVICE NOTIFICATION: atul;WINV-110;Data Drive Space;WARNING;notify-service-by-email;d:\ - total: 931.32 Gb - used: 760.22 Gb (82%) - free 171.10 Gb (18%)
[1583689931] SERVICE NOTIFICATION: jatin;vdb-103;Swap Usage;CRITICAL;notify-service-by-email;SWAP CRITICAL - 1% free (0 MB out of 2047 MB)
[1583689931] SERVICE NOTIFICATION: atul;vdb-103;Swap Usage;CRITICAL;notify-service-by-email;SWAP CRITICAL - 1% free (0 MB out of 2047 MB)
[1583690256] SERVICE NOTIFICATION: nagiosadmin;vonly-backup;/media/data Partition;CRITICAL;notify-service-by-email;/media/data is at 91% capacity! 6.2T of 7.3T
[1583690256] SERVICE NOTIFICATION: jatin;vonly-backup;/media/data Partition;CRITICAL;notify-service-by-email;/media/data is at 91% capacity! 6.2T of 7.3T
[1583690256] SERVICE NOTIFICATION: atul;vonly-backup;/media/data Partition;CRITICAL;notify-service-by-email;/media/data is at 91% capacity! 6.2T of 7.3T
[1583690269] SERVICE ALERT: WINV-101;CPU Load;CRITICAL;SOFT;1;CPU Load 100% (5 min average)
[1583690389] SERVICE ALERT: WINV-101;CPU Load;OK;SOFT;2;CPU Load 7% (5 min average)
[1583691025] Auto-save of retention data completed successfully.
[1583691902] SERVICE NOTIFICATION: jatin;WINV-102;Data Drive Space;WARNING;notify-service-by-email;d:\ - total: 1862.64 Gb - used: 1491.83 Gb (80%) - free 370.81 Gb (20%)
[1583691902] SERVICE NOTIFICATION: atul;WINV-102;Data Drive Space;WARNING;notify-service-by-email;d:\ - total: 1862.64 Gb - used: 1491.83 Gb (80%) - free 370.81 Gb (20%)
[1583692175] SERVICE NOTIFICATION: jatin;WINV-101;Data Drive Space;WARNING;notify-service-by-email;d:\ - total: 931.32 Gb - used: 755.45 Gb (81%) - free 175.87 Gb (19%)
[1583692175] SERVICE NOTIFICATION: atul;WINV-101;Data Drive Space;WARNING;notify-service-by-email;d:\ - total: 931.32 Gb - used: 755.45 Gb (81%) - free 175.87 Gb (19%)
[1583693675] SERVICE NOTIFICATION: jatin;vdb-101;/mnt/data01 Partition;CRITICAL;notify-service-by-email;/mnt/data01 is at 91% capacity! 3.1T of 3.6T
[1583693675] SERVICE NOTIFICATION: atul;vdb-101;/mnt/data01 Partition;CRITICAL;notify-service-by-email;/mnt/data01 is at 91% capacity! 3.1T of 3.6T
[1583693856] SERVICE NOTIFICATION: nagiosadmin;vonly-backup;/media/data Partition;CRITICAL;notify-service-by-email;/media/data is at 91% capacity! 6.2T of 7.3T
[1583693856] SERVICE NOTIFICATION: jatin;vonly-backup;/media/data Partition;CRITICAL;notify-service-by-email;/media/data is at 91% capacity! 6.2T of 7.3T
[1583693856] SERVICE NOTIFICATION: atul;vonly-backup;/media/data Partition;CRITICAL;notify-service-by-email;/media/data is at 91% capacity! 6.2T of 7.3T
[1583694625] Auto-save of retention data completed successfully.
[1583697456] SERVICE NOTIFICATION: nagiosadmin;vonly-backup;/media/data Partition;CRITICAL;notify-service-by-email;/media/data is at 91% capacity! 6.2T of 7.3T
[1583697456] SERVICE NOTIFICATION: jatin;vonly-backup;/media/data Partition;CRITICAL;notify-service-by-email;/media/data is at 91% capacity! 6.2T of 7.3T
[1583697456] SERVICE NOTIFICATION: atul;vonly-backup;/media/data Partition;CRITICAL;notify-service-by-email;/media/data is at 91% capacity! 6.2T of 7.3T
[1583698225] Auto-save of retention data completed successfully.
[1583698629] SERVICE ALERT: WINV-104;CPU Load;WARNING;SOFT;1;No data was received from host!
[1583698753] SERVICE ALERT: WINV-104;CPU Load;CRITICAL;SOFT;2;CPU Load 100% (5 min average)
[1583698869] SERVICE NOTIFICATION: jatin;WINV-104;Data Drive Space;WARNING;notify-service-by-email;No data was received from host!
[1583698869] SERVICE NOTIFICATION: atul;WINV-104;Data Drive Space;WARNING;notify-service-by-email;No data was received from host!
[1583698882] SERVICE NOTIFICATION: jatin;WINV-104;CPU Load;WARNING;notify-service-by-email;No data was received from host!
[1583698882] SERVICE NOTIFICATION: atul;WINV-104;CPU Load;WARNING;notify-service-by-email;No data was received from host!
[1583698882] SERVICE ALERT: WINV-104;CPU Load;WARNING;HARD;3;No data was received from host!
[1583699482] SERVICE NOTIFICATION: jatin;WINV-104;CPU Load;OK;notify-service-by-email;CPU Load 1% (5 min average)
[1583699482] SERVICE NOTIFICATION: atul;WINV-104;CPU Load;OK;notify-service-by-email;CPU Load 1% (5 min average)
[1583699482] SERVICE ALERT: WINV-104;CPU Load;OK;HARD;3;CPU Load 1% (5 min average)
[1583701056] SERVICE NOTIFICATION: nagiosadmin;vonly-backup;/media/data Partition;CRITICAL;notify-service-by-email;/media/data is at 91% capacity! 6.2T of 7.3T
[1583701056] SERVICE NOTIFICATION: jatin;vonly-backup;/media/data Partition;CRITICAL;notify-service-by-email;/media/data is at 91% capacity! 6.2T of 7.3T
[1583701056] SERVICE NOTIFICATION: atul;vonly-backup;/media/data Partition;CRITICAL;notify-service-by-email;/media/data is at 91% capacity! 6.2T of 7.3T
[1583701826] Auto-save of retention data completed successfully.
[1583702263] SERVICE NOTIFICATION: jatin;WINV-110;Data Drive Space;WARNING;notify-service-by-email;d:\ - total: 931.32 Gb - used: 760.22 Gb (82%) - free 171.10 Gb (18%)
[1583702263] SERVICE NOTIFICATION: atul;WINV-110;Data Drive Space;WARNING;notify-service-by-email;d:\ - total: 931.32 Gb - used: 760.22 Gb (82%) - free 171.10 Gb (18%)
[1583704331] SERVICE NOTIFICATION: jatin;vdb-103;Swap Usage;CRITICAL;notify-service-by-email;SWAP CRITICAL - 1% free (0 MB out of 2047 MB)
[1583704331] SERVICE NOTIFICATION: atul;vdb-103;Swap Usage;CRITICAL;notify-service-by-email;SWAP CRITICAL - 1% free (0 MB out of 2047 MB)
[1583704656] SERVICE NOTIFICATION: nagiosadmin;vonly-backup;/media/data Partition;CRITICAL;notify-service-by-email;/media/data is at 91% capacity! 6.2T of 7.3T
[1583704656] SERVICE NOTIFICATION: jatin;vonly-backup;/media/data Partition;CRITICAL;notify-service-by-email;/media/data is at 91% capacity! 6.2T of 7.3T
[1583704656] SERVICE NOTIFICATION: atul;vonly-backup;/media/data Partition;CRITICAL;notify-service-by-email;/media/data is at 91% capacity! 6.2T of 7.3T
[1583705425] Auto-save of retention data completed successfully.
[1583706302] SERVICE NOTIFICATION: jatin;WINV-102;Data Drive Space;WARNING;notify-service-by-email;d:\ - total: 1862.64 Gb - used: 1491.84 Gb (80%) - free 370.80 Gb (20%)
[1583706302] SERVICE NOTIFICATION: atul;WINV-102;Data Drive Space;WARNING;notify-service-by-email;d:\ - total: 1862.64 Gb - used: 1491.84 Gb (80%) - free 370.80 Gb (20%)
[1583706575] SERVICE NOTIFICATION: jatin;WINV-101;Data Drive Space;WARNING;notify-service-by-email;d:\ - total: 931.32 Gb - used: 755.45 Gb (81%) - free 175.87 Gb (19%)
[1583706575] SERVICE NOTIFICATION: atul;WINV-101;Data Drive Space;WARNING;notify-service-by-email;d:\ - total: 931.32 Gb - used: 755.45 Gb (81%) - free 175.87 Gb (19%)
[1583708256] SERVICE NOTIFICATION: nagiosadmin;vonly-backup;/media/data Partition;CRITICAL;notify-service-by-email;/media/data is at 91% capacity! 6.2T of 7.3T
[1583708256] SERVICE NOTIFICATION: jatin;vonly-backup;/media/data Partition;CRITICAL;notify-service-by-email;/media/data is at 91% capacity! 6.2T of 7.3T
[1583708256] SERVICE NOTIFICATION: atul;vonly-backup;/media/data Partition;CRITICAL;notify-service-by-email;/media/data is at 91% capacity! 6.2T of 7.3T
[1583708863] SERVICE NOTIFICATION: jatin;WINV-110;Data Drive Space;OK;notify-service-by-email;d:\ - total: 931.32 Gb - used: 739.24 Gb (79%) - free 192.08 Gb (21%)
[1583708863] SERVICE NOTIFICATION: atul;WINV-110;Data Drive Space;OK;notify-service-by-email;d:\ - total: 931.32 Gb - used: 739.24 Gb (79%) - free 192.08 Gb (21%)
[1583708863] SERVICE ALERT: WINV-110;Data Drive Space;OK;HARD;3;d:\ - total: 931.32 Gb - used: 739.24 Gb (79%) - free 192.08 Gb (21%)
[1583709025] Auto-save of retention data completed successfully.
[1583710314] SERVICE ALERT: vapps-100;Current Load;WARNING;SOFT;1;WARNING - load average: 28.85, 17.47, 9.26
[1583710375] SERVICE ALERT: vapps-100;Current Load;CRITICAL;SOFT;2;CRITICAL - load average: 35.92, 21.34, 11.09
[1583710435] SERVICE ALERT: vapps-100;Current Load;CRITICAL;SOFT;3;CRITICAL - load average: 32.12, 22.76, 12.22
[1583710495] SERVICE NOTIFICATION: jatin;vapps-100;Current Load;CRITICAL;notify-service-by-email;CRITICAL - load average: 38.38, 27.13, 14.44
[1583710495] SERVICE NOTIFICATION: atul;vapps-100;Current Load;CRITICAL;notify-service-by-email;CRITICAL - load average: 38.38, 27.13, 14.44
[1583710495] SERVICE ALERT: vapps-100;Current Load;CRITICAL;HARD;4;CRITICAL - load average: 38.38, 27.13, 14.44
[1583710795] SERVICE NOTIFICATION: jatin;vapps-100;Current Load;WARNING;notify-service-by-email;WARNING - load average: 23.48, 21.08, 14.98
[1583710795] SERVICE NOTIFICATION: atul;vapps-100;Current Load;WARNING;notify-service-by-email;WARNING - load average: 23.48, 21.08, 14.98
[1583710795] SERVICE ALERT: vapps-100;Current Load;WARNING;HARD;4;WARNING - load average: 23.48, 21.08, 14.98
[1583710847] SERVICE ALERT: vinfra-200;Current Load;WARNING;SOFT;1;WARNING - load average: 5.13, 6.06, 5.01
[1583710907] SERVICE ALERT: vinfra-200;Current Load;WARNING;SOFT;2;WARNING - load average: 8.45, 6.62, 5.26
[1583710967] SERVICE ALERT: vinfra-200;Current Load;WARNING;SOFT;3;WARNING - load average: 10.05, 7.05, 5.47
[1583710968] SERVICE ALERT: vonly-replica;Current Load;WARNING;SOFT;1;WARNING - load average: 12.04, 12.02, 10.23
[1583711027] SERVICE NOTIFICATION: jatin;vinfra-200;Current Load;WARNING;notify-service-by-email;WARNING - load average: 7.09, 6.72, 5.46
[1583711027] SERVICE NOTIFICATION: atul;vinfra-200;Current Load;WARNING;notify-service-by-email;WARNING - load average: 7.09, 6.72, 5.46
[1583711027] SERVICE ALERT: vinfra-200;Current Load;WARNING;HARD;4;WARNING - load average: 7.09, 6.72, 5.46
[1583711028] SERVICE ALERT: vonly-replica;Current Load;WARNING;SOFT;2;WARNING - load average: 13.06, 12.32, 10.44
[1583711088] SERVICE ALERT: vonly-replica;Current Load;WARNING;SOFT;3;WARNING - load average: 13.09, 12.52, 10.63
[1583711148] SERVICE NOTIFICATION: jatin;vonly-replica;Current Load;WARNING;notify-service-by-email;WARNING - load average: 12.89, 12.58, 10.77
[1583711148] SERVICE NOTIFICATION: atul;vonly-replica;Current Load;WARNING;notify-service-by-email;WARNING - load average: 12.89, 12.58, 10.77
[1583711148] SERVICE ALERT: vonly-replica;Current Load;WARNING;HARD;4;WARNING - load average: 12.89, 12.58, 10.77
[1583711856] SERVICE NOTIFICATION: nagiosadmin;vonly-backup;/media/data Partition;CRITICAL;notify-service-by-email;/media/data is at 91% capacity! 6.2T of 7.3T
[1583711856] SERVICE NOTIFICATION: jatin;vonly-backup;/media/data Partition;CRITICAL;notify-service-by-email;/media/data is at 91% capacity! 6.2T of 7.3T
[1583711856] SERVICE NOTIFICATION: atul;vonly-backup;/media/data Partition;CRITICAL;notify-service-by-email;/media/data is at 91% capacity! 6.2T of 7.3T
[1583711995] SERVICE NOTIFICATION: jatin;vapps-100;Current Load;CRITICAL;notify-service-by-email;CRITICAL - load average: 23.03, 23.48, 20.33
[1583711995] SERVICE NOTIFICATION: atul;vapps-100;Current Load;CRITICAL;notify-service-by-email;CRITICAL - load average: 23.03, 23.48, 20.33
[1583711995] SERVICE ALERT: vapps-100;Current Load;CRITICAL;HARD;4;CRITICAL - load average: 23.03, 23.48, 20.33
[1583712625] Auto-save of retention data completed successfully.
[1583713860] SERVICE NOTIFICATION: jatin;WINV-104;Data Drive Space;WARNING;notify-service-by-email;d:\ - total: 931.32 Gb - used: 746.66 Gb (80%) - free 184.66 Gb (20%)
[1583713860] SERVICE NOTIFICATION: atul;WINV-104;Data Drive Space;WARNING;notify-service-by-email;d:\ - total: 931.32 Gb - used: 746.66 Gb (80%) - free 184.66 Gb (20%)
[1583713911] SERVICE ALERT: WINV-101;CPU Load;CRITICAL;SOFT;1;CPU Load 100% (5 min average)
[1583714040] SERVICE ALERT: WINV-101;CPU Load;WARNING;SOFT;2;No data was received from host!
[1583714160] SERVICE ALERT: WINV-101;CPU Load;OK;HARD;3;CPU Load 9% (5 min average)
[1583715456] SERVICE NOTIFICATION: nagiosadmin;vonly-backup;/media/data Partition;CRITICAL;notify-service-by-email;/media/data is at 91% capacity! 6.2T of 7.3T
[1583715456] SERVICE NOTIFICATION: jatin;vonly-backup;/media/data Partition;CRITICAL;notify-service-by-email;/media/data is at 91% capacity! 6.2T of 7.3T
[1583715456] SERVICE NOTIFICATION: atul;vonly-backup;/media/data Partition;CRITICAL;notify-service-by-email;/media/data is at 91% capacity! 6.2T of 7.3T
[1583715548] SERVICE ALERT: WINV-102;CPU Load;CRITICAL;SOFT;1;CPU Load 94% (5 min average)
[1583715668] SERVICE ALERT: WINV-102;CPU Load;OK;SOFT;2;CPU Load 17% (5 min average)
[1583716225] Auto-save of retention data completed successfully.
[1583717327] SERVICE NOTIFICATION: jatin;vinfra-200;Current Load;OK;notify-service-by-email;OK - load average: 1.63, 2.85, 4.32
[1583717327] SERVICE NOTIFICATION: atul;vinfra-200;Current Load;OK;notify-service-by-email;OK - load average: 1.63, 2.85, 4.32
[1583717327] SERVICE ALERT: vinfra-200;Current Load;OK;HARD;4;OK - load average: 1.63, 2.85, 4.32
[1583717395] SERVICE NOTIFICATION: jatin;vapps-100;Current Load;WARNING;notify-service-by-email;WARNING - load average: 0.37, 7.58, 19.05
[1583717395] SERVICE NOTIFICATION: atul;vapps-100;Current Load;WARNING;notify-service-by-email;WARNING - load average: 0.37, 7.58, 19.05
[1583717395] SERVICE ALERT: vapps-100;Current Load;WARNING;HARD;4;WARNING - load average: 0.37, 7.58, 19.05
[1583717448] SERVICE NOTIFICATION: jatin;vonly-replica;Current Load;OK;notify-service-by-email;OK - load average: 6.47, 7.56, 9.31
[1583717448] SERVICE NOTIFICATION: atul;vonly-replica;Current Load;OK;notify-service-by-email;OK - load average: 6.47, 7.56, 9.31
[1583717448] SERVICE ALERT: vonly-replica;Current Load;OK;HARD;4;OK - load average: 6.47, 7.56, 9.31
[1583718295] SERVICE NOTIFICATION: jatin;vapps-100;Current Load;OK;notify-service-by-email;OK - load average: 0.31, 0.81, 7.54
[1583718295] SERVICE NOTIFICATION: atul;vapps-100;Current Load;OK;notify-service-by-email;OK - load average: 0.31, 0.81, 7.54
[1583718295] SERVICE ALERT: vapps-100;Current Load;OK;HARD;4;OK - load average: 0.31, 0.81, 7.54
[1583718731] SERVICE NOTIFICATION: jatin;vdb-103;Swap Usage;CRITICAL;notify-service-by-email;SWAP CRITICAL - 1% free (0 MB out of 2047 MB)
[1583718731] SERVICE NOTIFICATION: atul;vdb-103;Swap Usage;CRITICAL;notify-service-by-email;SWAP CRITICAL - 1% free (0 MB out of 2047 MB)
[1583719056] SERVICE NOTIFICATION: nagiosadmin;vonly-backup;/media/data Partition;CRITICAL;notify-service-by-email;/media/data is at 91% capacity! 6.2T of 7.3T
[1583719056] SERVICE NOTIFICATION: jatin;vonly-backup;/media/data Partition;CRITICAL;notify-service-by-email;/media/data is at 91% capacity! 6.2T of 7.3T
[1583719056] SERVICE NOTIFICATION: atul;vonly-backup;/media/data Partition;CRITICAL;notify-service-by-email;/media/data is at 91% capacity! 6.2T of 7.3T
[1583719826] Auto-save of retention data completed successfully.
[1583720702] SERVICE NOTIFICATION: jatin;WINV-102;Data Drive Space;WARNING;notify-service-by-email;d:\ - total: 1862.64 Gb - used: 1492.85 Gb (80%) - free 369.79 Gb (20%)
[1583720702] SERVICE NOTIFICATION: atul;WINV-102;Data Drive Space;WARNING;notify-service-by-email;d:\ - total: 1862.64 Gb - used: 1492.85 Gb (80%) - free 369.79 Gb (20%)
[1583720975] SERVICE NOTIFICATION: jatin;WINV-101;Data Drive Space;WARNING;notify-service-by-email;d:\ - total: 931.32 Gb - used: 755.90 Gb (81%) - free 175.42 Gb (19%)
[1583720975] SERVICE NOTIFICATION: atul;WINV-101;Data Drive Space;WARNING;notify-service-by-email;d:\ - total: 931.32 Gb - used: 755.90 Gb (81%) - free 175.42 Gb (19%)
[1583722656] SERVICE NOTIFICATION: nagiosadmin;vonly-backup;/media/data Partition;CRITICAL;notify-service-by-email;/media/data is at 91% capacity! 6.2T of 7.3T
[1583722656] SERVICE NOTIFICATION: jatin;vonly-backup;/media/data Partition;CRITICAL;notify-service-by-email;/media/data is at 91% capacity! 6.2T of 7.3T
[1583722656] SERVICE NOTIFICATION: atul;vonly-backup;/media/data Partition;CRITICAL;notify-service-by-email;/media/data is at 91% capacity! 6.2T of 7.3T
[1583723426] Auto-save of retention data completed successfully.
[1583726256] SERVICE NOTIFICATION: nagiosadmin;vonly-backup;/media/data Partition;CRITICAL;notify-service-by-email;/media/data is at 91% capacity! 6.2T of 7.3T
[1583726256] SERVICE NOTIFICATION: jatin;vonly-backup;/media/data Partition;CRITICAL;notify-service-by-email;/media/data is at 91% capacity! 6.2T of 7.3T
[1583726256] SERVICE NOTIFICATION: atul;vonly-backup;/media/data Partition;CRITICAL;notify-service-by-email;/media/data is at 91% capacity! 6.2T of 7.3T
[1583727025] Auto-save of retention data completed successfully.
[1583728260] SERVICE NOTIFICATION: jatin;WINV-104;Data Drive Space;WARNING;notify-service-by-email;d:\ - total: 931.32 Gb - used: 746.53 Gb (80%) - free 184.78 Gb (20%)
[1583728260] SERVICE NOTIFICATION: atul;WINV-104;Data Drive Space;WARNING;notify-service-by-email;d:\ - total: 931.32 Gb - used: 746.53 Gb (80%) - free 184.78 Gb (20%)
[1583729160] SERVICE ALERT: WINV-101;CPU Load;CRITICAL;SOFT;1;CPU Load 100% (5 min average)
[1583729280] SERVICE ALERT: WINV-101;CPU Load;CRITICAL;SOFT;2;CPU Load 94% (5 min average)
[1583729400] SERVICE ALERT: WINV-101;CPU Load;OK;HARD;3;CPU Load 4% (5 min average)
[1583729856] SERVICE NOTIFICATION: nagiosadmin;vonly-backup;/media/data Partition;CRITICAL;notify-service-by-email;/media/data is at 91% capacity! 6.2T of 7.3T
[1583729856] SERVICE NOTIFICATION: jatin;vonly-backup;/media/data Partition;CRITICAL;notify-service-by-email;/media/data is at 91% capacity! 6.2T of 7.3T
[1583729856] SERVICE NOTIFICATION: atul;vonly-backup;/media/data Partition;CRITICAL;notify-service-by-email;/media/data is at 91% capacity! 6.2T of 7.3T
[1583730625] Auto-save of retention data completed successfully.
[1583733131] SERVICE NOTIFICATION: jatin;vdb-103;Swap Usage;CRITICAL;notify-service-by-email;SWAP CRITICAL - 1% free (0 MB out of 2047 MB)
[1583733131] SERVICE NOTIFICATION: atul;vdb-103;Swap Usage;CRITICAL;notify-service-by-email;SWAP CRITICAL - 1% free (0 MB out of 2047 MB)
[1583733456] SERVICE NOTIFICATION: nagiosadmin;vonly-backup;/media/data Partition;CRITICAL;notify-service-by-email;/media/data is at 91% capacity! 6.2T of 7.3T
[1583733456] SERVICE NOTIFICATION: jatin;vonly-backup;/media/data Partition;CRITICAL;notify-service-by-email;/media/data is at 91% capacity! 6.2T of 7.3T
[1583733456] SERVICE NOTIFICATION: atul;vonly-backup;/media/data Partition;CRITICAL;notify-service-by-email;/media/data is at 91% capacity! 6.2T of 7.3T
[1583734225] Auto-save of retention data completed successfully.
[1583735102] SERVICE NOTIFICATION: jatin;WINV-102;Data Drive Space;WARNING;notify-service-by-email;d:\ - total: 1862.64 Gb - used: 1494.21 Gb (80%) - free 368.42 Gb (20%)
[1583735102] SERVICE NOTIFICATION: atul;WINV-102;Data Drive Space;WARNING;notify-service-by-email;d:\ - total: 1862.64 Gb - used: 1494.21 Gb (80%) - free 368.42 Gb (20%)
[1583735375] SERVICE NOTIFICATION: jatin;WINV-101;Data Drive Space;WARNING;notify-service-by-email;d:\ - total: 931.32 Gb - used: 755.94 Gb (81%) - free 175.38 Gb (19%)
[1583735375] SERVICE NOTIFICATION: atul;WINV-101;Data Drive Space;WARNING;notify-service-by-email;d:\ - total: 931.32 Gb - used: 755.94 Gb (81%) - free 175.38 Gb (19%)
[1583736875] SERVICE NOTIFICATION: jatin;vdb-101;/mnt/data01 Partition;CRITICAL;notify-service-by-email;/mnt/data01 is at 91% capacity! 3.1T of 3.6T
[1583736875] SERVICE NOTIFICATION: atul;vdb-101;/mnt/data01 Partition;CRITICAL;notify-service-by-email;/mnt/data01 is at 91% capacity! 3.1T of 3.6T
[1583737056] SERVICE NOTIFICATION: nagiosadmin;vonly-backup;/media/data Partition;CRITICAL;notify-service-by-email;/media/data is at 91% capacity! 6.2T of 7.3T
[1583737056] SERVICE NOTIFICATION: jatin;vonly-backup;/media/data Partition;CRITICAL;notify-service-by-email;/media/data is at 91% capacity! 6.2T of 7.3T
[1583737056] SERVICE NOTIFICATION: atul;vonly-backup;/media/data Partition;CRITICAL;notify-service-by-email;/media/data is at 91% capacity! 6.2T of 7.3T
[1583737825] Auto-save of retention data completed successfully.
[1583738395] SERVICE ALERT: vapps-100;Current Load;WARNING;SOFT;1;WARNING - load average: 21.36, 13.38, 6.76
[1583738455] SERVICE ALERT: vapps-100;Current Load;WARNING;SOFT;2;WARNING - load average: 24.96, 15.84, 8.02
[1583738515] SERVICE ALERT: vapps-100;Current Load;WARNING;SOFT;3;WARNING - load average: 21.84, 16.65, 8.79
[1583738575] SERVICE NOTIFICATION: jatin;vapps-100;Current Load;WARNING;notify-service-by-email;WARNING - load average: 29.60, 19.63, 10.30
[1583738575] SERVICE NOTIFICATION: atul;vapps-100;Current Load;WARNING;notify-service-by-email;WARNING - load average: 29.60, 19.63, 10.30
[1583738575] SERVICE ALERT: vapps-100;Current Load;WARNING;HARD;4;WARNING - load average: 29.60, 19.63, 10.30
[1583738875] SERVICE NOTIFICATION: jatin;vapps-100;Current Load;CRITICAL;notify-service-by-email;CRITICAL - load average: 33.37, 26.48, 15.65
[1583738875] SERVICE NOTIFICATION: atul;vapps-100;Current Load;CRITICAL;notify-service-by-email;CRITICAL - load average: 33.37, 26.48, 15.65
[1583738875] SERVICE ALERT: vapps-100;Current Load;CRITICAL;HARD;4;CRITICAL - load average: 33.37, 26.48, 15.65
[1583739348] SERVICE ALERT: vonly-replica;Current Load;WARNING;SOFT;1;WARNING - load average: 10.66, 11.16, 10.13
[1583739408] SERVICE ALERT: vonly-replica;Current Load;WARNING;SOFT;2;WARNING - load average: 11.54, 11.36, 10.27
[1583739468] SERVICE ALERT: vonly-replica;Current Load;WARNING;SOFT;3;WARNING - load average: 13.33, 11.92, 10.53
[1583739527] SERVICE ALERT: vinfra-200;Current Load;WARNING;SOFT;1;WARNING - load average: 6.40, 6.28, 5.11
[1583739528] SERVICE NOTIFICATION: jatin;vonly-replica;Current Load;WARNING;notify-service-by-email;WARNING - load average: 13.97, 12.33, 10.76
[1583739528] SERVICE NOTIFICATION: atul;vonly-replica;Current Load;WARNING;notify-service-by-email;WARNING - load average: 13.97, 12.33, 10.76
[1583739528] SERVICE ALERT: vonly-replica;Current Load;WARNING;HARD;4;WARNING - load average: 13.97, 12.33, 10.76
[1583739587] SERVICE ALERT: vinfra-200;Current Load;WARNING;SOFT;2;WARNING - load average: 7.72, 6.56, 5.28
[1583739647] SERVICE ALERT: vinfra-200;Current Load;WARNING;SOFT;3;WARNING - load average: 7.15, 6.76, 5.44
[1583739707] SERVICE NOTIFICATION: jatin;vinfra-200;Current Load;WARNING;notify-service-by-email;WARNING - load average: 9.95, 7.27, 5.67
[1583739707] SERVICE NOTIFICATION: atul;vinfra-200;Current Load;WARNING;notify-service-by-email;WARNING - load average: 9.95, 7.27, 5.67
[1583739707] SERVICE ALERT: vinfra-200;Current Load;WARNING;HARD;4;WARNING - load average: 9.95, 7.27, 5.67
[1583740656] SERVICE NOTIFICATION: nagiosadmin;vonly-backup;/media/data Partition;CRITICAL;notify-service-by-email;/media/data is at 91% capacity! 6.2T of 7.3T
[1583740656] SERVICE NOTIFICATION: jatin;vonly-backup;/media/data Partition;CRITICAL;notify-service-by-email;/media/data is at 91% capacity! 6.2T of 7.3T
[1583740656] SERVICE NOTIFICATION: atul;vonly-backup;/media/data Partition;CRITICAL;notify-service-by-email;/media/data is at 91% capacity! 6.2T of 7.3T
