[1580716800] LOG ROTATION: DAILY
[1580716800] LOG VERSION: 2.0
[1580716800] CURRENT HOST STATE: vdb-100;UP;HARD;1;PING OK - Packet loss = 0%, RTA = 0.32 ms
[1580716800] CURRENT HOST STATE: vdb-101;UP;HARD;1;PING OK - Packet loss = 0%, RTA = 0.30 ms
[1580716800] CURRENT HOST STATE: vdb-102;UP;HARD;1;PING OK - Packet loss = 0%, RTA = 0.28 ms
[1580716800] CURRENT HOST STATE: vdb-103;UP;HARD;1;PING OK - Packet loss = 0%, RTA = 0.32 ms
[1580716800] CURRENT HOST STATE: vonly-backup;UP;HARD;1;PING OK - Packet loss = 0%, RTA = 0.06 ms
[1580716800] CURRENT HOST STATE: vonly-database;UP;HARD;1;PING OK - Packet loss = 0%, RTA = 0.30 ms
[1580716800] CURRENT HOST STATE: vonly-replica;UP;HARD;1;PING OK - Packet loss = 0%, RTA = 0.41 ms
[1580716800] CURRENT SERVICE STATE: vdb-100;/mnt/data01 Partition;WARNING;HARD;4;/mnt/data01 is at 91% capacity! 3.2T of 3.7T
[1580716800] CURRENT SERVICE STATE: vdb-100;Current Load;OK;HARD;1;OK - load average: 2.67, 2.60, 2.29
[1580716800] CURRENT SERVICE STATE: vdb-100;Current Users;OK;HARD;1;USERS OK - 1 users currently logged in
[1580716800] CURRENT SERVICE STATE: vdb-100;PING;OK;HARD;1;PING OK - Packet loss = 0%, RTA = 0.06 ms
[1580716800] CURRENT SERVICE STATE: vdb-100;Root Partition;OK;HARD;1;/ is at 12% capacity, 10G of 91G
[1580716800] CURRENT SERVICE STATE: vdb-100;SSH;OK;HARD;1;SSH OK - OpenSSH_7.2p2 Ubuntu-4ubuntu2.6 (protocol 2.0)
[1580716800] CURRENT SERVICE STATE: vdb-100;Swap Usage;CRITICAL;HARD;4;SWAP CRITICAL - 5% free (44 MB out of 975 MB)
[1580716800] CURRENT SERVICE STATE: vdb-100;Total Processes;OK;HARD;1;PROCS OK: 177 processes with STATE = RSZDT
[1580716800] CURRENT SERVICE STATE: vdb-101;/mnt/data01 Partition;OK;HARD;1;/mnt/data01 is at 90% capacity, 3.1T of 3.6T
[1580716800] CURRENT SERVICE STATE: vdb-101;Current Load;OK;HARD;1;OK - load average: 0.00, 0.00, 0.00
[1580716800] CURRENT SERVICE STATE: vdb-101;Current Users;OK;HARD;1;USERS OK - 0 users currently logged in
[1580716800] CURRENT SERVICE STATE: vdb-101;PING;OK;HARD;1;PING OK - Packet loss = 0%, RTA = 0.05 ms
[1580716800] CURRENT SERVICE STATE: vdb-101;Root Partition;OK;HARD;1;/ is at 11% capacity, 19G of 183G
[1580716800] CURRENT SERVICE STATE: vdb-101;SSH;OK;HARD;1;SSH OK - OpenSSH_7.2p2 Ubuntu-4ubuntu2.4 (protocol 2.0)
[1580716800] CURRENT SERVICE STATE: vdb-101;Swap Usage;CRITICAL;HARD;4;SWAP CRITICAL - 0% free (0 MB out of 975 MB)
[1580716800] CURRENT SERVICE STATE: vdb-101;Total Processes;OK;HARD;1;PROCS OK: 150 processes with STATE = RSZDT
[1580716800] CURRENT SERVICE STATE: vdb-102;/mnt/data01 Partition;OK;HARD;1;/mnt/data01 is at 87% capacity, 3.1T of 3.7T
[1580716800] CURRENT SERVICE STATE: vdb-102;Current Load;OK;HARD;1;OK - load average: 3.34, 3.19, 3.08
[1580716800] CURRENT SERVICE STATE: vdb-102;Current Users;OK;HARD;1;USERS OK - 1 users currently logged in
[1580716800] CURRENT SERVICE STATE: vdb-102;PING;OK;HARD;1;PING OK - Packet loss = 0%, RTA = 0.07 ms
[1580716800] CURRENT SERVICE STATE: vdb-102;Root Partition;OK;HARD;1;/ is at 11% capacity, 9.4G of 91G
[1580716800] CURRENT SERVICE STATE: vdb-102;SSH;OK;HARD;1;SSH OK - OpenSSH_7.2p2 Ubuntu-4ubuntu2.6 (protocol 2.0)
[1580716800] CURRENT SERVICE STATE: vdb-102;Swap Usage;CRITICAL;HARD;4;SWAP CRITICAL - 1% free (9 MB out of 975 MB)
[1580716800] CURRENT SERVICE STATE: vdb-102;Total Processes;OK;HARD;1;PROCS OK: 151 processes with STATE = RSZDT
[1580716800] CURRENT SERVICE STATE: vdb-103;/mnt/data01 Partition;OK;HARD;1;/mnt/data01 is at 63% capacity, 4.3T of 7.3T
[1580716800] CURRENT SERVICE STATE: vdb-103;Current Load;OK;HARD;1;OK - load average: 0.00, 0.00, 0.00
[1580716800] CURRENT SERVICE STATE: vdb-103;Current Users;OK;HARD;1;USERS OK - 1 users currently logged in
[1580716800] CURRENT SERVICE STATE: vdb-103;PING;OK;HARD;1;PING OK - Packet loss = 0%, RTA = 0.07 ms
[1580716800] CURRENT SERVICE STATE: vdb-103;Root Partition;OK;HARD;1;/ is at 41% capacity, 175G of 457G
[1580716800] CURRENT SERVICE STATE: vdb-103;SSH;OK;HARD;1;SSH OK - OpenSSH_7.6p1 Ubuntu-4ubuntu0.2 (protocol 2.0)
[1580716800] CURRENT SERVICE STATE: vdb-103;Swap Usage;OK;HARD;1;SWAP OK - 93% free (1892 MB out of 2047 MB)
[1580716800] CURRENT SERVICE STATE: vdb-103;Total Processes;OK;HARD;1;PROCS OK: 180 processes with STATE = RSZDT
[1580716800] CURRENT SERVICE STATE: vonly-backup;Current Load;OK;HARD;1;OK - load average: 1.18, 1.48, 1.68
[1580716800] CURRENT SERVICE STATE: vonly-backup;Current Users;OK;HARD;1;USERS OK - 0 users currently logged in
[1580716800] CURRENT SERVICE STATE: vonly-backup;HTTP;OK;HARD;1;HTTP OK: HTTP/1.1 200 OK - 11595 bytes in 0.001 second response time
[1580716800] CURRENT SERVICE STATE: vonly-backup;PING;OK;HARD;1;PING OK - Packet loss = 0%, RTA = 0.07 ms
[1580716800] CURRENT SERVICE STATE: vonly-backup;Root Partition;OK;HARD;1;/ is at 51% capacity, 107G of 220G
[1580716800] CURRENT SERVICE STATE: vonly-backup;SSH;OK;HARD;1;SSH OK - OpenSSH_7.2p2 Ubuntu-4ubuntu2.8 (protocol 2.0)
[1580716800] CURRENT SERVICE STATE: vonly-backup;Swap Usage;OK;HARD;1;SWAP OK - 94% free (53634 MB out of 57111 MB)
[1580716800] CURRENT SERVICE STATE: vonly-backup;Total Processes;OK;HARD;1;PROCS OK: 236 processes with STATE = RSZDT
[1580716800] CURRENT SERVICE STATE: vonly-database;/media/data Partition;OK;HARD;1;/media/data is at 17% capacity, 567G of 3.6T
[1580716800] CURRENT SERVICE STATE: vonly-database;Current Load;OK;HARD;1;OK - load average: 4.67, 4.46, 4.36
[1580716800] CURRENT SERVICE STATE: vonly-database;Current Users;OK;HARD;1;USERS OK - 2 users currently logged in
[1580716800] CURRENT SERVICE STATE: vonly-database;PING;OK;HARD;1;PING OK - Packet loss = 0%, RTA = 0.05 ms
[1580716800] CURRENT SERVICE STATE: vonly-database;Root Partition;OK;HARD;1;/ is at 66% capacity, 137G of 220G
[1580716800] CURRENT SERVICE STATE: vonly-database;SSH;OK;HARD;1;SSH OK - OpenSSH_6.6.1p1 Ubuntu-2ubuntu2.8 (protocol 2.0)
[1580716800] CURRENT SERVICE STATE: vonly-database;Swap Usage;OK;HARD;1;SWAP OK - 87% free (49573 MB out of 57111 MB)
[1580716800] CURRENT SERVICE STATE: vonly-database;Total Processes;OK;HARD;1;PROCS OK: 204 processes with STATE = RSZDT
[1580716800] CURRENT SERVICE STATE: vonly-replica;/media/data Partition;OK;HARD;1;/media/data is at 70% capacity, 4.8T of 7.3T
[1580716800] CURRENT SERVICE STATE: vonly-replica;Current Load;WARNING;HARD;4;WARNING - load average: 9.16, 9.92, 10.23
[1580716800] CURRENT SERVICE STATE: vonly-replica;Current Users;OK;HARD;1;USERS OK - 1 users currently logged in
[1580716800] CURRENT SERVICE STATE: vonly-replica;PING;OK;HARD;1;PING OK - Packet loss = 0%, RTA = 0.05 ms
[1580716800] CURRENT SERVICE STATE: vonly-replica;Root Partition;OK;HARD;1;/ is at 32% capacity, 33G of 108G
[1580716800] CURRENT SERVICE STATE: vonly-replica;SSH;OK;HARD;1;SSH OK - OpenSSH_7.2p2 Ubuntu-4ubuntu2.2 (protocol 2.0)
[1580716800] CURRENT SERVICE STATE: vonly-replica;Swap Usage;OK;HARD;1;SWAP OK - 99% free (27517 MB out of 27876 MB)
[1580716800] CURRENT SERVICE STATE: vonly-replica;Total Processes;OK;HARD;1;PROCS OK: 104 processes with STATE = RSZDT
[1580717709] SERVICE ALERT: vonly-database;Current Load;WARNING;SOFT;1;WARNING - load average: 6.78, 5.72, 5.01
[1580717769] SERVICE ALERT: vonly-database;Current Load;WARNING;SOFT;2;WARNING - load average: 5.49, 5.58, 5.01
[1580717829] SERVICE ALERT: vonly-database;Current Load;WARNING;SOFT;3;WARNING - load average: 5.50, 5.56, 5.03
[1580717889] SERVICE NOTIFICATION: jatin;vonly-database;Current Load;WARNING;notify-service-by-email;WARNING - load average: 5.76, 5.60, 5.08
[1580717889] SERVICE NOTIFICATION: atul;vonly-database;Current Load;WARNING;notify-service-by-email;WARNING - load average: 5.76, 5.60, 5.08
[1580717889] SERVICE ALERT: vonly-database;Current Load;WARNING;HARD;4;WARNING - load average: 5.76, 5.60, 5.08
[1580719981] Auto-save of retention data completed successfully.
[1580720289] SERVICE NOTIFICATION: jatin;vonly-database;Current Load;OK;notify-service-by-email;OK - load average: 4.12, 4.56, 4.90
[1580720289] SERVICE NOTIFICATION: atul;vonly-database;Current Load;OK;notify-service-by-email;OK - load average: 4.12, 4.56, 4.90
[1580720289] SERVICE ALERT: vonly-database;Current Load;OK;HARD;4;OK - load average: 4.12, 4.56, 4.90
[1580723289] SERVICE ALERT: vonly-database;Current Load;WARNING;SOFT;1;WARNING - load average: 6.07, 5.92, 5.33
[1580723349] SERVICE ALERT: vonly-database;Current Load;WARNING;SOFT;2;WARNING - load average: 5.33, 5.75, 5.30
[1580723409] SERVICE ALERT: vonly-database;Current Load;WARNING;SOFT;3;WARNING - load average: 5.86, 5.84, 5.36
[1580723444] SERVICE NOTIFICATION: jatin;vdb-100;/mnt/data01 Partition;WARNING;notify-service-by-email;/mnt/data01 is at 91% capacity! 3.2T of 3.7T
[1580723444] SERVICE NOTIFICATION: atul;vdb-100;/mnt/data01 Partition;WARNING;notify-service-by-email;/mnt/data01 is at 91% capacity! 3.2T of 3.7T
[1580723469] SERVICE NOTIFICATION: jatin;vonly-database;Current Load;WARNING;notify-service-by-email;WARNING - load average: 6.07, 5.90, 5.41
[1580723469] SERVICE NOTIFICATION: atul;vonly-database;Current Load;WARNING;notify-service-by-email;WARNING - load average: 6.07, 5.90, 5.41
[1580723469] SERVICE ALERT: vonly-database;Current Load;WARNING;HARD;4;WARNING - load average: 6.07, 5.90, 5.41
[1580723581] Auto-save of retention data completed successfully.
[1580725269] SERVICE NOTIFICATION: jatin;vonly-database;Current Load;OK;notify-service-by-email;OK - load average: 4.09, 4.55, 4.85
[1580725269] SERVICE NOTIFICATION: atul;vonly-database;Current Load;OK;notify-service-by-email;OK - load average: 4.09, 4.55, 4.85
[1580725269] SERVICE ALERT: vonly-database;Current Load;OK;HARD;4;OK - load average: 4.09, 4.55, 4.85
[1580726469] SERVICE ALERT: vonly-database;Current Load;WARNING;SOFT;1;WARNING - load average: 6.29, 5.53, 5.13
[1580726529] SERVICE ALERT: vonly-database;Current Load;WARNING;SOFT;2;WARNING - load average: 6.84, 5.86, 5.27
[1580726589] SERVICE ALERT: vonly-database;Current Load;WARNING;SOFT;3;WARNING - load average: 4.99, 5.52, 5.19
[1580726649] SERVICE NOTIFICATION: jatin;vonly-database;Current Load;WARNING;notify-service-by-email;WARNING - load average: 5.13, 5.49, 5.20
[1580726649] SERVICE NOTIFICATION: atul;vonly-database;Current Load;WARNING;notify-service-by-email;WARNING - load average: 5.13, 5.49, 5.20
[1580726649] SERVICE ALERT: vonly-database;Current Load;WARNING;HARD;4;WARNING - load average: 5.13, 5.49, 5.20
[1580726941] SERVICE NOTIFICATION: jatin;vonly-replica;Current Load;WARNING;notify-service-by-email;WARNING - load average: 10.16, 10.45, 10.90
[1580726941] SERVICE NOTIFICATION: atul;vonly-replica;Current Load;WARNING;notify-service-by-email;WARNING - load average: 10.16, 10.45, 10.90
[1580727181] Auto-save of retention data completed successfully.
[1580730202] SERVICE ALERT: vonly-backup;Total Processes;WARNING;SOFT;1;PROCS WARNING: 256 processes with STATE = RSZDT
[1580730262] SERVICE ALERT: vonly-backup;Total Processes;WARNING;SOFT;2;PROCS WARNING: 251 processes with STATE = RSZDT
[1580730322] SERVICE ALERT: vonly-backup;Total Processes;OK;SOFT;3;PROCS OK: 241 processes with STATE = RSZDT
[1580730682] SERVICE ALERT: vonly-backup;Total Processes;WARNING;SOFT;1;PROCS WARNING: 261 processes with STATE = RSZDT
[1580730742] SERVICE ALERT: vonly-backup;Total Processes;WARNING;SOFT;2;PROCS WARNING: 259 processes with STATE = RSZDT
[1580730781] Auto-save of retention data completed successfully.
[1580730803] SERVICE ALERT: vonly-backup;Total Processes;WARNING;SOFT;3;PROCS WARNING: 260 processes with STATE = RSZDT
[1580730863] SERVICE NOTIFICATION: nagiosadmin;vonly-backup;Total Processes;WARNING;notify-service-by-email;PROCS WARNING: 260 processes with STATE = RSZDT
[1580730863] SERVICE ALERT: vonly-backup;Total Processes;WARNING;HARD;4;PROCS WARNING: 260 processes with STATE = RSZDT
[1580731463] SERVICE NOTIFICATION: nagiosadmin;vonly-backup;Total Processes;OK;notify-service-by-email;PROCS OK: 242 processes with STATE = RSZDT
[1580731463] SERVICE ALERT: vonly-backup;Total Processes;OK;HARD;4;PROCS OK: 242 processes with STATE = RSZDT
[1580734381] Auto-save of retention data completed successfully.
[1580737981] Auto-save of retention data completed successfully.
[1580741049] SERVICE NOTIFICATION: jatin;vonly-database;Current Load;WARNING;notify-service-by-email;WARNING - load average: 6.15, 6.47, 6.44
[1580741049] SERVICE NOTIFICATION: atul;vonly-database;Current Load;WARNING;notify-service-by-email;WARNING - load average: 6.15, 6.47, 6.44
[1580741341] SERVICE NOTIFICATION: jatin;vonly-replica;Current Load;WARNING;notify-service-by-email;WARNING - load average: 5.84, 6.16, 6.34
[1580741341] SERVICE NOTIFICATION: atul;vonly-replica;Current Load;WARNING;notify-service-by-email;WARNING - load average: 5.84, 6.16, 6.34
[1580741581] Auto-save of retention data completed successfully.
[1580745181] Auto-save of retention data completed successfully.
[1580748780] Auto-save of retention data completed successfully.
[1580752381] Auto-save of retention data completed successfully.
[1580755449] SERVICE NOTIFICATION: jatin;vonly-database;Current Load;WARNING;notify-service-by-email;WARNING - load average: 5.31, 5.83, 6.03
[1580755449] SERVICE NOTIFICATION: atul;vonly-database;Current Load;WARNING;notify-service-by-email;WARNING - load average: 5.31, 5.83, 6.03
[1580755741] SERVICE NOTIFICATION: jatin;vonly-replica;Current Load;WARNING;notify-service-by-email;WARNING - load average: 6.78, 6.67, 6.65
[1580755741] SERVICE NOTIFICATION: atul;vonly-replica;Current Load;WARNING;notify-service-by-email;WARNING - load average: 6.78, 6.67, 6.65
[1580755981] Auto-save of retention data completed successfully.
[1580759580] Auto-save of retention data completed successfully.
[1580763180] Auto-save of retention data completed successfully.
[1580764165] SERVICE ALERT: vdb-101;Swap Usage;WARNING;HARD;4;SWAP WARNING - 11% free (99 MB out of 975 MB)
[1580764765] SERVICE ALERT: vdb-101;Swap Usage;OK;HARD;4;SWAP OK - 18% free (174 MB out of 975 MB)
[1580766644] SERVICE NOTIFICATION: jatin;vdb-100;/mnt/data01 Partition;WARNING;notify-service-by-email;/mnt/data01 is at 91% capacity! 3.2T of 3.7T
[1580766644] SERVICE NOTIFICATION: atul;vdb-100;/mnt/data01 Partition;WARNING;notify-service-by-email;/mnt/data01 is at 91% capacity! 3.2T of 3.7T
[1580766780] Auto-save of retention data completed successfully.
[1580768349] SERVICE NOTIFICATION: jatin;vonly-database;Current Load;OK;notify-service-by-email;OK - load average: 4.49, 4.71, 4.90
[1580768349] SERVICE NOTIFICATION: atul;vonly-database;Current Load;OK;notify-service-by-email;OK - load average: 4.49, 4.71, 4.90
[1580768349] SERVICE ALERT: vonly-database;Current Load;OK;HARD;4;OK - load average: 4.49, 4.71, 4.90
[1580769249] SERVICE ALERT: vonly-database;Current Load;WARNING;SOFT;1;WARNING - load average: 5.15, 5.10, 5.02
[1580769309] SERVICE ALERT: vonly-database;Current Load;WARNING;SOFT;2;WARNING - load average: 5.04, 5.07, 5.01
[1580769369] SERVICE ALERT: vonly-database;Current Load;WARNING;SOFT;3;WARNING - load average: 4.97, 5.10, 5.03
[1580769429] SERVICE NOTIFICATION: jatin;vonly-database;Current Load;WARNING;notify-service-by-email;WARNING - load average: 4.97, 5.08, 5.03
[1580769429] SERVICE NOTIFICATION: atul;vonly-database;Current Load;WARNING;notify-service-by-email;WARNING - load average: 4.97, 5.08, 5.03
[1580769429] SERVICE ALERT: vonly-database;Current Load;WARNING;HARD;4;WARNING - load average: 4.97, 5.08, 5.03
[1580770029] SERVICE NOTIFICATION: jatin;vonly-database;Current Load;OK;notify-service-by-email;OK - load average: 4.95, 4.93, 4.99
[1580770029] SERVICE NOTIFICATION: atul;vonly-database;Current Load;OK;notify-service-by-email;OK - load average: 4.95, 4.93, 4.99
[1580770029] SERVICE ALERT: vonly-database;Current Load;OK;HARD;4;OK - load average: 4.95, 4.93, 4.99
[1580770141] SERVICE NOTIFICATION: jatin;vonly-replica;Current Load;OK;notify-service-by-email;OK - load average: 4.79, 4.77, 4.99
[1580770141] SERVICE NOTIFICATION: atul;vonly-replica;Current Load;OK;notify-service-by-email;OK - load average: 4.79, 4.77, 4.99
[1580770141] SERVICE ALERT: vonly-replica;Current Load;OK;HARD;4;OK - load average: 4.79, 4.77, 4.99
[1580770329] SERVICE ALERT: vonly-database;Current Load;WARNING;SOFT;1;WARNING - load average: 4.76, 5.05, 5.03
[1580770381] Auto-save of retention data completed successfully.
[1580770389] SERVICE ALERT: vonly-database;Current Load;OK;SOFT;2;OK - load average: 4.25, 4.87, 4.97
[1580770749] SERVICE ALERT: vonly-database;Current Load;WARNING;SOFT;1;WARNING - load average: 5.15, 5.10, 5.04
[1580770809] SERVICE ALERT: vonly-database;Current Load;WARNING;SOFT;2;WARNING - load average: 5.21, 5.18, 5.07
[1580770869] SERVICE ALERT: vonly-database;Current Load;WARNING;SOFT;3;WARNING - load average: 5.18, 5.12, 5.06
[1580770929] SERVICE FLAPPING ALERT: vonly-database;Current Load;STARTED; Service appears to have started flapping (22.9% change >= 20.0% threshold)
[1580770929] SERVICE NOTIFICATION: jatin;vonly-database;Current Load;FLAPPINGSTART (WARNING);notify-service-by-email;WARNING - load average: 5.08, 5.10, 5.06
[1580770929] SERVICE NOTIFICATION: atul;vonly-database;Current Load;FLAPPINGSTART (WARNING);notify-service-by-email;WARNING - load average: 5.08, 5.10, 5.06
[1580770929] SERVICE ALERT: vonly-database;Current Load;WARNING;HARD;4;WARNING - load average: 5.08, 5.10, 5.06
[1580771229] SERVICE ALERT: vonly-database;Current Load;OK;HARD;4;OK - load average: 4.99, 4.85, 4.95
[1580771829] SERVICE ALERT: vonly-database;Current Load;WARNING;SOFT;1;WARNING - load average: 5.17, 5.37, 5.17
[1580771889] SERVICE ALERT: vonly-database;Current Load;WARNING;SOFT;2;WARNING - load average: 6.40, 5.65, 5.28
[1580771949] SERVICE ALERT: vonly-database;Current Load;WARNING;SOFT;3;WARNING - load average: 6.14, 5.70, 5.32
[1580772009] SERVICE ALERT: vonly-database;Current Load;WARNING;HARD;4;WARNING - load average: 5.09, 5.49, 5.27
[1580772609] SERVICE ALERT: vonly-database;Current Load;OK;HARD;4;OK - load average: 4.93, 4.78, 4.97
[1580773980] Auto-save of retention data completed successfully.
[1580776509] SERVICE ALERT: vonly-database;Current Load;WARNING;SOFT;1;WARNING - load average: 4.98, 5.08, 5.02
[1580776569] SERVICE ALERT: vonly-database;Current Load;WARNING;SOFT;2;WARNING - load average: 5.22, 5.11, 5.04
[1580776629] SERVICE ALERT: vonly-database;Current Load;WARNING;SOFT;3;WARNING - load average: 5.43, 5.20, 5.07
[1580776689] SERVICE ALERT: vonly-database;Current Load;WARNING;HARD;4;WARNING - load average: 4.94, 5.06, 5.03
[1580776989] SERVICE ALERT: vonly-database;Current Load;OK;HARD;4;OK - load average: 4.91, 4.82, 4.92
[1580777341] SERVICE ALERT: vonly-replica;Current Load;WARNING;SOFT;1;WARNING - load average: 7.20, 6.47, 5.56
[1580777401] SERVICE ALERT: vonly-replica;Current Load;WARNING;SOFT;2;WARNING - load average: 7.20, 6.61, 5.66
[1580777461] SERVICE ALERT: vonly-replica;Current Load;WARNING;SOFT;3;WARNING - load average: 7.69, 6.87, 5.81
[1580777521] SERVICE NOTIFICATION: jatin;vonly-replica;Current Load;WARNING;notify-service-by-email;WARNING - load average: 8.51, 7.23, 6.01
[1580777521] SERVICE NOTIFICATION: atul;vonly-replica;Current Load;WARNING;notify-service-by-email;WARNING - load average: 8.51, 7.23, 6.01
[1580777521] SERVICE ALERT: vonly-replica;Current Load;WARNING;HARD;4;WARNING - load average: 8.51, 7.23, 6.01
[1580777581] Auto-save of retention data completed successfully.
[1580781180] Auto-save of retention data completed successfully.
[1580782689] SERVICE FLAPPING ALERT: vonly-database;Current Load;STOPPED; Service appears to have stopped flapping (3.8% change < 5.0% threshold)
[1580782689] SERVICE NOTIFICATION: jatin;vonly-database;Current Load;FLAPPINGSTOP (OK);notify-service-by-email;OK - load average: 4.98, 4.07, 3.88
[1580782689] SERVICE NOTIFICATION: atul;vonly-database;Current Load;FLAPPINGSTOP (OK);notify-service-by-email;OK - load average: 4.98, 4.07, 3.88
[1580784781] Auto-save of retention data completed successfully.
[1580788381] Auto-save of retention data completed successfully.
[1580791921] SERVICE NOTIFICATION: jatin;vonly-replica;Current Load;WARNING;notify-service-by-email;WARNING - load average: 5.81, 6.07, 6.16
[1580791921] SERVICE NOTIFICATION: atul;vonly-replica;Current Load;WARNING;notify-service-by-email;WARNING - load average: 5.81, 6.07, 6.16
[1580791980] Auto-save of retention data completed successfully.
[1580794765] SERVICE ALERT: vdb-101;Swap Usage;WARNING;SOFT;1;SWAP WARNING - 15% free (137 MB out of 975 MB)
[1580794825] SERVICE ALERT: vdb-101;Swap Usage;WARNING;SOFT;2;SWAP WARNING - 15% free (137 MB out of 975 MB)
[1580794885] SERVICE ALERT: vdb-101;Swap Usage;WARNING;SOFT;3;SWAP WARNING - 15% free (137 MB out of 975 MB)
[1580794945] SERVICE ALERT: vdb-101;Swap Usage;CRITICAL;HARD;4;SWAP CRITICAL - 8% free (71 MB out of 975 MB)
[1580795581] Auto-save of retention data completed successfully.
[1580796489] SERVICE ALERT: vonly-database;Current Load;WARNING;SOFT;1;WARNING - load average: 5.50, 5.23, 5.02
[1580796549] SERVICE ALERT: vonly-database;Current Load;WARNING;SOFT;2;WARNING - load average: 5.13, 5.19, 5.02
[1580796609] SERVICE ALERT: vonly-database;Current Load;WARNING;SOFT;3;WARNING - load average: 5.23, 5.20, 5.03
[1580796669] SERVICE ALERT: vonly-database;Current Load;OK;HARD;4;OK - load average: 4.65, 5.06, 5.00
[1580799180] Auto-save of retention data completed successfully.
[1580802781] Auto-save of retention data completed successfully.
